[ 2016-12-30T09:29:31+08:00 ] 127.0.0.1 /hzg/tp1611/
INFO: [ app_init ] --START--
INFO: Run Behavior\BuildLiteBehavior [ RunTime:0.000025s ]
INFO: [ app_init ] --END-- [ RunTime:0.001079s ]
INFO: [ app_begin ] --START--
INFO: Run Behavior\ReadHtmlCacheBehavior [ RunTime:0.000947s ]
INFO: [ app_begin ] --END-- [ RunTime:0.001062s ]
SQL: SHOW COLUMNS FROM `tp_nav` [ RunTime:0.0051s ]
SQL: SELECT * FROM `tp_nav` WHERE `is_show` = 1 AND `local` = 0 ORDER BY sort  [ RunTime:0.0004s ]
INFO: [ view_parse ] --START--
INFO: [ template_filter ] --START--
INFO: Run Behavior\ContentReplaceBehavior [ RunTime:0.000163s ]
INFO: [ template_filter ] --END-- [ RunTime:0.000320s ]
NOTIC: [8] Undefined index: tp1611_user D:\wamp\www\hzg\tp1611\Application\Runtime\Cache\Home\2a94b8bda04ff446dcedd42276fc99ee.php 第 131 行.
NOTIC: [8] Use of undefined constant logout - assumed 'logout' D:\wamp\www\hzg\tp1611\Application\Runtime\Cache\Home\2a94b8bda04ff446dcedd42276fc99ee.php 第 142 行.
INFO: Run Behavior\ParseTemplateBehavior [ RunTime:0.053055s ]
INFO: [ view_parse ] --END-- [ RunTime:0.053177s ]
INFO: [ view_filter ] --START--
INFO: Run Behavior\WriteHtmlCacheBehavior [ RunTime:0.000881s ]
INFO: [ view_filter ] --END-- [ RunTime:0.001011s ]
INFO: [ app_end ] --START--
INFO: Run Behavior\ShowPageTraceBehavior [ RunTime:0.001462s ]
INFO: [ app_end ] --END-- [ RunTime:0.001597s ]

[ 2016-12-30T09:30:11+08:00 ] 127.0.0.1 /hzg/tp1611/index.php/Home/Index/login.html
INFO: [ app_init ] --START--
INFO: Run Behavior\BuildLiteBehavior [ RunTime:0.000038s ]
INFO: [ app_init ] --END-- [ RunTime:0.001074s ]
INFO: [ app_begin ] --START--
INFO: Run Behavior\ReadHtmlCacheBehavior [ RunTime:0.002167s ]
INFO: [ app_begin ] --END-- [ RunTime:0.002540s ]
SQL: SHOW COLUMNS FROM `tp_nav` [ RunTime:0.0061s ]
SQL: SELECT * FROM `tp_nav` WHERE `is_show` = 1 AND `local` = 0 ORDER BY sort  [ RunTime:0.0006s ]
INFO: [ view_parse ] --START--
INFO: [ template_filter ] --START--
INFO: Run Behavior\ContentReplaceBehavior [ RunTime:0.000120s ]
INFO: [ template_filter ] --END-- [ RunTime:0.000238s ]
INFO: Run Behavior\ParseTemplateBehavior [ RunTime:0.014714s ]
INFO: [ view_parse ] --END-- [ RunTime:0.014839s ]
INFO: [ view_filter ] --START--
INFO: Run Behavior\WriteHtmlCacheBehavior [ RunTime:0.001009s ]
INFO: [ view_filter ] --END-- [ RunTime:0.001110s ]
INFO: [ app_end ] --START--
INFO: Run Behavior\ShowPageTraceBehavior [ RunTime:0.001270s ]
INFO: [ app_end ] --END-- [ RunTime:0.001366s ]

[ 2016-12-30T09:30:11+08:00 ] 127.0.0.1 /hzg/tp1611/index.php/Home/Index/verify.html
INFO: [ app_init ] --START--
INFO: Run Behavior\BuildLiteBehavior [ RunTime:0.000028s ]
INFO: [ app_init ] --END-- [ RunTime:0.000738s ]
INFO: [ app_begin ] --START--
INFO: Run Behavior\ReadHtmlCacheBehavior [ RunTime:0.001530s ]
INFO: [ app_begin ] --END-- [ RunTime:0.001727s ]
SQL: SHOW COLUMNS FROM `tp_nav` [ RunTime:0.0160s ]
SQL: SELECT * FROM `tp_nav` WHERE `is_show` = 1 AND `local` = 0 ORDER BY sort  [ RunTime:0.0025s ]
INFO: [ app_end ] --START--
INFO: Run Behavior\ShowPageTraceBehavior [ RunTime:0.001727s ]
INFO: [ app_end ] --END-- [ RunTime:0.001925s ]

[ 2016-12-30T09:30:33+08:00 ] 127.0.0.1 /hzg/tp1611/index.php/Home/Index/register.html
INFO: [ app_init ] --START--
INFO: Run Behavior\BuildLiteBehavior [ RunTime:0.000029s ]
INFO: [ app_init ] --END-- [ RunTime:0.000680s ]
INFO: [ app_begin ] --START--
INFO: Run Behavior\ReadHtmlCacheBehavior [ RunTime:0.000682s ]
INFO: [ app_begin ] --END-- [ RunTime:0.000811s ]
SQL: SHOW COLUMNS FROM `tp_nav` [ RunTime:0.0047s ]
SQL: SELECT * FROM `tp_nav` WHERE `is_show` = 1 AND `local` = 0 ORDER BY sort  [ RunTime:0.0005s ]
INFO: [ view_parse ] --START--
INFO: [ template_filter ] --START--
INFO: Run Behavior\ContentReplaceBehavior [ RunTime:0.000108s ]
INFO: [ template_filter ] --END-- [ RunTime:0.000220s ]
INFO: Run Behavior\ParseTemplateBehavior [ RunTime:0.010591s ]
INFO: [ view_parse ] --END-- [ RunTime:0.010704s ]
INFO: [ view_filter ] --START--
INFO: Run Behavior\WriteHtmlCacheBehavior [ RunTime:0.000664s ]
INFO: [ view_filter ] --END-- [ RunTime:0.000757s ]
INFO: [ app_end ] --START--
INFO: Run Behavior\ShowPageTraceBehavior [ RunTime:0.000669s ]
INFO: [ app_end ] --END-- [ RunTime:0.000752s ]

[ 2016-12-30T09:30:33+08:00 ] 127.0.0.1 /hzg/tp1611/index.php/Home/Index/verify.html
INFO: [ app_init ] --START--
INFO: Run Behavior\BuildLiteBehavior [ RunTime:0.000027s ]
INFO: [ app_init ] --END-- [ RunTime:0.000712s ]
INFO: [ app_begin ] --START--
INFO: Run Behavior\ReadHtmlCacheBehavior [ RunTime:0.001455s ]
INFO: [ app_begin ] --END-- [ RunTime:0.001896s ]
SQL: SHOW COLUMNS FROM `tp_nav` [ RunTime:0.0074s ]
SQL: SELECT * FROM `tp_nav` WHERE `is_show` = 1 AND `local` = 0 ORDER BY sort  [ RunTime:0.0006s ]
INFO: [ app_end ] --START--
INFO: Run Behavior\ShowPageTraceBehavior [ RunTime:0.001680s ]
INFO: [ app_end ] --END-- [ RunTime:0.001819s ]

[ 2016-12-30T09:30:46+08:00 ] 127.0.0.1 /hzg/tp1611/index.php/Home/Index/register.html
INFO: [ app_init ] --START--
INFO: Run Behavior\BuildLiteBehavior [ RunTime:0.000028s ]
INFO: [ app_init ] --END-- [ RunTime:0.000882s ]
INFO: [ app_begin ] --START--
INFO: Run Behavior\ReadHtmlCacheBehavior [ RunTime:0.001222s ]
INFO: [ app_begin ] --END-- [ RunTime:0.001357s ]
SQL: SHOW COLUMNS FROM `tp_nav` [ RunTime:0.0063s ]
SQL: SELECT * FROM `tp_nav` WHERE `is_show` = 1 AND `local` = 0 ORDER BY sort  [ RunTime:0.0006s ]
INFO: [ view_parse ] --START--
INFO: [ template_filter ] --START--
INFO: Run Behavior\ContentReplaceBehavior [ RunTime:0.000111s ]
INFO: [ template_filter ] --END-- [ RunTime:0.000229s ]
INFO: Run Behavior\ParseTemplateBehavior [ RunTime:0.015877s ]
INFO: [ view_parse ] --END-- [ RunTime:0.016028s ]
INFO: [ view_filter ] --START--
INFO: Run Behavior\WriteHtmlCacheBehavior [ RunTime:0.000947s ]
INFO: [ view_filter ] --END-- [ RunTime:0.001045s ]
INFO: [ app_end ] --START--
INFO: Run Behavior\ShowPageTraceBehavior [ RunTime:0.001336s ]
INFO: [ app_end ] --END-- [ RunTime:0.001440s ]

[ 2016-12-30T09:30:46+08:00 ] 127.0.0.1 /hzg/tp1611/index.php/Home/Index/verify.html
INFO: [ app_init ] --START--
INFO: Run Behavior\BuildLiteBehavior [ RunTime:0.000029s ]
INFO: [ app_init ] --END-- [ RunTime:0.000784s ]
INFO: [ app_begin ] --START--
INFO: Run Behavior\ReadHtmlCacheBehavior [ RunTime:0.001602s ]
INFO: [ app_begin ] --END-- [ RunTime:0.001759s ]
SQL: SHOW COLUMNS FROM `tp_nav` [ RunTime:0.0391s ]
SQL: SELECT * FROM `tp_nav` WHERE `is_show` = 1 AND `local` = 0 ORDER BY sort  [ RunTime:0.0005s ]
INFO: [ app_end ] --START--
INFO: Run Behavior\ShowPageTraceBehavior [ RunTime:0.001265s ]
INFO: [ app_end ] --END-- [ RunTime:0.001405s ]

[ 2016-12-30T12:02:59+08:00 ] 127.0.0.1 /hzg/tp1611/index.php/Home/Introduction/introduction.html
INFO: [ app_init ] --START--
INFO: Run Behavior\BuildLiteBehavior [ RunTime:0.000025s ]
INFO: [ app_init ] --END-- [ RunTime:0.000670s ]
INFO: [ app_begin ] --START--
INFO: Run Behavior\ReadHtmlCacheBehavior [ RunTime:0.001286s ]
INFO: [ app_begin ] --END-- [ RunTime:0.001412s ]
INFO: [ view_parse ] --START--
INFO: [ template_filter ] --START--
INFO: Run Behavior\ContentReplaceBehavior [ RunTime:0.000139s ]
INFO: [ template_filter ] --END-- [ RunTime:0.000247s ]
NOTIC: [8] Undefined variable: navList D:\wamp\www\hzg\tp1611\Application\Runtime\Cache\Home\84aa6862ee27a0339639bd237a713091.php 第 37 行.
NOTIC: [8] Undefined index: tp1611_user D:\wamp\www\hzg\tp1611\Application\Runtime\Cache\Home\84aa6862ee27a0339639bd237a713091.php 第 106 行.
NOTIC: [8] Use of undefined constant logout - assumed 'logout' D:\wamp\www\hzg\tp1611\Application\Runtime\Cache\Home\84aa6862ee27a0339639bd237a713091.php 第 117 行.
INFO: Run Behavior\ParseTemplateBehavior [ RunTime:0.035616s ]
INFO: [ view_parse ] --END-- [ RunTime:0.035726s ]
INFO: [ view_filter ] --START--
INFO: Run Behavior\WriteHtmlCacheBehavior [ RunTime:0.000884s ]
INFO: [ view_filter ] --END-- [ RunTime:0.000975s ]
INFO: [ app_end ] --START--
INFO: Run Behavior\ShowPageTraceBehavior [ RunTime:0.001102s ]
INFO: [ app_end ] --END-- [ RunTime:0.001189s ]

[ 2016-12-30T12:03:28+08:00 ] 127.0.0.1 /hzg/tp1611/index.php/Home/Introduction/introduction.html
INFO: [ app_init ] --START--
INFO: Run Behavior\BuildLiteBehavior [ RunTime:0.000024s ]
INFO: [ app_init ] --END-- [ RunTime:0.000628s ]
INFO: [ app_begin ] --START--
INFO: Run Behavior\ReadHtmlCacheBehavior [ RunTime:0.000985s ]
INFO: [ app_begin ] --END-- [ RunTime:0.001093s ]
INFO: [ view_parse ] --START--
INFO: [ template_filter ] --START--
INFO: Run Behavior\ContentReplaceBehavior [ RunTime:0.000132s ]
INFO: [ template_filter ] --END-- [ RunTime:0.000227s ]
NOTIC: [8] Undefined variable: navList D:\wamp\www\hzg\tp1611\Application\Runtime\Cache\Home\84aa6862ee27a0339639bd237a713091.php 第 37 行.
NOTIC: [8] Undefined index: tp1611_user D:\wamp\www\hzg\tp1611\Application\Runtime\Cache\Home\84aa6862ee27a0339639bd237a713091.php 第 106 行.
NOTIC: [8] Use of undefined constant logout - assumed 'logout' D:\wamp\www\hzg\tp1611\Application\Runtime\Cache\Home\84aa6862ee27a0339639bd237a713091.php 第 117 行.
INFO: Run Behavior\ParseTemplateBehavior [ RunTime:0.013015s ]
INFO: [ view_parse ] --END-- [ RunTime:0.013117s ]
INFO: [ view_filter ] --START--
INFO: Run Behavior\WriteHtmlCacheBehavior [ RunTime:0.000612s ]
INFO: [ view_filter ] --END-- [ RunTime:0.000697s ]
INFO: [ app_end ] --START--
INFO: Run Behavior\ShowPageTraceBehavior [ RunTime:0.000904s ]
INFO: [ app_end ] --END-- [ RunTime:0.001127s ]

[ 2016-12-30T12:03:53+08:00 ] 127.0.0.1 /hzg/tp1611/index.php/Home/Introduction/introduction.html
INFO: [ app_init ] --START--
INFO: Run Behavior\BuildLiteBehavior [ RunTime:0.000029s ]
INFO: [ app_init ] --END-- [ RunTime:0.001079s ]
INFO: [ app_begin ] --START--
INFO: Run Behavior\ReadHtmlCacheBehavior [ RunTime:0.001548s ]
INFO: [ app_begin ] --END-- [ RunTime:0.001677s ]
INFO: [ view_parse ] --START--
INFO: [ template_filter ] --START--
INFO: Run Behavior\ContentReplaceBehavior [ RunTime:0.000107s ]
INFO: [ template_filter ] --END-- [ RunTime:0.000211s ]
NOTIC: [8] Undefined variable: navList D:\wamp\www\hzg\tp1611\Application\Runtime\Cache\Home\84aa6862ee27a0339639bd237a713091.php 第 37 行.
NOTIC: [8] Undefined index: tp1611_user D:\wamp\www\hzg\tp1611\Application\Runtime\Cache\Home\84aa6862ee27a0339639bd237a713091.php 第 106 行.
NOTIC: [8] Use of undefined constant logout - assumed 'logout' D:\wamp\www\hzg\tp1611\Application\Runtime\Cache\Home\84aa6862ee27a0339639bd237a713091.php 第 117 行.
INFO: Run Behavior\ParseTemplateBehavior [ RunTime:0.015788s ]
INFO: [ view_parse ] --END-- [ RunTime:0.015893s ]
INFO: [ view_filter ] --START--
INFO: Run Behavior\WriteHtmlCacheBehavior [ RunTime:0.001034s ]
INFO: [ view_filter ] --END-- [ RunTime:0.001125s ]
INFO: [ app_end ] --START--
INFO: Run Behavior\ShowPageTraceBehavior [ RunTime:0.001311s ]
INFO: [ app_end ] --END-- [ RunTime:0.001408s ]

[ 2016-12-30T12:03:57+08:00 ] 127.0.0.1 /hzg/tp1611/index.php/Home/Introduction/introduction.html
INFO: [ app_init ] --START--
INFO: Run Behavior\BuildLiteBehavior [ RunTime:0.000026s ]
INFO: [ app_init ] --END-- [ RunTime:0.000764s ]
INFO: [ app_begin ] --START--
INFO: Run Behavior\ReadHtmlCacheBehavior [ RunTime:0.001402s ]
INFO: [ app_begin ] --END-- [ RunTime:0.001535s ]
INFO: [ view_parse ] --START--
INFO: [ template_filter ] --START--
INFO: Run Behavior\ContentReplaceBehavior [ RunTime:0.000104s ]
INFO: [ template_filter ] --END-- [ RunTime:0.000240s ]
NOTIC: [8] Undefined variable: navList D:\wamp\www\hzg\tp1611\Application\Runtime\Cache\Home\84aa6862ee27a0339639bd237a713091.php 第 37 行.
NOTIC: [8] Undefined index: tp1611_user D:\wamp\www\hzg\tp1611\Application\Runtime\Cache\Home\84aa6862ee27a0339639bd237a713091.php 第 106 行.
NOTIC: [8] Use of undefined constant logout - assumed 'logout' D:\wamp\www\hzg\tp1611\Application\Runtime\Cache\Home\84aa6862ee27a0339639bd237a713091.php 第 117 行.
INFO: Run Behavior\ParseTemplateBehavior [ RunTime:0.015677s ]
INFO: [ view_parse ] --END-- [ RunTime:0.015784s ]
INFO: [ view_filter ] --START--
INFO: Run Behavior\WriteHtmlCacheBehavior [ RunTime:0.001100s ]
INFO: [ view_filter ] --END-- [ RunTime:0.001192s ]
INFO: [ app_end ] --START--
INFO: Run Behavior\ShowPageTraceBehavior [ RunTime:0.001358s ]
INFO: [ app_end ] --END-- [ RunTime:0.001448s ]

[ 2016-12-30T12:04:01+08:00 ] 127.0.0.1 /hzg/tp1611/
INFO: [ app_init ] --START--
INFO: Run Behavior\BuildLiteBehavior [ RunTime:0.000027s ]
INFO: [ app_init ] --END-- [ RunTime:0.000913s ]
INFO: [ app_begin ] --START--
INFO: Run Behavior\ReadHtmlCacheBehavior [ RunTime:0.001564s ]
INFO: [ app_begin ] --END-- [ RunTime:0.001692s ]
SQL: SHOW COLUMNS FROM `tp_nav` [ RunTime:0.0052s ]
SQL: SELECT * FROM `tp_nav` WHERE `is_show` = 1 AND `local` = 0 ORDER BY sort  [ RunTime:0.0004s ]
INFO: [ view_parse ] --START--
INFO: [ template_filter ] --START--
INFO: Run Behavior\ContentReplaceBehavior [ RunTime:0.000151s ]
INFO: [ template_filter ] --END-- [ RunTime:0.000271s ]
NOTIC: [8] Undefined index: tp1611_user D:\wamp\www\hzg\tp1611\Application\Runtime\Cache\Home\2a94b8bda04ff446dcedd42276fc99ee.php 第 131 行.
NOTIC: [8] Use of undefined constant logout - assumed 'logout' D:\wamp\www\hzg\tp1611\Application\Runtime\Cache\Home\2a94b8bda04ff446dcedd42276fc99ee.php 第 142 行.
INFO: Run Behavior\ParseTemplateBehavior [ RunTime:0.016659s ]
INFO: [ view_parse ] --END-- [ RunTime:0.016766s ]
INFO: [ view_filter ] --START--
INFO: Run Behavior\WriteHtmlCacheBehavior [ RunTime:0.001018s ]
INFO: [ view_filter ] --END-- [ RunTime:0.001110s ]
INFO: [ app_end ] --START--
INFO: Run Behavior\ShowPageTraceBehavior [ RunTime:0.001475s ]
INFO: [ app_end ] --END-- [ RunTime:0.001580s ]

[ 2016-12-30T12:04:25+08:00 ] 127.0.0.1 /hzg/tp1611/
INFO: [ app_init ] --START--
INFO: Run Behavior\BuildLiteBehavior [ RunTime:0.000029s ]
INFO: [ app_init ] --END-- [ RunTime:0.001369s ]
INFO: [ app_begin ] --START--
INFO: Run Behavior\ReadHtmlCacheBehavior [ RunTime:0.004904s ]
INFO: [ app_begin ] --END-- [ RunTime:0.005039s ]
SQL: SHOW COLUMNS FROM `tp_nav` [ RunTime:0.0050s ]
SQL: SELECT * FROM `tp_nav` WHERE `is_show` = 1 AND `local` = 0 ORDER BY sort  [ RunTime:0.0004s ]
INFO: [ view_parse ] --START--
INFO: [ template_filter ] --START--
INFO: Run Behavior\ContentReplaceBehavior [ RunTime:0.000118s ]
INFO: [ template_filter ] --END-- [ RunTime:0.000238s ]
NOTIC: [8] Undefined index: tp1611_user D:\wamp\www\hzg\tp1611\Application\Runtime\Cache\Home\2a94b8bda04ff446dcedd42276fc99ee.php 第 131 行.
NOTIC: [8] Use of undefined constant logout - assumed 'logout' D:\wamp\www\hzg\tp1611\Application\Runtime\Cache\Home\2a94b8bda04ff446dcedd42276fc99ee.php 第 142 行.
INFO: Run Behavior\ParseTemplateBehavior [ RunTime:0.025823s ]
INFO: [ view_parse ] --END-- [ RunTime:0.025965s ]
INFO: [ view_filter ] --START--
INFO: Run Behavior\WriteHtmlCacheBehavior [ RunTime:0.003295s ]
INFO: [ view_filter ] --END-- [ RunTime:0.003420s ]
INFO: [ app_end ] --START--
INFO: Run Behavior\ShowPageTraceBehavior [ RunTime:0.003329s ]
INFO: [ app_end ] --END-- [ RunTime:0.003427s ]

[ 2016-12-30T12:04:32+08:00 ] 127.0.0.1 /hzg/tp1611/index.php/Home/Brand/introduction.html
INFO: [ app_init ] --START--
INFO: Run Behavior\BuildLiteBehavior [ RunTime:0.000026s ]
INFO: [ app_init ] --END-- [ RunTime:0.000676s ]
INFO: [ app_begin ] --START--
INFO: Run Behavior\ReadHtmlCacheBehavior [ RunTime:0.001031s ]
INFO: [ app_begin ] --END-- [ RunTime:0.001156s ]
SQL: SHOW COLUMNS FROM `tp_nav` [ RunTime:0.0048s ]
SQL: SELECT * FROM `tp_nav` WHERE `is_show` = 1 AND `local` = 0 ORDER BY sort  [ RunTime:0.0005s ]
INFO: [ view_parse ] --START--
INFO: [ template_filter ] --START--
INFO: Run Behavior\ContentReplaceBehavior [ RunTime:0.000105s ]
INFO: [ template_filter ] --END-- [ RunTime:0.000210s ]
NOTIC: [8] Undefined index: tp1611_user D:\wamp\www\hzg\tp1611\Application\Runtime\Cache\Home\69aca3bf794dc2551c8f5ef9f0335ea6.php 第 106 行.
NOTIC: [8] Use of undefined constant logout - assumed 'logout' D:\wamp\www\hzg\tp1611\Application\Runtime\Cache\Home\69aca3bf794dc2551c8f5ef9f0335ea6.php 第 117 行.
INFO: Run Behavior\ParseTemplateBehavior [ RunTime:0.018050s ]
INFO: [ view_parse ] --END-- [ RunTime:0.018172s ]
INFO: [ view_filter ] --START--
INFO: Run Behavior\WriteHtmlCacheBehavior [ RunTime:0.001135s ]
INFO: [ view_filter ] --END-- [ RunTime:0.001272s ]
INFO: [ app_end ] --START--
INFO: Run Behavior\ShowPageTraceBehavior [ RunTime:0.001283s ]
INFO: [ app_end ] --END-- [ RunTime:0.001383s ]

[ 2016-12-30T12:04:35+08:00 ] 127.0.0.1 /hzg/tp1611/index.php/Home/Contact/contact.html
INFO: [ app_init ] --START--
INFO: Run Behavior\BuildLiteBehavior [ RunTime:0.000027s ]
INFO: [ app_init ] --END-- [ RunTime:0.000572s ]
INFO: [ app_begin ] --START--
INFO: Run Behavior\ReadHtmlCacheBehavior [ RunTime:0.001153s ]
INFO: [ app_begin ] --END-- [ RunTime:0.001306s ]
SQL: SHOW COLUMNS FROM `tp_nav` [ RunTime:0.0049s ]
SQL: SELECT * FROM `tp_nav` WHERE `is_show` = 1 AND `local` = 0 ORDER BY sort  [ RunTime:0.0004s ]
INFO: [ view_parse ] --START--
INFO: [ template_filter ] --START--
INFO: Run Behavior\ContentReplaceBehavior [ RunTime:0.000131s ]
INFO: [ template_filter ] --END-- [ RunTime:0.000266s ]
NOTIC: [8] Undefined index: tp1611_user D:\wamp\www\hzg\tp1611\Application\Runtime\Cache\Home\eb2e5548204b43da1a4358751a3a2cb1.php 第 124 行.
NOTIC: [8] Use of undefined constant logout - assumed 'logout' D:\wamp\www\hzg\tp1611\Application\Runtime\Cache\Home\eb2e5548204b43da1a4358751a3a2cb1.php 第 135 行.
INFO: Run Behavior\ParseTemplateBehavior [ RunTime:0.012402s ]
INFO: [ view_parse ] --END-- [ RunTime:0.012509s ]
INFO: [ view_filter ] --START--
INFO: Run Behavior\WriteHtmlCacheBehavior [ RunTime:0.000483s ]
INFO: [ view_filter ] --END-- [ RunTime:0.000581s ]
INFO: [ app_end ] --START--
INFO: Run Behavior\ShowPageTraceBehavior [ RunTime:0.000750s ]
INFO: [ app_end ] --END-- [ RunTime:0.000846s ]

[ 2016-12-30T12:04:52+08:00 ] 127.0.0.1 /hzg/tp1611/index.php/Home/Product/product.html
INFO: [ app_init ] --START--
INFO: Run Behavior\BuildLiteBehavior [ RunTime:0.000027s ]
INFO: [ app_init ] --END-- [ RunTime:0.000801s ]
INFO: [ app_begin ] --START--
INFO: Run Behavior\ReadHtmlCacheBehavior [ RunTime:0.001057s ]
INFO: [ app_begin ] --END-- [ RunTime:0.001219s ]
SQL: SHOW COLUMNS FROM `tp_nav` [ RunTime:0.0048s ]
SQL: SELECT * FROM `tp_nav` WHERE `is_show` = 1 AND `local` = 0 ORDER BY sort  [ RunTime:0.0007s ]
INFO: [ view_parse ] --START--
INFO: [ template_filter ] --START--
INFO: Run Behavior\ContentReplaceBehavior [ RunTime:0.000126s ]
INFO: [ template_filter ] --END-- [ RunTime:0.000232s ]
NOTIC: [8] Undefined index: tp1611_user D:\wamp\www\hzg\tp1611\Application\Runtime\Cache\Home\5b87b1808583e75413168b00f7d913de.php 第 195 行.
NOTIC: [8] Use of undefined constant logout - assumed 'logout' D:\wamp\www\hzg\tp1611\Application\Runtime\Cache\Home\5b87b1808583e75413168b00f7d913de.php 第 206 行.
INFO: Run Behavior\ParseTemplateBehavior [ RunTime:0.018028s ]
INFO: [ view_parse ] --END-- [ RunTime:0.018140s ]
INFO: [ view_filter ] --START--
INFO: Run Behavior\WriteHtmlCacheBehavior [ RunTime:0.000602s ]
INFO: [ view_filter ] --END-- [ RunTime:0.000690s ]
INFO: [ app_end ] --START--
INFO: Run Behavior\ShowPageTraceBehavior [ RunTime:0.000844s ]
INFO: [ app_end ] --END-- [ RunTime:0.000929s ]

[ 2016-12-30T12:16:03+08:00 ] 127.0.0.1 /hzg/tp1611/index.php/Home/Product/product.html
INFO: [ app_init ] --START--
INFO: Run Behavior\BuildLiteBehavior [ RunTime:0.000026s ]
INFO: [ app_init ] --END-- [ RunTime:0.000657s ]
INFO: [ app_begin ] --START--
INFO: Run Behavior\ReadHtmlCacheBehavior [ RunTime:0.001174s ]
INFO: [ app_begin ] --END-- [ RunTime:0.001306s ]
SQL: SHOW COLUMNS FROM `tp_nav` [ RunTime:0.0050s ]
SQL: SELECT * FROM `tp_nav` WHERE `is_show` = 1 AND `local` = 0 ORDER BY sort  [ RunTime:0.0005s ]
INFO: [ view_parse ] --START--
INFO: [ template_filter ] --START--
INFO: Run Behavior\ContentReplaceBehavior [ RunTime:0.000123s ]
INFO: [ template_filter ] --END-- [ RunTime:0.000230s ]
NOTIC: [8] Undefined index: tp1611_user D:\wamp\www\hzg\tp1611\Application\Runtime\Cache\Home\5b87b1808583e75413168b00f7d913de.php 第 195 行.
NOTIC: [8] Use of undefined constant logout - assumed 'logout' D:\wamp\www\hzg\tp1611\Application\Runtime\Cache\Home\5b87b1808583e75413168b00f7d913de.php 第 206 行.
INFO: Run Behavior\ParseTemplateBehavior [ RunTime:0.027552s ]
INFO: [ view_parse ] --END-- [ RunTime:0.027662s ]
INFO: [ view_filter ] --START--
INFO: Run Behavior\WriteHtmlCacheBehavior [ RunTime:0.000833s ]
INFO: [ view_filter ] --END-- [ RunTime:0.000930s ]
INFO: [ app_end ] --START--
INFO: Run Behavior\ShowPageTraceBehavior [ RunTime:0.001075s ]
INFO: [ app_end ] --END-- [ RunTime:0.001170s ]

[ 2016-12-30T12:16:14+08:00 ] 127.0.0.1 /hzg/tp1611/index.php/Home/Product/product.html
INFO: [ app_init ] --START--
INFO: Run Behavior\BuildLiteBehavior [ RunTime:0.000023s ]
INFO: [ app_init ] --END-- [ RunTime:0.000579s ]
INFO: [ app_begin ] --START--
INFO: Run Behavior\ReadHtmlCacheBehavior [ RunTime:0.000901s ]
INFO: [ app_begin ] --END-- [ RunTime:0.001012s ]
SQL: SHOW COLUMNS FROM `tp_nav` [ RunTime:0.0046s ]
SQL: SELECT * FROM `tp_nav` WHERE `is_show` = 1 AND `local` = 0 ORDER BY sort  [ RunTime:0.0004s ]
INFO: [ view_parse ] --START--
INFO: [ template_filter ] --START--
INFO: Run Behavior\ContentReplaceBehavior [ RunTime:0.000129s ]
INFO: [ template_filter ] --END-- [ RunTime:0.000237s ]
NOTIC: [8] Undefined index: tp1611_user D:\wamp\www\hzg\tp1611\Application\Runtime\Cache\Home\5b87b1808583e75413168b00f7d913de.php 第 195 行.
NOTIC: [8] Use of undefined constant logout - assumed 'logout' D:\wamp\www\hzg\tp1611\Application\Runtime\Cache\Home\5b87b1808583e75413168b00f7d913de.php 第 206 行.
INFO: Run Behavior\ParseTemplateBehavior [ RunTime:0.014294s ]
INFO: [ view_parse ] --END-- [ RunTime:0.014395s ]
INFO: [ view_filter ] --START--
INFO: Run Behavior\WriteHtmlCacheBehavior [ RunTime:0.000890s ]
INFO: [ view_filter ] --END-- [ RunTime:0.001017s ]
INFO: [ app_end ] --START--
INFO: Run Behavior\ShowPageTraceBehavior [ RunTime:0.000846s ]
INFO: [ app_end ] --END-- [ RunTime:0.000933s ]

[ 2016-12-30T12:16:55+08:00 ] 127.0.0.1 /hzg/tp1611/index.php/Home/Brand/introduction.html
INFO: [ app_init ] --START--
INFO: Run Behavior\BuildLiteBehavior [ RunTime:0.000026s ]
INFO: [ app_init ] --END-- [ RunTime:0.000602s ]
INFO: [ app_begin ] --START--
INFO: Run Behavior\ReadHtmlCacheBehavior [ RunTime:0.000930s ]
INFO: [ app_begin ] --END-- [ RunTime:0.001052s ]
SQL: SHOW COLUMNS FROM `tp_nav` [ RunTime:0.0044s ]
SQL: SELECT * FROM `tp_nav` WHERE `is_show` = 1 AND `local` = 0 ORDER BY sort  [ RunTime:0.0004s ]
INFO: [ view_parse ] --START--
INFO: [ template_filter ] --START--
INFO: Run Behavior\ContentReplaceBehavior [ RunTime:0.000105s ]
INFO: [ template_filter ] --END-- [ RunTime:0.000208s ]
NOTIC: [8] Undefined index: tp1611_user D:\wamp\www\hzg\tp1611\Application\Runtime\Cache\Home\69aca3bf794dc2551c8f5ef9f0335ea6.php 第 106 行.
NOTIC: [8] Use of undefined constant logout - assumed 'logout' D:\wamp\www\hzg\tp1611\Application\Runtime\Cache\Home\69aca3bf794dc2551c8f5ef9f0335ea6.php 第 117 行.
INFO: Run Behavior\ParseTemplateBehavior [ RunTime:0.021469s ]
INFO: [ view_parse ] --END-- [ RunTime:0.021569s ]
INFO: [ view_filter ] --START--
INFO: Run Behavior\WriteHtmlCacheBehavior [ RunTime:0.000550s ]
INFO: [ view_filter ] --END-- [ RunTime:0.000633s ]
INFO: [ app_end ] --START--
INFO: Run Behavior\ShowPageTraceBehavior [ RunTime:0.000823s ]
INFO: [ app_end ] --END-- [ RunTime:0.000909s ]

[ 2016-12-30T12:17:03+08:00 ] 127.0.0.1 /hzg/tp1611/index.php/Home/Contact/contact.html
INFO: [ app_init ] --START--
INFO: Run Behavior\BuildLiteBehavior [ RunTime:0.000028s ]
INFO: [ app_init ] --END-- [ RunTime:0.000761s ]
INFO: [ app_begin ] --START--
INFO: Run Behavior\ReadHtmlCacheBehavior [ RunTime:0.001454s ]
INFO: [ app_begin ] --END-- [ RunTime:0.001596s ]
SQL: SHOW COLUMNS FROM `tp_nav` [ RunTime:0.0045s ]
SQL: SELECT * FROM `tp_nav` WHERE `is_show` = 1 AND `local` = 0 ORDER BY sort  [ RunTime:0.0004s ]
INFO: [ view_parse ] --START--
INFO: [ template_filter ] --START--
INFO: Run Behavior\ContentReplaceBehavior [ RunTime:0.000100s ]
INFO: [ template_filter ] --END-- [ RunTime:0.000192s ]
NOTIC: [8] Undefined index: tp1611_user D:\wamp\www\hzg\tp1611\Application\Runtime\Cache\Home\eb2e5548204b43da1a4358751a3a2cb1.php 第 124 行.
NOTIC: [8] Use of undefined constant logout - assumed 'logout' D:\wamp\www\hzg\tp1611\Application\Runtime\Cache\Home\eb2e5548204b43da1a4358751a3a2cb1.php 第 135 行.
INFO: Run Behavior\ParseTemplateBehavior [ RunTime:0.015475s ]
INFO: [ view_parse ] --END-- [ RunTime:0.015566s ]
INFO: [ view_filter ] --START--
INFO: Run Behavior\WriteHtmlCacheBehavior [ RunTime:0.000941s ]
INFO: [ view_filter ] --END-- [ RunTime:0.001024s ]
INFO: [ app_end ] --START--
INFO: Run Behavior\ShowPageTraceBehavior [ RunTime:0.001221s ]
INFO: [ app_end ] --END-- [ RunTime:0.001305s ]

[ 2016-12-30T12:17:11+08:00 ] 127.0.0.1 /hzg/tp1611/index.php/Home/Product/product.html
INFO: [ app_init ] --START--
INFO: Run Behavior\BuildLiteBehavior [ RunTime:0.000027s ]
INFO: [ app_init ] --END-- [ RunTime:0.000628s ]
INFO: [ app_begin ] --START--
INFO: Run Behavior\ReadHtmlCacheBehavior [ RunTime:0.000729s ]
INFO: [ app_begin ] --END-- [ RunTime:0.000853s ]
SQL: SHOW COLUMNS FROM `tp_nav` [ RunTime:0.0044s ]
SQL: SELECT * FROM `tp_nav` WHERE `is_show` = 1 AND `local` = 0 ORDER BY sort  [ RunTime:0.0004s ]
INFO: [ view_parse ] --START--
INFO: [ template_filter ] --START--
INFO: Run Behavior\ContentReplaceBehavior [ RunTime:0.000124s ]
INFO: [ template_filter ] --END-- [ RunTime:0.000236s ]
NOTIC: [8] Undefined index: tp1611_user D:\wamp\www\hzg\tp1611\Application\Runtime\Cache\Home\5b87b1808583e75413168b00f7d913de.php 第 195 行.
NOTIC: [8] Use of undefined constant logout - assumed 'logout' D:\wamp\www\hzg\tp1611\Application\Runtime\Cache\Home\5b87b1808583e75413168b00f7d913de.php 第 206 行.
INFO: Run Behavior\ParseTemplateBehavior [ RunTime:0.012690s ]
INFO: [ view_parse ] --END-- [ RunTime:0.012788s ]
INFO: [ view_filter ] --START--
INFO: Run Behavior\WriteHtmlCacheBehavior [ RunTime:0.000355s ]
INFO: [ view_filter ] --END-- [ RunTime:0.000446s ]
INFO: [ app_end ] --START--
INFO: Run Behavior\ShowPageTraceBehavior [ RunTime:0.000644s ]
INFO: [ app_end ] --END-- [ RunTime:0.000733s ]

[ 2016-12-30T12:18:08+08:00 ] 127.0.0.1 /hzg/tp1611/index.php/Home/Product/product.html
INFO: [ app_init ] --START--
INFO: Run Behavior\BuildLiteBehavior [ RunTime:0.000101s ]
INFO: [ app_init ] --END-- [ RunTime:0.000837s ]
INFO: [ app_begin ] --START--
INFO: Run Behavior\ReadHtmlCacheBehavior [ RunTime:0.001281s ]
INFO: [ app_begin ] --END-- [ RunTime:0.001416s ]
SQL: SHOW COLUMNS FROM `tp_nav` [ RunTime:0.0047s ]
SQL: SELECT * FROM `tp_nav` WHERE `is_show` = 1 AND `local` = 0 ORDER BY sort  [ RunTime:0.0005s ]
INFO: [ view_parse ] --START--
INFO: [ template_filter ] --START--
INFO: Run Behavior\ContentReplaceBehavior [ RunTime:0.000147s ]
INFO: [ template_filter ] --END-- [ RunTime:0.000277s ]
NOTIC: [8] Undefined index: tp1611_user D:\wamp\www\hzg\tp1611\Application\Runtime\Cache\Home\5b87b1808583e75413168b00f7d913de.php 第 195 行.
NOTIC: [8] Use of undefined constant logout - assumed 'logout' D:\wamp\www\hzg\tp1611\Application\Runtime\Cache\Home\5b87b1808583e75413168b00f7d913de.php 第 206 行.
INFO: Run Behavior\ParseTemplateBehavior [ RunTime:0.018171s ]
INFO: [ view_parse ] --END-- [ RunTime:0.018273s ]
INFO: [ view_filter ] --START--
INFO: Run Behavior\WriteHtmlCacheBehavior [ RunTime:0.000817s ]
INFO: [ view_filter ] --END-- [ RunTime:0.000910s ]
INFO: [ app_end ] --START--
INFO: Run Behavior\ShowPageTraceBehavior [ RunTime:0.001084s ]
INFO: [ app_end ] --END-- [ RunTime:0.001178s ]

[ 2016-12-30T12:19:05+08:00 ] 127.0.0.1 /hzg/tp1611/index.php/Home/Product/product.html
INFO: [ app_init ] --START--
INFO: Run Behavior\BuildLiteBehavior [ RunTime:0.000025s ]
INFO: [ app_init ] --END-- [ RunTime:0.000629s ]
INFO: [ app_begin ] --START--
INFO: Run Behavior\ReadHtmlCacheBehavior [ RunTime:0.001420s ]
INFO: [ app_begin ] --END-- [ RunTime:0.001579s ]
SQL: SHOW COLUMNS FROM `tp_nav` [ RunTime:0.0049s ]
SQL: SELECT * FROM `tp_nav` WHERE `is_show` = 1 AND `local` = 0 ORDER BY sort  [ RunTime:0.0004s ]
INFO: [ view_parse ] --START--
INFO: [ template_filter ] --START--
INFO: Run Behavior\ContentReplaceBehavior [ RunTime:0.000152s ]
INFO: [ template_filter ] --END-- [ RunTime:0.000262s ]
NOTIC: [8] Undefined index: tp1611_user D:\wamp\www\hzg\tp1611\Application\Runtime\Cache\Home\5b87b1808583e75413168b00f7d913de.php 第 195 行.
NOTIC: [8] Use of undefined constant logout - assumed 'logout' D:\wamp\www\hzg\tp1611\Application\Runtime\Cache\Home\5b87b1808583e75413168b00f7d913de.php 第 206 行.
INFO: Run Behavior\ParseTemplateBehavior [ RunTime:0.016359s ]
INFO: [ view_parse ] --END-- [ RunTime:0.016451s ]
INFO: [ view_filter ] --START--
INFO: Run Behavior\WriteHtmlCacheBehavior [ RunTime:0.000972s ]
INFO: [ view_filter ] --END-- [ RunTime:0.001054s ]
INFO: [ app_end ] --START--
INFO: Run Behavior\ShowPageTraceBehavior [ RunTime:0.001243s ]
INFO: [ app_end ] --END-- [ RunTime:0.001325s ]

[ 2016-12-30T12:19:26+08:00 ] 127.0.0.1 /hzg/tp1611/index.php/Home/News/news.html
INFO: [ app_init ] --START--
INFO: Run Behavior\BuildLiteBehavior [ RunTime:0.000024s ]
INFO: [ app_init ] --END-- [ RunTime:0.000611s ]
INFO: [ app_begin ] --START--
INFO: Run Behavior\ReadHtmlCacheBehavior [ RunTime:0.003710s ]
INFO: [ app_begin ] --END-- [ RunTime:0.003869s ]
SQL: SHOW COLUMNS FROM `tp_nav` [ RunTime:0.0046s ]
SQL: SELECT * FROM `tp_nav` WHERE `is_show` = 1 AND `local` = 0 ORDER BY sort  [ RunTime:0.0004s ]
INFO: [ view_parse ] --START--
INFO: [ template_filter ] --START--
INFO: Run Behavior\ContentReplaceBehavior [ RunTime:0.000115s ]
INFO: [ template_filter ] --END-- [ RunTime:0.000221s ]
NOTIC: [8] Undefined index: tp1611_user D:\wamp\www\hzg\tp1611\Application\Runtime\Cache\Home\6be51b3900cccae2c73119baf20891ff.php 第 170 行.
NOTIC: [8] Use of undefined constant logout - assumed 'logout' D:\wamp\www\hzg\tp1611\Application\Runtime\Cache\Home\6be51b3900cccae2c73119baf20891ff.php 第 181 行.
INFO: Run Behavior\ParseTemplateBehavior [ RunTime:0.016011s ]
INFO: [ view_parse ] --END-- [ RunTime:0.016120s ]
INFO: [ view_filter ] --START--
INFO: Run Behavior\WriteHtmlCacheBehavior [ RunTime:0.000978s ]
INFO: [ view_filter ] --END-- [ RunTime:0.001076s ]
INFO: [ app_end ] --START--
INFO: Run Behavior\ShowPageTraceBehavior [ RunTime:0.001176s ]
INFO: [ app_end ] --END-- [ RunTime:0.001272s ]

[ 2016-12-30T12:19:33+08:00 ] 127.0.0.1 /hzg/tp1611/index.php/Home/Index/login.html
INFO: [ app_init ] --START--
INFO: Run Behavior\BuildLiteBehavior [ RunTime:0.000374s ]
INFO: [ app_init ] --END-- [ RunTime:0.001084s ]
INFO: [ app_begin ] --START--
INFO: Run Behavior\ReadHtmlCacheBehavior [ RunTime:0.001374s ]
INFO: [ app_begin ] --END-- [ RunTime:0.001509s ]
SQL: SHOW COLUMNS FROM `tp_nav` [ RunTime:0.0055s ]
SQL: SELECT * FROM `tp_nav` WHERE `is_show` = 1 AND `local` = 0 ORDER BY sort  [ RunTime:0.0009s ]
INFO: [ view_parse ] --START--
INFO: [ template_filter ] --START--
INFO: Run Behavior\ContentReplaceBehavior [ RunTime:0.000110s ]
INFO: [ template_filter ] --END-- [ RunTime:0.000250s ]
INFO: Run Behavior\ParseTemplateBehavior [ RunTime:0.015532s ]
INFO: [ view_parse ] --END-- [ RunTime:0.015783s ]
INFO: [ view_filter ] --START--
INFO: Run Behavior\WriteHtmlCacheBehavior [ RunTime:0.001040s ]
INFO: [ view_filter ] --END-- [ RunTime:0.001212s ]
INFO: [ app_end ] --START--
INFO: Run Behavior\ShowPageTraceBehavior [ RunTime:0.001319s ]
INFO: [ app_end ] --END-- [ RunTime:0.001433s ]

[ 2016-12-30T12:19:34+08:00 ] 127.0.0.1 /hzg/tp1611/index.php/Home/Index/verify.html
INFO: [ app_init ] --START--
INFO: Run Behavior\BuildLiteBehavior [ RunTime:0.000025s ]
INFO: [ app_init ] --END-- [ RunTime:0.000740s ]
INFO: [ app_begin ] --START--
INFO: Run Behavior\ReadHtmlCacheBehavior [ RunTime:0.001032s ]
INFO: [ app_begin ] --END-- [ RunTime:0.001166s ]
SQL: SHOW COLUMNS FROM `tp_nav` [ RunTime:0.0046s ]
SQL: SELECT * FROM `tp_nav` WHERE `is_show` = 1 AND `local` = 0 ORDER BY sort  [ RunTime:0.0005s ]
INFO: [ app_end ] --START--
INFO: Run Behavior\ShowPageTraceBehavior [ RunTime:0.002714s ]
INFO: [ app_end ] --END-- [ RunTime:0.002871s ]

[ 2016-12-30T12:19:37+08:00 ] 127.0.0.1 /hzg/tp1611/index.php/Home/Product/product.html
INFO: [ app_init ] --START--
INFO: Run Behavior\BuildLiteBehavior [ RunTime:0.000025s ]
INFO: [ app_init ] --END-- [ RunTime:0.000543s ]
INFO: [ app_begin ] --START--
INFO: Run Behavior\ReadHtmlCacheBehavior [ RunTime:0.001141s ]
INFO: [ app_begin ] --END-- [ RunTime:0.001267s ]
SQL: SHOW COLUMNS FROM `tp_nav` [ RunTime:0.0045s ]
SQL: SELECT * FROM `tp_nav` WHERE `is_show` = 1 AND `local` = 0 ORDER BY sort  [ RunTime:0.0004s ]
INFO: [ view_parse ] --START--
INFO: [ template_filter ] --START--
INFO: Run Behavior\ContentReplaceBehavior [ RunTime:0.000124s ]
INFO: [ template_filter ] --END-- [ RunTime:0.000225s ]
NOTIC: [8] Undefined index: tp1611_user D:\wamp\www\hzg\tp1611\Application\Runtime\Cache\Home\5b87b1808583e75413168b00f7d913de.php 第 195 行.
NOTIC: [8] Use of undefined constant logout - assumed 'logout' D:\wamp\www\hzg\tp1611\Application\Runtime\Cache\Home\5b87b1808583e75413168b00f7d913de.php 第 206 行.
INFO: Run Behavior\ParseTemplateBehavior [ RunTime:0.020264s ]
INFO: [ view_parse ] --END-- [ RunTime:0.020393s ]
INFO: [ view_filter ] --START--
INFO: Run Behavior\WriteHtmlCacheBehavior [ RunTime:0.001291s ]
INFO: [ view_filter ] --END-- [ RunTime:0.001541s ]
INFO: [ app_end ] --START--
INFO: Run Behavior\ShowPageTraceBehavior [ RunTime:0.000841s ]
INFO: [ app_end ] --END-- [ RunTime:0.000948s ]

[ 2016-12-30T12:19:39+08:00 ] 127.0.0.1 /hzg/tp1611/index.php/Home/Brand/introduction.html
INFO: [ app_init ] --START--
INFO: Run Behavior\BuildLiteBehavior [ RunTime:0.000034s ]
INFO: [ app_init ] --END-- [ RunTime:0.000783s ]
INFO: [ app_begin ] --START--
INFO: Run Behavior\ReadHtmlCacheBehavior [ RunTime:0.000909s ]
INFO: [ app_begin ] --END-- [ RunTime:0.001056s ]
SQL: SHOW COLUMNS FROM `tp_nav` [ RunTime:0.0051s ]
SQL: SELECT * FROM `tp_nav` WHERE `is_show` = 1 AND `local` = 0 ORDER BY sort  [ RunTime:0.0004s ]
INFO: [ view_parse ] --START--
INFO: [ template_filter ] --START--
INFO: Run Behavior\ContentReplaceBehavior [ RunTime:0.000098s ]
INFO: [ template_filter ] --END-- [ RunTime:0.000203s ]
NOTIC: [8] Undefined index: tp1611_user D:\wamp\www\hzg\tp1611\Application\Runtime\Cache\Home\69aca3bf794dc2551c8f5ef9f0335ea6.php 第 106 行.
NOTIC: [8] Use of undefined constant logout - assumed 'logout' D:\wamp\www\hzg\tp1611\Application\Runtime\Cache\Home\69aca3bf794dc2551c8f5ef9f0335ea6.php 第 117 行.
INFO: Run Behavior\ParseTemplateBehavior [ RunTime:0.013981s ]
INFO: [ view_parse ] --END-- [ RunTime:0.014095s ]
INFO: [ view_filter ] --START--
INFO: Run Behavior\WriteHtmlCacheBehavior [ RunTime:0.001216s ]
INFO: [ view_filter ] --END-- [ RunTime:0.001338s ]
INFO: [ app_end ] --START--
INFO: Run Behavior\ShowPageTraceBehavior [ RunTime:0.001605s ]
INFO: [ app_end ] --END-- [ RunTime:0.001724s ]

[ 2016-12-30T12:19:41+08:00 ] 127.0.0.1 /hzg/tp1611/index.php/Home/Contact/contact.html
INFO: [ app_init ] --START--
INFO: Run Behavior\BuildLiteBehavior [ RunTime:0.000026s ]
INFO: [ app_init ] --END-- [ RunTime:0.000595s ]
INFO: [ app_begin ] --START--
INFO: Run Behavior\ReadHtmlCacheBehavior [ RunTime:0.000698s ]
INFO: [ app_begin ] --END-- [ RunTime:0.000815s ]
SQL: SHOW COLUMNS FROM `tp_nav` [ RunTime:0.0047s ]
SQL: SELECT * FROM `tp_nav` WHERE `is_show` = 1 AND `local` = 0 ORDER BY sort  [ RunTime:0.0004s ]
INFO: [ view_parse ] --START--
INFO: [ template_filter ] --START--
INFO: Run Behavior\ContentReplaceBehavior [ RunTime:0.000100s ]
INFO: [ template_filter ] --END-- [ RunTime:0.000205s ]
NOTIC: [8] Undefined index: tp1611_user D:\wamp\www\hzg\tp1611\Application\Runtime\Cache\Home\eb2e5548204b43da1a4358751a3a2cb1.php 第 124 行.
NOTIC: [8] Use of undefined constant logout - assumed 'logout' D:\wamp\www\hzg\tp1611\Application\Runtime\Cache\Home\eb2e5548204b43da1a4358751a3a2cb1.php 第 135 行.
INFO: Run Behavior\ParseTemplateBehavior [ RunTime:0.014489s ]
INFO: [ view_parse ] --END-- [ RunTime:0.014643s ]
INFO: [ view_filter ] --START--
INFO: Run Behavior\WriteHtmlCacheBehavior [ RunTime:0.001209s ]
INFO: [ view_filter ] --END-- [ RunTime:0.001327s ]
INFO: [ app_end ] --START--
INFO: Run Behavior\ShowPageTraceBehavior [ RunTime:0.000699s ]
INFO: [ app_end ] --END-- [ RunTime:0.000839s ]

[ 2016-12-30T12:20:21+08:00 ] 127.0.0.1 /hzg/tp1611/index.php/Home/Index/login.html
INFO: [ app_init ] --START--
INFO: Run Behavior\BuildLiteBehavior [ RunTime:0.000030s ]
INFO: [ app_init ] --END-- [ RunTime:0.001523s ]
INFO: [ app_begin ] --START--
INFO: Run Behavior\ReadHtmlCacheBehavior [ RunTime:0.000999s ]
INFO: [ app_begin ] --END-- [ RunTime:0.001144s ]
SQL: SHOW COLUMNS FROM `tp_nav` [ RunTime:0.0044s ]
SQL: SELECT * FROM `tp_nav` WHERE `is_show` = 1 AND `local` = 0 ORDER BY sort  [ RunTime:0.0004s ]
INFO: [ view_parse ] --START--
INFO: [ template_filter ] --START--
INFO: Run Behavior\ContentReplaceBehavior [ RunTime:0.000134s ]
INFO: [ template_filter ] --END-- [ RunTime:0.000259s ]
INFO: Run Behavior\ParseTemplateBehavior [ RunTime:0.010753s ]
INFO: [ view_parse ] --END-- [ RunTime:0.010872s ]
INFO: [ view_filter ] --START--
INFO: Run Behavior\WriteHtmlCacheBehavior [ RunTime:0.000817s ]
INFO: [ view_filter ] --END-- [ RunTime:0.000921s ]
INFO: [ app_end ] --START--
INFO: Run Behavior\ShowPageTraceBehavior [ RunTime:0.000796s ]
INFO: [ app_end ] --END-- [ RunTime:0.000906s ]

[ 2016-12-30T12:20:22+08:00 ] 127.0.0.1 /hzg/tp1611/index.php/Home/Index/verify.html
INFO: [ app_init ] --START--
INFO: Run Behavior\BuildLiteBehavior [ RunTime:0.000026s ]
INFO: [ app_init ] --END-- [ RunTime:0.000529s ]
INFO: [ app_begin ] --START--
INFO: Run Behavior\ReadHtmlCacheBehavior [ RunTime:0.001196s ]
INFO: [ app_begin ] --END-- [ RunTime:0.001337s ]
SQL: SHOW COLUMNS FROM `tp_nav` [ RunTime:0.0062s ]
SQL: SELECT * FROM `tp_nav` WHERE `is_show` = 1 AND `local` = 0 ORDER BY sort  [ RunTime:0.0018s ]
INFO: [ app_end ] --START--
INFO: Run Behavior\ShowPageTraceBehavior [ RunTime:0.001315s ]
INFO: [ app_end ] --END-- [ RunTime:0.001487s ]

[ 2016-12-30T12:20:47+08:00 ] 127.0.0.1 /hzg/tp1611/index.php/Home/Brand/introduction.html
INFO: [ app_init ] --START--
INFO: Run Behavior\BuildLiteBehavior [ RunTime:0.000024s ]
INFO: [ app_init ] --END-- [ RunTime:0.000503s ]
INFO: [ app_begin ] --START--
INFO: Run Behavior\ReadHtmlCacheBehavior [ RunTime:0.001208s ]
INFO: [ app_begin ] --END-- [ RunTime:0.001322s ]
SQL: SHOW COLUMNS FROM `tp_nav` [ RunTime:0.0045s ]
SQL: SELECT * FROM `tp_nav` WHERE `is_show` = 1 AND `local` = 0 ORDER BY sort  [ RunTime:0.0004s ]
INFO: [ view_parse ] --START--
INFO: [ template_filter ] --START--
INFO: Run Behavior\ContentReplaceBehavior [ RunTime:0.000114s ]
INFO: [ template_filter ] --END-- [ RunTime:0.000218s ]
NOTIC: [8] Undefined index: tp1611_user D:\wamp\www\hzg\tp1611\Application\Runtime\Cache\Home\69aca3bf794dc2551c8f5ef9f0335ea6.php 第 106 行.
NOTIC: [8] Use of undefined constant logout - assumed 'logout' D:\wamp\www\hzg\tp1611\Application\Runtime\Cache\Home\69aca3bf794dc2551c8f5ef9f0335ea6.php 第 117 行.
INFO: Run Behavior\ParseTemplateBehavior [ RunTime:0.013592s ]
INFO: [ view_parse ] --END-- [ RunTime:0.013711s ]
INFO: [ view_filter ] --START--
INFO: Run Behavior\WriteHtmlCacheBehavior [ RunTime:0.000874s ]
INFO: [ view_filter ] --END-- [ RunTime:0.000979s ]
INFO: [ app_end ] --START--
INFO: Run Behavior\ShowPageTraceBehavior [ RunTime:0.000671s ]
INFO: [ app_end ] --END-- [ RunTime:0.000766s ]

[ 2016-12-30T12:20:49+08:00 ] 127.0.0.1 /hzg/tp1611/index.php/Home/Index/index.html
INFO: [ app_init ] --START--
INFO: Run Behavior\BuildLiteBehavior [ RunTime:0.000040s ]
INFO: [ app_init ] --END-- [ RunTime:0.000766s ]
INFO: [ app_begin ] --START--
INFO: Run Behavior\ReadHtmlCacheBehavior [ RunTime:0.001165s ]
INFO: [ app_begin ] --END-- [ RunTime:0.001384s ]
SQL: SHOW COLUMNS FROM `tp_nav` [ RunTime:0.0062s ]
SQL: SELECT * FROM `tp_nav` WHERE `is_show` = 1 AND `local` = 0 ORDER BY sort  [ RunTime:0.0005s ]
INFO: [ view_parse ] --START--
INFO: [ template_filter ] --START--
INFO: Run Behavior\ContentReplaceBehavior [ RunTime:0.000109s ]
INFO: [ template_filter ] --END-- [ RunTime:0.000225s ]
NOTIC: [8] Undefined index: tp1611_user D:\wamp\www\hzg\tp1611\Application\Runtime\Cache\Home\2a94b8bda04ff446dcedd42276fc99ee.php 第 131 行.
NOTIC: [8] Use of undefined constant logout - assumed 'logout' D:\wamp\www\hzg\tp1611\Application\Runtime\Cache\Home\2a94b8bda04ff446dcedd42276fc99ee.php 第 142 行.
INFO: Run Behavior\ParseTemplateBehavior [ RunTime:0.026038s ]
INFO: [ view_parse ] --END-- [ RunTime:0.026142s ]
INFO: [ view_filter ] --START--
INFO: Run Behavior\WriteHtmlCacheBehavior [ RunTime:0.000716s ]
INFO: [ view_filter ] --END-- [ RunTime:0.000833s ]
INFO: [ app_end ] --START--
INFO: Run Behavior\ShowPageTraceBehavior [ RunTime:0.000687s ]
INFO: [ app_end ] --END-- [ RunTime:0.000782s ]

[ 2016-12-30T12:20:52+08:00 ] 127.0.0.1 /hzg/tp1611/index.php/Home/Product/product.html
INFO: [ app_init ] --START--
INFO: Run Behavior\BuildLiteBehavior [ RunTime:0.000028s ]
INFO: [ app_init ] --END-- [ RunTime:0.001169s ]
INFO: [ app_begin ] --START--
INFO: Run Behavior\ReadHtmlCacheBehavior [ RunTime:0.001199s ]
INFO: [ app_begin ] --END-- [ RunTime:0.001338s ]
SQL: SHOW COLUMNS FROM `tp_nav` [ RunTime:0.0055s ]
SQL: SELECT * FROM `tp_nav` WHERE `is_show` = 1 AND `local` = 0 ORDER BY sort  [ RunTime:0.0004s ]
INFO: [ view_parse ] --START--
INFO: [ template_filter ] --START--
INFO: Run Behavior\ContentReplaceBehavior [ RunTime:0.000123s ]
INFO: [ template_filter ] --END-- [ RunTime:0.000233s ]
NOTIC: [8] Undefined index: tp1611_user D:\wamp\www\hzg\tp1611\Application\Runtime\Cache\Home\5b87b1808583e75413168b00f7d913de.php 第 195 行.
NOTIC: [8] Use of undefined constant logout - assumed 'logout' D:\wamp\www\hzg\tp1611\Application\Runtime\Cache\Home\5b87b1808583e75413168b00f7d913de.php 第 206 行.
INFO: Run Behavior\ParseTemplateBehavior [ RunTime:0.018080s ]
INFO: [ view_parse ] --END-- [ RunTime:0.018184s ]
INFO: [ view_filter ] --START--
INFO: Run Behavior\WriteHtmlCacheBehavior [ RunTime:0.000816s ]
INFO: [ view_filter ] --END-- [ RunTime:0.000924s ]
INFO: [ app_end ] --START--
INFO: Run Behavior\ShowPageTraceBehavior [ RunTime:0.001102s ]
INFO: [ app_end ] --END-- [ RunTime:0.001195s ]

[ 2016-12-30T12:21:52+08:00 ] 127.0.0.1 /hzg/tp1611/index.php/Home/Product/product.html
INFO: [ app_init ] --START--
INFO: Run Behavior\BuildLiteBehavior [ RunTime:0.000024s ]
INFO: [ app_init ] --END-- [ RunTime:0.000638s ]
INFO: [ app_begin ] --START--
INFO: Run Behavior\ReadHtmlCacheBehavior [ RunTime:0.001184s ]
INFO: [ app_begin ] --END-- [ RunTime:0.001363s ]
SQL: SHOW COLUMNS FROM `tp_nav` [ RunTime:0.0046s ]
SQL: SELECT * FROM `tp_nav` WHERE `is_show` = 1 AND `local` = 0 ORDER BY sort  [ RunTime:0.0005s ]
INFO: [ view_parse ] --START--
INFO: [ template_filter ] --START--
INFO: Run Behavior\ContentReplaceBehavior [ RunTime:0.000128s ]
INFO: [ template_filter ] --END-- [ RunTime:0.000232s ]
NOTIC: [8] Undefined index: tp1611_user D:\wamp\www\hzg\tp1611\Application\Runtime\Cache\Home\5b87b1808583e75413168b00f7d913de.php 第 195 行.
NOTIC: [8] Use of undefined constant logout - assumed 'logout' D:\wamp\www\hzg\tp1611\Application\Runtime\Cache\Home\5b87b1808583e75413168b00f7d913de.php 第 206 行.
INFO: Run Behavior\ParseTemplateBehavior [ RunTime:0.016437s ]
INFO: [ view_parse ] --END-- [ RunTime:0.016543s ]
INFO: [ view_filter ] --START--
INFO: Run Behavior\WriteHtmlCacheBehavior [ RunTime:0.000856s ]
INFO: [ view_filter ] --END-- [ RunTime:0.000949s ]
INFO: [ app_end ] --START--
INFO: Run Behavior\ShowPageTraceBehavior [ RunTime:0.001088s ]
INFO: [ app_end ] --END-- [ RunTime:0.001277s ]

[ 2016-12-30T12:22:14+08:00 ] 127.0.0.1 /hzg/tp1611/index.php/Home/Product/product.html
INFO: [ app_init ] --START--
INFO: Run Behavior\BuildLiteBehavior [ RunTime:0.000030s ]
INFO: [ app_init ] --END-- [ RunTime:0.001203s ]
INFO: [ app_begin ] --START--
INFO: Run Behavior\ReadHtmlCacheBehavior [ RunTime:0.000996s ]
INFO: [ app_begin ] --END-- [ RunTime:0.001122s ]
SQL: SHOW COLUMNS FROM `tp_nav` [ RunTime:0.0045s ]
SQL: SELECT * FROM `tp_nav` WHERE `is_show` = 1 AND `local` = 0 ORDER BY sort  [ RunTime:0.0004s ]
INFO: [ view_parse ] --START--
INFO: [ template_filter ] --START--
INFO: Run Behavior\ContentReplaceBehavior [ RunTime:0.000127s ]
INFO: [ template_filter ] --END-- [ RunTime:0.000247s ]
NOTIC: [8] Undefined index: tp1611_user D:\wamp\www\hzg\tp1611\Application\Runtime\Cache\Home\5b87b1808583e75413168b00f7d913de.php 第 195 行.
NOTIC: [8] Use of undefined constant logout - assumed 'logout' D:\wamp\www\hzg\tp1611\Application\Runtime\Cache\Home\5b87b1808583e75413168b00f7d913de.php 第 206 行.
INFO: Run Behavior\ParseTemplateBehavior [ RunTime:0.016842s ]
INFO: [ view_parse ] --END-- [ RunTime:0.016955s ]
INFO: [ view_filter ] --START--
INFO: Run Behavior\WriteHtmlCacheBehavior [ RunTime:0.000764s ]
INFO: [ view_filter ] --END-- [ RunTime:0.000863s ]
INFO: [ app_end ] --START--
INFO: Run Behavior\ShowPageTraceBehavior [ RunTime:0.001297s ]
INFO: [ app_end ] --END-- [ RunTime:0.001455s ]

[ 2016-12-30T12:22:16+08:00 ] 127.0.0.1 /hzg/tp1611/index.php/Home/Product/product.html
INFO: [ app_init ] --START--
INFO: Run Behavior\BuildLiteBehavior [ RunTime:0.000025s ]
INFO: [ app_init ] --END-- [ RunTime:0.000686s ]
INFO: [ app_begin ] --START--
INFO: Run Behavior\ReadHtmlCacheBehavior [ RunTime:0.000946s ]
INFO: [ app_begin ] --END-- [ RunTime:0.001064s ]
SQL: SHOW COLUMNS FROM `tp_nav` [ RunTime:0.0048s ]
SQL: SELECT * FROM `tp_nav` WHERE `is_show` = 1 AND `local` = 0 ORDER BY sort  [ RunTime:0.0006s ]
INFO: [ view_parse ] --START--
INFO: [ template_filter ] --START--
INFO: Run Behavior\ContentReplaceBehavior [ RunTime:0.000119s ]
INFO: [ template_filter ] --END-- [ RunTime:0.000216s ]
NOTIC: [8] Undefined index: tp1611_user D:\wamp\www\hzg\tp1611\Application\Runtime\Cache\Home\5b87b1808583e75413168b00f7d913de.php 第 195 行.
NOTIC: [8] Use of undefined constant logout - assumed 'logout' D:\wamp\www\hzg\tp1611\Application\Runtime\Cache\Home\5b87b1808583e75413168b00f7d913de.php 第 206 行.
INFO: Run Behavior\ParseTemplateBehavior [ RunTime:0.014136s ]
INFO: [ view_parse ] --END-- [ RunTime:0.014231s ]
INFO: [ view_filter ] --START--
INFO: Run Behavior\WriteHtmlCacheBehavior [ RunTime:0.000583s ]
INFO: [ view_filter ] --END-- [ RunTime:0.000665s ]
INFO: [ app_end ] --START--
INFO: Run Behavior\ShowPageTraceBehavior [ RunTime:0.000840s ]
INFO: [ app_end ] --END-- [ RunTime:0.000924s ]

[ 2016-12-30T12:23:55+08:00 ] 127.0.0.1 /hzg/tp1611/index.php/Home/Product/product.html
INFO: [ app_init ] --START--
INFO: Run Behavior\BuildLiteBehavior [ RunTime:0.000025s ]
INFO: [ app_init ] --END-- [ RunTime:0.000637s ]
INFO: [ app_begin ] --START--
INFO: Run Behavior\ReadHtmlCacheBehavior [ RunTime:0.001148s ]
INFO: [ app_begin ] --END-- [ RunTime:0.001302s ]
SQL: SHOW COLUMNS FROM `tp_nav` [ RunTime:0.0046s ]
SQL: SELECT * FROM `tp_nav` WHERE `is_show` = 1 AND `local` = 0 ORDER BY sort  [ RunTime:0.0003s ]
INFO: [ view_parse ] --START--
INFO: [ template_filter ] --START--
INFO: Run Behavior\ContentReplaceBehavior [ RunTime:0.000126s ]
INFO: [ template_filter ] --END-- [ RunTime:0.000233s ]
NOTIC: [8] Undefined index: tp1611_user D:\wamp\www\hzg\tp1611\Application\Runtime\Cache\Home\5b87b1808583e75413168b00f7d913de.php 第 195 行.
NOTIC: [8] Use of undefined constant logout - assumed 'logout' D:\wamp\www\hzg\tp1611\Application\Runtime\Cache\Home\5b87b1808583e75413168b00f7d913de.php 第 206 行.
INFO: Run Behavior\ParseTemplateBehavior [ RunTime:0.014705s ]
INFO: [ view_parse ] --END-- [ RunTime:0.014812s ]
INFO: [ view_filter ] --START--
INFO: Run Behavior\WriteHtmlCacheBehavior [ RunTime:0.000876s ]
INFO: [ view_filter ] --END-- [ RunTime:0.000981s ]
INFO: [ app_end ] --START--
INFO: Run Behavior\ShowPageTraceBehavior [ RunTime:0.001032s ]
INFO: [ app_end ] --END-- [ RunTime:0.001144s ]

[ 2016-12-30T12:24:33+08:00 ] 127.0.0.1 /hzg/tp1611/index.php/Home/Product/product.html
INFO: [ app_init ] --START--
INFO: Run Behavior\BuildLiteBehavior [ RunTime:0.000023s ]
INFO: [ app_init ] --END-- [ RunTime:0.000513s ]
INFO: [ app_begin ] --START--
INFO: Run Behavior\ReadHtmlCacheBehavior [ RunTime:0.000664s ]
INFO: [ app_begin ] --END-- [ RunTime:0.000776s ]
SQL: SHOW COLUMNS FROM `tp_nav` [ RunTime:0.0048s ]
SQL: SELECT * FROM `tp_nav` WHERE `is_show` = 1 AND `local` = 0 ORDER BY sort  [ RunTime:0.0005s ]
INFO: [ view_parse ] --START--
INFO: [ template_filter ] --START--
INFO: Run Behavior\ContentReplaceBehavior [ RunTime:0.000125s ]
INFO: [ template_filter ] --END-- [ RunTime:0.000226s ]
NOTIC: [8] Undefined index: tp1611_user D:\wamp\www\hzg\tp1611\Application\Runtime\Cache\Home\5b87b1808583e75413168b00f7d913de.php 第 195 行.
NOTIC: [8] Use of undefined constant logout - assumed 'logout' D:\wamp\www\hzg\tp1611\Application\Runtime\Cache\Home\5b87b1808583e75413168b00f7d913de.php 第 206 行.
INFO: Run Behavior\ParseTemplateBehavior [ RunTime:0.013146s ]
INFO: [ view_parse ] --END-- [ RunTime:0.013247s ]
INFO: [ view_filter ] --START--
INFO: Run Behavior\WriteHtmlCacheBehavior [ RunTime:0.000646s ]
INFO: [ view_filter ] --END-- [ RunTime:0.000732s ]
INFO: [ app_end ] --START--
INFO: Run Behavior\ShowPageTraceBehavior [ RunTime:0.000794s ]
INFO: [ app_end ] --END-- [ RunTime:0.000884s ]

[ 2016-12-30T12:26:41+08:00 ] 127.0.0.1 /hzg/tp1611/index.php/Home/Product/product.html
INFO: [ app_init ] --START--
INFO: Run Behavior\BuildLiteBehavior [ RunTime:0.000053s ]
INFO: [ app_init ] --END-- [ RunTime:0.000765s ]
INFO: [ app_begin ] --START--
INFO: Run Behavior\ReadHtmlCacheBehavior [ RunTime:0.002140s ]
INFO: [ app_begin ] --END-- [ RunTime:0.002274s ]
SQL: SHOW COLUMNS FROM `tp_nav` [ RunTime:0.0047s ]
SQL: SELECT * FROM `tp_nav` WHERE `is_show` = 1 AND `local` = 0 ORDER BY sort  [ RunTime:0.0005s ]
INFO: [ view_parse ] --START--
INFO: [ template_filter ] --START--
INFO: Run Behavior\ContentReplaceBehavior [ RunTime:0.000125s ]
INFO: [ template_filter ] --END-- [ RunTime:0.000223s ]
NOTIC: [8] Undefined index: tp1611_user D:\wamp\www\hzg\tp1611\Application\Runtime\Cache\Home\5b87b1808583e75413168b00f7d913de.php 第 195 行.
NOTIC: [8] Use of undefined constant logout - assumed 'logout' D:\wamp\www\hzg\tp1611\Application\Runtime\Cache\Home\5b87b1808583e75413168b00f7d913de.php 第 206 行.
INFO: Run Behavior\ParseTemplateBehavior [ RunTime:0.016752s ]
INFO: [ view_parse ] --END-- [ RunTime:0.016850s ]
INFO: [ view_filter ] --START--
INFO: Run Behavior\WriteHtmlCacheBehavior [ RunTime:0.000854s ]
INFO: [ view_filter ] --END-- [ RunTime:0.000947s ]
INFO: [ app_end ] --START--
INFO: Run Behavior\ShowPageTraceBehavior [ RunTime:0.001465s ]
INFO: [ app_end ] --END-- [ RunTime:0.001563s ]

[ 2016-12-30T12:26:51+08:00 ] 127.0.0.1 /hzg/tp1611/index.php/Home/Product/product.html
INFO: [ app_init ] --START--
INFO: Run Behavior\BuildLiteBehavior [ RunTime:0.000034s ]
INFO: [ app_init ] --END-- [ RunTime:0.001363s ]
INFO: [ app_begin ] --START--
INFO: Run Behavior\ReadHtmlCacheBehavior [ RunTime:0.001840s ]
INFO: [ app_begin ] --END-- [ RunTime:0.002003s ]
SQL: SHOW COLUMNS FROM `tp_nav` [ RunTime:0.0084s ]
SQL: SELECT * FROM `tp_nav` WHERE `is_show` = 1 AND `local` = 0 ORDER BY sort  [ RunTime:0.0006s ]
INFO: [ view_parse ] --START--
INFO: [ template_filter ] --START--
INFO: Run Behavior\ContentReplaceBehavior [ RunTime:0.000135s ]
INFO: [ template_filter ] --END-- [ RunTime:0.000258s ]
NOTIC: [8] Undefined index: tp1611_user D:\wamp\www\hzg\tp1611\Application\Runtime\Cache\Home\5b87b1808583e75413168b00f7d913de.php 第 195 行.
NOTIC: [8] Use of undefined constant logout - assumed 'logout' D:\wamp\www\hzg\tp1611\Application\Runtime\Cache\Home\5b87b1808583e75413168b00f7d913de.php 第 206 行.
INFO: Run Behavior\ParseTemplateBehavior [ RunTime:0.024583s ]
INFO: [ view_parse ] --END-- [ RunTime:0.024702s ]
INFO: [ view_filter ] --START--
INFO: Run Behavior\WriteHtmlCacheBehavior [ RunTime:0.001005s ]
INFO: [ view_filter ] --END-- [ RunTime:0.001093s ]
INFO: [ app_end ] --START--
INFO: Run Behavior\ShowPageTraceBehavior [ RunTime:0.001663s ]
INFO: [ app_end ] --END-- [ RunTime:0.001766s ]

[ 2016-12-30T12:27:24+08:00 ] 127.0.0.1 /hzg/tp1611/index.php/Home/Brand/introduction.html
INFO: [ app_init ] --START--
INFO: Run Behavior\BuildLiteBehavior [ RunTime:0.000025s ]
INFO: [ app_init ] --END-- [ RunTime:0.000653s ]
INFO: [ app_begin ] --START--
INFO: Run Behavior\ReadHtmlCacheBehavior [ RunTime:0.002122s ]
INFO: [ app_begin ] --END-- [ RunTime:0.002261s ]
SQL: SHOW COLUMNS FROM `tp_nav` [ RunTime:0.0044s ]
SQL: SELECT * FROM `tp_nav` WHERE `is_show` = 1 AND `local` = 0 ORDER BY sort  [ RunTime:0.0004s ]
INFO: [ view_parse ] --START--
INFO: [ template_filter ] --START--
INFO: Run Behavior\ContentReplaceBehavior [ RunTime:0.000099s ]
INFO: [ template_filter ] --END-- [ RunTime:0.000214s ]
NOTIC: [8] Undefined index: tp1611_user D:\wamp\www\hzg\tp1611\Application\Runtime\Cache\Home\69aca3bf794dc2551c8f5ef9f0335ea6.php 第 106 行.
NOTIC: [8] Use of undefined constant logout - assumed 'logout' D:\wamp\www\hzg\tp1611\Application\Runtime\Cache\Home\69aca3bf794dc2551c8f5ef9f0335ea6.php 第 117 行.
INFO: Run Behavior\ParseTemplateBehavior [ RunTime:0.016020s ]
INFO: [ view_parse ] --END-- [ RunTime:0.016127s ]
INFO: [ view_filter ] --START--
INFO: Run Behavior\WriteHtmlCacheBehavior [ RunTime:0.000936s ]
INFO: [ view_filter ] --END-- [ RunTime:0.001031s ]
INFO: [ app_end ] --START--
INFO: Run Behavior\ShowPageTraceBehavior [ RunTime:0.001165s ]
INFO: [ app_end ] --END-- [ RunTime:0.001256s ]

[ 2016-12-30T12:27:32+08:00 ] 127.0.0.1 /hzg/tp1611/index.php/Home/Contact/contact.html
INFO: [ app_init ] --START--
INFO: Run Behavior\BuildLiteBehavior [ RunTime:0.000024s ]
INFO: [ app_init ] --END-- [ RunTime:0.000629s ]
INFO: [ app_begin ] --START--
INFO: Run Behavior\ReadHtmlCacheBehavior [ RunTime:0.001236s ]
INFO: [ app_begin ] --END-- [ RunTime:0.001353s ]
SQL: SHOW COLUMNS FROM `tp_nav` [ RunTime:0.0046s ]
SQL: SELECT * FROM `tp_nav` WHERE `is_show` = 1 AND `local` = 0 ORDER BY sort  [ RunTime:0.0004s ]
INFO: [ view_parse ] --START--
INFO: [ template_filter ] --START--
INFO: Run Behavior\ContentReplaceBehavior [ RunTime:0.000103s ]
INFO: [ template_filter ] --END-- [ RunTime:0.000209s ]
NOTIC: [8] Undefined index: tp1611_user D:\wamp\www\hzg\tp1611\Application\Runtime\Cache\Home\eb2e5548204b43da1a4358751a3a2cb1.php 第 124 行.
NOTIC: [8] Use of undefined constant logout - assumed 'logout' D:\wamp\www\hzg\tp1611\Application\Runtime\Cache\Home\eb2e5548204b43da1a4358751a3a2cb1.php 第 135 行.
INFO: Run Behavior\ParseTemplateBehavior [ RunTime:0.015418s ]
INFO: [ view_parse ] --END-- [ RunTime:0.015528s ]
INFO: [ view_filter ] --START--
INFO: Run Behavior\WriteHtmlCacheBehavior [ RunTime:0.000968s ]
INFO: [ view_filter ] --END-- [ RunTime:0.001063s ]
INFO: [ app_end ] --START--
INFO: Run Behavior\ShowPageTraceBehavior [ RunTime:0.001302s ]
INFO: [ app_end ] --END-- [ RunTime:0.001405s ]

[ 2016-12-30T13:52:10+08:00 ] 127.0.0.1 /1611/1232/tp1611/
INFO: [ app_init ] --START--
INFO: Run Behavior\BuildLiteBehavior [ RunTime:0.000020s ]
INFO: [ app_init ] --END-- [ RunTime:0.000542s ]
INFO: [ app_begin ] --START--
INFO: Run Behavior\ReadHtmlCacheBehavior [ RunTime:0.000679s ]
INFO: [ app_begin ] --END-- [ RunTime:0.000762s ]
SQL: SHOW COLUMNS FROM `tp_nav` [ RunTime:0.0206s ]
SQL: SELECT * FROM `tp_nav` WHERE `is_show` = 1 AND `local` = 0 ORDER BY sort  [ RunTime:0.0005s ]
INFO: [ view_parse ] --START--
INFO: [ template_filter ] --START--
INFO: Run Behavior\ContentReplaceBehavior [ RunTime:0.000091s ]
INFO: [ template_filter ] --END-- [ RunTime:0.000194s ]
NOTIC: [8] Undefined index: tp1611_user D:\wamp\www\1611\1232\tp1611\Application\Runtime\Cache\Home\2a94b8bda04ff446dcedd42276fc99ee.php 第 131 行.
NOTIC: [8] Use of undefined constant logout - assumed 'logout' D:\wamp\www\1611\1232\tp1611\Application\Runtime\Cache\Home\2a94b8bda04ff446dcedd42276fc99ee.php 第 142 行.
INFO: Run Behavior\ParseTemplateBehavior [ RunTime:0.010617s ]
INFO: [ view_parse ] --END-- [ RunTime:0.010691s ]
INFO: [ view_filter ] --START--
INFO: Run Behavior\WriteHtmlCacheBehavior [ RunTime:0.000433s ]
INFO: [ view_filter ] --END-- [ RunTime:0.000497s ]
INFO: [ app_end ] --START--
INFO: Run Behavior\ShowPageTraceBehavior [ RunTime:0.000670s ]
INFO: [ app_end ] --END-- [ RunTime:0.000737s ]

[ 2016-12-30T13:52:58+08:00 ] 127.0.0.1 /1611/1232/tp1611/
INFO: [ app_init ] --START--
INFO: Run Behavior\BuildLiteBehavior [ RunTime:0.000022s ]
INFO: [ app_init ] --END-- [ RunTime:0.000799s ]
INFO: [ app_begin ] --START--
INFO: Run Behavior\ReadHtmlCacheBehavior [ RunTime:0.001552s ]
INFO: [ app_begin ] --END-- [ RunTime:0.001663s ]
SQL: SHOW COLUMNS FROM `tp_nav` [ RunTime:0.0052s ]
SQL: SELECT * FROM `tp_nav` WHERE `is_show` = 1 AND `local` = 0 ORDER BY sort  [ RunTime:0.0003s ]
INFO: [ view_parse ] --START--
INFO: [ template_filter ] --START--
INFO: Run Behavior\ContentReplaceBehavior [ RunTime:0.000088s ]
INFO: [ template_filter ] --END-- [ RunTime:0.000194s ]
NOTIC: [8] Undefined index: tp1611_user D:\wamp\www\1611\1232\tp1611\Application\Runtime\Cache\Home\2a94b8bda04ff446dcedd42276fc99ee.php 第 131 行.
NOTIC: [8] Use of undefined constant logout - assumed 'logout' D:\wamp\www\1611\1232\tp1611\Application\Runtime\Cache\Home\2a94b8bda04ff446dcedd42276fc99ee.php 第 142 行.
INFO: Run Behavior\ParseTemplateBehavior [ RunTime:0.020120s ]
INFO: [ view_parse ] --END-- [ RunTime:0.020197s ]
INFO: [ view_filter ] --START--
INFO: Run Behavior\WriteHtmlCacheBehavior [ RunTime:0.001607s ]
INFO: [ view_filter ] --END-- [ RunTime:0.001727s ]
INFO: [ app_end ] --START--
INFO: Run Behavior\ShowPageTraceBehavior [ RunTime:0.002405s ]
INFO: [ app_end ] --END-- [ RunTime:0.002523s ]

[ 2016-12-30T13:57:09+08:00 ] 127.0.0.1 /1611/1232/tp1611/
INFO: [ app_init ] --START--
INFO: Run Behavior\BuildLiteBehavior [ RunTime:0.000020s ]
INFO: [ app_init ] --END-- [ RunTime:0.000449s ]
INFO: [ app_begin ] --START--
INFO: Run Behavior\ReadHtmlCacheBehavior [ RunTime:0.000912s ]
INFO: [ app_begin ] --END-- [ RunTime:0.001025s ]
SQL: SHOW COLUMNS FROM `tp_nav` [ RunTime:0.0044s ]
SQL: SELECT * FROM `tp_nav` WHERE `is_show` = 1 AND `local` = 0 ORDER BY sort  [ RunTime:0.0003s ]
INFO: [ view_parse ] --START--
INFO: [ template_filter ] --START--
INFO: Run Behavior\ContentReplaceBehavior [ RunTime:0.000108s ]
INFO: [ template_filter ] --END-- [ RunTime:0.000198s ]
NOTIC: [8] Undefined index: tp1611_user D:\wamp\www\1611\1232\tp1611\Application\Runtime\Cache\Home\2a94b8bda04ff446dcedd42276fc99ee.php 第 131 行.
NOTIC: [8] Use of undefined constant logout - assumed 'logout' D:\wamp\www\1611\1232\tp1611\Application\Runtime\Cache\Home\2a94b8bda04ff446dcedd42276fc99ee.php 第 142 行.
INFO: Run Behavior\ParseTemplateBehavior [ RunTime:0.011092s ]
INFO: [ view_parse ] --END-- [ RunTime:0.011170s ]
INFO: [ view_filter ] --START--
INFO: Run Behavior\WriteHtmlCacheBehavior [ RunTime:0.000537s ]
INFO: [ view_filter ] --END-- [ RunTime:0.000604s ]
INFO: [ app_end ] --START--
INFO: Run Behavior\ShowPageTraceBehavior [ RunTime:0.000684s ]
INFO: [ app_end ] --END-- [ RunTime:0.000751s ]

[ 2016-12-30T13:57:46+08:00 ] 127.0.0.1 /1611/1232/tp1611/index.php/Home/Brand/introduction.html
INFO: [ app_init ] --START--
INFO: Run Behavior\BuildLiteBehavior [ RunTime:0.000022s ]
INFO: [ app_init ] --END-- [ RunTime:0.000482s ]
INFO: [ app_begin ] --START--
INFO: Run Behavior\ReadHtmlCacheBehavior [ RunTime:0.000705s ]
INFO: [ app_begin ] --END-- [ RunTime:0.000810s ]
SQL: SHOW COLUMNS FROM `tp_nav` [ RunTime:0.0055s ]
SQL: SELECT * FROM `tp_nav` WHERE `is_show` = 1 AND `local` = 0 ORDER BY sort  [ RunTime:0.0004s ]
INFO: [ view_parse ] --START--
INFO: [ template_filter ] --START--
INFO: Run Behavior\ContentReplaceBehavior [ RunTime:0.000087s ]
INFO: [ template_filter ] --END-- [ RunTime:0.000168s ]
NOTIC: [8] Undefined index: tp1611_user D:\wamp\www\1611\1232\tp1611\Application\Runtime\Cache\Home\69aca3bf794dc2551c8f5ef9f0335ea6.php 第 106 行.
NOTIC: [8] Use of undefined constant logout - assumed 'logout' D:\wamp\www\1611\1232\tp1611\Application\Runtime\Cache\Home\69aca3bf794dc2551c8f5ef9f0335ea6.php 第 117 行.
INFO: Run Behavior\ParseTemplateBehavior [ RunTime:0.011061s ]
INFO: [ view_parse ] --END-- [ RunTime:0.011140s ]
INFO: [ view_filter ] --START--
INFO: Run Behavior\WriteHtmlCacheBehavior [ RunTime:0.000448s ]
INFO: [ view_filter ] --END-- [ RunTime:0.000513s ]
INFO: [ app_end ] --START--
INFO: Run Behavior\ShowPageTraceBehavior [ RunTime:0.000674s ]
INFO: [ app_end ] --END-- [ RunTime:0.000741s ]

[ 2016-12-30T16:48:26+08:00 ] 127.0.0.1 /1611/1232/tp1611/index.php/Home/Brand/introduction.html
INFO: [ app_init ] --START--
INFO: Run Behavior\BuildLiteBehavior [ RunTime:0.000022s ]
INFO: [ app_init ] --END-- [ RunTime:0.000521s ]
INFO: [ app_begin ] --START--
INFO: Run Behavior\ReadHtmlCacheBehavior [ RunTime:0.001108s ]
INFO: [ app_begin ] --END-- [ RunTime:0.001280s ]
SQL: SHOW COLUMNS FROM `tp_nav` [ RunTime:0.0051s ]
SQL: SELECT * FROM `tp_nav` WHERE `is_show` = 1 AND `local` = 0 ORDER BY sort  [ RunTime:0.0004s ]
INFO: [ view_parse ] --START--
INFO: [ template_filter ] --START--
INFO: Run Behavior\ContentReplaceBehavior [ RunTime:0.000098s ]
INFO: [ template_filter ] --END-- [ RunTime:0.000270s ]
NOTIC: [8] Undefined index: tp1611_user D:\wamp\www\1611\1232\tp1611\Application\Runtime\Cache\Home\69aca3bf794dc2551c8f5ef9f0335ea6.php 第 106 行.
NOTIC: [8] Use of undefined constant logout - assumed 'logout' D:\wamp\www\1611\1232\tp1611\Application\Runtime\Cache\Home\69aca3bf794dc2551c8f5ef9f0335ea6.php 第 117 行.
INFO: Run Behavior\ParseTemplateBehavior [ RunTime:0.027456s ]
INFO: [ view_parse ] --END-- [ RunTime:0.027553s ]
INFO: [ view_filter ] --START--
INFO: Run Behavior\WriteHtmlCacheBehavior [ RunTime:0.000484s ]
INFO: [ view_filter ] --END-- [ RunTime:0.000555s ]
INFO: [ app_end ] --START--
INFO: Run Behavior\ShowPageTraceBehavior [ RunTime:0.000677s ]
INFO: [ app_end ] --END-- [ RunTime:0.000744s ]

[ 2016-12-30T16:48:58+08:00 ] 127.0.0.1 /1611/1232/tp1611/index.php/Home/Index/index.html
INFO: [ app_init ] --START--
INFO: Run Behavior\BuildLiteBehavior [ RunTime:0.000022s ]
INFO: [ app_init ] --END-- [ RunTime:0.000552s ]
INFO: [ app_begin ] --START--
INFO: Run Behavior\ReadHtmlCacheBehavior [ RunTime:0.000785s ]
INFO: [ app_begin ] --END-- [ RunTime:0.000899s ]
SQL: SHOW COLUMNS FROM `tp_nav` [ RunTime:0.0046s ]
SQL: SELECT * FROM `tp_nav` WHERE `is_show` = 1 AND `local` = 0 ORDER BY sort  [ RunTime:0.0003s ]
INFO: [ view_parse ] --START--
INFO: [ template_filter ] --START--
INFO: Run Behavior\ContentReplaceBehavior [ RunTime:0.000088s ]
INFO: [ template_filter ] --END-- [ RunTime:0.000170s ]
NOTIC: [8] Undefined index: tp1611_user D:\wamp\www\1611\1232\tp1611\Application\Runtime\Cache\Home\2a94b8bda04ff446dcedd42276fc99ee.php 第 131 行.
NOTIC: [8] Use of undefined constant logout - assumed 'logout' D:\wamp\www\1611\1232\tp1611\Application\Runtime\Cache\Home\2a94b8bda04ff446dcedd42276fc99ee.php 第 142 行.
INFO: Run Behavior\ParseTemplateBehavior [ RunTime:0.012531s ]
INFO: [ view_parse ] --END-- [ RunTime:0.012612s ]
INFO: [ view_filter ] --START--
INFO: Run Behavior\WriteHtmlCacheBehavior [ RunTime:0.000537s ]
INFO: [ view_filter ] --END-- [ RunTime:0.000610s ]
INFO: [ app_end ] --START--
INFO: Run Behavior\ShowPageTraceBehavior [ RunTime:0.000656s ]
INFO: [ app_end ] --END-- [ RunTime:0.000728s ]

[ 2016-12-30T16:49:02+08:00 ] 127.0.0.1 /1611/1232/tp1611/
INFO: [ app_init ] --START--
INFO: Run Behavior\BuildLiteBehavior [ RunTime:0.000022s ]
INFO: [ app_init ] --END-- [ RunTime:0.000567s ]
INFO: [ app_begin ] --START--
INFO: Run Behavior\ReadHtmlCacheBehavior [ RunTime:0.000823s ]
INFO: [ app_begin ] --END-- [ RunTime:0.000927s ]
SQL: SHOW COLUMNS FROM `tp_nav` [ RunTime:0.0052s ]
SQL: SELECT * FROM `tp_nav` WHERE `is_show` = 1 AND `local` = 0 ORDER BY sort  [ RunTime:0.0003s ]
INFO: [ view_parse ] --START--
INFO: [ template_filter ] --START--
INFO: Run Behavior\ContentReplaceBehavior [ RunTime:0.000088s ]
INFO: [ template_filter ] --END-- [ RunTime:0.000170s ]
NOTIC: [8] Undefined index: tp1611_user D:\wamp\www\1611\1232\tp1611\Application\Runtime\Cache\Home\2a94b8bda04ff446dcedd42276fc99ee.php 第 131 行.
NOTIC: [8] Use of undefined constant logout - assumed 'logout' D:\wamp\www\1611\1232\tp1611\Application\Runtime\Cache\Home\2a94b8bda04ff446dcedd42276fc99ee.php 第 142 行.
INFO: Run Behavior\ParseTemplateBehavior [ RunTime:0.012181s ]
INFO: [ view_parse ] --END-- [ RunTime:0.012259s ]
INFO: [ view_filter ] --START--
INFO: Run Behavior\WriteHtmlCacheBehavior [ RunTime:0.000442s ]
INFO: [ view_filter ] --END-- [ RunTime:0.000512s ]
INFO: [ app_end ] --START--
INFO: Run Behavior\ShowPageTraceBehavior [ RunTime:0.000675s ]
INFO: [ app_end ] --END-- [ RunTime:0.000746s ]

[ 2016-12-30T16:49:12+08:00 ] 127.0.0.1 /1611/1232/tp1611/index.php/Home/News/news.html
INFO: [ app_init ] --START--
INFO: Run Behavior\BuildLiteBehavior [ RunTime:0.000024s ]
INFO: [ app_init ] --END-- [ RunTime:0.000546s ]
INFO: [ app_begin ] --START--
INFO: Run Behavior\ReadHtmlCacheBehavior [ RunTime:0.000814s ]
INFO: [ app_begin ] --END-- [ RunTime:0.000925s ]
SQL: SHOW COLUMNS FROM `tp_nav` [ RunTime:0.0063s ]
SQL: SELECT * FROM `tp_nav` WHERE `is_show` = 1 AND `local` = 0 ORDER BY sort  [ RunTime:0.0005s ]
INFO: [ view_parse ] --START--
INFO: [ template_filter ] --START--
INFO: Run Behavior\ContentReplaceBehavior [ RunTime:0.000104s ]
INFO: [ template_filter ] --END-- [ RunTime:0.000188s ]
NOTIC: [8] Undefined index: tp1611_user D:\wamp\www\1611\1232\tp1611\Application\Runtime\Cache\Home\6be51b3900cccae2c73119baf20891ff.php 第 170 行.
NOTIC: [8] Use of undefined constant logout - assumed 'logout' D:\wamp\www\1611\1232\tp1611\Application\Runtime\Cache\Home\6be51b3900cccae2c73119baf20891ff.php 第 181 行.
INFO: Run Behavior\ParseTemplateBehavior [ RunTime:0.021637s ]
INFO: [ view_parse ] --END-- [ RunTime:0.021726s ]
INFO: [ view_filter ] --START--
INFO: Run Behavior\WriteHtmlCacheBehavior [ RunTime:0.000445s ]
INFO: [ view_filter ] --END-- [ RunTime:0.000518s ]
INFO: [ app_end ] --START--
INFO: Run Behavior\ShowPageTraceBehavior [ RunTime:0.000675s ]
INFO: [ app_end ] --END-- [ RunTime:0.000743s ]

[ 2016-12-30T16:51:42+08:00 ] 127.0.0.1 /1611/1232/tp1611/index.php/Home/Index/index.html
INFO: [ app_init ] --START--
INFO: Run Behavior\BuildLiteBehavior [ RunTime:0.000026s ]
INFO: [ app_init ] --END-- [ RunTime:0.000736s ]
INFO: [ app_begin ] --START--
INFO: Run Behavior\ReadHtmlCacheBehavior [ RunTime:0.000881s ]
INFO: [ app_begin ] --END-- [ RunTime:0.000997s ]
SQL: SHOW COLUMNS FROM `tp_nav` [ RunTime:0.0065s ]
SQL: SELECT * FROM `tp_nav` WHERE `is_show` = 1 AND `local` = 0 ORDER BY sort  [ RunTime:0.0006s ]
INFO: [ view_parse ] --START--
INFO: [ template_filter ] --START--
INFO: Run Behavior\ContentReplaceBehavior [ RunTime:0.000092s ]
INFO: [ template_filter ] --END-- [ RunTime:0.000184s ]
NOTIC: [8] Undefined index: tp1611_user D:\wamp\www\1611\1232\tp1611\Application\Runtime\Cache\Home\2a94b8bda04ff446dcedd42276fc99ee.php 第 131 行.
NOTIC: [8] Use of undefined constant logout - assumed 'logout' D:\wamp\www\1611\1232\tp1611\Application\Runtime\Cache\Home\2a94b8bda04ff446dcedd42276fc99ee.php 第 142 行.
INFO: Run Behavior\ParseTemplateBehavior [ RunTime:0.011690s ]
INFO: [ view_parse ] --END-- [ RunTime:0.011780s ]
INFO: [ view_filter ] --START--
INFO: Run Behavior\WriteHtmlCacheBehavior [ RunTime:0.000430s ]
INFO: [ view_filter ] --END-- [ RunTime:0.000497s ]
INFO: [ app_end ] --START--
INFO: Run Behavior\ShowPageTraceBehavior [ RunTime:0.000692s ]
INFO: [ app_end ] --END-- [ RunTime:0.000761s ]

[ 2016-12-30T16:52:24+08:00 ] 127.0.0.1 /1611/1232/tp1611/
INFO: [ app_init ] --START--
INFO: Run Behavior\BuildLiteBehavior [ RunTime:0.000022s ]
INFO: [ app_init ] --END-- [ RunTime:0.000515s ]
INFO: [ app_begin ] --START--
INFO: Run Behavior\ReadHtmlCacheBehavior [ RunTime:0.000780s ]
INFO: [ app_begin ] --END-- [ RunTime:0.000877s ]
SQL: SHOW COLUMNS FROM `tp_nav` [ RunTime:0.0066s ]
SQL: SELECT * FROM `tp_nav` WHERE `is_show` = 1 AND `local` = 0 ORDER BY sort  [ RunTime:0.0005s ]
INFO: [ view_parse ] --START--
INFO: [ template_filter ] --START--
INFO: Run Behavior\ContentReplaceBehavior [ RunTime:0.000091s ]
INFO: [ template_filter ] --END-- [ RunTime:0.000177s ]
NOTIC: [8] Undefined index: tp1611_user D:\wamp\www\1611\1232\tp1611\Application\Runtime\Cache\Home\2a94b8bda04ff446dcedd42276fc99ee.php 第 131 行.
NOTIC: [8] Use of undefined constant logout - assumed 'logout' D:\wamp\www\1611\1232\tp1611\Application\Runtime\Cache\Home\2a94b8bda04ff446dcedd42276fc99ee.php 第 142 行.
INFO: Run Behavior\ParseTemplateBehavior [ RunTime:0.011357s ]
INFO: [ view_parse ] --END-- [ RunTime:0.011442s ]
INFO: [ view_filter ] --START--
INFO: Run Behavior\WriteHtmlCacheBehavior [ RunTime:0.000434s ]
INFO: [ view_filter ] --END-- [ RunTime:0.000499s ]
INFO: [ app_end ] --START--
INFO: Run Behavior\ShowPageTraceBehavior [ RunTime:0.000664s ]
INFO: [ app_end ] --END-- [ RunTime:0.000732s ]

[ 2016-12-30T21:03:50+08:00 ] ::1 /Q2/tp1611/
INFO: [ app_init ] --START--
INFO: Run Behavior\BuildLiteBehavior [ RunTime:0.000022s ]
INFO: [ app_init ] --END-- [ RunTime:0.002453s ]
INFO: [ app_begin ] --START--
INFO: Run Behavior\ReadHtmlCacheBehavior [ RunTime:0.000616s ]
INFO: [ app_begin ] --END-- [ RunTime:0.000733s ]
SQL: SHOW COLUMNS FROM `tp_nav` [ RunTime:0.0293s ]
SQL: SELECT * FROM `tp_nav` WHERE `is_show` = 1 AND `local` = 0 ORDER BY sort  [ RunTime:0.0093s ]
INFO: [ view_parse ] --START--
INFO: [ template_filter ] --START--
INFO: Run Behavior\ContentReplaceBehavior [ RunTime:0.000107s ]
INFO: [ template_filter ] --END-- [ RunTime:0.000227s ]
NOTIC: [8] Undefined index: tp1611_user E:\demo\Q2\tp1611\Application\Runtime\Cache\Home\2a94b8bda04ff446dcedd42276fc99ee.php 第 131 行.
NOTIC: [8] Use of undefined constant logout - assumed 'logout' E:\demo\Q2\tp1611\Application\Runtime\Cache\Home\2a94b8bda04ff446dcedd42276fc99ee.php 第 142 行.
INFO: Run Behavior\ParseTemplateBehavior [ RunTime:0.014457s ]
INFO: [ view_parse ] --END-- [ RunTime:0.014565s ]
INFO: [ view_filter ] --START--
INFO: Run Behavior\WriteHtmlCacheBehavior [ RunTime:0.000423s ]
INFO: [ view_filter ] --END-- [ RunTime:0.000516s ]
INFO: [ app_end ] --START--
INFO: Run Behavior\ShowPageTraceBehavior [ RunTime:0.000572s ]
INFO: [ app_end ] --END-- [ RunTime:0.000669s ]

[ 2016-12-30T21:03:59+08:00 ] ::1 /Q2/tp1611/
INFO: [ app_init ] --START--
INFO: Run Behavior\BuildLiteBehavior [ RunTime:0.000020s ]
INFO: [ app_init ] --END-- [ RunTime:0.000462s ]
INFO: [ app_begin ] --START--
INFO: Run Behavior\ReadHtmlCacheBehavior [ RunTime:0.000527s ]
INFO: [ app_begin ] --END-- [ RunTime:0.000621s ]
SQL: SHOW COLUMNS FROM `tp_nav` [ RunTime:0.0007s ]
SQL: SELECT * FROM `tp_nav` WHERE `is_show` = 1 AND `local` = 0 ORDER BY sort  [ RunTime:0.0003s ]
INFO: [ view_parse ] --START--
INFO: [ template_filter ] --START--
INFO: Run Behavior\ContentReplaceBehavior [ RunTime:0.000087s ]
INFO: [ template_filter ] --END-- [ RunTime:0.000176s ]
NOTIC: [8] Undefined index: tp1611_user E:\demo\Q2\tp1611\Application\Runtime\Cache\Home\2a94b8bda04ff446dcedd42276fc99ee.php 第 131 行.
NOTIC: [8] Use of undefined constant logout - assumed 'logout' E:\demo\Q2\tp1611\Application\Runtime\Cache\Home\2a94b8bda04ff446dcedd42276fc99ee.php 第 142 行.
INFO: Run Behavior\ParseTemplateBehavior [ RunTime:0.008502s ]
INFO: [ view_parse ] --END-- [ RunTime:0.008603s ]
INFO: [ view_filter ] --START--
INFO: Run Behavior\WriteHtmlCacheBehavior [ RunTime:0.000405s ]
INFO: [ view_filter ] --END-- [ RunTime:0.000504s ]
INFO: [ app_end ] --START--
INFO: Run Behavior\ShowPageTraceBehavior [ RunTime:0.000513s ]
INFO: [ app_end ] --END-- [ RunTime:0.000617s ]

[ 2016-12-30T22:40:39+08:00 ] ::1 /Q2/tp1611/index.php/Home/Brand/introduction.html
INFO: [ app_init ] --START--
INFO: Run Behavior\BuildLiteBehavior [ RunTime:0.000020s ]
INFO: [ app_init ] --END-- [ RunTime:0.000458s ]
INFO: [ app_begin ] --START--
INFO: Run Behavior\ReadHtmlCacheBehavior [ RunTime:0.000629s ]
INFO: [ app_begin ] --END-- [ RunTime:0.000765s ]
SQL: SHOW COLUMNS FROM `tp_nav` [ RunTime:0.0011s ]
SQL: SELECT * FROM `tp_nav` WHERE `is_show` = 1 AND `local` = 0 ORDER BY sort  [ RunTime:0.0003s ]
INFO: [ view_parse ] --START--
INFO: [ template_filter ] --START--
INFO: Run Behavior\ContentReplaceBehavior [ RunTime:0.000131s ]
INFO: [ template_filter ] --END-- [ RunTime:0.000262s ]
NOTIC: [8] Undefined index: tp1611_user E:\demo\Q2\tp1611\Application\Runtime\Cache\Home\69aca3bf794dc2551c8f5ef9f0335ea6.php 第 106 行.
NOTIC: [8] Use of undefined constant logout - assumed 'logout' E:\demo\Q2\tp1611\Application\Runtime\Cache\Home\69aca3bf794dc2551c8f5ef9f0335ea6.php 第 117 行.
INFO: Run Behavior\ParseTemplateBehavior [ RunTime:0.010568s ]
INFO: [ view_parse ] --END-- [ RunTime:0.010662s ]
INFO: [ view_filter ] --START--
INFO: Run Behavior\WriteHtmlCacheBehavior [ RunTime:0.000424s ]
INFO: [ view_filter ] --END-- [ RunTime:0.000509s ]
INFO: [ app_end ] --START--
INFO: Run Behavior\ShowPageTraceBehavior [ RunTime:0.000536s ]
INFO: [ app_end ] --END-- [ RunTime:0.000624s ]

[ 2016-12-30T23:49:52+08:00 ] ::1 /Q2/tp1611/index.php/Home/Brand/introduction.html
INFO: [ app_init ] --START--
INFO: Run Behavior\BuildLiteBehavior [ RunTime:0.000032s ]
INFO: [ app_init ] --END-- [ RunTime:0.000499s ]
INFO: [ app_begin ] --START--
INFO: Run Behavior\ReadHtmlCacheBehavior [ RunTime:0.000578s ]
INFO: [ app_begin ] --END-- [ RunTime:0.000678s ]
SQL: SHOW COLUMNS FROM `tp_nav` [ RunTime:0.0010s ]
SQL: SELECT * FROM `tp_nav` WHERE `is_show` = 1 AND `local` = 0 ORDER BY sort  [ RunTime:0.0004s ]
INFO: [ view_parse ] --START--
INFO: [ template_filter ] --START--
INFO: Run Behavior\ContentReplaceBehavior [ RunTime:0.000098s ]
INFO: [ template_filter ] --END-- [ RunTime:0.000228s ]
NOTIC: [8] Undefined index: tp1611_user E:\demo\Q2\tp1611\Application\Runtime\Cache\Home\69aca3bf794dc2551c8f5ef9f0335ea6.php 第 105 行.
NOTIC: [8] Use of undefined constant logout - assumed 'logout' E:\demo\Q2\tp1611\Application\Runtime\Cache\Home\69aca3bf794dc2551c8f5ef9f0335ea6.php 第 116 行.
INFO: Run Behavior\ParseTemplateBehavior [ RunTime:0.011069s ]
INFO: [ view_parse ] --END-- [ RunTime:0.011172s ]
INFO: [ view_filter ] --START--
INFO: Run Behavior\WriteHtmlCacheBehavior [ RunTime:0.000418s ]
INFO: [ view_filter ] --END-- [ RunTime:0.000508s ]
INFO: [ app_end ] --START--
INFO: Run Behavior\ShowPageTraceBehavior [ RunTime:0.000617s ]
INFO: [ app_end ] --END-- [ RunTime:0.000722s ]

[ 2016-12-30T23:51:25+08:00 ] ::1 /Q2/tp1611/index.php/Home/Brand/introduction.html
INFO: [ app_init ] --START--
INFO: Run Behavior\BuildLiteBehavior [ RunTime:0.000079s ]
INFO: [ app_init ] --END-- [ RunTime:0.001384s ]
INFO: [ app_begin ] --START--
INFO: Run Behavior\ReadHtmlCacheBehavior [ RunTime:0.000978s ]
INFO: [ app_begin ] --END-- [ RunTime:0.001105s ]
SQL: SHOW COLUMNS FROM `tp_nav` [ RunTime:0.0011s ]
SQL: SELECT * FROM `tp_nav` WHERE `is_show` = 1 AND `local` = 0 ORDER BY sort  [ RunTime:0.0003s ]
INFO: [ view_parse ] --START--
INFO: [ template_filter ] --START--
INFO: Run Behavior\ContentReplaceBehavior [ RunTime:0.000086s ]
INFO: [ template_filter ] --END-- [ RunTime:0.000181s ]
NOTIC: [8] Undefined index: tp1611_user E:\demo\Q2\tp1611\Application\Runtime\Cache\Home\69aca3bf794dc2551c8f5ef9f0335ea6.php 第 105 行.
NOTIC: [8] Use of undefined constant logout - assumed 'logout' E:\demo\Q2\tp1611\Application\Runtime\Cache\Home\69aca3bf794dc2551c8f5ef9f0335ea6.php 第 116 行.
INFO: Run Behavior\ParseTemplateBehavior [ RunTime:0.009581s ]
INFO: [ view_parse ] --END-- [ RunTime:0.009676s ]
INFO: [ view_filter ] --START--
INFO: Run Behavior\WriteHtmlCacheBehavior [ RunTime:0.000405s ]
INFO: [ view_filter ] --END-- [ RunTime:0.000490s ]
INFO: [ app_end ] --START--
INFO: Run Behavior\ShowPageTraceBehavior [ RunTime:0.000541s ]
INFO: [ app_end ] --END-- [ RunTime:0.000629s ]

