[ 2017-01-04T00:44:20+08:00 ] 127.0.0.1 /1611/1232/tp1611/
INFO: [ app_init ] --START--
INFO: Run Behavior\BuildLiteBehavior [ RunTime:0.000025s ]
INFO: [ app_init ] --END-- [ RunTime:0.154797s ]
INFO: [ app_begin ] --START--
INFO: Run Behavior\ReadHtmlCacheBehavior [ RunTime:0.000823s ]
INFO: [ app_begin ] --END-- [ RunTime:0.000939s ]
SQL: SHOW COLUMNS FROM `tp_nav` [ RunTime:0.8877s ]
SQL: SELECT * FROM `tp_nav` WHERE `is_show` = 1 AND `local` = 0 ORDER BY sort  [ RunTime:0.1888s ]
INFO: [ view_parse ] --START--
INFO: [ template_filter ] --START--
INFO: Run Behavior\ContentReplaceBehavior [ RunTime:0.000091s ]
INFO: [ template_filter ] --END-- [ RunTime:0.000197s ]
NOTIC: [8] Undefined index: tp1611_user D:\wamp\www\1611\1232\tp1611\Application\Runtime\Cache\Home\2a94b8bda04ff446dcedd42276fc99ee.php 第 131 行.
NOTIC: [8] Use of undefined constant logout - assumed 'logout' D:\wamp\www\1611\1232\tp1611\Application\Runtime\Cache\Home\2a94b8bda04ff446dcedd42276fc99ee.php 第 142 行.
INFO: Run Behavior\ParseTemplateBehavior [ RunTime:0.268163s ]
INFO: [ view_parse ] --END-- [ RunTime:0.268260s ]
INFO: [ view_filter ] --START--
INFO: Run Behavior\WriteHtmlCacheBehavior [ RunTime:0.000462s ]
INFO: [ view_filter ] --END-- [ RunTime:0.000527s ]
INFO: [ app_end ] --START--
INFO: Run Behavior\ShowPageTraceBehavior [ RunTime:0.000681s ]
INFO: [ app_end ] --END-- [ RunTime:0.000753s ]

[ 2017-01-04T00:52:09+08:00 ] 127.0.0.1 /1611/1232/tp1611/index.php/Home/News/news.html
INFO: [ app_init ] --START--
INFO: Run Behavior\BuildLiteBehavior [ RunTime:0.000028s ]
INFO: [ app_init ] --END-- [ RunTime:0.000935s ]
INFO: [ app_begin ] --START--
INFO: Run Behavior\ReadHtmlCacheBehavior [ RunTime:0.001572s ]
INFO: [ app_begin ] --END-- [ RunTime:0.001717s ]
SQL: SHOW COLUMNS FROM `tp_nav` [ RunTime:0.0049s ]
SQL: SELECT * FROM `tp_nav` WHERE `is_show` = 1 AND `local` = 0 ORDER BY sort  [ RunTime:0.0004s ]
INFO: [ view_parse ] --START--
INFO: [ template_filter ] --START--
INFO: Run Behavior\ContentReplaceBehavior [ RunTime:0.000101s ]
INFO: [ template_filter ] --END-- [ RunTime:0.000189s ]
NOTIC: [8] Undefined index: tp1611_user D:\wamp\www\1611\1232\tp1611\Application\Runtime\Cache\Home\6be51b3900cccae2c73119baf20891ff.php 第 170 行.
NOTIC: [8] Use of undefined constant logout - assumed 'logout' D:\wamp\www\1611\1232\tp1611\Application\Runtime\Cache\Home\6be51b3900cccae2c73119baf20891ff.php 第 181 行.
INFO: Run Behavior\ParseTemplateBehavior [ RunTime:0.014464s ]
INFO: [ view_parse ] --END-- [ RunTime:0.014549s ]
INFO: [ view_filter ] --START--
INFO: Run Behavior\WriteHtmlCacheBehavior [ RunTime:0.001272s ]
INFO: [ view_filter ] --END-- [ RunTime:0.001345s ]
INFO: [ app_end ] --START--
INFO: Run Behavior\ShowPageTraceBehavior [ RunTime:0.001517s ]
INFO: [ app_end ] --END-- [ RunTime:0.001590s ]

[ 2017-01-04T00:52:11+08:00 ] 127.0.0.1 /1611/1232/tp1611/index.php/Home/News/news_detail.html
INFO: [ app_init ] --START--
INFO: Run Behavior\BuildLiteBehavior [ RunTime:0.000020s ]
INFO: [ app_init ] --END-- [ RunTime:0.000449s ]
INFO: [ app_begin ] --START--
INFO: Run Behavior\ReadHtmlCacheBehavior [ RunTime:0.000817s ]
INFO: [ app_begin ] --END-- [ RunTime:0.000920s ]
SQL: SHOW COLUMNS FROM `tp_nav` [ RunTime:0.0049s ]
SQL: SELECT * FROM `tp_nav` WHERE `is_show` = 1 AND `local` = 0 ORDER BY sort  [ RunTime:0.0004s ]
INFO: [ view_parse ] --START--
INFO: [ template_filter ] --START--
INFO: Run Behavior\ContentReplaceBehavior [ RunTime:0.000097s ]
INFO: [ template_filter ] --END-- [ RunTime:0.000175s ]
NOTIC: [8] Undefined index: tp1611_user D:\wamp\www\1611\1232\tp1611\Application\Runtime\Cache\Home\1dc3206bbdd4c68e37cbcf3931d1c39b.php 第 167 行.
NOTIC: [8] Use of undefined constant logout - assumed 'logout' D:\wamp\www\1611\1232\tp1611\Application\Runtime\Cache\Home\1dc3206bbdd4c68e37cbcf3931d1c39b.php 第 178 行.
INFO: Run Behavior\ParseTemplateBehavior [ RunTime:0.011287s ]
INFO: [ view_parse ] --END-- [ RunTime:0.011381s ]
INFO: [ view_filter ] --START--
INFO: Run Behavior\WriteHtmlCacheBehavior [ RunTime:0.000715s ]
INFO: [ view_filter ] --END-- [ RunTime:0.000802s ]
INFO: [ app_end ] --START--
INFO: Run Behavior\ShowPageTraceBehavior [ RunTime:0.000805s ]
INFO: [ app_end ] --END-- [ RunTime:0.000883s ]

[ 2017-01-04T20:17:39+08:00 ] ::1 /Q2/tp1611/index.php/Home/Product/product.html
INFO: [ app_init ] --START--
INFO: Run Behavior\BuildLiteBehavior [ RunTime:0.000021s ]
INFO: [ app_init ] --END-- [ RunTime:0.000569s ]
INFO: [ app_begin ] --START--
INFO: Run Behavior\ReadHtmlCacheBehavior [ RunTime:0.000980s ]
INFO: [ app_begin ] --END-- [ RunTime:0.001088s ]
SQL: SHOW COLUMNS FROM `tp_nav` [ RunTime:0.0024s ]
SQL: SELECT * FROM `tp_nav` WHERE `is_show` = 1 AND `local` = 0 ORDER BY sort  [ RunTime:0.0004s ]
INFO: [ view_parse ] --START--
INFO: [ template_filter ] --START--
INFO: Run Behavior\ContentReplaceBehavior [ RunTime:0.000193s ]
INFO: [ template_filter ] --END-- [ RunTime:0.000341s ]
NOTIC: [8] Undefined index: tp1611_user E:\demo\Q2\tp1611\Application\Runtime\Cache\Home\5b87b1808583e75413168b00f7d913de.php 第 195 行.
NOTIC: [8] Use of undefined constant logout - assumed 'logout' E:\demo\Q2\tp1611\Application\Runtime\Cache\Home\5b87b1808583e75413168b00f7d913de.php 第 206 行.
INFO: Run Behavior\ParseTemplateBehavior [ RunTime:0.014214s ]
INFO: [ view_parse ] --END-- [ RunTime:0.014316s ]
INFO: [ view_filter ] --START--
INFO: Run Behavior\WriteHtmlCacheBehavior [ RunTime:0.000898s ]
INFO: [ view_filter ] --END-- [ RunTime:0.000984s ]
INFO: [ app_end ] --START--
INFO: Run Behavior\ShowPageTraceBehavior [ RunTime:0.001096s ]
INFO: [ app_end ] --END-- [ RunTime:0.001189s ]

[ 2017-01-04T21:56:36+08:00 ] ::1 /Q2/tp1611/index.php/Home/Product/product.html
INFO: [ app_init ] --START--
INFO: Run Behavior\BuildLiteBehavior [ RunTime:0.000022s ]
INFO: [ app_init ] --END-- [ RunTime:0.000507s ]
INFO: [ app_begin ] --START--
INFO: Run Behavior\ReadHtmlCacheBehavior [ RunTime:0.000507s ]
INFO: [ app_begin ] --END-- [ RunTime:0.000613s ]
SQL: SHOW COLUMNS FROM `tp_nav` [ RunTime:0.0012s ]
SQL: SELECT * FROM `tp_nav` WHERE `is_show` = 1 AND `local` = 0 ORDER BY sort  [ RunTime:0.0003s ]
INFO: [ view_parse ] --START--
INFO: [ template_filter ] --START--
INFO: Run Behavior\ContentReplaceBehavior [ RunTime:0.000102s ]
INFO: [ template_filter ] --END-- [ RunTime:0.000192s ]
NOTIC: [8] Undefined index: tp1611_user E:\demo\Q2\tp1611\Application\Runtime\Cache\Home\5b87b1808583e75413168b00f7d913de.php 第 195 行.
NOTIC: [8] Use of undefined constant logout - assumed 'logout' E:\demo\Q2\tp1611\Application\Runtime\Cache\Home\5b87b1808583e75413168b00f7d913de.php 第 206 行.
INFO: Run Behavior\ParseTemplateBehavior [ RunTime:0.008844s ]
INFO: [ view_parse ] --END-- [ RunTime:0.008938s ]
INFO: [ view_filter ] --START--
INFO: Run Behavior\WriteHtmlCacheBehavior [ RunTime:0.000297s ]
INFO: [ view_filter ] --END-- [ RunTime:0.000383s ]
INFO: [ app_end ] --START--
INFO: Run Behavior\ShowPageTraceBehavior [ RunTime:0.000528s ]
INFO: [ app_end ] --END-- [ RunTime:0.000634s ]

[ 2017-01-04T22:07:01+08:00 ] ::1 /Q2/tp1611/index.php/Home/Product/product_detail.html
INFO: [ app_init ] --START--
INFO: Run Behavior\BuildLiteBehavior [ RunTime:0.000022s ]
INFO: [ app_init ] --END-- [ RunTime:0.000493s ]
INFO: [ app_begin ] --START--
INFO: Run Behavior\ReadHtmlCacheBehavior [ RunTime:0.000560s ]
INFO: [ app_begin ] --END-- [ RunTime:0.000669s ]
SQL: SHOW COLUMNS FROM `tp_nav` [ RunTime:0.0010s ]
SQL: SELECT * FROM `tp_nav` WHERE `is_show` = 1 AND `local` = 0 ORDER BY sort  [ RunTime:0.0003s ]
INFO: [ view_parse ] --START--
INFO: [ template_filter ] --START--
INFO: Run Behavior\ContentReplaceBehavior [ RunTime:0.000112s ]
INFO: [ template_filter ] --END-- [ RunTime:0.000213s ]
NOTIC: [8] Undefined index: tp1611_user E:\demo\Q2\tp1611\Application\Runtime\Cache\Home\39296edb39ade693c2160c21f7646aeb.php 第 192 行.
NOTIC: [8] Use of undefined constant logout - assumed 'logout' E:\demo\Q2\tp1611\Application\Runtime\Cache\Home\39296edb39ade693c2160c21f7646aeb.php 第 203 行.
INFO: Run Behavior\ParseTemplateBehavior [ RunTime:0.010378s ]
INFO: [ view_parse ] --END-- [ RunTime:0.010476s ]
INFO: [ view_filter ] --START--
INFO: Run Behavior\WriteHtmlCacheBehavior [ RunTime:0.000422s ]
INFO: [ view_filter ] --END-- [ RunTime:0.000507s ]
INFO: [ app_end ] --START--
INFO: Run Behavior\ShowPageTraceBehavior [ RunTime:0.000561s ]
INFO: [ app_end ] --END-- [ RunTime:0.000657s ]

