[ 2017-01-03T02:05:09+08:00 ] 127.0.0.1 /1611/1232/tp1611/
INFO: [ app_init ] --START--
INFO: Run Behavior\BuildLiteBehavior [ RunTime:0.000022s ]
INFO: [ app_init ] --END-- [ RunTime:0.000712s ]
INFO: [ app_begin ] --START--
INFO: Run Behavior\ReadHtmlCacheBehavior [ RunTime:0.001510s ]
INFO: [ app_begin ] --END-- [ RunTime:0.001821s ]
SQL: SHOW COLUMNS FROM `tp_nav` [ RunTime:0.0045s ]
SQL: SELECT * FROM `tp_nav` WHERE `is_show` = 1 AND `local` = 0 ORDER BY sort  [ RunTime:0.0004s ]
INFO: [ view_parse ] --START--
INFO: [ template_filter ] --START--
INFO: Run Behavior\ContentReplaceBehavior [ RunTime:0.000087s ]
INFO: [ template_filter ] --END-- [ RunTime:0.000166s ]
NOTIC: [8] Undefined index: tp1611_user D:\wamp\www\1611\1232\tp1611\Application\Runtime\Cache\Home\2a94b8bda04ff446dcedd42276fc99ee.php 第 131 行.
NOTIC: [8] Use of undefined constant logout - assumed 'logout' D:\wamp\www\1611\1232\tp1611\Application\Runtime\Cache\Home\2a94b8bda04ff446dcedd42276fc99ee.php 第 142 行.
INFO: Run Behavior\ParseTemplateBehavior [ RunTime:0.036884s ]
INFO: [ view_parse ] --END-- [ RunTime:0.036974s ]
INFO: [ view_filter ] --START--
INFO: Run Behavior\WriteHtmlCacheBehavior [ RunTime:0.000954s ]
INFO: [ view_filter ] --END-- [ RunTime:0.001022s ]
INFO: [ app_end ] --START--
INFO: Run Behavior\ShowPageTraceBehavior [ RunTime:0.001270s ]
INFO: [ app_end ] --END-- [ RunTime:0.001340s ]

[ 2017-01-03T02:05:14+08:00 ] 127.0.0.1 /1611/1232/tp1611/index.php/Home/Index/login.html
INFO: [ app_init ] --START--
INFO: Run Behavior\BuildLiteBehavior [ RunTime:0.000032s ]
INFO: [ app_init ] --END-- [ RunTime:0.009082s ]
INFO: [ app_begin ] --START--
INFO: Run Behavior\ReadHtmlCacheBehavior [ RunTime:0.000925s ]
INFO: [ app_begin ] --END-- [ RunTime:0.001060s ]
SQL: SHOW COLUMNS FROM `tp_nav` [ RunTime:0.0068s ]
SQL: SELECT * FROM `tp_nav` WHERE `is_show` = 1 AND `local` = 0 ORDER BY sort  [ RunTime:0.0006s ]
INFO: [ view_parse ] --START--
INFO: [ template_filter ] --START--
INFO: Run Behavior\ContentReplaceBehavior [ RunTime:0.000094s ]
INFO: [ template_filter ] --END-- [ RunTime:0.000191s ]
INFO: Run Behavior\ParseTemplateBehavior [ RunTime:0.011330s ]
INFO: [ view_parse ] --END-- [ RunTime:0.011433s ]
INFO: [ view_filter ] --START--
INFO: Run Behavior\WriteHtmlCacheBehavior [ RunTime:0.000655s ]
INFO: [ view_filter ] --END-- [ RunTime:0.000741s ]
INFO: [ app_end ] --START--
INFO: Run Behavior\ShowPageTraceBehavior [ RunTime:0.000882s ]
INFO: [ app_end ] --END-- [ RunTime:0.000966s ]

[ 2017-01-03T02:05:14+08:00 ] 127.0.0.1 /1611/1232/tp1611/index.php/Home/Index/verify.html
INFO: [ app_init ] --START--
INFO: Run Behavior\BuildLiteBehavior [ RunTime:0.000022s ]
INFO: [ app_init ] --END-- [ RunTime:0.000594s ]
INFO: [ app_begin ] --START--
INFO: Run Behavior\ReadHtmlCacheBehavior [ RunTime:0.000889s ]
INFO: [ app_begin ] --END-- [ RunTime:0.001009s ]
SQL: SHOW COLUMNS FROM `tp_nav` [ RunTime:0.0064s ]
SQL: SELECT * FROM `tp_nav` WHERE `is_show` = 1 AND `local` = 0 ORDER BY sort  [ RunTime:0.0005s ]
INFO: [ app_end ] --START--
INFO: Run Behavior\ShowPageTraceBehavior [ RunTime:0.000937s ]
INFO: [ app_end ] --END-- [ RunTime:0.001070s ]

[ 2017-01-03T02:05:39+08:00 ] 127.0.0.1 /1611/1232/tp1611/index.php/Home/Index/register.html
INFO: [ app_init ] --START--
INFO: Run Behavior\BuildLiteBehavior [ RunTime:0.000024s ]
INFO: [ app_init ] --END-- [ RunTime:0.000561s ]
INFO: [ app_begin ] --START--
INFO: Run Behavior\ReadHtmlCacheBehavior [ RunTime:0.000885s ]
INFO: [ app_begin ] --END-- [ RunTime:0.001005s ]
SQL: SHOW COLUMNS FROM `tp_nav` [ RunTime:0.0061s ]
SQL: SELECT * FROM `tp_nav` WHERE `is_show` = 1 AND `local` = 0 ORDER BY sort  [ RunTime:0.0004s ]
INFO: [ view_parse ] --START--
INFO: [ template_filter ] --START--
INFO: Run Behavior\ContentReplaceBehavior [ RunTime:0.000091s ]
INFO: [ template_filter ] --END-- [ RunTime:0.000179s ]
INFO: Run Behavior\ParseTemplateBehavior [ RunTime:0.014084s ]
INFO: [ view_parse ] --END-- [ RunTime:0.014187s ]
INFO: [ view_filter ] --START--
INFO: Run Behavior\WriteHtmlCacheBehavior [ RunTime:0.000598s ]
INFO: [ view_filter ] --END-- [ RunTime:0.000673s ]
INFO: [ app_end ] --START--
INFO: Run Behavior\ShowPageTraceBehavior [ RunTime:0.000817s ]
INFO: [ app_end ] --END-- [ RunTime:0.000893s ]

[ 2017-01-03T02:05:40+08:00 ] 127.0.0.1 /1611/1232/tp1611/index.php/Home/Index/verify.html
INFO: [ app_init ] --START--
INFO: Run Behavior\BuildLiteBehavior [ RunTime:0.000025s ]
INFO: [ app_init ] --END-- [ RunTime:0.000589s ]
INFO: [ app_begin ] --START--
INFO: Run Behavior\ReadHtmlCacheBehavior [ RunTime:0.000900s ]
INFO: [ app_begin ] --END-- [ RunTime:0.001023s ]
SQL: SHOW COLUMNS FROM `tp_nav` [ RunTime:0.0053s ]
SQL: SELECT * FROM `tp_nav` WHERE `is_show` = 1 AND `local` = 0 ORDER BY sort  [ RunTime:0.0005s ]
INFO: [ app_end ] --START--
INFO: Run Behavior\ShowPageTraceBehavior [ RunTime:0.000971s ]
INFO: [ app_end ] --END-- [ RunTime:0.001100s ]

[ 2017-01-03T02:05:42+08:00 ] 127.0.0.1 /1611/1232/tp1611/index.php/Home/Index/login.html
INFO: [ app_init ] --START--
INFO: Run Behavior\BuildLiteBehavior [ RunTime:0.000025s ]
INFO: [ app_init ] --END-- [ RunTime:0.000627s ]
INFO: [ app_begin ] --START--
INFO: Run Behavior\ReadHtmlCacheBehavior [ RunTime:0.000876s ]
INFO: [ app_begin ] --END-- [ RunTime:0.000990s ]
SQL: SHOW COLUMNS FROM `tp_nav` [ RunTime:0.0063s ]
SQL: SELECT * FROM `tp_nav` WHERE `is_show` = 1 AND `local` = 0 ORDER BY sort  [ RunTime:0.0006s ]
INFO: [ view_parse ] --START--
INFO: [ template_filter ] --START--
INFO: Run Behavior\ContentReplaceBehavior [ RunTime:0.000091s ]
INFO: [ template_filter ] --END-- [ RunTime:0.000189s ]
INFO: Run Behavior\ParseTemplateBehavior [ RunTime:0.008975s ]
INFO: [ view_parse ] --END-- [ RunTime:0.009094s ]
INFO: [ view_filter ] --START--
INFO: Run Behavior\WriteHtmlCacheBehavior [ RunTime:0.000557s ]
INFO: [ view_filter ] --END-- [ RunTime:0.000627s ]
INFO: [ app_end ] --START--
INFO: Run Behavior\ShowPageTraceBehavior [ RunTime:0.000808s ]
INFO: [ app_end ] --END-- [ RunTime:0.000877s ]

[ 2017-01-03T02:05:43+08:00 ] 127.0.0.1 /1611/1232/tp1611/index.php/Home/Index/verify.html
INFO: [ app_init ] --START--
INFO: Run Behavior\BuildLiteBehavior [ RunTime:0.000026s ]
INFO: [ app_init ] --END-- [ RunTime:0.000767s ]
INFO: [ app_begin ] --START--
INFO: Run Behavior\ReadHtmlCacheBehavior [ RunTime:0.001386s ]
INFO: [ app_begin ] --END-- [ RunTime:0.001529s ]
SQL: SHOW COLUMNS FROM `tp_nav` [ RunTime:0.0050s ]
SQL: SELECT * FROM `tp_nav` WHERE `is_show` = 1 AND `local` = 0 ORDER BY sort  [ RunTime:0.0004s ]
INFO: [ app_end ] --START--
INFO: Run Behavior\ShowPageTraceBehavior [ RunTime:0.001369s ]
INFO: [ app_end ] --END-- [ RunTime:0.001479s ]

[ 2017-01-03T02:05:50+08:00 ] 127.0.0.1 /1611/1232/tp1611/index.php/Home/Index/register.html
INFO: [ app_init ] --START--
INFO: Run Behavior\BuildLiteBehavior [ RunTime:0.000025s ]
INFO: [ app_init ] --END-- [ RunTime:0.000617s ]
INFO: [ app_begin ] --START--
INFO: Run Behavior\ReadHtmlCacheBehavior [ RunTime:0.000861s ]
INFO: [ app_begin ] --END-- [ RunTime:0.002372s ]
SQL: SHOW COLUMNS FROM `tp_nav` [ RunTime:0.0068s ]
SQL: SELECT * FROM `tp_nav` WHERE `is_show` = 1 AND `local` = 0 ORDER BY sort  [ RunTime:0.0010s ]
INFO: [ view_parse ] --START--
INFO: [ template_filter ] --START--
INFO: Run Behavior\ContentReplaceBehavior [ RunTime:0.000092s ]
INFO: [ template_filter ] --END-- [ RunTime:0.000181s ]
INFO: Run Behavior\ParseTemplateBehavior [ RunTime:0.009627s ]
INFO: [ view_parse ] --END-- [ RunTime:0.009722s ]
INFO: [ view_filter ] --START--
INFO: Run Behavior\WriteHtmlCacheBehavior [ RunTime:0.000537s ]
INFO: [ view_filter ] --END-- [ RunTime:0.000610s ]
INFO: [ app_end ] --START--
INFO: Run Behavior\ShowPageTraceBehavior [ RunTime:0.000975s ]
INFO: [ app_end ] --END-- [ RunTime:0.001054s ]

[ 2017-01-03T02:05:50+08:00 ] 127.0.0.1 /1611/1232/tp1611/index.php/Home/Index/verify.html
INFO: [ app_init ] --START--
INFO: Run Behavior\BuildLiteBehavior [ RunTime:0.000024s ]
INFO: [ app_init ] --END-- [ RunTime:0.000549s ]
INFO: [ app_begin ] --START--
INFO: Run Behavior\ReadHtmlCacheBehavior [ RunTime:0.000836s ]
INFO: [ app_begin ] --END-- [ RunTime:0.000943s ]
SQL: SHOW COLUMNS FROM `tp_nav` [ RunTime:0.0062s ]
SQL: SELECT * FROM `tp_nav` WHERE `is_show` = 1 AND `local` = 0 ORDER BY sort  [ RunTime:0.0036s ]
INFO: [ app_end ] --START--
INFO: Run Behavior\ShowPageTraceBehavior [ RunTime:0.000987s ]
INFO: [ app_end ] --END-- [ RunTime:0.001130s ]

[ 2017-01-03T02:07:10+08:00 ] 127.0.0.1 /1611/1232/tp1611/index.php/Home/Index/login.html
INFO: [ app_init ] --START--
INFO: Run Behavior\BuildLiteBehavior [ RunTime:0.000049s ]
INFO: [ app_init ] --END-- [ RunTime:0.002947s ]
INFO: [ app_begin ] --START--
INFO: Run Behavior\ReadHtmlCacheBehavior [ RunTime:0.000807s ]
INFO: [ app_begin ] --END-- [ RunTime:0.000911s ]
SQL: SHOW COLUMNS FROM `tp_nav` [ RunTime:0.0052s ]
SQL: SELECT * FROM `tp_nav` WHERE `is_show` = 1 AND `local` = 0 ORDER BY sort  [ RunTime:0.0004s ]
INFO: [ view_parse ] --START--
INFO: [ template_filter ] --START--
INFO: Run Behavior\ContentReplaceBehavior [ RunTime:0.000102s ]
INFO: [ template_filter ] --END-- [ RunTime:0.000210s ]
INFO: Run Behavior\ParseTemplateBehavior [ RunTime:0.010981s ]
INFO: [ view_parse ] --END-- [ RunTime:0.011068s ]
INFO: [ view_filter ] --START--
INFO: Run Behavior\WriteHtmlCacheBehavior [ RunTime:0.000522s ]
INFO: [ view_filter ] --END-- [ RunTime:0.000589s ]
INFO: [ app_end ] --START--
INFO: Run Behavior\ShowPageTraceBehavior [ RunTime:0.000755s ]
INFO: [ app_end ] --END-- [ RunTime:0.000822s ]

[ 2017-01-03T02:07:10+08:00 ] 127.0.0.1 /1611/1232/tp1611/index.php/Home/Index/verify.html
INFO: [ app_init ] --START--
INFO: Run Behavior\BuildLiteBehavior [ RunTime:0.000023s ]
INFO: [ app_init ] --END-- [ RunTime:0.000562s ]
INFO: [ app_begin ] --START--
INFO: Run Behavior\ReadHtmlCacheBehavior [ RunTime:0.001007s ]
INFO: [ app_begin ] --END-- [ RunTime:0.001165s ]
SQL: SHOW COLUMNS FROM `tp_nav` [ RunTime:0.0056s ]
SQL: SELECT * FROM `tp_nav` WHERE `is_show` = 1 AND `local` = 0 ORDER BY sort  [ RunTime:0.0007s ]
INFO: [ app_end ] --START--
INFO: Run Behavior\ShowPageTraceBehavior [ RunTime:0.003501s ]
INFO: [ app_end ] --END-- [ RunTime:0.004888s ]

[ 2017-01-03T02:07:14+08:00 ] 127.0.0.1 /1611/1232/tp1611/index.php/Home/Index/register.html
INFO: [ app_init ] --START--
INFO: Run Behavior\BuildLiteBehavior [ RunTime:0.000027s ]
INFO: [ app_init ] --END-- [ RunTime:0.001010s ]
INFO: [ app_begin ] --START--
INFO: Run Behavior\ReadHtmlCacheBehavior [ RunTime:0.000835s ]
INFO: [ app_begin ] --END-- [ RunTime:0.000941s ]
SQL: SHOW COLUMNS FROM `tp_nav` [ RunTime:0.0070s ]
SQL: SELECT * FROM `tp_nav` WHERE `is_show` = 1 AND `local` = 0 ORDER BY sort  [ RunTime:0.0004s ]
INFO: [ view_parse ] --START--
INFO: [ template_filter ] --START--
INFO: Run Behavior\ContentReplaceBehavior [ RunTime:0.000090s ]
INFO: [ template_filter ] --END-- [ RunTime:0.000173s ]
INFO: Run Behavior\ParseTemplateBehavior [ RunTime:0.008588s ]
INFO: [ view_parse ] --END-- [ RunTime:0.008665s ]
INFO: [ view_filter ] --START--
INFO: Run Behavior\WriteHtmlCacheBehavior [ RunTime:0.000483s ]
INFO: [ view_filter ] --END-- [ RunTime:0.000547s ]
INFO: [ app_end ] --START--
INFO: Run Behavior\ShowPageTraceBehavior [ RunTime:0.002625s ]
INFO: [ app_end ] --END-- [ RunTime:0.002914s ]

[ 2017-01-03T02:07:14+08:00 ] 127.0.0.1 /1611/1232/tp1611/index.php/Home/Index/verify.html
INFO: [ app_init ] --START--
INFO: Run Behavior\BuildLiteBehavior [ RunTime:0.000027s ]
INFO: [ app_init ] --END-- [ RunTime:0.000801s ]
INFO: [ app_begin ] --START--
INFO: Run Behavior\ReadHtmlCacheBehavior [ RunTime:0.000798s ]
INFO: [ app_begin ] --END-- [ RunTime:0.000894s ]
SQL: SHOW COLUMNS FROM `tp_nav` [ RunTime:0.0058s ]
SQL: SELECT * FROM `tp_nav` WHERE `is_show` = 1 AND `local` = 0 ORDER BY sort  [ RunTime:0.0029s ]
INFO: [ app_end ] --START--
INFO: Run Behavior\ShowPageTraceBehavior [ RunTime:0.000965s ]
INFO: [ app_end ] --END-- [ RunTime:0.001098s ]

[ 2017-01-03T02:08:27+08:00 ] 127.0.0.1 /1611/1232/tp1611/index.php/Home/Index/register.html
INFO: [ app_init ] --START--
INFO: Run Behavior\BuildLiteBehavior [ RunTime:0.000026s ]
INFO: [ app_init ] --END-- [ RunTime:0.000798s ]
INFO: [ app_begin ] --START--
INFO: Run Behavior\ReadHtmlCacheBehavior [ RunTime:0.003350s ]
INFO: [ app_begin ] --END-- [ RunTime:0.003577s ]
SQL: SHOW COLUMNS FROM `tp_nav` [ RunTime:0.0094s ]
SQL: SELECT * FROM `tp_nav` WHERE `is_show` = 1 AND `local` = 0 ORDER BY sort  [ RunTime:0.0007s ]
INFO: [ view_parse ] --START--
INFO: [ template_filter ] --START--
INFO: Run Behavior\ContentReplaceBehavior [ RunTime:0.000106s ]
INFO: [ template_filter ] --END-- [ RunTime:0.000212s ]
INFO: Run Behavior\ParseTemplateBehavior [ RunTime:0.013175s ]
INFO: [ view_parse ] --END-- [ RunTime:0.013355s ]
INFO: [ view_filter ] --START--
INFO: Run Behavior\WriteHtmlCacheBehavior [ RunTime:0.000510s ]
INFO: [ view_filter ] --END-- [ RunTime:0.000576s ]
INFO: [ app_end ] --START--
INFO: Run Behavior\ShowPageTraceBehavior [ RunTime:0.000751s ]
INFO: [ app_end ] --END-- [ RunTime:0.000817s ]

[ 2017-01-03T02:08:27+08:00 ] 127.0.0.1 /1611/1232/tp1611/index.php/Home/Index/verify.html
INFO: [ app_init ] --START--
INFO: Run Behavior\BuildLiteBehavior [ RunTime:0.000024s ]
INFO: [ app_init ] --END-- [ RunTime:0.000609s ]
INFO: [ app_begin ] --START--
INFO: Run Behavior\ReadHtmlCacheBehavior [ RunTime:0.000847s ]
INFO: [ app_begin ] --END-- [ RunTime:0.000956s ]
SQL: SHOW COLUMNS FROM `tp_nav` [ RunTime:0.0107s ]
SQL: SELECT * FROM `tp_nav` WHERE `is_show` = 1 AND `local` = 0 ORDER BY sort  [ RunTime:0.0005s ]
INFO: [ app_end ] --START--
INFO: Run Behavior\ShowPageTraceBehavior [ RunTime:0.001033s ]
INFO: [ app_end ] --END-- [ RunTime:0.001153s ]

[ 2017-01-03T02:08:45+08:00 ] 127.0.0.1 /1611/1232/tp1611/index.php/Home/Index/register.html
INFO: [ app_init ] --START--
INFO: Run Behavior\BuildLiteBehavior [ RunTime:0.000019s ]
INFO: [ app_init ] --END-- [ RunTime:0.000485s ]
INFO: [ app_begin ] --START--
INFO: Run Behavior\ReadHtmlCacheBehavior [ RunTime:0.000910s ]
INFO: [ app_begin ] --END-- [ RunTime:0.001027s ]
SQL: SHOW COLUMNS FROM `tp_nav` [ RunTime:0.0115s ]
SQL: SELECT * FROM `tp_nav` WHERE `is_show` = 1 AND `local` = 0 ORDER BY sort  [ RunTime:0.0007s ]

[ 2017-01-03T02:08:45+08:00 ] 127.0.0.1 /1611/1232/tp1611/index.php/Home/Index/verify.html?0.9155136631894875
INFO: [ app_init ] --START--
INFO: Run Behavior\BuildLiteBehavior [ RunTime:0.000040s ]
INFO: [ app_init ] --END-- [ RunTime:0.001630s ]
INFO: [ app_begin ] --START--
INFO: Run Behavior\ReadHtmlCacheBehavior [ RunTime:0.000835s ]
INFO: [ app_begin ] --END-- [ RunTime:0.000947s ]
SQL: SHOW COLUMNS FROM `tp_nav` [ RunTime:0.0062s ]
SQL: SELECT * FROM `tp_nav` WHERE `is_show` = 1 AND `local` = 0 ORDER BY sort  [ RunTime:0.0006s ]
INFO: [ app_end ] --START--
INFO: Run Behavior\ShowPageTraceBehavior [ RunTime:0.000998s ]
INFO: [ app_end ] --END-- [ RunTime:0.001127s ]

[ 2017-01-03T02:09:59+08:00 ] 127.0.0.1 /1611/1232/tp1611/index.php/Home/Index/login.html
INFO: [ app_init ] --START--
INFO: Run Behavior\BuildLiteBehavior [ RunTime:0.000021s ]
INFO: [ app_init ] --END-- [ RunTime:0.000506s ]
INFO: [ app_begin ] --START--
INFO: Run Behavior\ReadHtmlCacheBehavior [ RunTime:0.002672s ]
INFO: [ app_begin ] --END-- [ RunTime:0.002918s ]
SQL: SHOW COLUMNS FROM `tp_nav` [ RunTime:0.0056s ]
SQL: SELECT * FROM `tp_nav` WHERE `is_show` = 1 AND `local` = 0 ORDER BY sort  [ RunTime:0.0004s ]
INFO: [ view_parse ] --START--
INFO: [ template_filter ] --START--
INFO: Run Behavior\ContentReplaceBehavior [ RunTime:0.000098s ]
INFO: [ template_filter ] --END-- [ RunTime:0.000196s ]
INFO: Run Behavior\ParseTemplateBehavior [ RunTime:0.012618s ]
INFO: [ view_parse ] --END-- [ RunTime:0.012697s ]
INFO: [ view_filter ] --START--
INFO: Run Behavior\WriteHtmlCacheBehavior [ RunTime:0.000781s ]
INFO: [ view_filter ] --END-- [ RunTime:0.001084s ]
INFO: [ app_end ] --START--
INFO: Run Behavior\ShowPageTraceBehavior [ RunTime:0.002238s ]
INFO: [ app_end ] --END-- [ RunTime:0.002391s ]

[ 2017-01-03T02:09:59+08:00 ] 127.0.0.1 /1611/1232/tp1611/index.php/Home/Index/verify.html
INFO: [ app_init ] --START--
INFO: Run Behavior\BuildLiteBehavior [ RunTime:0.000025s ]
INFO: [ app_init ] --END-- [ RunTime:0.000602s ]
INFO: [ app_begin ] --START--
INFO: Run Behavior\ReadHtmlCacheBehavior [ RunTime:0.002720s ]
INFO: [ app_begin ] --END-- [ RunTime:0.002983s ]
SQL: SHOW COLUMNS FROM `tp_nav` [ RunTime:0.0064s ]
SQL: SELECT * FROM `tp_nav` WHERE `is_show` = 1 AND `local` = 0 ORDER BY sort  [ RunTime:0.0019s ]
INFO: [ app_end ] --START--
INFO: Run Behavior\ShowPageTraceBehavior [ RunTime:0.001298s ]
INFO: [ app_end ] --END-- [ RunTime:0.001421s ]

[ 2017-01-03T02:10:20+08:00 ] 127.0.0.1 /1611/1232/tp1611/index.php/Home/Index/login.html
INFO: [ app_init ] --START--
INFO: Run Behavior\BuildLiteBehavior [ RunTime:0.000038s ]
INFO: [ app_init ] --END-- [ RunTime:0.000967s ]
INFO: [ app_begin ] --START--
INFO: Run Behavior\ReadHtmlCacheBehavior [ RunTime:0.003634s ]
INFO: [ app_begin ] --END-- [ RunTime:0.004234s ]
SQL: SHOW COLUMNS FROM `tp_nav` [ RunTime:0.0053s ]
SQL: SELECT * FROM `tp_nav` WHERE `is_show` = 1 AND `local` = 0 ORDER BY sort  [ RunTime:0.0003s ]
INFO: [ view_parse ] --START--
INFO: [ template_filter ] --START--
INFO: Run Behavior\ContentReplaceBehavior [ RunTime:0.000162s ]
INFO: [ template_filter ] --END-- [ RunTime:0.000324s ]
INFO: Run Behavior\ParseTemplateBehavior [ RunTime:0.011049s ]
INFO: [ view_parse ] --END-- [ RunTime:0.011145s ]
INFO: [ view_filter ] --START--
INFO: Run Behavior\WriteHtmlCacheBehavior [ RunTime:0.000939s ]
INFO: [ view_filter ] --END-- [ RunTime:0.001057s ]
INFO: [ app_end ] --START--
INFO: Run Behavior\ShowPageTraceBehavior [ RunTime:0.000901s ]
INFO: [ app_end ] --END-- [ RunTime:0.000979s ]

[ 2017-01-03T02:10:21+08:00 ] 127.0.0.1 /1611/1232/tp1611/index.php/Home/Index/verify.html
INFO: [ app_init ] --START--
INFO: Run Behavior\BuildLiteBehavior [ RunTime:0.000025s ]
INFO: [ app_init ] --END-- [ RunTime:0.000600s ]
INFO: [ app_begin ] --START--
INFO: Run Behavior\ReadHtmlCacheBehavior [ RunTime:0.001006s ]
INFO: [ app_begin ] --END-- [ RunTime:0.001124s ]
SQL: SHOW COLUMNS FROM `tp_nav` [ RunTime:0.0120s ]
SQL: SELECT * FROM `tp_nav` WHERE `is_show` = 1 AND `local` = 0 ORDER BY sort  [ RunTime:0.0026s ]
INFO: [ app_end ] --START--
INFO: Run Behavior\ShowPageTraceBehavior [ RunTime:0.001033s ]
INFO: [ app_end ] --END-- [ RunTime:0.001176s ]

[ 2017-01-03T02:10:43+08:00 ] 127.0.0.1 /1611/1232/tp1611/index.php/Home/Index/login.html
INFO: [ app_init ] --START--
INFO: Run Behavior\BuildLiteBehavior [ RunTime:0.000023s ]
INFO: [ app_init ] --END-- [ RunTime:0.000617s ]
INFO: [ app_begin ] --START--
INFO: Run Behavior\ReadHtmlCacheBehavior [ RunTime:0.000821s ]
INFO: [ app_begin ] --END-- [ RunTime:0.000927s ]
SQL: SHOW COLUMNS FROM `tp_nav` [ RunTime:0.0049s ]
SQL: SELECT * FROM `tp_nav` WHERE `is_show` = 1 AND `local` = 0 ORDER BY sort  [ RunTime:0.0004s ]
INFO: [ view_parse ] --START--
INFO: [ template_filter ] --START--
INFO: Run Behavior\ContentReplaceBehavior [ RunTime:0.000114s ]
INFO: [ template_filter ] --END-- [ RunTime:0.000219s ]
INFO: Run Behavior\ParseTemplateBehavior [ RunTime:0.013817s ]
INFO: [ view_parse ] --END-- [ RunTime:0.013971s ]
INFO: [ view_filter ] --START--
INFO: Run Behavior\WriteHtmlCacheBehavior [ RunTime:0.000632s ]
INFO: [ view_filter ] --END-- [ RunTime:0.000716s ]
INFO: [ app_end ] --START--
INFO: Run Behavior\ShowPageTraceBehavior [ RunTime:0.000775s ]
INFO: [ app_end ] --END-- [ RunTime:0.000844s ]

[ 2017-01-03T02:10:44+08:00 ] 127.0.0.1 /1611/1232/tp1611/index.php/Home/Index/verify.html
INFO: [ app_init ] --START--
INFO: Run Behavior\BuildLiteBehavior [ RunTime:0.000024s ]
INFO: [ app_init ] --END-- [ RunTime:0.000594s ]
INFO: [ app_begin ] --START--
INFO: Run Behavior\ReadHtmlCacheBehavior [ RunTime:0.000994s ]
INFO: [ app_begin ] --END-- [ RunTime:0.001119s ]
SQL: SHOW COLUMNS FROM `tp_nav` [ RunTime:0.0142s ]
SQL: SELECT * FROM `tp_nav` WHERE `is_show` = 1 AND `local` = 0 ORDER BY sort  [ RunTime:0.0007s ]
INFO: [ app_end ] --START--
INFO: Run Behavior\ShowPageTraceBehavior [ RunTime:0.002500s ]
INFO: [ app_end ] --END-- [ RunTime:0.002780s ]

[ 2017-01-03T02:11:21+08:00 ] 127.0.0.1 /1611/1232/tp1611/index.php/Home/Index/login.html
INFO: [ app_init ] --START--
INFO: Run Behavior\BuildLiteBehavior [ RunTime:0.000019s ]
INFO: [ app_init ] --END-- [ RunTime:0.000503s ]
INFO: [ app_begin ] --START--
INFO: Run Behavior\ReadHtmlCacheBehavior [ RunTime:0.000732s ]
INFO: [ app_begin ] --END-- [ RunTime:0.000820s ]
SQL: SHOW COLUMNS FROM `tp_nav` [ RunTime:0.0064s ]
SQL: SELECT * FROM `tp_nav` WHERE `is_show` = 1 AND `local` = 0 ORDER BY sort  [ RunTime:0.0004s ]
SQL: SHOW COLUMNS FROM `tp_user` [ RunTime:0.0389s ]
SQL: SELECT * FROM `tp_user` WHERE `username` = 'admin' AND `password` = '21232f297a57a5a743894a0e4a801fc3' LIMIT 1   [ RunTime:0.0004s ]

[ 2017-01-03T02:11:22+08:00 ] 127.0.0.1 /1611/1232/tp1611/
INFO: [ app_init ] --START--
INFO: Run Behavior\BuildLiteBehavior [ RunTime:0.000023s ]
INFO: [ app_init ] --END-- [ RunTime:0.000526s ]
INFO: [ app_begin ] --START--
INFO: Run Behavior\ReadHtmlCacheBehavior [ RunTime:0.000778s ]
INFO: [ app_begin ] --END-- [ RunTime:0.000879s ]
SQL: SHOW COLUMNS FROM `tp_nav` [ RunTime:0.0069s ]
SQL: SELECT * FROM `tp_nav` WHERE `is_show` = 1 AND `local` = 0 ORDER BY sort  [ RunTime:0.0004s ]
INFO: [ view_parse ] --START--
INFO: [ template_filter ] --START--
INFO: Run Behavior\ContentReplaceBehavior [ RunTime:0.000100s ]
INFO: [ template_filter ] --END-- [ RunTime:0.000194s ]
NOTIC: [8] Use of undefined constant logout - assumed 'logout' D:\wamp\www\1611\1232\tp1611\Application\Runtime\Cache\Home\2a94b8bda04ff446dcedd42276fc99ee.php 第 142 行.
INFO: Run Behavior\ParseTemplateBehavior [ RunTime:0.011532s ]
INFO: [ view_parse ] --END-- [ RunTime:0.011613s ]
INFO: [ view_filter ] --START--
INFO: Run Behavior\WriteHtmlCacheBehavior [ RunTime:0.000577s ]
INFO: [ view_filter ] --END-- [ RunTime:0.000648s ]
INFO: [ app_end ] --START--
INFO: Run Behavior\ShowPageTraceBehavior [ RunTime:0.000915s ]
INFO: [ app_end ] --END-- [ RunTime:0.000992s ]

[ 2017-01-03T02:11:37+08:00 ] 127.0.0.1 /1611/1232/tp1611/
INFO: [ app_init ] --START--
INFO: Run Behavior\BuildLiteBehavior [ RunTime:0.000023s ]
INFO: [ app_init ] --END-- [ RunTime:0.000550s ]
INFO: [ app_begin ] --START--
INFO: Run Behavior\ReadHtmlCacheBehavior [ RunTime:0.001120s ]
INFO: [ app_begin ] --END-- [ RunTime:0.001239s ]
SQL: SHOW COLUMNS FROM `tp_nav` [ RunTime:0.0051s ]
SQL: SELECT * FROM `tp_nav` WHERE `is_show` = 1 AND `local` = 0 ORDER BY sort  [ RunTime:0.0003s ]
INFO: [ view_parse ] --START--
INFO: [ template_filter ] --START--
INFO: Run Behavior\ContentReplaceBehavior [ RunTime:0.000094s ]
INFO: [ template_filter ] --END-- [ RunTime:0.000184s ]
NOTIC: [8] Use of undefined constant logout - assumed 'logout' D:\wamp\www\1611\1232\tp1611\Application\Runtime\Cache\Home\2a94b8bda04ff446dcedd42276fc99ee.php 第 142 行.
INFO: Run Behavior\ParseTemplateBehavior [ RunTime:0.012065s ]
INFO: [ view_parse ] --END-- [ RunTime:0.012144s ]
INFO: [ view_filter ] --START--
INFO: Run Behavior\WriteHtmlCacheBehavior [ RunTime:0.000557s ]
INFO: [ view_filter ] --END-- [ RunTime:0.000626s ]
INFO: [ app_end ] --START--
INFO: Run Behavior\ShowPageTraceBehavior [ RunTime:0.000765s ]
INFO: [ app_end ] --END-- [ RunTime:0.000832s ]

[ 2017-01-03T02:30:39+08:00 ] 127.0.0.1 /1611/1232/tp1611/index.php/Home/Index/logout.html
INFO: [ app_init ] --START--
INFO: Run Behavior\BuildLiteBehavior [ RunTime:0.000049s ]
INFO: [ app_init ] --END-- [ RunTime:0.000489s ]
INFO: [ app_begin ] --START--
INFO: Run Behavior\ReadHtmlCacheBehavior [ RunTime:0.004841s ]
INFO: [ app_begin ] --END-- [ RunTime:0.005056s ]
SQL: SHOW COLUMNS FROM `tp_nav` [ RunTime:0.0046s ]
SQL: SELECT * FROM `tp_nav` WHERE `is_show` = 1 AND `local` = 0 ORDER BY sort  [ RunTime:0.0003s ]

[ 2017-01-03T02:30:40+08:00 ] 127.0.0.1 /1611/1232/tp1611/index.php/Home/Index/index.html
INFO: [ app_init ] --START--
INFO: Run Behavior\BuildLiteBehavior [ RunTime:0.000019s ]
INFO: [ app_init ] --END-- [ RunTime:0.000457s ]
INFO: [ app_begin ] --START--
INFO: Run Behavior\ReadHtmlCacheBehavior [ RunTime:0.000730s ]
INFO: [ app_begin ] --END-- [ RunTime:0.000837s ]
SQL: SHOW COLUMNS FROM `tp_nav` [ RunTime:0.0047s ]
SQL: SELECT * FROM `tp_nav` WHERE `is_show` = 1 AND `local` = 0 ORDER BY sort  [ RunTime:0.0003s ]
INFO: [ view_parse ] --START--
INFO: [ template_filter ] --START--
INFO: Run Behavior\ContentReplaceBehavior [ RunTime:0.000089s ]
INFO: [ template_filter ] --END-- [ RunTime:0.000170s ]
NOTIC: [8] Undefined index: tp1611_user D:\wamp\www\1611\1232\tp1611\Application\Runtime\Cache\Home\2a94b8bda04ff446dcedd42276fc99ee.php 第 131 行.
NOTIC: [8] Use of undefined constant logout - assumed 'logout' D:\wamp\www\1611\1232\tp1611\Application\Runtime\Cache\Home\2a94b8bda04ff446dcedd42276fc99ee.php 第 142 行.
INFO: Run Behavior\ParseTemplateBehavior [ RunTime:0.011372s ]
INFO: [ view_parse ] --END-- [ RunTime:0.011455s ]
INFO: [ view_filter ] --START--
INFO: Run Behavior\WriteHtmlCacheBehavior [ RunTime:0.000486s ]
INFO: [ view_filter ] --END-- [ RunTime:0.000558s ]
INFO: [ app_end ] --START--
INFO: Run Behavior\ShowPageTraceBehavior [ RunTime:0.000825s ]
INFO: [ app_end ] --END-- [ RunTime:0.000908s ]

[ 2017-01-03T02:30:42+08:00 ] 127.0.0.1 /1611/1232/tp1611/index.php/Home/Index/login.html
INFO: [ app_init ] --START--
INFO: Run Behavior\BuildLiteBehavior [ RunTime:0.000025s ]
INFO: [ app_init ] --END-- [ RunTime:0.000596s ]
INFO: [ app_begin ] --START--
INFO: Run Behavior\ReadHtmlCacheBehavior [ RunTime:0.000838s ]
INFO: [ app_begin ] --END-- [ RunTime:0.000958s ]
SQL: SHOW COLUMNS FROM `tp_nav` [ RunTime:0.0094s ]
SQL: SELECT * FROM `tp_nav` WHERE `is_show` = 1 AND `local` = 0 ORDER BY sort  [ RunTime:0.0004s ]
INFO: [ view_parse ] --START--
INFO: [ template_filter ] --START--
INFO: Run Behavior\ContentReplaceBehavior [ RunTime:0.000097s ]
INFO: [ template_filter ] --END-- [ RunTime:0.000202s ]
INFO: Run Behavior\ParseTemplateBehavior [ RunTime:0.010527s ]
INFO: [ view_parse ] --END-- [ RunTime:0.010628s ]
INFO: [ view_filter ] --START--
INFO: Run Behavior\WriteHtmlCacheBehavior [ RunTime:0.000518s ]
INFO: [ view_filter ] --END-- [ RunTime:0.000596s ]
INFO: [ app_end ] --START--
INFO: Run Behavior\ShowPageTraceBehavior [ RunTime:0.000990s ]
INFO: [ app_end ] --END-- [ RunTime:0.001080s ]

[ 2017-01-03T02:30:42+08:00 ] 127.0.0.1 /1611/1232/tp1611/index.php/Home/Index/verify.html
INFO: [ app_init ] --START--
INFO: Run Behavior\BuildLiteBehavior [ RunTime:0.000022s ]
INFO: [ app_init ] --END-- [ RunTime:0.001445s ]
INFO: [ app_begin ] --START--
INFO: Run Behavior\ReadHtmlCacheBehavior [ RunTime:0.000778s ]
INFO: [ app_begin ] --END-- [ RunTime:0.000886s ]
SQL: SHOW COLUMNS FROM `tp_nav` [ RunTime:0.0154s ]
SQL: SELECT * FROM `tp_nav` WHERE `is_show` = 1 AND `local` = 0 ORDER BY sort  [ RunTime:0.0005s ]
INFO: [ app_end ] --START--
INFO: Run Behavior\ShowPageTraceBehavior [ RunTime:0.000890s ]
INFO: [ app_end ] --END-- [ RunTime:0.001009s ]

[ 2017-01-03T02:30:49+08:00 ] 127.0.0.1 /1611/1232/tp1611/index.php/Home/Index/login.html
INFO: [ app_init ] --START--
INFO: Run Behavior\BuildLiteBehavior [ RunTime:0.000028s ]
INFO: [ app_init ] --END-- [ RunTime:0.000646s ]
INFO: [ app_begin ] --START--
INFO: Run Behavior\ReadHtmlCacheBehavior [ RunTime:0.000815s ]
INFO: [ app_begin ] --END-- [ RunTime:0.000947s ]
SQL: SHOW COLUMNS FROM `tp_nav` [ RunTime:0.0056s ]
SQL: SELECT * FROM `tp_nav` WHERE `is_show` = 1 AND `local` = 0 ORDER BY sort  [ RunTime:0.0003s ]
SQL: SHOW COLUMNS FROM `tp_user` [ RunTime:0.0071s ]
SQL: SELECT * FROM `tp_user` WHERE `username` = 'admin' AND `password` = '21232f297a57a5a743894a0e4a801fc3' LIMIT 1   [ RunTime:0.0003s ]

[ 2017-01-03T02:30:51+08:00 ] 127.0.0.1 /1611/1232/tp1611/index.php/Home/Index/index.html
INFO: [ app_init ] --START--
INFO: Run Behavior\BuildLiteBehavior [ RunTime:0.000028s ]
INFO: [ app_init ] --END-- [ RunTime:0.004130s ]
INFO: [ app_begin ] --START--
INFO: Run Behavior\ReadHtmlCacheBehavior [ RunTime:0.000983s ]
INFO: [ app_begin ] --END-- [ RunTime:0.001138s ]
SQL: SHOW COLUMNS FROM `tp_nav` [ RunTime:0.0048s ]
SQL: SELECT * FROM `tp_nav` WHERE `is_show` = 1 AND `local` = 0 ORDER BY sort  [ RunTime:0.0004s ]
INFO: [ view_parse ] --START--
INFO: [ template_filter ] --START--
INFO: Run Behavior\ContentReplaceBehavior [ RunTime:0.000091s ]
INFO: [ template_filter ] --END-- [ RunTime:0.000183s ]
NOTIC: [8] Use of undefined constant logout - assumed 'logout' D:\wamp\www\1611\1232\tp1611\Application\Runtime\Cache\Home\2a94b8bda04ff446dcedd42276fc99ee.php 第 142 行.
INFO: Run Behavior\ParseTemplateBehavior [ RunTime:0.013256s ]
INFO: [ view_parse ] --END-- [ RunTime:0.013354s ]
INFO: [ view_filter ] --START--
INFO: Run Behavior\WriteHtmlCacheBehavior [ RunTime:0.000532s ]
INFO: [ view_filter ] --END-- [ RunTime:0.000608s ]
INFO: [ app_end ] --START--
INFO: Run Behavior\ShowPageTraceBehavior [ RunTime:0.000727s ]
INFO: [ app_end ] --END-- [ RunTime:0.000803s ]

[ 2017-01-03T02:30:54+08:00 ] 127.0.0.1 /1611/1232/tp1611/index.php/Home/Index/register.html
INFO: [ app_init ] --START--
INFO: Run Behavior\BuildLiteBehavior [ RunTime:0.000026s ]
INFO: [ app_init ] --END-- [ RunTime:0.000834s ]
INFO: [ app_begin ] --START--
INFO: Run Behavior\ReadHtmlCacheBehavior [ RunTime:0.001464s ]
INFO: [ app_begin ] --END-- [ RunTime:0.001609s ]
SQL: SHOW COLUMNS FROM `tp_nav` [ RunTime:0.0046s ]
SQL: SELECT * FROM `tp_nav` WHERE `is_show` = 1 AND `local` = 0 ORDER BY sort  [ RunTime:0.0009s ]
INFO: [ view_parse ] --START--
INFO: [ template_filter ] --START--
INFO: Run Behavior\ContentReplaceBehavior [ RunTime:0.000100s ]
INFO: [ template_filter ] --END-- [ RunTime:0.000192s ]
INFO: Run Behavior\ParseTemplateBehavior [ RunTime:0.011029s ]
INFO: [ view_parse ] --END-- [ RunTime:0.011200s ]
INFO: [ view_filter ] --START--
INFO: Run Behavior\WriteHtmlCacheBehavior [ RunTime:0.000455s ]
INFO: [ view_filter ] --END-- [ RunTime:0.000523s ]
INFO: [ app_end ] --START--
INFO: Run Behavior\ShowPageTraceBehavior [ RunTime:0.000691s ]
INFO: [ app_end ] --END-- [ RunTime:0.000759s ]

[ 2017-01-03T02:30:55+08:00 ] 127.0.0.1 /1611/1232/tp1611/index.php/Home/Index/verify.html
INFO: [ app_init ] --START--
INFO: Run Behavior\BuildLiteBehavior [ RunTime:0.000023s ]
INFO: [ app_init ] --END-- [ RunTime:0.000587s ]
INFO: [ app_begin ] --START--
INFO: Run Behavior\ReadHtmlCacheBehavior [ RunTime:0.000845s ]
INFO: [ app_begin ] --END-- [ RunTime:0.000965s ]
SQL: SHOW COLUMNS FROM `tp_nav` [ RunTime:0.0167s ]
SQL: SELECT * FROM `tp_nav` WHERE `is_show` = 1 AND `local` = 0 ORDER BY sort  [ RunTime:0.0005s ]
INFO: [ app_end ] --START--
INFO: Run Behavior\ShowPageTraceBehavior [ RunTime:0.000942s ]
INFO: [ app_end ] --END-- [ RunTime:0.001074s ]

[ 2017-01-03T02:31:15+08:00 ] 127.0.0.1 /1611/1232/tp1611/index.php/Home/Index/register.html
INFO: [ app_init ] --START--
INFO: Run Behavior\BuildLiteBehavior [ RunTime:0.000023s ]
INFO: [ app_init ] --END-- [ RunTime:0.000496s ]
INFO: [ app_begin ] --START--
INFO: Run Behavior\ReadHtmlCacheBehavior [ RunTime:0.000686s ]
INFO: [ app_begin ] --END-- [ RunTime:0.000786s ]
SQL: SHOW COLUMNS FROM `tp_nav` [ RunTime:0.0046s ]
SQL: SELECT * FROM `tp_nav` WHERE `is_show` = 1 AND `local` = 0 ORDER BY sort  [ RunTime:0.0003s ]
INFO: [ view_parse ] --START--
INFO: [ template_filter ] --START--
INFO: Run Behavior\ContentReplaceBehavior [ RunTime:0.000129s ]
INFO: [ template_filter ] --END-- [ RunTime:0.000448s ]
INFO: Run Behavior\ParseTemplateBehavior [ RunTime:0.014117s ]
INFO: [ view_parse ] --END-- [ RunTime:0.014216s ]
INFO: [ view_filter ] --START--
INFO: Run Behavior\WriteHtmlCacheBehavior [ RunTime:0.000604s ]
INFO: [ view_filter ] --END-- [ RunTime:0.000679s ]
INFO: [ app_end ] --START--
INFO: Run Behavior\ShowPageTraceBehavior [ RunTime:0.000860s ]
INFO: [ app_end ] --END-- [ RunTime:0.000944s ]

[ 2017-01-03T02:31:15+08:00 ] 127.0.0.1 /1611/1232/tp1611/index.php/Home/Index/verify.html
INFO: [ app_init ] --START--
INFO: Run Behavior\BuildLiteBehavior [ RunTime:0.000026s ]
INFO: [ app_init ] --END-- [ RunTime:0.000619s ]
INFO: [ app_begin ] --START--
INFO: Run Behavior\ReadHtmlCacheBehavior [ RunTime:0.000805s ]
INFO: [ app_begin ] --END-- [ RunTime:0.000924s ]
SQL: SHOW COLUMNS FROM `tp_nav` [ RunTime:0.0114s ]
SQL: SELECT * FROM `tp_nav` WHERE `is_show` = 1 AND `local` = 0 ORDER BY sort  [ RunTime:0.0010s ]
INFO: [ app_end ] --START--
INFO: Run Behavior\ShowPageTraceBehavior [ RunTime:0.000938s ]
INFO: [ app_end ] --END-- [ RunTime:0.001072s ]

[ 2017-01-03T02:31:34+08:00 ] 127.0.0.1 /1611/1232/tp1611/index.php/Home/Index/register.html
INFO: [ app_init ] --START--
INFO: Run Behavior\BuildLiteBehavior [ RunTime:0.000044s ]
INFO: [ app_init ] --END-- [ RunTime:0.002083s ]
INFO: [ app_begin ] --START--
INFO: Run Behavior\ReadHtmlCacheBehavior [ RunTime:0.000866s ]
INFO: [ app_begin ] --END-- [ RunTime:0.000977s ]
SQL: SHOW COLUMNS FROM `tp_nav` [ RunTime:0.0056s ]
SQL: SELECT * FROM `tp_nav` WHERE `is_show` = 1 AND `local` = 0 ORDER BY sort  [ RunTime:0.0005s ]

[ 2017-01-03T02:31:34+08:00 ] 127.0.0.1 /1611/1232/tp1611/index.php/Home/Index/verify.html?0.18798852957321
INFO: [ app_init ] --START--
INFO: Run Behavior\BuildLiteBehavior [ RunTime:0.000019s ]
INFO: [ app_init ] --END-- [ RunTime:0.000460s ]
INFO: [ app_begin ] --START--
INFO: Run Behavior\ReadHtmlCacheBehavior [ RunTime:0.000778s ]
INFO: [ app_begin ] --END-- [ RunTime:0.000880s ]
SQL: SHOW COLUMNS FROM `tp_nav` [ RunTime:0.0062s ]
SQL: SELECT * FROM `tp_nav` WHERE `is_show` = 1 AND `local` = 0 ORDER BY sort  [ RunTime:0.0006s ]
INFO: [ app_end ] --START--
INFO: Run Behavior\ShowPageTraceBehavior [ RunTime:0.000908s ]
INFO: [ app_end ] --END-- [ RunTime:0.001023s ]

[ 2017-01-03T12:05:22+08:00 ] ::1 /Q2/tp1611/
INFO: [ app_init ] --START--
INFO: Run Behavior\BuildLiteBehavior [ RunTime:0.000025s ]
INFO: [ app_init ] --END-- [ RunTime:0.002662s ]
INFO: [ app_begin ] --START--
INFO: Run Behavior\ReadHtmlCacheBehavior [ RunTime:0.000568s ]
INFO: [ app_begin ] --END-- [ RunTime:0.000676s ]
SQL: SHOW COLUMNS FROM `tp_nav` [ RunTime:0.0324s ]
SQL: SELECT * FROM `tp_nav` WHERE `is_show` = 1 AND `local` = 0 ORDER BY sort  [ RunTime:0.0082s ]
INFO: [ view_parse ] --START--
INFO: [ template_filter ] --START--
INFO: Run Behavior\ContentReplaceBehavior [ RunTime:0.000092s ]
INFO: [ template_filter ] --END-- [ RunTime:0.000193s ]
NOTIC: [8] Undefined index: tp1611_user E:\demo\Q2\tp1611\Application\Runtime\Cache\Home\2a94b8bda04ff446dcedd42276fc99ee.php 第 131 行.
NOTIC: [8] Use of undefined constant logout - assumed 'logout' E:\demo\Q2\tp1611\Application\Runtime\Cache\Home\2a94b8bda04ff446dcedd42276fc99ee.php 第 142 行.
INFO: Run Behavior\ParseTemplateBehavior [ RunTime:0.014434s ]
INFO: [ view_parse ] --END-- [ RunTime:0.014525s ]
INFO: [ view_filter ] --START--
INFO: Run Behavior\WriteHtmlCacheBehavior [ RunTime:0.000364s ]
INFO: [ view_filter ] --END-- [ RunTime:0.000446s ]
INFO: [ app_end ] --START--
INFO: Run Behavior\ShowPageTraceBehavior [ RunTime:0.000504s ]
INFO: [ app_end ] --END-- [ RunTime:0.000588s ]

[ 2017-01-03T12:06:06+08:00 ] ::1 /Q2/tp1611/index.php/Home/Index/login.html
INFO: [ app_init ] --START--
INFO: Run Behavior\BuildLiteBehavior [ RunTime:0.000022s ]
INFO: [ app_init ] --END-- [ RunTime:0.000695s ]
INFO: [ app_begin ] --START--
INFO: Run Behavior\ReadHtmlCacheBehavior [ RunTime:0.000499s ]
INFO: [ app_begin ] --END-- [ RunTime:0.000619s ]
SQL: SHOW COLUMNS FROM `tp_nav` [ RunTime:0.0009s ]
SQL: SELECT * FROM `tp_nav` WHERE `is_show` = 1 AND `local` = 0 ORDER BY sort  [ RunTime:0.0011s ]
INFO: [ view_parse ] --START--
INFO: [ template_filter ] --START--
INFO: Run Behavior\ContentReplaceBehavior [ RunTime:0.000146s ]
INFO: [ template_filter ] --END-- [ RunTime:0.000357s ]
INFO: Run Behavior\ParseTemplateBehavior [ RunTime:0.008285s ]
INFO: [ view_parse ] --END-- [ RunTime:0.008454s ]
INFO: [ view_filter ] --START--
INFO: Run Behavior\WriteHtmlCacheBehavior [ RunTime:0.000584s ]
INFO: [ view_filter ] --END-- [ RunTime:0.000684s ]
INFO: [ app_end ] --START--
INFO: Run Behavior\ShowPageTraceBehavior [ RunTime:0.000557s ]
INFO: [ app_end ] --END-- [ RunTime:0.000658s ]

[ 2017-01-03T12:06:06+08:00 ] ::1 /Q2/tp1611/index.php/Home/Index/verify.html
INFO: [ app_init ] --START--
INFO: Run Behavior\BuildLiteBehavior [ RunTime:0.000033s ]
INFO: [ app_init ] --END-- [ RunTime:0.000764s ]
INFO: [ app_begin ] --START--
INFO: Run Behavior\ReadHtmlCacheBehavior [ RunTime:0.000561s ]
INFO: [ app_begin ] --END-- [ RunTime:0.000668s ]
SQL: SHOW COLUMNS FROM `tp_nav` [ RunTime:0.0008s ]
SQL: SELECT * FROM `tp_nav` WHERE `is_show` = 1 AND `local` = 0 ORDER BY sort  [ RunTime:0.0003s ]
INFO: [ app_end ] --START--
INFO: Run Behavior\ShowPageTraceBehavior [ RunTime:0.000648s ]
INFO: [ app_end ] --END-- [ RunTime:0.000775s ]

[ 2017-01-03T12:06:10+08:00 ] ::1 /Q2/tp1611/index.php/Home/Index/register.html
INFO: [ app_init ] --START--
INFO: Run Behavior\BuildLiteBehavior [ RunTime:0.000020s ]
INFO: [ app_init ] --END-- [ RunTime:0.000412s ]
INFO: [ app_begin ] --START--
INFO: Run Behavior\ReadHtmlCacheBehavior [ RunTime:0.000445s ]
INFO: [ app_begin ] --END-- [ RunTime:0.000535s ]
SQL: SHOW COLUMNS FROM `tp_nav` [ RunTime:0.0009s ]
SQL: SELECT * FROM `tp_nav` WHERE `is_show` = 1 AND `local` = 0 ORDER BY sort  [ RunTime:0.0003s ]
INFO: [ view_parse ] --START--
INFO: [ template_filter ] --START--
INFO: Run Behavior\ContentReplaceBehavior [ RunTime:0.000087s ]
INFO: [ template_filter ] --END-- [ RunTime:0.000177s ]
INFO: Run Behavior\ParseTemplateBehavior [ RunTime:0.006271s ]
INFO: [ view_parse ] --END-- [ RunTime:0.006365s ]
INFO: [ view_filter ] --START--
INFO: Run Behavior\WriteHtmlCacheBehavior [ RunTime:0.000401s ]
INFO: [ view_filter ] --END-- [ RunTime:0.000485s ]
INFO: [ app_end ] --START--
INFO: Run Behavior\ShowPageTraceBehavior [ RunTime:0.000463s ]
INFO: [ app_end ] --END-- [ RunTime:0.000551s ]

[ 2017-01-03T12:06:10+08:00 ] ::1 /Q2/tp1611/index.php/Home/Index/verify.html
INFO: [ app_init ] --START--
INFO: Run Behavior\BuildLiteBehavior [ RunTime:0.000022s ]
INFO: [ app_init ] --END-- [ RunTime:0.000374s ]
INFO: [ app_begin ] --START--
INFO: Run Behavior\ReadHtmlCacheBehavior [ RunTime:0.000413s ]
INFO: [ app_begin ] --END-- [ RunTime:0.000510s ]
SQL: SHOW COLUMNS FROM `tp_nav` [ RunTime:0.0008s ]
SQL: SELECT * FROM `tp_nav` WHERE `is_show` = 1 AND `local` = 0 ORDER BY sort  [ RunTime:0.0003s ]
INFO: [ app_end ] --START--
INFO: Run Behavior\ShowPageTraceBehavior [ RunTime:0.000527s ]
INFO: [ app_end ] --END-- [ RunTime:0.000709s ]

[ 2017-01-03T12:07:36+08:00 ] ::1 /Q2/tp1611/index.php/Home/Index/login.html
INFO: [ app_init ] --START--
INFO: Run Behavior\BuildLiteBehavior [ RunTime:0.000021s ]
INFO: [ app_init ] --END-- [ RunTime:0.000434s ]
INFO: [ app_begin ] --START--
INFO: Run Behavior\ReadHtmlCacheBehavior [ RunTime:0.000415s ]
INFO: [ app_begin ] --END-- [ RunTime:0.000511s ]
SQL: SHOW COLUMNS FROM `tp_nav` [ RunTime:0.0008s ]
SQL: SELECT * FROM `tp_nav` WHERE `is_show` = 1 AND `local` = 0 ORDER BY sort  [ RunTime:0.0014s ]
INFO: [ view_parse ] --START--
INFO: [ template_filter ] --START--
INFO: Run Behavior\ContentReplaceBehavior [ RunTime:0.000086s ]
INFO: [ template_filter ] --END-- [ RunTime:0.000187s ]
INFO: Run Behavior\ParseTemplateBehavior [ RunTime:0.007665s ]
INFO: [ view_parse ] --END-- [ RunTime:0.007829s ]
INFO: [ view_filter ] --START--
INFO: Run Behavior\WriteHtmlCacheBehavior [ RunTime:0.000354s ]
INFO: [ view_filter ] --END-- [ RunTime:0.000441s ]
INFO: [ app_end ] --START--
INFO: Run Behavior\ShowPageTraceBehavior [ RunTime:0.000455s ]
INFO: [ app_end ] --END-- [ RunTime:0.000544s ]

[ 2017-01-03T12:07:36+08:00 ] ::1 /Q2/tp1611/index.php/Home/Index/verify.html
INFO: [ app_init ] --START--
INFO: Run Behavior\BuildLiteBehavior [ RunTime:0.000020s ]
INFO: [ app_init ] --END-- [ RunTime:0.000401s ]
INFO: [ app_begin ] --START--
INFO: Run Behavior\ReadHtmlCacheBehavior [ RunTime:0.000552s ]
INFO: [ app_begin ] --END-- [ RunTime:0.000648s ]
SQL: SHOW COLUMNS FROM `tp_nav` [ RunTime:0.0007s ]
SQL: SELECT * FROM `tp_nav` WHERE `is_show` = 1 AND `local` = 0 ORDER BY sort  [ RunTime:0.0003s ]
INFO: [ app_end ] --START--
INFO: Run Behavior\ShowPageTraceBehavior [ RunTime:0.000686s ]
INFO: [ app_end ] --END-- [ RunTime:0.000799s ]

[ 2017-01-03T20:38:45+08:00 ] ::1 /Q2/tp1611/index.php/Home/News/news.html
INFO: [ app_init ] --START--
INFO: Run Behavior\BuildLiteBehavior [ RunTime:0.000020s ]
INFO: [ app_init ] --END-- [ RunTime:0.000407s ]
INFO: [ app_begin ] --START--
INFO: Run Behavior\ReadHtmlCacheBehavior [ RunTime:0.000459s ]
INFO: [ app_begin ] --END-- [ RunTime:0.000549s ]
SQL: SHOW COLUMNS FROM `tp_nav` [ RunTime:0.0005s ]
SQL: SELECT * FROM `tp_nav` WHERE `is_show` = 1 AND `local` = 0 ORDER BY sort  [ RunTime:0.0003s ]
INFO: [ view_parse ] --START--
INFO: [ template_filter ] --START--
INFO: Run Behavior\ContentReplaceBehavior [ RunTime:0.000103s ]
INFO: [ template_filter ] --END-- [ RunTime:0.000202s ]
NOTIC: [8] Undefined index: tp1611_user E:\demo\Q2\tp1611\Application\Runtime\Cache\Home\6be51b3900cccae2c73119baf20891ff.php 第 170 行.
NOTIC: [8] Use of undefined constant logout - assumed 'logout' E:\demo\Q2\tp1611\Application\Runtime\Cache\Home\6be51b3900cccae2c73119baf20891ff.php 第 181 行.
INFO: Run Behavior\ParseTemplateBehavior [ RunTime:0.030092s ]
INFO: [ view_parse ] --END-- [ RunTime:0.030196s ]
INFO: [ view_filter ] --START--
INFO: Run Behavior\WriteHtmlCacheBehavior [ RunTime:0.000324s ]
INFO: [ view_filter ] --END-- [ RunTime:0.000419s ]
INFO: [ app_end ] --START--
INFO: Run Behavior\ShowPageTraceBehavior [ RunTime:0.000557s ]
INFO: [ app_end ] --END-- [ RunTime:0.000648s ]

[ 2017-01-03T20:38:52+08:00 ] ::1 /Q2/tp1611/index.php/Home/News/news_detail.html
INFO: [ app_init ] --START--
INFO: Run Behavior\BuildLiteBehavior [ RunTime:0.000024s ]
INFO: [ app_init ] --END-- [ RunTime:0.000470s ]
INFO: [ app_begin ] --START--
INFO: Run Behavior\ReadHtmlCacheBehavior [ RunTime:0.000522s ]
INFO: [ app_begin ] --END-- [ RunTime:0.000635s ]
SQL: SHOW COLUMNS FROM `tp_nav` [ RunTime:0.0008s ]
SQL: SELECT * FROM `tp_nav` WHERE `is_show` = 1 AND `local` = 0 ORDER BY sort  [ RunTime:0.0003s ]
INFO: [ view_parse ] --START--
INFO: [ template_filter ] --START--
INFO: Run Behavior\ContentReplaceBehavior [ RunTime:0.000108s ]
INFO: [ template_filter ] --END-- [ RunTime:0.000217s ]
NOTIC: [8] Undefined index: tp1611_user E:\demo\Q2\tp1611\Application\Runtime\Cache\Home\1dc3206bbdd4c68e37cbcf3931d1c39b.php 第 167 行.
NOTIC: [8] Use of undefined constant logout - assumed 'logout' E:\demo\Q2\tp1611\Application\Runtime\Cache\Home\1dc3206bbdd4c68e37cbcf3931d1c39b.php 第 178 行.
INFO: Run Behavior\ParseTemplateBehavior [ RunTime:0.027330s ]
INFO: [ view_parse ] --END-- [ RunTime:0.027438s ]
INFO: [ view_filter ] --START--
INFO: Run Behavior\WriteHtmlCacheBehavior [ RunTime:0.000436s ]
INFO: [ view_filter ] --END-- [ RunTime:0.000536s ]
INFO: [ app_end ] --START--
INFO: Run Behavior\ShowPageTraceBehavior [ RunTime:0.000535s ]
INFO: [ app_end ] --END-- [ RunTime:0.000644s ]

[ 2017-01-03T20:43:05+08:00 ] ::1 /Q2/tp1611/index.php/Home/Brand/introduction.html
INFO: [ app_init ] --START--
INFO: Run Behavior\BuildLiteBehavior [ RunTime:0.000022s ]
INFO: [ app_init ] --END-- [ RunTime:0.000508s ]
INFO: [ app_begin ] --START--
INFO: Run Behavior\ReadHtmlCacheBehavior [ RunTime:0.000583s ]
INFO: [ app_begin ] --END-- [ RunTime:0.000693s ]
SQL: SHOW COLUMNS FROM `tp_nav` [ RunTime:0.0007s ]
SQL: SELECT * FROM `tp_nav` WHERE `is_show` = 1 AND `local` = 0 ORDER BY sort  [ RunTime:0.0003s ]
INFO: [ view_parse ] --START--
INFO: [ template_filter ] --START--
INFO: Run Behavior\ContentReplaceBehavior [ RunTime:0.000084s ]
INFO: [ template_filter ] --END-- [ RunTime:0.000168s ]
NOTIC: [8] Undefined index: tp1611_user E:\demo\Q2\tp1611\Application\Runtime\Cache\Home\69aca3bf794dc2551c8f5ef9f0335ea6.php 第 105 行.
NOTIC: [8] Use of undefined constant logout - assumed 'logout' E:\demo\Q2\tp1611\Application\Runtime\Cache\Home\69aca3bf794dc2551c8f5ef9f0335ea6.php 第 116 行.
INFO: Run Behavior\ParseTemplateBehavior [ RunTime:0.008817s ]
INFO: [ view_parse ] --END-- [ RunTime:0.008908s ]
INFO: [ view_filter ] --START--
INFO: Run Behavior\WriteHtmlCacheBehavior [ RunTime:0.000465s ]
INFO: [ view_filter ] --END-- [ RunTime:0.000551s ]
INFO: [ app_end ] --START--
INFO: Run Behavior\ShowPageTraceBehavior [ RunTime:0.000530s ]
INFO: [ app_end ] --END-- [ RunTime:0.000621s ]

[ 2017-01-03T20:43:55+08:00 ] ::1 /Q2/tp1611/index.php/Home/Brand/introduction.html
INFO: [ app_init ] --START--
INFO: Run Behavior\BuildLiteBehavior [ RunTime:0.000036s ]
INFO: [ app_init ] --END-- [ RunTime:0.000796s ]
INFO: [ app_begin ] --START--
INFO: Run Behavior\ReadHtmlCacheBehavior [ RunTime:0.000893s ]
INFO: [ app_begin ] --END-- [ RunTime:0.001060s ]
SQL: SHOW COLUMNS FROM `tp_nav` [ RunTime:0.0009s ]
SQL: SELECT * FROM `tp_nav` WHERE `is_show` = 1 AND `local` = 0 ORDER BY sort  [ RunTime:0.0003s ]
INFO: [ view_parse ] --START--
INFO: [ template_filter ] --START--
INFO: Run Behavior\ContentReplaceBehavior [ RunTime:0.000089s ]
INFO: [ template_filter ] --END-- [ RunTime:0.000184s ]
NOTIC: [8] Undefined index: tp1611_user E:\demo\Q2\tp1611\Application\Runtime\Cache\Home\69aca3bf794dc2551c8f5ef9f0335ea6.php 第 105 行.
NOTIC: [8] Use of undefined constant logout - assumed 'logout' E:\demo\Q2\tp1611\Application\Runtime\Cache\Home\69aca3bf794dc2551c8f5ef9f0335ea6.php 第 116 行.
INFO: Run Behavior\ParseTemplateBehavior [ RunTime:0.008753s ]
INFO: [ view_parse ] --END-- [ RunTime:0.008850s ]
INFO: [ view_filter ] --START--
INFO: Run Behavior\WriteHtmlCacheBehavior [ RunTime:0.000372s ]
INFO: [ view_filter ] --END-- [ RunTime:0.000456s ]
INFO: [ app_end ] --START--
INFO: Run Behavior\ShowPageTraceBehavior [ RunTime:0.000505s ]
INFO: [ app_end ] --END-- [ RunTime:0.000589s ]

[ 2017-01-03T20:44:00+08:00 ] ::1 /Q2/tp1611/index.php/Home/News/news.html
INFO: [ app_init ] --START--
INFO: Run Behavior\BuildLiteBehavior [ RunTime:0.000022s ]
INFO: [ app_init ] --END-- [ RunTime:0.000449s ]
INFO: [ app_begin ] --START--
INFO: Run Behavior\ReadHtmlCacheBehavior [ RunTime:0.000488s ]
INFO: [ app_begin ] --END-- [ RunTime:0.000587s ]
SQL: SHOW COLUMNS FROM `tp_nav` [ RunTime:0.0008s ]
SQL: SELECT * FROM `tp_nav` WHERE `is_show` = 1 AND `local` = 0 ORDER BY sort  [ RunTime:0.0003s ]
INFO: [ view_parse ] --START--
INFO: [ template_filter ] --START--
INFO: Run Behavior\ContentReplaceBehavior [ RunTime:0.000105s ]
INFO: [ template_filter ] --END-- [ RunTime:0.000202s ]
NOTIC: [8] Undefined index: tp1611_user E:\demo\Q2\tp1611\Application\Runtime\Cache\Home\6be51b3900cccae2c73119baf20891ff.php 第 170 行.
NOTIC: [8] Use of undefined constant logout - assumed 'logout' E:\demo\Q2\tp1611\Application\Runtime\Cache\Home\6be51b3900cccae2c73119baf20891ff.php 第 181 行.
INFO: Run Behavior\ParseTemplateBehavior [ RunTime:0.009876s ]
INFO: [ view_parse ] --END-- [ RunTime:0.009976s ]
INFO: [ view_filter ] --START--
INFO: Run Behavior\WriteHtmlCacheBehavior [ RunTime:0.000398s ]
INFO: [ view_filter ] --END-- [ RunTime:0.000486s ]
INFO: [ app_end ] --START--
INFO: Run Behavior\ShowPageTraceBehavior [ RunTime:0.000505s ]
INFO: [ app_end ] --END-- [ RunTime:0.000595s ]

[ 2017-01-03T20:44:04+08:00 ] ::1 /Q2/tp1611/index.php/Home/News/news_detail.html
INFO: [ app_init ] --START--
INFO: Run Behavior\BuildLiteBehavior [ RunTime:0.000021s ]
INFO: [ app_init ] --END-- [ RunTime:0.000452s ]
INFO: [ app_begin ] --START--
INFO: Run Behavior\ReadHtmlCacheBehavior [ RunTime:0.000487s ]
INFO: [ app_begin ] --END-- [ RunTime:0.000589s ]
SQL: SHOW COLUMNS FROM `tp_nav` [ RunTime:0.0010s ]
SQL: SELECT * FROM `tp_nav` WHERE `is_show` = 1 AND `local` = 0 ORDER BY sort  [ RunTime:0.0003s ]
INFO: [ view_parse ] --START--
INFO: [ template_filter ] --START--
INFO: Run Behavior\ContentReplaceBehavior [ RunTime:0.000092s ]
INFO: [ template_filter ] --END-- [ RunTime:0.000177s ]
NOTIC: [8] Undefined index: tp1611_user E:\demo\Q2\tp1611\Application\Runtime\Cache\Home\1dc3206bbdd4c68e37cbcf3931d1c39b.php 第 167 行.
NOTIC: [8] Use of undefined constant logout - assumed 'logout' E:\demo\Q2\tp1611\Application\Runtime\Cache\Home\1dc3206bbdd4c68e37cbcf3931d1c39b.php 第 178 行.
INFO: Run Behavior\ParseTemplateBehavior [ RunTime:0.008037s ]
INFO: [ view_parse ] --END-- [ RunTime:0.008124s ]
INFO: [ view_filter ] --START--
INFO: Run Behavior\WriteHtmlCacheBehavior [ RunTime:0.000311s ]
INFO: [ view_filter ] --END-- [ RunTime:0.000393s ]
INFO: [ app_end ] --START--
INFO: Run Behavior\ShowPageTraceBehavior [ RunTime:0.000490s ]
INFO: [ app_end ] --END-- [ RunTime:0.000589s ]

[ 2017-01-03T20:44:14+08:00 ] ::1 /Q2/tp1611/index.php/Home/News/news_detail.html
INFO: [ app_init ] --START--
INFO: Run Behavior\BuildLiteBehavior [ RunTime:0.000037s ]
INFO: [ app_init ] --END-- [ RunTime:0.000697s ]
INFO: [ app_begin ] --START--
INFO: Run Behavior\ReadHtmlCacheBehavior [ RunTime:0.000759s ]
INFO: [ app_begin ] --END-- [ RunTime:0.000939s ]
SQL: SHOW COLUMNS FROM `tp_nav` [ RunTime:0.0009s ]
SQL: SELECT * FROM `tp_nav` WHERE `is_show` = 1 AND `local` = 0 ORDER BY sort  [ RunTime:0.0007s ]
INFO: [ view_parse ] --START--
INFO: [ template_filter ] --START--
INFO: Run Behavior\ContentReplaceBehavior [ RunTime:0.000122s ]
INFO: [ template_filter ] --END-- [ RunTime:0.000248s ]
NOTIC: [8] Undefined index: tp1611_user E:\demo\Q2\tp1611\Application\Runtime\Cache\Home\1dc3206bbdd4c68e37cbcf3931d1c39b.php 第 167 行.
NOTIC: [8] Use of undefined constant logout - assumed 'logout' E:\demo\Q2\tp1611\Application\Runtime\Cache\Home\1dc3206bbdd4c68e37cbcf3931d1c39b.php 第 178 行.
INFO: Run Behavior\ParseTemplateBehavior [ RunTime:0.010857s ]
INFO: [ view_parse ] --END-- [ RunTime:0.010994s ]
INFO: [ view_filter ] --START--
INFO: Run Behavior\WriteHtmlCacheBehavior [ RunTime:0.000342s ]
INFO: [ view_filter ] --END-- [ RunTime:0.000427s ]
INFO: [ app_end ] --START--
INFO: Run Behavior\ShowPageTraceBehavior [ RunTime:0.000444s ]
INFO: [ app_end ] --END-- [ RunTime:0.000541s ]

[ 2017-01-03T20:51:06+08:00 ] ::1 /Q2/tp1611/index.php/Home/Product/product.html
INFO: [ app_init ] --START--
INFO: Run Behavior\BuildLiteBehavior [ RunTime:0.000033s ]
INFO: [ app_init ] --END-- [ RunTime:0.000461s ]
INFO: [ app_begin ] --START--
INFO: Run Behavior\ReadHtmlCacheBehavior [ RunTime:0.000511s ]
INFO: [ app_begin ] --END-- [ RunTime:0.000605s ]
SQL: SHOW COLUMNS FROM `tp_nav` [ RunTime:0.0006s ]
SQL: SELECT * FROM `tp_nav` WHERE `is_show` = 1 AND `local` = 0 ORDER BY sort  [ RunTime:0.0003s ]
INFO: [ view_parse ] --START--
INFO: [ template_filter ] --START--
INFO: Run Behavior\ContentReplaceBehavior [ RunTime:0.000107s ]
INFO: [ template_filter ] --END-- [ RunTime:0.000212s ]
NOTIC: [8] Undefined index: tp1611_user E:\demo\Q2\tp1611\Application\Runtime\Cache\Home\5b87b1808583e75413168b00f7d913de.php 第 195 行.
NOTIC: [8] Use of undefined constant logout - assumed 'logout' E:\demo\Q2\tp1611\Application\Runtime\Cache\Home\5b87b1808583e75413168b00f7d913de.php 第 206 行.
INFO: Run Behavior\ParseTemplateBehavior [ RunTime:0.029807s ]
INFO: [ view_parse ] --END-- [ RunTime:0.029899s ]
INFO: [ view_filter ] --START--
INFO: Run Behavior\WriteHtmlCacheBehavior [ RunTime:0.000390s ]
INFO: [ view_filter ] --END-- [ RunTime:0.000472s ]
INFO: [ app_end ] --START--
INFO: Run Behavior\ShowPageTraceBehavior [ RunTime:0.000528s ]
INFO: [ app_end ] --END-- [ RunTime:0.000646s ]

[ 2017-01-03T20:51:22+08:00 ] ::1 /Q2/tp1611/index.php/Home/Product/product_detail.html
INFO: [ app_init ] --START--
INFO: Run Behavior\BuildLiteBehavior [ RunTime:0.000021s ]
INFO: [ app_init ] --END-- [ RunTime:0.000483s ]
INFO: [ app_begin ] --START--
INFO: Run Behavior\ReadHtmlCacheBehavior [ RunTime:0.000527s ]
INFO: [ app_begin ] --END-- [ RunTime:0.000617s ]
SQL: SHOW COLUMNS FROM `tp_nav` [ RunTime:0.0006s ]
SQL: SELECT * FROM `tp_nav` WHERE `is_show` = 1 AND `local` = 0 ORDER BY sort  [ RunTime:0.0003s ]
INFO: [ view_parse ] --START--
INFO: [ template_filter ] --START--
INFO: Run Behavior\ContentReplaceBehavior [ RunTime:0.000105s ]
INFO: [ template_filter ] --END-- [ RunTime:0.000201s ]
NOTIC: [8] Undefined index: tp1611_user E:\demo\Q2\tp1611\Application\Runtime\Cache\Home\39296edb39ade693c2160c21f7646aeb.php 第 192 行.
NOTIC: [8] Use of undefined constant logout - assumed 'logout' E:\demo\Q2\tp1611\Application\Runtime\Cache\Home\39296edb39ade693c2160c21f7646aeb.php 第 203 行.
INFO: Run Behavior\ParseTemplateBehavior [ RunTime:0.010389s ]
INFO: [ view_parse ] --END-- [ RunTime:0.010492s ]
INFO: [ view_filter ] --START--
INFO: Run Behavior\WriteHtmlCacheBehavior [ RunTime:0.000502s ]
INFO: [ view_filter ] --END-- [ RunTime:0.000588s ]
INFO: [ app_end ] --START--
INFO: Run Behavior\ShowPageTraceBehavior [ RunTime:0.000550s ]
INFO: [ app_end ] --END-- [ RunTime:0.000646s ]

[ 2017-01-03T20:52:18+08:00 ] ::1 /Q2/tp1611/index.php/Home/Product/product_detail.html
INFO: [ app_init ] --START--
INFO: Run Behavior\BuildLiteBehavior [ RunTime:0.000020s ]
INFO: [ app_init ] --END-- [ RunTime:0.000411s ]
INFO: [ app_begin ] --START--
INFO: Run Behavior\ReadHtmlCacheBehavior [ RunTime:0.000417s ]
INFO: [ app_begin ] --END-- [ RunTime:0.000517s ]
SQL: SHOW COLUMNS FROM `tp_nav` [ RunTime:0.0006s ]
SQL: SELECT * FROM `tp_nav` WHERE `is_show` = 1 AND `local` = 0 ORDER BY sort  [ RunTime:0.0003s ]
INFO: [ view_parse ] --START--
INFO: [ template_filter ] --START--
INFO: Run Behavior\ContentReplaceBehavior [ RunTime:0.000107s ]
INFO: [ template_filter ] --END-- [ RunTime:0.000212s ]
NOTIC: [8] Undefined index: tp1611_user E:\demo\Q2\tp1611\Application\Runtime\Cache\Home\39296edb39ade693c2160c21f7646aeb.php 第 192 行.
NOTIC: [8] Use of undefined constant logout - assumed 'logout' E:\demo\Q2\tp1611\Application\Runtime\Cache\Home\39296edb39ade693c2160c21f7646aeb.php 第 203 行.
INFO: Run Behavior\ParseTemplateBehavior [ RunTime:0.010057s ]
INFO: [ view_parse ] --END-- [ RunTime:0.010203s ]
INFO: [ view_filter ] --START--
INFO: Run Behavior\WriteHtmlCacheBehavior [ RunTime:0.000975s ]
INFO: [ view_filter ] --END-- [ RunTime:0.001182s ]
INFO: [ app_end ] --START--
INFO: Run Behavior\ShowPageTraceBehavior [ RunTime:0.001021s ]
INFO: [ app_end ] --END-- [ RunTime:0.001237s ]

[ 2017-01-03T20:52:44+08:00 ] ::1 /Q2/tp1611/index.php/Home/Brand/introduction.html
INFO: [ app_init ] --START--
INFO: Run Behavior\BuildLiteBehavior [ RunTime:0.000024s ]
INFO: [ app_init ] --END-- [ RunTime:0.000434s ]
INFO: [ app_begin ] --START--
INFO: Run Behavior\ReadHtmlCacheBehavior [ RunTime:0.000626s ]
INFO: [ app_begin ] --END-- [ RunTime:0.000724s ]
SQL: SHOW COLUMNS FROM `tp_nav` [ RunTime:0.0006s ]
SQL: SELECT * FROM `tp_nav` WHERE `is_show` = 1 AND `local` = 0 ORDER BY sort  [ RunTime:0.0003s ]
INFO: [ view_parse ] --START--
INFO: [ template_filter ] --START--
INFO: Run Behavior\ContentReplaceBehavior [ RunTime:0.000088s ]
INFO: [ template_filter ] --END-- [ RunTime:0.000199s ]
NOTIC: [8] Undefined index: tp1611_user E:\demo\Q2\tp1611\Application\Runtime\Cache\Home\69aca3bf794dc2551c8f5ef9f0335ea6.php 第 105 行.
NOTIC: [8] Use of undefined constant logout - assumed 'logout' E:\demo\Q2\tp1611\Application\Runtime\Cache\Home\69aca3bf794dc2551c8f5ef9f0335ea6.php 第 116 行.
INFO: Run Behavior\ParseTemplateBehavior [ RunTime:0.009631s ]
INFO: [ view_parse ] --END-- [ RunTime:0.009816s ]
INFO: [ view_filter ] --START--
INFO: Run Behavior\WriteHtmlCacheBehavior [ RunTime:0.001600s ]
INFO: [ view_filter ] --END-- [ RunTime:0.001815s ]
INFO: [ app_end ] --START--
INFO: Run Behavior\ShowPageTraceBehavior [ RunTime:0.001259s ]
INFO: [ app_end ] --END-- [ RunTime:0.001380s ]

[ 2017-01-03T20:53:12+08:00 ] ::1 /Q2/tp1611/index.php/Home/Contact/contact.html
INFO: [ app_init ] --START--
INFO: Run Behavior\BuildLiteBehavior [ RunTime:0.000021s ]
INFO: [ app_init ] --END-- [ RunTime:0.000452s ]
INFO: [ app_begin ] --START--
INFO: Run Behavior\ReadHtmlCacheBehavior [ RunTime:0.000529s ]
INFO: [ app_begin ] --END-- [ RunTime:0.000641s ]
SQL: SHOW COLUMNS FROM `tp_nav` [ RunTime:0.0006s ]
SQL: SELECT * FROM `tp_nav` WHERE `is_show` = 1 AND `local` = 0 ORDER BY sort  [ RunTime:0.0003s ]
INFO: [ view_parse ] --START--
INFO: [ template_filter ] --START--
INFO: Run Behavior\ContentReplaceBehavior [ RunTime:0.000090s ]
INFO: [ template_filter ] --END-- [ RunTime:0.000187s ]
NOTIC: [8] Undefined index: tp1611_user E:\demo\Q2\tp1611\Application\Runtime\Cache\Home\eb2e5548204b43da1a4358751a3a2cb1.php 第 124 行.
NOTIC: [8] Use of undefined constant logout - assumed 'logout' E:\demo\Q2\tp1611\Application\Runtime\Cache\Home\eb2e5548204b43da1a4358751a3a2cb1.php 第 135 行.
INFO: Run Behavior\ParseTemplateBehavior [ RunTime:0.009337s ]
INFO: [ view_parse ] --END-- [ RunTime:0.009534s ]
INFO: [ view_filter ] --START--
INFO: Run Behavior\WriteHtmlCacheBehavior [ RunTime:0.000628s ]
INFO: [ view_filter ] --END-- [ RunTime:0.000731s ]
INFO: [ app_end ] --START--
INFO: Run Behavior\ShowPageTraceBehavior [ RunTime:0.000624s ]
INFO: [ app_end ] --END-- [ RunTime:0.000749s ]

[ 2017-01-03T20:54:50+08:00 ] ::1 /Q2/tp1611/index.php/Home/Product/product.html
INFO: [ app_init ] --START--
INFO: Run Behavior\BuildLiteBehavior [ RunTime:0.000024s ]
INFO: [ app_init ] --END-- [ RunTime:0.000528s ]
INFO: [ app_begin ] --START--
INFO: Run Behavior\ReadHtmlCacheBehavior [ RunTime:0.000593s ]
INFO: [ app_begin ] --END-- [ RunTime:0.000711s ]
SQL: SHOW COLUMNS FROM `tp_nav` [ RunTime:0.0005s ]
SQL: SELECT * FROM `tp_nav` WHERE `is_show` = 1 AND `local` = 0 ORDER BY sort  [ RunTime:0.0003s ]
INFO: [ view_parse ] --START--
INFO: [ template_filter ] --START--
INFO: Run Behavior\ContentReplaceBehavior [ RunTime:0.000104s ]
INFO: [ template_filter ] --END-- [ RunTime:0.000204s ]
NOTIC: [8] Undefined index: tp1611_user E:\demo\Q2\tp1611\Application\Runtime\Cache\Home\5b87b1808583e75413168b00f7d913de.php 第 195 行.
NOTIC: [8] Use of undefined constant logout - assumed 'logout' E:\demo\Q2\tp1611\Application\Runtime\Cache\Home\5b87b1808583e75413168b00f7d913de.php 第 206 行.
INFO: Run Behavior\ParseTemplateBehavior [ RunTime:0.012112s ]
INFO: [ view_parse ] --END-- [ RunTime:0.012290s ]
INFO: [ view_filter ] --START--
INFO: Run Behavior\WriteHtmlCacheBehavior [ RunTime:0.000607s ]
INFO: [ view_filter ] --END-- [ RunTime:0.000730s ]
INFO: [ app_end ] --START--
INFO: Run Behavior\ShowPageTraceBehavior [ RunTime:0.000624s ]
INFO: [ app_end ] --END-- [ RunTime:0.000727s ]

[ 2017-01-03T20:55:28+08:00 ] ::1 /Q2/tp1611/index.php/Home/Contact/contact.html
INFO: [ app_init ] --START--
INFO: Run Behavior\BuildLiteBehavior [ RunTime:0.000022s ]
INFO: [ app_init ] --END-- [ RunTime:0.000477s ]
INFO: [ app_begin ] --START--
INFO: Run Behavior\ReadHtmlCacheBehavior [ RunTime:0.000539s ]
INFO: [ app_begin ] --END-- [ RunTime:0.000633s ]
SQL: SHOW COLUMNS FROM `tp_nav` [ RunTime:0.0011s ]
SQL: SELECT * FROM `tp_nav` WHERE `is_show` = 1 AND `local` = 0 ORDER BY sort  [ RunTime:0.0003s ]
INFO: [ view_parse ] --START--
INFO: [ template_filter ] --START--
INFO: Run Behavior\ContentReplaceBehavior [ RunTime:0.000087s ]
INFO: [ template_filter ] --END-- [ RunTime:0.000188s ]
NOTIC: [8] Undefined index: tp1611_user E:\demo\Q2\tp1611\Application\Runtime\Cache\Home\eb2e5548204b43da1a4358751a3a2cb1.php 第 124 行.
NOTIC: [8] Use of undefined constant logout - assumed 'logout' E:\demo\Q2\tp1611\Application\Runtime\Cache\Home\eb2e5548204b43da1a4358751a3a2cb1.php 第 135 行.
INFO: Run Behavior\ParseTemplateBehavior [ RunTime:0.008871s ]
INFO: [ view_parse ] --END-- [ RunTime:0.008970s ]
INFO: [ view_filter ] --START--
INFO: Run Behavior\WriteHtmlCacheBehavior [ RunTime:0.000406s ]
INFO: [ view_filter ] --END-- [ RunTime:0.000496s ]
INFO: [ app_end ] --START--
INFO: Run Behavior\ShowPageTraceBehavior [ RunTime:0.000450s ]
INFO: [ app_end ] --END-- [ RunTime:0.000534s ]

[ 2017-01-03T20:57:11+08:00 ] ::1 /Q2/tp1611/index.php/Home/News/news.html
INFO: [ app_init ] --START--
INFO: Run Behavior\BuildLiteBehavior [ RunTime:0.000022s ]
INFO: [ app_init ] --END-- [ RunTime:0.000457s ]
INFO: [ app_begin ] --START--
INFO: Run Behavior\ReadHtmlCacheBehavior [ RunTime:0.000547s ]
INFO: [ app_begin ] --END-- [ RunTime:0.000652s ]
SQL: SHOW COLUMNS FROM `tp_nav` [ RunTime:0.0013s ]
SQL: SELECT * FROM `tp_nav` WHERE `is_show` = 1 AND `local` = 0 ORDER BY sort  [ RunTime:0.0003s ]
INFO: [ view_parse ] --START--
INFO: [ template_filter ] --START--
INFO: Run Behavior\ContentReplaceBehavior [ RunTime:0.000263s ]
INFO: [ template_filter ] --END-- [ RunTime:0.000811s ]
NOTIC: [8] Undefined index: tp1611_user E:\demo\Q2\tp1611\Application\Runtime\Cache\Home\6be51b3900cccae2c73119baf20891ff.php 第 170 行.
NOTIC: [8] Use of undefined constant logout - assumed 'logout' E:\demo\Q2\tp1611\Application\Runtime\Cache\Home\6be51b3900cccae2c73119baf20891ff.php 第 181 行.
INFO: Run Behavior\ParseTemplateBehavior [ RunTime:0.012524s ]
INFO: [ view_parse ] --END-- [ RunTime:0.012622s ]
INFO: [ view_filter ] --START--
INFO: Run Behavior\WriteHtmlCacheBehavior [ RunTime:0.000458s ]
INFO: [ view_filter ] --END-- [ RunTime:0.000544s ]
INFO: [ app_end ] --START--
INFO: Run Behavior\ShowPageTraceBehavior [ RunTime:0.000668s ]
INFO: [ app_end ] --END-- [ RunTime:0.000759s ]

[ 2017-01-03T20:58:01+08:00 ] ::1 /Q2/tp1611/index.php/Home/News/news_detail.html
INFO: [ app_init ] --START--
INFO: Run Behavior\BuildLiteBehavior [ RunTime:0.000020s ]
INFO: [ app_init ] --END-- [ RunTime:0.000442s ]
INFO: [ app_begin ] --START--
INFO: Run Behavior\ReadHtmlCacheBehavior [ RunTime:0.000534s ]
INFO: [ app_begin ] --END-- [ RunTime:0.000630s ]
SQL: SHOW COLUMNS FROM `tp_nav` [ RunTime:0.0009s ]
SQL: SELECT * FROM `tp_nav` WHERE `is_show` = 1 AND `local` = 0 ORDER BY sort  [ RunTime:0.0003s ]
INFO: [ view_parse ] --START--
INFO: [ template_filter ] --START--
INFO: Run Behavior\ContentReplaceBehavior [ RunTime:0.000096s ]
INFO: [ template_filter ] --END-- [ RunTime:0.000193s ]
NOTIC: [8] Undefined index: tp1611_user E:\demo\Q2\tp1611\Application\Runtime\Cache\Home\1dc3206bbdd4c68e37cbcf3931d1c39b.php 第 167 行.
NOTIC: [8] Use of undefined constant logout - assumed 'logout' E:\demo\Q2\tp1611\Application\Runtime\Cache\Home\1dc3206bbdd4c68e37cbcf3931d1c39b.php 第 178 行.
INFO: Run Behavior\ParseTemplateBehavior [ RunTime:0.009488s ]
INFO: [ view_parse ] --END-- [ RunTime:0.009678s ]
INFO: [ view_filter ] --START--
INFO: Run Behavior\WriteHtmlCacheBehavior [ RunTime:0.001015s ]
INFO: [ view_filter ] --END-- [ RunTime:0.001212s ]
INFO: [ app_end ] --START--
INFO: Run Behavior\ShowPageTraceBehavior [ RunTime:0.001588s ]
INFO: [ app_end ] --END-- [ RunTime:0.001773s ]

[ 2017-01-03T21:03:05+08:00 ] ::1 /Q2/tp1611/index.php/Home/News/news_detail.html
INFO: [ app_init ] --START--
INFO: Run Behavior\BuildLiteBehavior [ RunTime:0.000021s ]
INFO: [ app_init ] --END-- [ RunTime:0.000443s ]
INFO: [ app_begin ] --START--
INFO: Run Behavior\ReadHtmlCacheBehavior [ RunTime:0.000657s ]
INFO: [ app_begin ] --END-- [ RunTime:0.000755s ]
SQL: SHOW COLUMNS FROM `tp_nav` [ RunTime:0.0006s ]
SQL: SELECT * FROM `tp_nav` WHERE `is_show` = 1 AND `local` = 0 ORDER BY sort  [ RunTime:0.0003s ]
INFO: [ view_parse ] --START--
INFO: [ template_filter ] --START--
INFO: Run Behavior\ContentReplaceBehavior [ RunTime:0.000126s ]
INFO: [ template_filter ] --END-- [ RunTime:0.000420s ]
NOTIC: [8] Undefined index: tp1611_user E:\demo\Q2\tp1611\Application\Runtime\Cache\Home\1dc3206bbdd4c68e37cbcf3931d1c39b.php 第 167 行.
NOTIC: [8] Use of undefined constant logout - assumed 'logout' E:\demo\Q2\tp1611\Application\Runtime\Cache\Home\1dc3206bbdd4c68e37cbcf3931d1c39b.php 第 178 行.
INFO: Run Behavior\ParseTemplateBehavior [ RunTime:0.010761s ]
INFO: [ view_parse ] --END-- [ RunTime:0.010855s ]
INFO: [ view_filter ] --START--
INFO: Run Behavior\WriteHtmlCacheBehavior [ RunTime:0.000521s ]
INFO: [ view_filter ] --END-- [ RunTime:0.000605s ]
INFO: [ app_end ] --START--
INFO: Run Behavior\ShowPageTraceBehavior [ RunTime:0.000627s ]
INFO: [ app_end ] --END-- [ RunTime:0.000719s ]

[ 2017-01-03T21:28:20+08:00 ] ::1 /Q2/tp1611/index.php/Home/News/news.html
INFO: [ app_init ] --START--
INFO: Run Behavior\BuildLiteBehavior [ RunTime:0.000022s ]
INFO: [ app_init ] --END-- [ RunTime:0.000493s ]
INFO: [ app_begin ] --START--
INFO: Run Behavior\ReadHtmlCacheBehavior [ RunTime:0.000679s ]
INFO: [ app_begin ] --END-- [ RunTime:0.000798s ]
SQL: SHOW COLUMNS FROM `tp_nav` [ RunTime:0.0010s ]
SQL: SELECT * FROM `tp_nav` WHERE `is_show` = 1 AND `local` = 0 ORDER BY sort  [ RunTime:0.0003s ]
INFO: [ view_parse ] --START--
INFO: [ template_filter ] --START--
INFO: Run Behavior\ContentReplaceBehavior [ RunTime:0.000132s ]
INFO: [ template_filter ] --END-- [ RunTime:0.000237s ]
NOTIC: [8] Undefined index: tp1611_user E:\demo\Q2\tp1611\Application\Runtime\Cache\Home\6be51b3900cccae2c73119baf20891ff.php 第 170 行.
NOTIC: [8] Use of undefined constant logout - assumed 'logout' E:\demo\Q2\tp1611\Application\Runtime\Cache\Home\6be51b3900cccae2c73119baf20891ff.php 第 181 行.
INFO: Run Behavior\ParseTemplateBehavior [ RunTime:0.010659s ]
INFO: [ view_parse ] --END-- [ RunTime:0.010758s ]
INFO: [ view_filter ] --START--
INFO: Run Behavior\WriteHtmlCacheBehavior [ RunTime:0.000479s ]
INFO: [ view_filter ] --END-- [ RunTime:0.000567s ]
INFO: [ app_end ] --START--
INFO: Run Behavior\ShowPageTraceBehavior [ RunTime:0.000633s ]
INFO: [ app_end ] --END-- [ RunTime:0.000740s ]

[ 2017-01-03T21:29:42+08:00 ] ::1 /Q2/tp1611/index.php/Home/News/news_detail.html
INFO: [ app_init ] --START--
INFO: Run Behavior\BuildLiteBehavior [ RunTime:0.000036s ]
INFO: [ app_init ] --END-- [ RunTime:0.000844s ]
INFO: [ app_begin ] --START--
INFO: Run Behavior\ReadHtmlCacheBehavior [ RunTime:0.000686s ]
INFO: [ app_begin ] --END-- [ RunTime:0.000789s ]
SQL: SHOW COLUMNS FROM `tp_nav` [ RunTime:0.0005s ]
SQL: SELECT * FROM `tp_nav` WHERE `is_show` = 1 AND `local` = 0 ORDER BY sort  [ RunTime:0.0003s ]
INFO: [ view_parse ] --START--
INFO: [ template_filter ] --START--
INFO: Run Behavior\ContentReplaceBehavior [ RunTime:0.000104s ]
INFO: [ template_filter ] --END-- [ RunTime:0.000244s ]
NOTIC: [8] Undefined index: tp1611_user E:\demo\Q2\tp1611\Application\Runtime\Cache\Home\1dc3206bbdd4c68e37cbcf3931d1c39b.php 第 167 行.
NOTIC: [8] Use of undefined constant logout - assumed 'logout' E:\demo\Q2\tp1611\Application\Runtime\Cache\Home\1dc3206bbdd4c68e37cbcf3931d1c39b.php 第 178 行.
INFO: Run Behavior\ParseTemplateBehavior [ RunTime:0.010896s ]
INFO: [ view_parse ] --END-- [ RunTime:0.010997s ]
INFO: [ view_filter ] --START--
INFO: Run Behavior\WriteHtmlCacheBehavior [ RunTime:0.000489s ]
INFO: [ view_filter ] --END-- [ RunTime:0.000580s ]
INFO: [ app_end ] --START--
INFO: Run Behavior\ShowPageTraceBehavior [ RunTime:0.000591s ]
INFO: [ app_end ] --END-- [ RunTime:0.000683s ]

[ 2017-01-03T21:41:04+08:00 ] ::1 /Q2/tp1611/index.php/Home/Product/product.html
INFO: [ app_init ] --START--
INFO: Run Behavior\BuildLiteBehavior [ RunTime:0.000022s ]
INFO: [ app_init ] --END-- [ RunTime:0.000541s ]
INFO: [ app_begin ] --START--
INFO: Run Behavior\ReadHtmlCacheBehavior [ RunTime:0.000679s ]
INFO: [ app_begin ] --END-- [ RunTime:0.000779s ]
SQL: SHOW COLUMNS FROM `tp_nav` [ RunTime:0.0009s ]
SQL: SELECT * FROM `tp_nav` WHERE `is_show` = 1 AND `local` = 0 ORDER BY sort  [ RunTime:0.0007s ]
INFO: [ view_parse ] --START--
INFO: [ template_filter ] --START--
INFO: Run Behavior\ContentReplaceBehavior [ RunTime:0.000111s ]
INFO: [ template_filter ] --END-- [ RunTime:0.000225s ]
NOTIC: [8] Undefined index: tp1611_user E:\demo\Q2\tp1611\Application\Runtime\Cache\Home\5b87b1808583e75413168b00f7d913de.php 第 195 行.
NOTIC: [8] Use of undefined constant logout - assumed 'logout' E:\demo\Q2\tp1611\Application\Runtime\Cache\Home\5b87b1808583e75413168b00f7d913de.php 第 206 行.
INFO: Run Behavior\ParseTemplateBehavior [ RunTime:0.013383s ]
INFO: [ view_parse ] --END-- [ RunTime:0.013503s ]
INFO: [ view_filter ] --START--
INFO: Run Behavior\WriteHtmlCacheBehavior [ RunTime:0.000642s ]
INFO: [ view_filter ] --END-- [ RunTime:0.000753s ]
INFO: [ app_end ] --START--
INFO: Run Behavior\ShowPageTraceBehavior [ RunTime:0.000943s ]
INFO: [ app_end ] --END-- [ RunTime:0.001046s ]

[ 2017-01-03T21:41:08+08:00 ] ::1 /Q2/tp1611/index.php/Home/Product/product_detail.html
INFO: [ app_init ] --START--
INFO: Run Behavior\BuildLiteBehavior [ RunTime:0.000021s ]
INFO: [ app_init ] --END-- [ RunTime:0.000557s ]
INFO: [ app_begin ] --START--
INFO: Run Behavior\ReadHtmlCacheBehavior [ RunTime:0.000919s ]
INFO: [ app_begin ] --END-- [ RunTime:0.001065s ]
SQL: SHOW COLUMNS FROM `tp_nav` [ RunTime:0.0005s ]
SQL: SELECT * FROM `tp_nav` WHERE `is_show` = 1 AND `local` = 0 ORDER BY sort  [ RunTime:0.0003s ]
INFO: [ view_parse ] --START--
INFO: [ template_filter ] --START--
INFO: Run Behavior\ContentReplaceBehavior [ RunTime:0.000105s ]
INFO: [ template_filter ] --END-- [ RunTime:0.000202s ]
NOTIC: [8] Undefined index: tp1611_user E:\demo\Q2\tp1611\Application\Runtime\Cache\Home\39296edb39ade693c2160c21f7646aeb.php 第 192 行.
NOTIC: [8] Use of undefined constant logout - assumed 'logout' E:\demo\Q2\tp1611\Application\Runtime\Cache\Home\39296edb39ade693c2160c21f7646aeb.php 第 203 行.
INFO: Run Behavior\ParseTemplateBehavior [ RunTime:0.009680s ]
INFO: [ view_parse ] --END-- [ RunTime:0.009804s ]
INFO: [ view_filter ] --START--
INFO: Run Behavior\WriteHtmlCacheBehavior [ RunTime:0.000652s ]
INFO: [ view_filter ] --END-- [ RunTime:0.000793s ]
INFO: [ app_end ] --START--
INFO: Run Behavior\ShowPageTraceBehavior [ RunTime:0.001817s ]
INFO: [ app_end ] --END-- [ RunTime:0.001954s ]

[ 2017-01-03T21:41:19+08:00 ] ::1 /Q2/tp1611/index.php/Home/Product/confirm_order.html
INFO: [ app_init ] --START--
INFO: Run Behavior\BuildLiteBehavior [ RunTime:0.000020s ]
INFO: [ app_init ] --END-- [ RunTime:0.000432s ]
INFO: [ app_begin ] --START--
INFO: Run Behavior\ReadHtmlCacheBehavior [ RunTime:0.000673s ]
INFO: [ app_begin ] --END-- [ RunTime:0.000775s ]
SQL: SHOW COLUMNS FROM `tp_nav` [ RunTime:0.0010s ]
SQL: SELECT * FROM `tp_nav` WHERE `is_show` = 1 AND `local` = 0 ORDER BY sort  [ RunTime:0.0003s ]
ERR: 非法操作:confirm_order

[ 2017-01-03T21:41:22+08:00 ] ::1 /Q2/tp1611/index.php/Home/Product/product_detail.html
INFO: [ app_init ] --START--
INFO: Run Behavior\BuildLiteBehavior [ RunTime:0.000021s ]
INFO: [ app_init ] --END-- [ RunTime:0.000436s ]
INFO: [ app_begin ] --START--
INFO: Run Behavior\ReadHtmlCacheBehavior [ RunTime:0.000609s ]
INFO: [ app_begin ] --END-- [ RunTime:0.000711s ]
SQL: SHOW COLUMNS FROM `tp_nav` [ RunTime:0.0006s ]
SQL: SELECT * FROM `tp_nav` WHERE `is_show` = 1 AND `local` = 0 ORDER BY sort  [ RunTime:0.0012s ]
INFO: [ view_parse ] --START--
INFO: [ template_filter ] --START--
INFO: Run Behavior\ContentReplaceBehavior [ RunTime:0.000114s ]
INFO: [ template_filter ] --END-- [ RunTime:0.000220s ]
NOTIC: [8] Undefined index: tp1611_user E:\demo\Q2\tp1611\Application\Runtime\Cache\Home\39296edb39ade693c2160c21f7646aeb.php 第 192 行.
NOTIC: [8] Use of undefined constant logout - assumed 'logout' E:\demo\Q2\tp1611\Application\Runtime\Cache\Home\39296edb39ade693c2160c21f7646aeb.php 第 203 行.
INFO: Run Behavior\ParseTemplateBehavior [ RunTime:0.011156s ]
INFO: [ view_parse ] --END-- [ RunTime:0.011273s ]
INFO: [ view_filter ] --START--
INFO: Run Behavior\WriteHtmlCacheBehavior [ RunTime:0.000482s ]
INFO: [ view_filter ] --END-- [ RunTime:0.000580s ]
INFO: [ app_end ] --START--
INFO: Run Behavior\ShowPageTraceBehavior [ RunTime:0.000818s ]
INFO: [ app_end ] --END-- [ RunTime:0.000979s ]

[ 2017-01-03T21:41:23+08:00 ] ::1 /Q2/tp1611/index.php/Home/Product/product.html
INFO: [ app_init ] --START--
INFO: Run Behavior\BuildLiteBehavior [ RunTime:0.000020s ]
INFO: [ app_init ] --END-- [ RunTime:0.000468s ]
INFO: [ app_begin ] --START--
INFO: Run Behavior\ReadHtmlCacheBehavior [ RunTime:0.000613s ]
INFO: [ app_begin ] --END-- [ RunTime:0.000706s ]
SQL: SHOW COLUMNS FROM `tp_nav` [ RunTime:0.0005s ]
SQL: SELECT * FROM `tp_nav` WHERE `is_show` = 1 AND `local` = 0 ORDER BY sort  [ RunTime:0.0002s ]
INFO: [ view_parse ] --START--
INFO: [ template_filter ] --START--
INFO: Run Behavior\ContentReplaceBehavior [ RunTime:0.000114s ]
INFO: [ template_filter ] --END-- [ RunTime:0.000223s ]
NOTIC: [8] Undefined index: tp1611_user E:\demo\Q2\tp1611\Application\Runtime\Cache\Home\5b87b1808583e75413168b00f7d913de.php 第 195 行.
NOTIC: [8] Use of undefined constant logout - assumed 'logout' E:\demo\Q2\tp1611\Application\Runtime\Cache\Home\5b87b1808583e75413168b00f7d913de.php 第 206 行.
INFO: Run Behavior\ParseTemplateBehavior [ RunTime:0.009709s ]
INFO: [ view_parse ] --END-- [ RunTime:0.009801s ]
INFO: [ view_filter ] --START--
INFO: Run Behavior\WriteHtmlCacheBehavior [ RunTime:0.000440s ]
INFO: [ view_filter ] --END-- [ RunTime:0.000525s ]
INFO: [ app_end ] --START--
INFO: Run Behavior\ShowPageTraceBehavior [ RunTime:0.000578s ]
INFO: [ app_end ] --END-- [ RunTime:0.000670s ]

[ 2017-01-03T21:41:25+08:00 ] ::1 /Q2/tp1611/index.php/Home/News/news_detail.html
INFO: [ app_init ] --START--
INFO: Run Behavior\BuildLiteBehavior [ RunTime:0.000020s ]
INFO: [ app_init ] --END-- [ RunTime:0.000404s ]
INFO: [ app_begin ] --START--
INFO: Run Behavior\ReadHtmlCacheBehavior [ RunTime:0.000516s ]
INFO: [ app_begin ] --END-- [ RunTime:0.000610s ]
SQL: SHOW COLUMNS FROM `tp_nav` [ RunTime:0.0005s ]
SQL: SELECT * FROM `tp_nav` WHERE `is_show` = 1 AND `local` = 0 ORDER BY sort  [ RunTime:0.0004s ]
INFO: [ view_parse ] --START--
INFO: [ template_filter ] --START--
INFO: Run Behavior\ContentReplaceBehavior [ RunTime:0.000211s ]
INFO: [ template_filter ] --END-- [ RunTime:0.000447s ]
NOTIC: [8] Undefined index: tp1611_user E:\demo\Q2\tp1611\Application\Runtime\Cache\Home\1dc3206bbdd4c68e37cbcf3931d1c39b.php 第 167 行.
NOTIC: [8] Use of undefined constant logout - assumed 'logout' E:\demo\Q2\tp1611\Application\Runtime\Cache\Home\1dc3206bbdd4c68e37cbcf3931d1c39b.php 第 178 行.
INFO: Run Behavior\ParseTemplateBehavior [ RunTime:0.011592s ]
INFO: [ view_parse ] --END-- [ RunTime:0.011687s ]
INFO: [ view_filter ] --START--
INFO: Run Behavior\WriteHtmlCacheBehavior [ RunTime:0.000525s ]
INFO: [ view_filter ] --END-- [ RunTime:0.000612s ]
INFO: [ app_end ] --START--
INFO: Run Behavior\ShowPageTraceBehavior [ RunTime:0.000559s ]
INFO: [ app_end ] --END-- [ RunTime:0.000652s ]

[ 2017-01-03T21:46:51+08:00 ] ::1 /Q2/tp1611/index.php/Home/News/news.html
INFO: [ app_init ] --START--
INFO: Run Behavior\BuildLiteBehavior [ RunTime:0.000022s ]
INFO: [ app_init ] --END-- [ RunTime:0.000447s ]
INFO: [ app_begin ] --START--
INFO: Run Behavior\ReadHtmlCacheBehavior [ RunTime:0.000635s ]
INFO: [ app_begin ] --END-- [ RunTime:0.000731s ]
SQL: SHOW COLUMNS FROM `tp_nav` [ RunTime:0.0006s ]
SQL: SELECT * FROM `tp_nav` WHERE `is_show` = 1 AND `local` = 0 ORDER BY sort  [ RunTime:0.0003s ]
INFO: [ view_parse ] --START--
INFO: [ template_filter ] --START--
INFO: Run Behavior\ContentReplaceBehavior [ RunTime:0.000101s ]
INFO: [ template_filter ] --END-- [ RunTime:0.000201s ]
NOTIC: [8] Undefined index: tp1611_user E:\demo\Q2\tp1611\Application\Runtime\Cache\Home\6be51b3900cccae2c73119baf20891ff.php 第 170 行.
NOTIC: [8] Use of undefined constant logout - assumed 'logout' E:\demo\Q2\tp1611\Application\Runtime\Cache\Home\6be51b3900cccae2c73119baf20891ff.php 第 181 行.
INFO: Run Behavior\ParseTemplateBehavior [ RunTime:0.009841s ]
INFO: [ view_parse ] --END-- [ RunTime:0.009963s ]
INFO: [ view_filter ] --START--
INFO: Run Behavior\WriteHtmlCacheBehavior [ RunTime:0.000491s ]
INFO: [ view_filter ] --END-- [ RunTime:0.000588s ]
INFO: [ app_end ] --START--
INFO: Run Behavior\ShowPageTraceBehavior [ RunTime:0.000658s ]
INFO: [ app_end ] --END-- [ RunTime:0.000752s ]

[ 2017-01-03T22:35:20+08:00 ] ::1 /Q2/tp1611/index.php/Home/News/news_detail.html
INFO: [ app_init ] --START--
INFO: Run Behavior\BuildLiteBehavior [ RunTime:0.000022s ]
INFO: [ app_init ] --END-- [ RunTime:0.000445s ]
INFO: [ app_begin ] --START--
INFO: Run Behavior\ReadHtmlCacheBehavior [ RunTime:0.000623s ]
INFO: [ app_begin ] --END-- [ RunTime:0.000729s ]
SQL: SHOW COLUMNS FROM `tp_nav` [ RunTime:0.0005s ]
SQL: SELECT * FROM `tp_nav` WHERE `is_show` = 1 AND `local` = 0 ORDER BY sort  [ RunTime:0.0003s ]
INFO: [ view_parse ] --START--
INFO: [ template_filter ] --START--
INFO: Run Behavior\ContentReplaceBehavior [ RunTime:0.000139s ]
INFO: [ template_filter ] --END-- [ RunTime:0.000305s ]
NOTIC: [8] Undefined index: tp1611_user E:\demo\Q2\tp1611\Application\Runtime\Cache\Home\1dc3206bbdd4c68e37cbcf3931d1c39b.php 第 167 行.
NOTIC: [8] Use of undefined constant logout - assumed 'logout' E:\demo\Q2\tp1611\Application\Runtime\Cache\Home\1dc3206bbdd4c68e37cbcf3931d1c39b.php 第 178 行.
INFO: Run Behavior\ParseTemplateBehavior [ RunTime:0.011265s ]
INFO: [ view_parse ] --END-- [ RunTime:0.011374s ]
INFO: [ view_filter ] --START--
INFO: Run Behavior\WriteHtmlCacheBehavior [ RunTime:0.000458s ]
INFO: [ view_filter ] --END-- [ RunTime:0.000556s ]
INFO: [ app_end ] --START--
INFO: Run Behavior\ShowPageTraceBehavior [ RunTime:0.000605s ]
INFO: [ app_end ] --END-- [ RunTime:0.000697s ]

