[ 2016-12-27T17:37:50+08:00 ] 127.0.0.1 /ff/tp1611/styles/main.css
INFO: [ app_init ] --START--
INFO: Run Behavior\BuildLiteBehavior [ RunTime:0.000031s ]
INFO: [ app_init ] --END-- [ RunTime:0.000443s ]
ERR: 无法加载模块:Styles

[ 2016-12-27T17:37:50+08:00 ] 127.0.0.1 /ff/tp1611/scripts/mod_scrollbar.js
INFO: [ app_init ] --START--
INFO: Run Behavior\BuildLiteBehavior [ RunTime:0.000032s ]
INFO: [ app_init ] --END-- [ RunTime:0.000422s ]
ERR: 无法加载模块:Scripts

[ 2016-12-27T17:37:50+08:00 ] 127.0.0.1 /ff/tp1611/styles/common.css
INFO: [ app_init ] --START--
INFO: Run Behavior\BuildLiteBehavior [ RunTime:0.000029s ]
INFO: [ app_init ] --END-- [ RunTime:0.001589s ]
ERR: 无法加载模块:Styles

[ 2016-12-27T17:37:50+08:00 ] 127.0.0.1 /ff/tp1611/scripts/jquery_1.11.3.min.js
INFO: [ app_init ] --START--
INFO: Run Behavior\BuildLiteBehavior [ RunTime:0.000030s ]
INFO: [ app_init ] --END-- [ RunTime:0.000464s ]
ERR: 无法加载模块:Scripts

[ 2016-12-27T17:37:50+08:00 ] 127.0.0.1 /ff/tp1611/scripts/mod_slideshow.js
INFO: [ app_init ] --START--
INFO: Run Behavior\BuildLiteBehavior [ RunTime:0.000031s ]
INFO: [ app_init ] --END-- [ RunTime:0.000465s ]
ERR: 无法加载模块:Scripts

[ 2016-12-27T17:37:50+08:00 ] 127.0.0.1 /ff/tp1611/styles/footer.css
INFO: [ app_init ] --START--
INFO: Run Behavior\BuildLiteBehavior [ RunTime:0.000030s ]
INFO: [ app_init ] --END-- [ RunTime:0.000437s ]
ERR: 无法加载模块:Styles

[ 2016-12-27T17:37:50+08:00 ] 127.0.0.1 /ff/tp1611/scripts/mod_scrollbar.js
INFO: [ app_init ] --START--
INFO: Run Behavior\BuildLiteBehavior [ RunTime:0.000030s ]
INFO: [ app_init ] --END-- [ RunTime:0.000403s ]
ERR: 无法加载模块:Scripts

[ 2016-12-27T17:37:50+08:00 ] 127.0.0.1 /ff/tp1611/styles/index.css
INFO: [ app_init ] --START--
INFO: Run Behavior\BuildLiteBehavior [ RunTime:0.000031s ]
INFO: [ app_init ] --END-- [ RunTime:0.000482s ]
ERR: 无法加载模块:Styles

[ 2016-12-27T17:37:50+08:00 ] 127.0.0.1 /ff/tp1611/styles/header.css
INFO: [ app_init ] --START--
INFO: Run Behavior\BuildLiteBehavior [ RunTime:0.000032s ]
INFO: [ app_init ] --END-- [ RunTime:0.000443s ]
ERR: 无法加载模块:Styles

[ 2016-12-27T17:37:50+08:00 ] 127.0.0.1 /ff/tp1611/scripts/mod_slideshow.js
INFO: [ app_init ] --START--
INFO: Run Behavior\BuildLiteBehavior [ RunTime:0.000032s ]
INFO: [ app_init ] --END-- [ RunTime:0.000477s ]
ERR: 无法加载模块:Scripts

[ 2016-12-27T17:37:50+08:00 ] 127.0.0.1 /ff/tp1611/images/icons/search.gif
INFO: [ app_init ] --START--
INFO: Run Behavior\BuildLiteBehavior [ RunTime:0.000030s ]
INFO: [ app_init ] --END-- [ RunTime:0.000412s ]
ERR: 无法加载模块:Images

[ 2016-12-27T17:37:50+08:00 ] 127.0.0.1 /ff/tp1611/images/imgs/index_recommend_img.png
INFO: [ app_init ] --START--
INFO: Run Behavior\BuildLiteBehavior [ RunTime:0.000032s ]
INFO: [ app_init ] --END-- [ RunTime:0.000416s ]
ERR: 无法加载模块:Images

[ 2016-12-27T17:37:50+08:00 ] 127.0.0.1 /ff/tp1611/images/imgs/index_introduction_img.png
INFO: [ app_init ] --START--
INFO: Run Behavior\BuildLiteBehavior [ RunTime:0.000028s ]
INFO: [ app_init ] --END-- [ RunTime:0.000423s ]
ERR: 无法加载模块:Images

[ 2016-12-27T17:37:50+08:00 ] 127.0.0.1 /ff/tp1611/images/logo.png
INFO: [ app_init ] --START--
INFO: Run Behavior\BuildLiteBehavior [ RunTime:0.000032s ]
INFO: [ app_init ] --END-- [ RunTime:0.001112s ]
ERR: 无法加载模块:Images

[ 2016-12-27T17:39:06+08:00 ] 127.0.0.1 /ff/tp1611/images/imgs/index_recommend_img.png
INFO: [ app_init ] --START--
INFO: Run Behavior\BuildLiteBehavior [ RunTime:0.000030s ]
INFO: [ app_init ] --END-- [ RunTime:0.000403s ]
ERR: 无法加载模块:Images

[ 2016-12-27T17:39:06+08:00 ] 127.0.0.1 /ff/tp1611/images/logo.png
INFO: [ app_init ] --START--
INFO: Run Behavior\BuildLiteBehavior [ RunTime:0.000031s ]
INFO: [ app_init ] --END-- [ RunTime:0.000451s ]
ERR: 无法加载模块:Images

[ 2016-12-27T17:39:06+08:00 ] 127.0.0.1 /ff/tp1611/images/imgs/index_introduction_img.png
INFO: [ app_init ] --START--
INFO: Run Behavior\BuildLiteBehavior [ RunTime:0.000034s ]
INFO: [ app_init ] --END-- [ RunTime:0.001413s ]
ERR: 无法加载模块:Images

[ 2016-12-27T17:39:06+08:00 ] 127.0.0.1 /ff/tp1611/images/icons/search.gif
INFO: [ app_init ] --START--
INFO: Run Behavior\BuildLiteBehavior [ RunTime:0.000033s ]
INFO: [ app_init ] --END-- [ RunTime:0.000467s ]
ERR: 无法加载模块:Images

[ 2016-12-27T17:55:07+08:00 ] 127.0.0.1 /ff/tp1611/html/introduction.html
INFO: [ app_init ] --START--
INFO: Run Behavior\BuildLiteBehavior [ RunTime:0.000040s ]
INFO: [ app_init ] --END-- [ RunTime:0.000479s ]
ERR: 无法加载模块:Html

[ 2016-12-27T18:03:16+08:00 ] 127.0.0.1 /ff/tp1611/html/introduction.html
INFO: [ app_init ] --START--
INFO: Run Behavior\BuildLiteBehavior [ RunTime:0.000030s ]
INFO: [ app_init ] --END-- [ RunTime:0.000426s ]
ERR: 无法加载模块:Html

