[ 2016-12-30T08:34:02+08:00 ] 127.0.0.1 /1611/1232/tp1611/Public/Admin/images/404.png
INFO: [ app_init ] --START--
INFO: Run Behavior\BuildLiteBehavior [ RunTime:0.000021s ]
INFO: [ app_init ] --END-- [ RunTime:0.000508s ]
ERR: 无法加载模块:Public

[ 2016-12-30T08:34:02+08:00 ] 127.0.0.1 /1611/1232/tp1611/Public/Admin/kindeditor/kindeditor-min.js
INFO: [ app_init ] --START--
INFO: Run Behavior\BuildLiteBehavior [ RunTime:0.000020s ]
INFO: [ app_init ] --END-- [ RunTime:0.000445s ]
ERR: 无法加载模块:Public

[ 2016-12-30T08:34:02+08:00 ] 127.0.0.1 /1611/1232/tp1611/Public/Admin/kindeditor/lang/zh_CN.js
INFO: [ app_init ] --START--
INFO: Run Behavior\BuildLiteBehavior [ RunTime:0.000022s ]
INFO: [ app_init ] --END-- [ RunTime:0.000532s ]
ERR: 无法加载模块:Public

[ 2016-12-30T08:34:02+08:00 ] 127.0.0.1 /1611/1232/tp1611/Public/Admin/kindeditor/themes/default/default.css
INFO: [ app_init ] --START--
INFO: Run Behavior\BuildLiteBehavior [ RunTime:0.000022s ]
INFO: [ app_init ] --END-- [ RunTime:0.000459s ]
ERR: 无法加载模块:Public

[ 2016-12-30T08:34:03+08:00 ] 127.0.0.1 /1611/1232/tp1611/Public/Admin/kindeditor/kindeditor-min.js
INFO: [ app_init ] --START--
INFO: Run Behavior\BuildLiteBehavior [ RunTime:0.000021s ]
INFO: [ app_init ] --END-- [ RunTime:0.000420s ]
ERR: 无法加载模块:Public

[ 2016-12-30T08:34:03+08:00 ] 127.0.0.1 /1611/1232/tp1611/Public/Admin/kindeditor/themes/default/default.css
INFO: [ app_init ] --START--
INFO: Run Behavior\BuildLiteBehavior [ RunTime:0.000019s ]
INFO: [ app_init ] --END-- [ RunTime:0.000455s ]
ERR: 无法加载模块:Public

[ 2016-12-30T08:34:03+08:00 ] 127.0.0.1 /1611/1232/tp1611/Public/Admin/kindeditor/lang/zh_CN.js
INFO: [ app_init ] --START--
INFO: Run Behavior\BuildLiteBehavior [ RunTime:0.000021s ]
INFO: [ app_init ] --END-- [ RunTime:0.000452s ]
ERR: 无法加载模块:Public

[ 2016-12-30T08:39:56+08:00 ] 127.0.0.1 /1611/1232/tp1611/Public/Admin/kindeditor/themes/default/default.css
INFO: [ app_init ] --START--
INFO: Run Behavior\BuildLiteBehavior [ RunTime:0.000023s ]
INFO: [ app_init ] --END-- [ RunTime:0.000545s ]
ERR: 无法加载模块:Public

[ 2016-12-30T08:39:56+08:00 ] 127.0.0.1 /1611/1232/tp1611/Public/Admin/images/404.png
INFO: [ app_init ] --START--
INFO: Run Behavior\BuildLiteBehavior [ RunTime:0.000021s ]
INFO: [ app_init ] --END-- [ RunTime:0.000421s ]
ERR: 无法加载模块:Public

[ 2016-12-30T08:39:56+08:00 ] 127.0.0.1 /1611/1232/tp1611/Public/Admin/kindeditor/lang/zh_CN.js
INFO: [ app_init ] --START--
INFO: Run Behavior\BuildLiteBehavior [ RunTime:0.000022s ]
INFO: [ app_init ] --END-- [ RunTime:0.000519s ]
ERR: 无法加载模块:Public

[ 2016-12-30T08:39:56+08:00 ] 127.0.0.1 /1611/1232/tp1611/Public/Admin/kindeditor/kindeditor-min.js
INFO: [ app_init ] --START--
INFO: Run Behavior\BuildLiteBehavior [ RunTime:0.000024s ]
INFO: [ app_init ] --END-- [ RunTime:0.000564s ]
ERR: 无法加载模块:Public

[ 2016-12-30T08:39:56+08:00 ] 127.0.0.1 /1611/1232/tp1611/Public/Admin/kindeditor/themes/default/default.css
INFO: [ app_init ] --START--
INFO: Run Behavior\BuildLiteBehavior [ RunTime:0.000022s ]
INFO: [ app_init ] --END-- [ RunTime:0.000443s ]
ERR: 无法加载模块:Public

[ 2016-12-30T08:39:56+08:00 ] 127.0.0.1 /1611/1232/tp1611/Public/Admin/kindeditor/kindeditor-min.js
INFO: [ app_init ] --START--
INFO: Run Behavior\BuildLiteBehavior [ RunTime:0.000021s ]
INFO: [ app_init ] --END-- [ RunTime:0.000444s ]
ERR: 无法加载模块:Public

[ 2016-12-30T08:39:56+08:00 ] 127.0.0.1 /1611/1232/tp1611/Public/Admin/kindeditor/lang/zh_CN.js
INFO: [ app_init ] --START--
INFO: Run Behavior\BuildLiteBehavior [ RunTime:0.000022s ]
INFO: [ app_init ] --END-- [ RunTime:0.000410s ]
ERR: 无法加载模块:Public

[ 2016-12-30T08:39:57+08:00 ] 127.0.0.1 /1611/1232/tp1611/Public/Admin/images/404.png
INFO: [ app_init ] --START--
INFO: Run Behavior\BuildLiteBehavior [ RunTime:0.000022s ]
INFO: [ app_init ] --END-- [ RunTime:0.000416s ]
ERR: 无法加载模块:Public

[ 2016-12-30T08:39:57+08:00 ] 127.0.0.1 /1611/1232/tp1611/Public/Admin/kindeditor/themes/default/default.css
INFO: [ app_init ] --START--
INFO: Run Behavior\BuildLiteBehavior [ RunTime:0.000022s ]
INFO: [ app_init ] --END-- [ RunTime:0.000485s ]
ERR: 无法加载模块:Public

[ 2016-12-30T08:39:57+08:00 ] 127.0.0.1 /1611/1232/tp1611/Public/Admin/kindeditor/kindeditor-min.js
INFO: [ app_init ] --START--
INFO: Run Behavior\BuildLiteBehavior [ RunTime:0.000021s ]
INFO: [ app_init ] --END-- [ RunTime:0.000413s ]
ERR: 无法加载模块:Public

[ 2016-12-30T08:39:57+08:00 ] 127.0.0.1 /1611/1232/tp1611/Public/Admin/kindeditor/lang/zh_CN.js
INFO: [ app_init ] --START--
INFO: Run Behavior\BuildLiteBehavior [ RunTime:0.000024s ]
INFO: [ app_init ] --END-- [ RunTime:0.000586s ]
ERR: 无法加载模块:Public

[ 2016-12-30T08:39:58+08:00 ] 127.0.0.1 /1611/1232/tp1611/Public/Admin/kindeditor/themes/default/default.css
INFO: [ app_init ] --START--
INFO: Run Behavior\BuildLiteBehavior [ RunTime:0.000021s ]
INFO: [ app_init ] --END-- [ RunTime:0.000414s ]
ERR: 无法加载模块:Public

[ 2016-12-30T08:39:58+08:00 ] 127.0.0.1 /1611/1232/tp1611/Public/Admin/kindeditor/kindeditor-min.js
INFO: [ app_init ] --START--
INFO: Run Behavior\BuildLiteBehavior [ RunTime:0.000023s ]
INFO: [ app_init ] --END-- [ RunTime:0.000506s ]
ERR: 无法加载模块:Public

[ 2016-12-30T08:39:58+08:00 ] 127.0.0.1 /1611/1232/tp1611/Public/Admin/kindeditor/lang/zh_CN.js
INFO: [ app_init ] --START--
INFO: Run Behavior\BuildLiteBehavior [ RunTime:0.000026s ]
INFO: [ app_init ] --END-- [ RunTime:0.000512s ]
ERR: 无法加载模块:Public

[ 2016-12-30T08:41:33+08:00 ] 127.0.0.1 /1611/1232/tp1611/Public/Admin/kindeditor/themes/default/default.css
INFO: [ app_init ] --START--
INFO: Run Behavior\BuildLiteBehavior [ RunTime:0.000022s ]
INFO: [ app_init ] --END-- [ RunTime:0.000519s ]
ERR: 无法加载模块:Public

[ 2016-12-30T08:41:33+08:00 ] 127.0.0.1 /1611/1232/tp1611/Public/Admin/kindeditor/kindeditor-min.js
INFO: [ app_init ] --START--
INFO: Run Behavior\BuildLiteBehavior [ RunTime:0.000020s ]
INFO: [ app_init ] --END-- [ RunTime:0.000409s ]
ERR: 无法加载模块:Public

[ 2016-12-30T08:41:33+08:00 ] 127.0.0.1 /1611/1232/tp1611/Public/Admin/kindeditor/lang/zh_CN.js
INFO: [ app_init ] --START--
INFO: Run Behavior\BuildLiteBehavior [ RunTime:0.000022s ]
INFO: [ app_init ] --END-- [ RunTime:0.000586s ]
ERR: 无法加载模块:Public

[ 2016-12-30T08:41:33+08:00 ] 127.0.0.1 /1611/1232/tp1611/Public/Admin/lib/jquery/1.9.1/jquery.min.map
INFO: [ app_init ] --START--
INFO: Run Behavior\BuildLiteBehavior [ RunTime:0.000022s ]
INFO: [ app_init ] --END-- [ RunTime:0.000500s ]
ERR: 无法加载模块:Public

[ 2016-12-30T08:41:33+08:00 ] 127.0.0.1 /1611/1232/tp1611/Public/Admin/kindeditor/kindeditor-min.js
INFO: [ app_init ] --START--
INFO: Run Behavior\BuildLiteBehavior [ RunTime:0.000023s ]
INFO: [ app_init ] --END-- [ RunTime:0.000543s ]
ERR: 无法加载模块:Public

[ 2016-12-30T08:41:33+08:00 ] 127.0.0.1 /1611/1232/tp1611/Public/Admin/kindeditor/themes/default/default.css
INFO: [ app_init ] --START--
INFO: Run Behavior\BuildLiteBehavior [ RunTime:0.000024s ]
INFO: [ app_init ] --END-- [ RunTime:0.000489s ]
ERR: 无法加载模块:Public

[ 2016-12-30T08:41:34+08:00 ] 127.0.0.1 /1611/1232/tp1611/Public/Admin/kindeditor/lang/zh_CN.js
INFO: [ app_init ] --START--
INFO: Run Behavior\BuildLiteBehavior [ RunTime:0.000022s ]
INFO: [ app_init ] --END-- [ RunTime:0.000460s ]
ERR: 无法加载模块:Public

[ 2016-12-30T13:57:57+08:00 ] 127.0.0.1 /1611/1232/tp1611/Public/Admin/kindeditor/kindeditor-min.js
INFO: [ app_init ] --START--
INFO: Run Behavior\BuildLiteBehavior [ RunTime:0.000022s ]
INFO: [ app_init ] --END-- [ RunTime:0.000526s ]
ERR: 无法加载模块:Public

[ 2016-12-30T13:57:57+08:00 ] 127.0.0.1 /1611/1232/tp1611/Public/Admin/kindeditor/themes/default/default.css
INFO: [ app_init ] --START--
INFO: Run Behavior\BuildLiteBehavior [ RunTime:0.000022s ]
INFO: [ app_init ] --END-- [ RunTime:0.000473s ]
ERR: 无法加载模块:Public

[ 2016-12-30T13:57:57+08:00 ] 127.0.0.1 /1611/1232/tp1611/Public/Admin/kindeditor/lang/zh_CN.js
INFO: [ app_init ] --START--
INFO: Run Behavior\BuildLiteBehavior [ RunTime:0.000023s ]
INFO: [ app_init ] --END-- [ RunTime:0.000683s ]
ERR: 无法加载模块:Public

[ 2016-12-30T13:57:57+08:00 ] 127.0.0.1 /1611/1232/tp1611/Public/Admin/kindeditor/themes/default/default.css
INFO: [ app_init ] --START--
INFO: Run Behavior\BuildLiteBehavior [ RunTime:0.000021s ]
INFO: [ app_init ] --END-- [ RunTime:0.000422s ]
ERR: 无法加载模块:Public

[ 2016-12-30T13:57:57+08:00 ] 127.0.0.1 /1611/1232/tp1611/Public/Admin/kindeditor/kindeditor-min.js
INFO: [ app_init ] --START--
INFO: Run Behavior\BuildLiteBehavior [ RunTime:0.000020s ]
INFO: [ app_init ] --END-- [ RunTime:0.000475s ]
ERR: 无法加载模块:Public

[ 2016-12-30T13:57:57+08:00 ] 127.0.0.1 /1611/1232/tp1611/Public/Admin/kindeditor/lang/zh_CN.js
INFO: [ app_init ] --START--
INFO: Run Behavior\BuildLiteBehavior [ RunTime:0.000019s ]
INFO: [ app_init ] --END-- [ RunTime:0.000420s ]
ERR: 无法加载模块:Public

[ 2016-12-30T14:30:52+08:00 ] 127.0.0.1 /1611/1232/tp1611/Public/Admin/lib/jquery/1.9.1/jquery.min.map
INFO: [ app_init ] --START--
INFO: Run Behavior\BuildLiteBehavior [ RunTime:0.000023s ]
INFO: [ app_init ] --END-- [ RunTime:0.000552s ]
ERR: 无法加载模块:Public

[ 2016-12-30T14:31:22+08:00 ] 127.0.0.1 /1611/1232/tp1611/Public/Admin/lib/jquery/1.9.1/jquery.min.map
INFO: [ app_init ] --START--
INFO: Run Behavior\BuildLiteBehavior [ RunTime:0.000022s ]
INFO: [ app_init ] --END-- [ RunTime:0.000487s ]
ERR: 无法加载模块:Public

[ 2016-12-30T14:33:18+08:00 ] 127.0.0.1 /1611/1232/tp1611/Public/Admin/kindeditor/themes/default/default.css
INFO: [ app_init ] --START--
INFO: Run Behavior\BuildLiteBehavior [ RunTime:0.000026s ]
INFO: [ app_init ] --END-- [ RunTime:0.000588s ]
ERR: 无法加载模块:Public

[ 2016-12-30T14:33:18+08:00 ] 127.0.0.1 /1611/1232/tp1611/Public/Admin/kindeditor/lang/zh_CN.js
INFO: [ app_init ] --START--
INFO: Run Behavior\BuildLiteBehavior [ RunTime:0.000022s ]
INFO: [ app_init ] --END-- [ RunTime:0.000524s ]
ERR: 无法加载模块:Public

[ 2016-12-30T14:33:18+08:00 ] 127.0.0.1 /1611/1232/tp1611/Public/Admin/kindeditor/kindeditor-min.js
INFO: [ app_init ] --START--
INFO: Run Behavior\BuildLiteBehavior [ RunTime:0.000022s ]
INFO: [ app_init ] --END-- [ RunTime:0.000468s ]
ERR: 无法加载模块:Public

[ 2016-12-30T14:33:19+08:00 ] 127.0.0.1 /1611/1232/tp1611/Public/Admin/kindeditor/kindeditor-min.js
INFO: [ app_init ] --START--
INFO: Run Behavior\BuildLiteBehavior [ RunTime:0.000021s ]
INFO: [ app_init ] --END-- [ RunTime:0.000472s ]
ERR: 无法加载模块:Public

[ 2016-12-30T14:33:19+08:00 ] 127.0.0.1 /1611/1232/tp1611/Public/Admin/kindeditor/themes/default/default.css
INFO: [ app_init ] --START--
INFO: Run Behavior\BuildLiteBehavior [ RunTime:0.000023s ]
INFO: [ app_init ] --END-- [ RunTime:0.000535s ]
ERR: 无法加载模块:Public

[ 2016-12-30T14:33:19+08:00 ] 127.0.0.1 /1611/1232/tp1611/Public/Admin/kindeditor/lang/zh_CN.js
INFO: [ app_init ] --START--
INFO: Run Behavior\BuildLiteBehavior [ RunTime:0.000025s ]
INFO: [ app_init ] --END-- [ RunTime:0.000524s ]
ERR: 无法加载模块:Public

[ 2016-12-30T14:35:27+08:00 ] 127.0.0.1 /1611/1232/tp1611/Public/Admin/lib/jquery/1.9.1/jquery.min.map
INFO: [ app_init ] --START--
INFO: Run Behavior\BuildLiteBehavior [ RunTime:0.000023s ]
INFO: [ app_init ] --END-- [ RunTime:0.000545s ]
ERR: 无法加载模块:Public

[ 2016-12-30T14:46:12+08:00 ] 127.0.0.1 /1611/1232/tp1611/Public/Admin/lib/jquery/1.9.1/jquery.min.map
INFO: [ app_init ] --START--
INFO: Run Behavior\BuildLiteBehavior [ RunTime:0.000023s ]
INFO: [ app_init ] --END-- [ RunTime:0.000494s ]
ERR: 无法加载模块:Public

[ 2016-12-30T16:34:25+08:00 ] 127.0.0.1 /1611/1232/tp1611/Public/Admin/lib/jquery/1.9.1/jquery.min.map
INFO: [ app_init ] --START--
INFO: Run Behavior\BuildLiteBehavior [ RunTime:0.000023s ]
INFO: [ app_init ] --END-- [ RunTime:0.000548s ]
ERR: 无法加载模块:Public

[ 2016-12-30T16:34:49+08:00 ] 127.0.0.1 /1611/1232/tp1611/Public/Admin/lib/jquery/1.9.1/jquery.min.map
INFO: [ app_init ] --START--
INFO: Run Behavior\BuildLiteBehavior [ RunTime:0.000026s ]
INFO: [ app_init ] --END-- [ RunTime:0.000568s ]
ERR: 无法加载模块:Public

[ 2016-12-30T16:36:19+08:00 ] 127.0.0.1 /1611/1232/tp1611/Public/Admin/lib/jquery/1.9.1/jquery.min.map
INFO: [ app_init ] --START--
INFO: Run Behavior\BuildLiteBehavior [ RunTime:0.000029s ]
INFO: [ app_init ] --END-- [ RunTime:0.000556s ]
ERR: 无法加载模块:Public

[ 2016-12-30T16:48:58+08:00 ] 127.0.0.1 /1611/1232/tp1611/Public/Home/lib/jquery/1.9.1/jquery.min.map
INFO: [ app_init ] --START--
INFO: Run Behavior\BuildLiteBehavior [ RunTime:0.000020s ]
INFO: [ app_init ] --END-- [ RunTime:0.000484s ]
ERR: 无法加载模块:Public

[ 2016-12-30T16:49:02+08:00 ] 127.0.0.1 /1611/1232/tp1611/Public/Home/lib/jquery/1.9.1/jquery.min.map
INFO: [ app_init ] --START--
INFO: Run Behavior\BuildLiteBehavior [ RunTime:0.000032s ]
INFO: [ app_init ] --END-- [ RunTime:0.000560s ]
ERR: 无法加载模块:Public

[ 2016-12-30T16:49:12+08:00 ] 127.0.0.1 /1611/1232/tp1611/Public/Home/lib/jquery/1.9.1/jquery.min.map
INFO: [ app_init ] --START--
INFO: Run Behavior\BuildLiteBehavior [ RunTime:0.000024s ]
INFO: [ app_init ] --END-- [ RunTime:0.000573s ]
ERR: 无法加载模块:Public

[ 2016-12-30T16:51:43+08:00 ] 127.0.0.1 /1611/1232/tp1611/Public/Home/lib/jquery/1.9.1/jquery.min.map
INFO: [ app_init ] --START--
INFO: Run Behavior\BuildLiteBehavior [ RunTime:0.000023s ]
INFO: [ app_init ] --END-- [ RunTime:0.000552s ]
ERR: 无法加载模块:Public

[ 2016-12-30T16:52:24+08:00 ] 127.0.0.1 /1611/1232/tp1611/Public/Home/lib/jquery/1.9.1/jquery.min.map
INFO: [ app_init ] --START--
INFO: Run Behavior\BuildLiteBehavior [ RunTime:0.000021s ]
INFO: [ app_init ] --END-- [ RunTime:0.000468s ]
ERR: 无法加载模块:Public

[ 2016-12-30T17:20:02+08:00 ] 127.0.0.1 /1611/1232/tp1611/Public/Admin/lib/jquery/1.9.1/jquery.min.map
INFO: [ app_init ] --START--
INFO: Run Behavior\BuildLiteBehavior [ RunTime:0.000023s ]
INFO: [ app_init ] --END-- [ RunTime:0.000540s ]
ERR: 无法加载模块:Public

[ 2016-12-30T17:51:13+08:00 ] 127.0.0.1 /1611/1232/tp1611/Public/Admin/lib/jquery/1.9.1/jquery.min.map
INFO: [ app_init ] --START--
INFO: Run Behavior\BuildLiteBehavior [ RunTime:0.000023s ]
INFO: [ app_init ] --END-- [ RunTime:0.000567s ]
ERR: 无法加载模块:Public

[ 2016-12-30T21:29:36+08:00 ] ::1 /Q2/tp1611/Q2/tp1611/Public/Admin/images/404.png
INFO: [ app_init ] --START--
INFO: Run Behavior\BuildLiteBehavior [ RunTime:0.000023s ]
INFO: [ app_init ] --END-- [ RunTime:0.000562s ]
ERR: 无法加载模块:Q2

[ 2016-12-30T21:40:58+08:00 ] ::1 /Q2/tp1611/Q2/tp1611/Public/Admin/images/404.png
INFO: [ app_init ] --START--
INFO: Run Behavior\BuildLiteBehavior [ RunTime:0.000022s ]
INFO: [ app_init ] --END-- [ RunTime:0.000598s ]
ERR: 无法加载模块:Q2

[ 2016-12-30T21:40:59+08:00 ] ::1 /Q2/tp1611/Q2/tp1611/Public/Admin/images/404.png
INFO: [ app_init ] --START--
INFO: Run Behavior\BuildLiteBehavior [ RunTime:0.000022s ]
INFO: [ app_init ] --END-- [ RunTime:0.000484s ]
ERR: 无法加载模块:Q2

[ 2016-12-30T21:41:06+08:00 ] ::1 /Q2/tp1611/Q2/tp1611/Public/Admin/images/404.png
INFO: [ app_init ] --START--
INFO: Run Behavior\BuildLiteBehavior [ RunTime:0.000022s ]
INFO: [ app_init ] --END-- [ RunTime:0.000438s ]
ERR: 无法加载模块:Q2

[ 2016-12-30T21:41:16+08:00 ] ::1 /Q2/tp1611/Q2/tp1611/Public/Admin/images/404.png
INFO: [ app_init ] --START--
INFO: Run Behavior\BuildLiteBehavior [ RunTime:0.000024s ]
INFO: [ app_init ] --END-- [ RunTime:0.000582s ]
ERR: 无法加载模块:Q2

[ 2016-12-30T21:41:17+08:00 ] ::1 /Q2/tp1611/Q2/tp1611/Public/Admin/images/404.png
INFO: [ app_init ] --START--
INFO: Run Behavior\BuildLiteBehavior [ RunTime:0.000023s ]
INFO: [ app_init ] --END-- [ RunTime:0.000480s ]
ERR: 无法加载模块:Q2

[ 2016-12-30T21:41:18+08:00 ] ::1 /Q2/tp1611/Q2/tp1611/Public/Admin/images/404.png
INFO: [ app_init ] --START--
INFO: Run Behavior\BuildLiteBehavior [ RunTime:0.000027s ]
INFO: [ app_init ] --END-- [ RunTime:0.000600s ]
ERR: 无法加载模块:Q2

[ 2016-12-30T21:41:25+08:00 ] ::1 /Q2/tp1611/Q2/tp1611/Public/Admin/images/404.png
INFO: [ app_init ] --START--
INFO: Run Behavior\BuildLiteBehavior [ RunTime:0.000046s ]
INFO: [ app_init ] --END-- [ RunTime:0.000560s ]
ERR: 无法加载模块:Q2

[ 2016-12-30T21:41:31+08:00 ] ::1 /Q2/tp1611/Q2/tp1611/Public/Admin/images/404.png
INFO: [ app_init ] --START--
INFO: Run Behavior\BuildLiteBehavior [ RunTime:0.000021s ]
INFO: [ app_init ] --END-- [ RunTime:0.000629s ]
ERR: 无法加载模块:Q2

[ 2016-12-30T21:41:39+08:00 ] ::1 /Q2/tp1611/Q2/tp1611/Public/Admin/images/404.png
INFO: [ app_init ] --START--
INFO: Run Behavior\BuildLiteBehavior [ RunTime:0.000021s ]
INFO: [ app_init ] --END-- [ RunTime:0.000519s ]
ERR: 无法加载模块:Q2

[ 2016-12-30T21:41:42+08:00 ] ::1 /Q2/tp1611/Q2/tp1611/Public/Admin/images/404.png
INFO: [ app_init ] --START--
INFO: Run Behavior\BuildLiteBehavior [ RunTime:0.000021s ]
INFO: [ app_init ] --END-- [ RunTime:0.000515s ]
ERR: 无法加载模块:Q2

[ 2016-12-30T21:41:49+08:00 ] ::1 /Q2/tp1611/Q2/tp1611/Public/Admin/images/404.png
INFO: [ app_init ] --START--
INFO: Run Behavior\BuildLiteBehavior [ RunTime:0.000020s ]
INFO: [ app_init ] --END-- [ RunTime:0.000543s ]
ERR: 无法加载模块:Q2

[ 2016-12-30T21:41:58+08:00 ] ::1 /Q2/tp1611/Q2/tp1611/Public/Admin/images/404.png
INFO: [ app_init ] --START--
INFO: Run Behavior\BuildLiteBehavior [ RunTime:0.000023s ]
INFO: [ app_init ] --END-- [ RunTime:0.000569s ]
ERR: 无法加载模块:Q2

[ 2016-12-30T21:42:07+08:00 ] ::1 /Q2/tp1611/Q2/tp1611/Public/Admin/images/404.png
INFO: [ app_init ] --START--
INFO: Run Behavior\BuildLiteBehavior [ RunTime:0.000022s ]
INFO: [ app_init ] --END-- [ RunTime:0.000497s ]
ERR: 无法加载模块:Q2

[ 2016-12-30T21:42:17+08:00 ] ::1 /Q2/tp1611/Q2/tp1611/Public/Admin/images/404.png
INFO: [ app_init ] --START--
INFO: Run Behavior\BuildLiteBehavior [ RunTime:0.000023s ]
INFO: [ app_init ] --END-- [ RunTime:0.000564s ]
ERR: 无法加载模块:Q2

[ 2016-12-30T21:42:19+08:00 ] ::1 /Q2/tp1611/Q2/tp1611/Public/Admin/images/404.png
INFO: [ app_init ] --START--
INFO: Run Behavior\BuildLiteBehavior [ RunTime:0.000021s ]
INFO: [ app_init ] --END-- [ RunTime:0.000594s ]
ERR: 无法加载模块:Q2

[ 2016-12-30T21:42:49+08:00 ] ::1 /Q2/tp1611/Q2/tp1611/Public/Admin/images/404.png
INFO: [ app_init ] --START--
INFO: Run Behavior\BuildLiteBehavior [ RunTime:0.000020s ]
INFO: [ app_init ] --END-- [ RunTime:0.000483s ]
ERR: 无法加载模块:Q2

[ 2016-12-30T21:42:57+08:00 ] ::1 /Q2/tp1611/Q2/tp1611/Public/Admin/images/404.png
INFO: [ app_init ] --START--
INFO: Run Behavior\BuildLiteBehavior [ RunTime:0.000019s ]
INFO: [ app_init ] --END-- [ RunTime:0.000455s ]
ERR: 无法加载模块:Q2

[ 2016-12-30T21:43:00+08:00 ] ::1 /Q2/tp1611/Q2/tp1611/Public/Admin/images/404.png
INFO: [ app_init ] --START--
INFO: Run Behavior\BuildLiteBehavior [ RunTime:0.000069s ]
INFO: [ app_init ] --END-- [ RunTime:0.000628s ]
ERR: 无法加载模块:Q2

[ 2016-12-30T21:53:14+08:00 ] ::1 /Q2/tp1611/Q2/tp1611/Public/Admin/images/404.png
INFO: [ app_init ] --START--
INFO: Run Behavior\BuildLiteBehavior [ RunTime:0.000021s ]
INFO: [ app_init ] --END-- [ RunTime:0.000509s ]
ERR: 无法加载模块:Q2

[ 2016-12-30T23:02:25+08:00 ] ::1 /Q2/tp1611/Public/Admin/lib/jquery/1.9.1/jquery.min.map
INFO: [ app_init ] --START--
INFO: Run Behavior\BuildLiteBehavior [ RunTime:0.000021s ]
INFO: [ app_init ] --END-- [ RunTime:0.000507s ]
ERR: 无法加载模块:Public

[ 2016-12-30T23:02:36+08:00 ] ::1 /Q2/tp1611/Public/Admin/lib/jquery/1.9.1/jquery.min.map
INFO: [ app_init ] --START--
INFO: Run Behavior\BuildLiteBehavior [ RunTime:0.000024s ]
INFO: [ app_init ] --END-- [ RunTime:0.000547s ]
ERR: 无法加载模块:Public

