[ 2016-12-25T10:03:13+08:00 ] ::1 /tp1611/Public/Admin/lib/jquery/1.9.1/jquery.min.map
INFO: [ app_init ] --START--
INFO: Run Behavior\BuildLiteBehavior [ RunTime:0.000024s ]
INFO: [ app_init ] --END-- [ RunTime:0.000451s ]
ERR: 无法加载模块:Public

[ 2016-12-25T10:08:26+08:00 ] ::1 /tp1611/Public/Admin/lib/jquery/1.9.1/jquery.min.map
INFO: [ app_init ] --START--
INFO: Run Behavior\BuildLiteBehavior [ RunTime:0.000020s ]
INFO: [ app_init ] --END-- [ RunTime:0.000387s ]
ERR: 无法加载模块:Public

[ 2016-12-25T10:14:04+08:00 ] ::1 /tp1611/Public/Admin/lib/jquery/1.9.1/jquery.min.map
INFO: [ app_init ] --START--
INFO: Run Behavior\BuildLiteBehavior [ RunTime:0.000022s ]
INFO: [ app_init ] --END-- [ RunTime:0.000405s ]
ERR: 无法加载模块:Public

[ 2016-12-25T10:15:56+08:00 ] ::1 /tp1611/Public/Admin/lib/jquery/1.9.1/jquery.min.map
INFO: [ app_init ] --START--
INFO: Run Behavior\BuildLiteBehavior [ RunTime:0.000024s ]
INFO: [ app_init ] --END-- [ RunTime:0.000469s ]
ERR: 无法加载模块:Public

[ 2016-12-25T10:20:07+08:00 ] ::1 /tp1611/Public/Admin/lib/jquery/1.9.1/jquery.min.map
INFO: [ app_init ] --START--
INFO: Run Behavior\BuildLiteBehavior [ RunTime:0.000021s ]
INFO: [ app_init ] --END-- [ RunTime:0.000440s ]
ERR: 无法加载模块:Public

[ 2016-12-25T10:57:47+08:00 ] ::1 /tp1611/Public/Admin/lib/jquery/1.9.1/jquery.min.map
INFO: [ app_init ] --START--
INFO: Run Behavior\BuildLiteBehavior [ RunTime:0.000022s ]
INFO: [ app_init ] --END-- [ RunTime:0.000434s ]
ERR: 无法加载模块:Public

[ 2016-12-25T11:10:26+08:00 ] ::1 /tp1611/Public/Admin/lib/jquery/1.9.1/jquery.min.map
INFO: [ app_init ] --START--
INFO: Run Behavior\BuildLiteBehavior [ RunTime:0.000019s ]
INFO: [ app_init ] --END-- [ RunTime:0.000443s ]
ERR: 无法加载模块:Public

[ 2016-12-25T17:16:53+08:00 ] ::1 /tp1611/Public/Admin/lib/jquery/1.9.1/jquery.min.map
INFO: [ app_init ] --START--
INFO: Run Behavior\BuildLiteBehavior [ RunTime:0.000019s ]
INFO: [ app_init ] --END-- [ RunTime:0.000451s ]
ERR: 无法加载模块:Public

[ 2016-12-25T17:52:22+08:00 ] ::1 /tp1611/Public/Admin/lib/jquery/1.9.1/jquery.min.map
INFO: [ app_init ] --START--
INFO: Run Behavior\BuildLiteBehavior [ RunTime:0.000021s ]
INFO: [ app_init ] --END-- [ RunTime:0.000443s ]
ERR: 无法加载模块:Public

[ 2016-12-25T23:00:05+08:00 ] ::1 /tp1611/Public/Admin/lib/jquery/1.9.1/jquery.min.map
INFO: [ app_init ] --START--
INFO: Run Behavior\BuildLiteBehavior [ RunTime:0.000019s ]
INFO: [ app_init ] --END-- [ RunTime:0.000379s ]
ERR: 无法加载模块:Public

[ 2016-12-25T23:02:12+08:00 ] ::1 /tp1611/Public/Admin/lib/jquery/1.9.1/jquery.min.map
INFO: [ app_init ] --START--
INFO: Run Behavior\BuildLiteBehavior [ RunTime:0.000021s ]
INFO: [ app_init ] --END-- [ RunTime:0.000411s ]
ERR: 无法加载模块:Public

