[ 2017-01-11T20:08:19+08:00 ] ::1 /Q2/tp1611/Uploads/basic/2017-01-11/587596340e33d.png
INFO: [ app_init ] --START--
INFO: Run Behavior\BuildLiteBehavior [ RunTime:0.000021s ]
INFO: [ app_init ] --END-- [ RunTime:0.000394s ]
ERR: 无法加载模块:Uploads

[ 2017-01-11T20:08:57+08:00 ] ::1 /Q2/tp1611/Uploads/brand/2017-01-11/5875828517809.png
INFO: [ app_init ] --START--
INFO: Run Behavior\BuildLiteBehavior [ RunTime:0.000022s ]
INFO: [ app_init ] --END-- [ RunTime:0.000403s ]
ERR: 无法加载模块:Uploads

[ 2017-01-11T20:37:30+08:00 ] ::1 /Q2/tp1611/Uploads/brand/2017-01-11/5875828517809.png
INFO: [ app_init ] --START--
INFO: Run Behavior\BuildLiteBehavior [ RunTime:0.000023s ]
INFO: [ app_init ] --END-- [ RunTime:0.000707s ]
ERR: 无法加载模块:Uploads

[ 2017-01-11T20:37:30+08:00 ] ::1 /Q2/tp1611/Uploads/brand/2017-01-11/5875828517809.png
INFO: [ app_init ] --START--
INFO: Run Behavior\BuildLiteBehavior [ RunTime:0.000022s ]
INFO: [ app_init ] --END-- [ RunTime:0.000474s ]
ERR: 无法加载模块:Uploads

[ 2017-01-11T20:48:14+08:00 ] ::1 /Q2/tp1611/Uploads/brand/2017-01-11/5875828517809.png
INFO: [ app_init ] --START--
INFO: Run Behavior\BuildLiteBehavior [ RunTime:0.000022s ]
INFO: [ app_init ] --END-- [ RunTime:0.000440s ]
ERR: 无法加载模块:Uploads

[ 2017-01-11T20:48:15+08:00 ] ::1 /Q2/tp1611/Uploads/brand/2017-01-11/5875828517809.png
INFO: [ app_init ] --START--
INFO: Run Behavior\BuildLiteBehavior [ RunTime:0.000026s ]
INFO: [ app_init ] --END-- [ RunTime:0.000795s ]
ERR: 无法加载模块:Uploads

[ 2017-01-11T20:50:05+08:00 ] ::1 /Q2/tp1611/Uploads/brand/2017-01-11/5875828517809.png
INFO: [ app_init ] --START--
INFO: Run Behavior\BuildLiteBehavior [ RunTime:0.000024s ]
INFO: [ app_init ] --END-- [ RunTime:0.000517s ]
ERR: 无法加载模块:Uploads

[ 2017-01-11T20:50:05+08:00 ] ::1 /Q2/tp1611/Uploads/brand/2017-01-11/5875828517809.png
INFO: [ app_init ] --START--
INFO: Run Behavior\BuildLiteBehavior [ RunTime:0.000022s ]
INFO: [ app_init ] --END-- [ RunTime:0.000473s ]
ERR: 无法加载模块:Uploads

[ 2017-01-11T20:56:33+08:00 ] ::1 /Q2/tp1611/Uploads/brand/2017-01-11/5875828517809.png
INFO: [ app_init ] --START--
INFO: Run Behavior\BuildLiteBehavior [ RunTime:0.000021s ]
INFO: [ app_init ] --END-- [ RunTime:0.000454s ]
ERR: 无法加载模块:Uploads

[ 2017-01-11T20:56:33+08:00 ] ::1 /Q2/tp1611/Uploads/brand/2017-01-11/5875828517809.png
INFO: [ app_init ] --START--
INFO: Run Behavior\BuildLiteBehavior [ RunTime:0.000021s ]
INFO: [ app_init ] --END-- [ RunTime:0.000451s ]
ERR: 无法加载模块:Uploads

[ 2017-01-11T21:07:51+08:00 ] ::1 /Q2/tp1611/Uploads/product/2017-01-11/58762d8104e45.png
INFO: [ app_init ] --START--
INFO: Run Behavior\BuildLiteBehavior [ RunTime:0.000020s ]
INFO: [ app_init ] --END-- [ RunTime:0.000433s ]
ERR: 无法加载模块:Uploads

[ 2017-01-11T21:08:00+08:00 ] ::1 /Q2/tp1611/Uploads/product/2017-01-11/58762d8104e45.png
INFO: [ app_init ] --START--
INFO: Run Behavior\BuildLiteBehavior [ RunTime:0.000020s ]
INFO: [ app_init ] --END-- [ RunTime:0.000405s ]
ERR: 无法加载模块:Uploads

[ 2017-01-11T21:08:06+08:00 ] ::1 /Q2/tp1611/Uploads/product/2017-01-11/58762d8104e45.png
INFO: [ app_init ] --START--
INFO: Run Behavior\BuildLiteBehavior [ RunTime:0.000022s ]
INFO: [ app_init ] --END-- [ RunTime:0.000437s ]
ERR: 无法加载模块:Uploads

[ 2017-01-11T21:08:25+08:00 ] ::1 /Q2/tp1611/Uploads/product/2017-01-11/58762d8104e45.png
INFO: [ app_init ] --START--
INFO: Run Behavior\BuildLiteBehavior [ RunTime:0.000034s ]
INFO: [ app_init ] --END-- [ RunTime:0.000464s ]
ERR: 无法加载模块:Uploads

[ 2017-01-11T21:09:50+08:00 ] ::1 /Q2/tp1611/Uploads/product/2017-01-11/58762d8104e45.png
INFO: [ app_init ] --START--
INFO: Run Behavior\BuildLiteBehavior [ RunTime:0.000020s ]
INFO: [ app_init ] --END-- [ RunTime:0.000429s ]
ERR: 无法加载模块:Uploads

[ 2017-01-11T21:10:13+08:00 ] ::1 /Q2/tp1611/Uploads/product/2017-01-11/58762d8104e45.png
INFO: [ app_init ] --START--
INFO: Run Behavior\BuildLiteBehavior [ RunTime:0.000032s ]
INFO: [ app_init ] --END-- [ RunTime:0.000688s ]
ERR: 无法加载模块:Uploads

[ 2017-01-11T21:12:19+08:00 ] ::1 /Q2/tp1611/Uploads/product/2017-01-11/58762d8104e45.png
INFO: [ app_init ] --START--
INFO: Run Behavior\BuildLiteBehavior [ RunTime:0.000021s ]
INFO: [ app_init ] --END-- [ RunTime:0.000425s ]
ERR: 无法加载模块:Uploads

[ 2017-01-11T21:13:06+08:00 ] ::1 /Q2/tp1611/Uploads/product/2017-01-11/58762d8104e45.png
INFO: [ app_init ] --START--
INFO: Run Behavior\BuildLiteBehavior [ RunTime:0.000022s ]
INFO: [ app_init ] --END-- [ RunTime:0.000535s ]
ERR: 无法加载模块:Uploads

[ 2017-01-11T21:15:06+08:00 ] ::1 /Q2/tp1611/Uploads/brand/2017-01-11/5875828517809.png
INFO: [ app_init ] --START--
INFO: Run Behavior\BuildLiteBehavior [ RunTime:0.000022s ]
INFO: [ app_init ] --END-- [ RunTime:0.000397s ]
ERR: 无法加载模块:Uploads

[ 2017-01-11T21:15:06+08:00 ] ::1 /Q2/tp1611/Uploads/brand/2017-01-11/5875828517809.png
INFO: [ app_init ] --START--
INFO: Run Behavior\BuildLiteBehavior [ RunTime:0.000023s ]
INFO: [ app_init ] --END-- [ RunTime:0.000400s ]
ERR: 无法加载模块:Uploads

[ 2017-01-11T21:23:21+08:00 ] ::1 /Q2/tp1611/Uploads/brand/2017-01-11/5875828517809.png
INFO: [ app_init ] --START--
INFO: Run Behavior\BuildLiteBehavior [ RunTime:0.000020s ]
INFO: [ app_init ] --END-- [ RunTime:0.000444s ]
ERR: 无法加载模块:Uploads

[ 2017-01-11T21:23:21+08:00 ] ::1 /Q2/tp1611/Uploads/brand/2017-01-11/5875828517809.png
INFO: [ app_init ] --START--
INFO: Run Behavior\BuildLiteBehavior [ RunTime:0.000024s ]
INFO: [ app_init ] --END-- [ RunTime:0.000500s ]
ERR: 无法加载模块:Uploads

[ 2017-01-11T21:24:10+08:00 ] ::1 /Q2/tp1611/Uploads/brand/2017-01-11/5875828517809.png
INFO: [ app_init ] --START--
INFO: Run Behavior\BuildLiteBehavior [ RunTime:0.000022s ]
INFO: [ app_init ] --END-- [ RunTime:0.000416s ]
ERR: 无法加载模块:Uploads

[ 2017-01-11T21:24:10+08:00 ] ::1 /Q2/tp1611/Uploads/brand/2017-01-11/5875828517809.png
INFO: [ app_init ] --START--
INFO: Run Behavior\BuildLiteBehavior [ RunTime:0.000022s ]
INFO: [ app_init ] --END-- [ RunTime:0.000504s ]
ERR: 无法加载模块:Uploads

[ 2017-01-11T21:24:44+08:00 ] ::1 /Q2/tp1611/Uploads/brand/2017-01-11/5875828517809.png
INFO: [ app_init ] --START--
INFO: Run Behavior\BuildLiteBehavior [ RunTime:0.000021s ]
INFO: [ app_init ] --END-- [ RunTime:0.000416s ]
ERR: 无法加载模块:Uploads

[ 2017-01-11T21:24:44+08:00 ] ::1 /Q2/tp1611/Uploads/brand/2017-01-11/5875828517809.png
INFO: [ app_init ] --START--
INFO: Run Behavior\BuildLiteBehavior [ RunTime:0.000052s ]
INFO: [ app_init ] --END-- [ RunTime:0.000663s ]
ERR: 无法加载模块:Uploads

[ 2017-01-11T21:24:57+08:00 ] ::1 /Q2/tp1611/Uploads/brand/2017-01-11/5875828517809.png
INFO: [ app_init ] --START--
INFO: Run Behavior\BuildLiteBehavior [ RunTime:0.000027s ]
INFO: [ app_init ] --END-- [ RunTime:0.002982s ]
ERR: 无法加载模块:Uploads

[ 2017-01-11T21:25:04+08:00 ] ::1 /Q2/tp1611/Uploads/brand/2017-01-11/5875828517809.png
INFO: [ app_init ] --START--
INFO: Run Behavior\BuildLiteBehavior [ RunTime:0.000019s ]
INFO: [ app_init ] --END-- [ RunTime:0.000437s ]
ERR: 无法加载模块:Uploads

