[ 2017-01-04T01:08:42+08:00 ] 127.0.0.1 /1611/1232/tp1611/Public/Admin/lib/jquery/1.9.1/jquery.min.map
INFO: [ app_init ] --START--
INFO: Run Behavior\BuildLiteBehavior [ RunTime:0.000024s ]
INFO: [ app_init ] --END-- [ RunTime:0.000570s ]
ERR: 无法加载模块:Public

[ 2017-01-04T11:35:28+08:00 ] 127.0.0.1 /1611/1232/tp1611/Public/Admin/lib/jquery/1.9.1/jquery.min.map
INFO: [ app_init ] --START--
INFO: Run Behavior\BuildLiteBehavior [ RunTime:0.000026s ]
INFO: [ app_init ] --END-- [ RunTime:0.000625s ]
ERR: 无法加载模块:Public

[ 2017-01-04T11:35:33+08:00 ] 127.0.0.1 /1611/1232/tp1611/Public/Admin/lib/jquery/1.9.1/jquery.min.map
INFO: [ app_init ] --START--
INFO: Run Behavior\BuildLiteBehavior [ RunTime:0.000024s ]
INFO: [ app_init ] --END-- [ RunTime:0.000561s ]
ERR: 无法加载模块:Public

[ 2017-01-04T13:02:20+08:00 ] 127.0.0.1 /1611/1232/tp1611/Public/Admin/lib/jquery/1.9.1/jquery.min.map
INFO: [ app_init ] --START--
INFO: Run Behavior\BuildLiteBehavior [ RunTime:0.000030s ]
INFO: [ app_init ] --END-- [ RunTime:0.000583s ]
ERR: 无法加载模块:Public

[ 2017-01-04T20:34:27+08:00 ] ::1 /Q2/tp1611/Public/Admin/lib/jquery/1.9.1/jquery.min.map
INFO: [ app_init ] --START--
INFO: Run Behavior\BuildLiteBehavior [ RunTime:0.000021s ]
INFO: [ app_init ] --END-- [ RunTime:0.000497s ]
ERR: 无法加载模块:Public

[ 2017-01-04T22:44:48+08:00 ] ::1 /Q2/tp1611/Public/Admin/pic/product/Thumb/6204.jpg
INFO: [ app_init ] --START--
INFO: Run Behavior\BuildLiteBehavior [ RunTime:0.000030s ]
INFO: [ app_init ] --END-- [ RunTime:0.000530s ]
ERR: 无法加载模块:Public

[ 2017-01-04T22:46:08+08:00 ] ::1 /Q2/tp1611/Public/Admin/pic/product/Thumb/6204.jpg
INFO: [ app_init ] --START--
INFO: Run Behavior\BuildLiteBehavior [ RunTime:0.000026s ]
INFO: [ app_init ] --END-- [ RunTime:0.000465s ]
ERR: 无法加载模块:Public

[ 2017-01-04T22:49:15+08:00 ] ::1 /Q2/tp1611/Public/Admin/pic/product/Thumb/6204.jpg
INFO: [ app_init ] --START--
INFO: Run Behavior\BuildLiteBehavior [ RunTime:0.000027s ]
INFO: [ app_init ] --END-- [ RunTime:0.000624s ]
ERR: 无法加载模块:Public

[ 2017-01-04T22:49:39+08:00 ] ::1 /Q2/tp1611/Public/Admin/pic/product/Thumb/6204.jpg
INFO: [ app_init ] --START--
INFO: Run Behavior\BuildLiteBehavior [ RunTime:0.000023s ]
INFO: [ app_init ] --END-- [ RunTime:0.000547s ]
ERR: 无法加载模块:Public

[ 2017-01-04T22:50:19+08:00 ] ::1 /Q2/tp1611/Public/Admin/lib/jquery/1.9.1/jquery.min.map
INFO: [ app_init ] --START--
INFO: Run Behavior\BuildLiteBehavior [ RunTime:0.000021s ]
INFO: [ app_init ] --END-- [ RunTime:0.000443s ]
ERR: 无法加载模块:Public

[ 2017-01-04T22:50:22+08:00 ] ::1 /Q2/tp1611/Public/Admin/pic/product/Thumb/6204.jpg
INFO: [ app_init ] --START--
INFO: Run Behavior\BuildLiteBehavior [ RunTime:0.000038s ]
INFO: [ app_init ] --END-- [ RunTime:0.000560s ]
ERR: 无法加载模块:Public

[ 2017-01-04T22:54:19+08:00 ] ::1 /Q2/tp1611/Public/Admin/pic/product/Thumb/6204.jpg
INFO: [ app_init ] --START--
INFO: Run Behavior\BuildLiteBehavior [ RunTime:0.000026s ]
INFO: [ app_init ] --END-- [ RunTime:0.000495s ]
ERR: 无法加载模块:Public

[ 2017-01-04T22:56:20+08:00 ] ::1 /Q2/tp1611/Public/Admin/pic/product/Thumb/6204.jpg
INFO: [ app_init ] --START--
INFO: Run Behavior\BuildLiteBehavior [ RunTime:0.000023s ]
INFO: [ app_init ] --END-- [ RunTime:0.000405s ]
ERR: 无法加载模块:Public

[ 2017-01-04T22:57:29+08:00 ] ::1 /Q2/tp1611/Public/Admin/pic/product/Thumb/6204.jpg
INFO: [ app_init ] --START--
INFO: Run Behavior\BuildLiteBehavior [ RunTime:0.000022s ]
INFO: [ app_init ] --END-- [ RunTime:0.000423s ]
ERR: 无法加载模块:Public

[ 2017-01-04T22:58:08+08:00 ] ::1 /Q2/tp1611/Public/Admin/pic/product/Thumb/6204.jpg
INFO: [ app_init ] --START--
INFO: Run Behavior\BuildLiteBehavior [ RunTime:0.000022s ]
INFO: [ app_init ] --END-- [ RunTime:0.000421s ]
ERR: 无法加载模块:Public

[ 2017-01-04T22:58:16+08:00 ] ::1 /Q2/tp1611/Public/Admin/lib/jquery/1.9.1/jquery.min.map
INFO: [ app_init ] --START--
INFO: Run Behavior\BuildLiteBehavior [ RunTime:0.000022s ]
INFO: [ app_init ] --END-- [ RunTime:0.000514s ]
ERR: 无法加载模块:Public

[ 2017-01-04T22:58:22+08:00 ] ::1 /Q2/tp1611/Public/Admin/pic/product/Thumb/6204.jpg
INFO: [ app_init ] --START--
INFO: Run Behavior\BuildLiteBehavior [ RunTime:0.000022s ]
INFO: [ app_init ] --END-- [ RunTime:0.000412s ]
ERR: 无法加载模块:Public

[ 2017-01-04T22:58:29+08:00 ] ::1 /Q2/tp1611/Public/Admin/pic/product/Thumb/6204.jpg
INFO: [ app_init ] --START--
INFO: Run Behavior\BuildLiteBehavior [ RunTime:0.000109s ]
INFO: [ app_init ] --END-- [ RunTime:0.002401s ]
ERR: 无法加载模块:Public

[ 2017-01-04T22:58:40+08:00 ] ::1 /Q2/tp1611/Public/Admin/pic/product/Thumb/6204.jpg
INFO: [ app_init ] --START--
INFO: Run Behavior\BuildLiteBehavior [ RunTime:0.000028s ]
INFO: [ app_init ] --END-- [ RunTime:0.000539s ]
ERR: 无法加载模块:Public

[ 2017-01-04T22:58:47+08:00 ] ::1 /Q2/tp1611/Public/Admin/pic/product/Thumb/6204.jpg
INFO: [ app_init ] --START--
INFO: Run Behavior\BuildLiteBehavior [ RunTime:0.000027s ]
INFO: [ app_init ] --END-- [ RunTime:0.000549s ]
ERR: 无法加载模块:Public

[ 2017-01-04T23:00:05+08:00 ] ::1 /Q2/tp1611/Public/Admin/pic/product/Thumb/6204.jpg
INFO: [ app_init ] --START--
INFO: Run Behavior\BuildLiteBehavior [ RunTime:0.000027s ]
INFO: [ app_init ] --END-- [ RunTime:0.000598s ]
ERR: 无法加载模块:Public

[ 2017-01-04T23:00:14+08:00 ] ::1 /Q2/tp1611/Public/Admin/pic/product/Thumb/6204.jpg
INFO: [ app_init ] --START--
INFO: Run Behavior\BuildLiteBehavior [ RunTime:0.000022s ]
INFO: [ app_init ] --END-- [ RunTime:0.000472s ]
ERR: 无法加载模块:Public

[ 2017-01-04T23:00:59+08:00 ] ::1 /Q2/tp1611/Public/Admin/pic/product/Thumb/6204.jpg
INFO: [ app_init ] --START--
INFO: Run Behavior\BuildLiteBehavior [ RunTime:0.000024s ]
INFO: [ app_init ] --END-- [ RunTime:0.000444s ]
ERR: 无法加载模块:Public

[ 2017-01-04T23:01:02+08:00 ] ::1 /Q2/tp1611/Public/Admin/pic/product/Thumb/6204.jpg
INFO: [ app_init ] --START--
INFO: Run Behavior\BuildLiteBehavior [ RunTime:0.000025s ]
INFO: [ app_init ] --END-- [ RunTime:0.000420s ]
ERR: 无法加载模块:Public

[ 2017-01-04T23:01:09+08:00 ] ::1 /Q2/tp1611/Public/Admin/pic/product/Thumb/6204.jpg
INFO: [ app_init ] --START--
INFO: Run Behavior\BuildLiteBehavior [ RunTime:0.000048s ]
INFO: [ app_init ] --END-- [ RunTime:0.000583s ]
ERR: 无法加载模块:Public

[ 2017-01-04T23:02:47+08:00 ] ::1 /Q2/tp1611/Public/Admin/pic/product/Thumb/6204.jpg
INFO: [ app_init ] --START--
INFO: Run Behavior\BuildLiteBehavior [ RunTime:0.000025s ]
INFO: [ app_init ] --END-- [ RunTime:0.000470s ]
ERR: 无法加载模块:Public

[ 2017-01-04T23:02:49+08:00 ] ::1 /Q2/tp1611/Public/Admin/pic/product/Thumb/6204.jpg
INFO: [ app_init ] --START--
INFO: Run Behavior\BuildLiteBehavior [ RunTime:0.000027s ]
INFO: [ app_init ] --END-- [ RunTime:0.000461s ]
ERR: 无法加载模块:Public

[ 2017-01-04T23:03:15+08:00 ] ::1 /Q2/tp1611/Public/Admin/lib/jquery/1.9.1/jquery.min.map
INFO: [ app_init ] --START--
INFO: Run Behavior\BuildLiteBehavior [ RunTime:0.000020s ]
INFO: [ app_init ] --END-- [ RunTime:0.000474s ]
ERR: 无法加载模块:Public

[ 2017-01-04T23:03:17+08:00 ] ::1 /Q2/tp1611/Public/Admin/pic/product/Thumb/6204.jpg
INFO: [ app_init ] --START--
INFO: Run Behavior\BuildLiteBehavior [ RunTime:0.000022s ]
INFO: [ app_init ] --END-- [ RunTime:0.000390s ]
ERR: 无法加载模块:Public

[ 2017-01-04T23:03:34+08:00 ] ::1 /Q2/tp1611/Public/Admin/pic/product/Thumb/6204.jpg
INFO: [ app_init ] --START--
INFO: Run Behavior\BuildLiteBehavior [ RunTime:0.000022s ]
INFO: [ app_init ] --END-- [ RunTime:0.000407s ]
ERR: 无法加载模块:Public

[ 2017-01-04T23:31:58+08:00 ] ::1 /Q2/tp1611/Public/Admin/lib/jquery/1.9.1/jquery.min.map
INFO: [ app_init ] --START--
INFO: Run Behavior\BuildLiteBehavior [ RunTime:0.000020s ]
INFO: [ app_init ] --END-- [ RunTime:0.000385s ]
ERR: 无法加载模块:Public

[ 2017-01-04T23:38:38+08:00 ] ::1 /Q2/tp1611/Public/Admin/pic/product/Thumb/6204.jpg
INFO: [ app_init ] --START--
INFO: Run Behavior\BuildLiteBehavior [ RunTime:0.000034s ]
INFO: [ app_init ] --END-- [ RunTime:0.000500s ]
ERR: 无法加载模块:Public

