[ 2017-01-06T09:09:49+08:00 ] 127.0.0.1 /1611/1232/tp1611/Public/Admin/lib/jquery/1.9.1/jquery.min.map
INFO: [ app_init ] --START--
INFO: Run Behavior\BuildLiteBehavior [ RunTime:0.000020s ]
INFO: [ app_init ] --END-- [ RunTime:0.000483s ]
ERR: 无法加载模块:Public

[ 2017-01-06T09:15:43+08:00 ] 127.0.0.1 /1611/1232/tp1611/Public/Admin/lib/jquery/1.9.1/jquery.min.map
INFO: [ app_init ] --START--
INFO: Run Behavior\BuildLiteBehavior [ RunTime:0.000022s ]
INFO: [ app_init ] --END-- [ RunTime:0.000495s ]
ERR: 无法加载模块:Public

[ 2017-01-06T09:53:07+08:00 ] 127.0.0.1 /1611/1232/tp1611/Public/Home/lib/jquery/1.9.1/jquery.min.map
INFO: [ app_init ] --START--
INFO: Run Behavior\BuildLiteBehavior [ RunTime:0.000021s ]
INFO: [ app_init ] --END-- [ RunTime:0.000444s ]
ERR: 无法加载模块:Public

[ 2017-01-06T21:51:14+08:00 ] ::1 /Q2/tp1611/Public/Admin//nopic.jpg
INFO: [ app_init ] --START--
INFO: Run Behavior\BuildLiteBehavior [ RunTime:0.000022s ]
INFO: [ app_init ] --END-- [ RunTime:0.000472s ]
ERR: 无法加载模块:Public

[ 2017-01-06T21:53:47+08:00 ] ::1 /Q2/tp1611/Uploads/20170106/20170106134803_52948.jpg
INFO: [ app_init ] --START--
INFO: Run Behavior\BuildLiteBehavior [ RunTime:0.000109s ]
INFO: [ app_init ] --END-- [ RunTime:0.000670s ]
ERR: 无法加载模块:Uploads

[ 2017-01-06T21:53:47+08:00 ] ::1 /Q2/tp1611/Uploads/20170106/20170106134615_52190.jpg
INFO: [ app_init ] --START--
INFO: Run Behavior\BuildLiteBehavior [ RunTime:0.000024s ]
INFO: [ app_init ] --END-- [ RunTime:0.000561s ]
ERR: 无法加载模块:Uploads

[ 2017-01-06T21:53:47+08:00 ] ::1 /Q2/tp1611/Uploads/20170106/20170106134932_79999.jpg
INFO: [ app_init ] --START--
INFO: Run Behavior\BuildLiteBehavior [ RunTime:0.000023s ]
INFO: [ app_init ] --END-- [ RunTime:0.000439s ]
ERR: 无法加载模块:Uploads

[ 2017-01-06T21:53:47+08:00 ] ::1 /Q2/tp1611/Uploads/20170106/20170106134913_39429.jpg
INFO: [ app_init ] --START--
INFO: Run Behavior\BuildLiteBehavior [ RunTime:0.000023s ]
INFO: [ app_init ] --END-- [ RunTime:0.000465s ]
ERR: 无法加载模块:Uploads

[ 2017-01-06T21:54:11+08:00 ] ::1 /Q2/tp1611/Uploads/20170106/20170106134615_52190.jpg
INFO: [ app_init ] --START--
INFO: Run Behavior\BuildLiteBehavior [ RunTime:0.000023s ]
INFO: [ app_init ] --END-- [ RunTime:0.000441s ]
ERR: 无法加载模块:Uploads

[ 2017-01-06T21:55:28+08:00 ] ::1 /Q2/tp1611/Uploads/20170106/20170106134615_52190.jpg
INFO: [ app_init ] --START--
INFO: Run Behavior\BuildLiteBehavior [ RunTime:0.000024s ]
INFO: [ app_init ] --END-- [ RunTime:0.000430s ]
ERR: 无法加载模块:Uploads

[ 2017-01-06T21:55:28+08:00 ] ::1 /Q2/tp1611/Uploads/20170106/20170106134932_79999.jpg
INFO: [ app_init ] --START--
INFO: Run Behavior\BuildLiteBehavior [ RunTime:0.000023s ]
INFO: [ app_init ] --END-- [ RunTime:0.000415s ]
ERR: 无法加载模块:Uploads

[ 2017-01-06T21:55:28+08:00 ] ::1 /Q2/tp1611/Uploads/20170106/20170106134913_39429.jpg
INFO: [ app_init ] --START--
INFO: Run Behavior\BuildLiteBehavior [ RunTime:0.000022s ]
INFO: [ app_init ] --END-- [ RunTime:0.000446s ]
ERR: 无法加载模块:Uploads

[ 2017-01-06T21:55:28+08:00 ] ::1 /Q2/tp1611/Uploads/20170106/20170106134803_52948.jpg
INFO: [ app_init ] --START--
INFO: Run Behavior\BuildLiteBehavior [ RunTime:0.000020s ]
INFO: [ app_init ] --END-- [ RunTime:0.000460s ]
ERR: 无法加载模块:Uploads

[ 2017-01-06T22:01:05+08:00 ] ::1 /Q2/tp1611/Uploads/20170106/20170106134615_52190.jpg
INFO: [ app_init ] --START--
INFO: Run Behavior\BuildLiteBehavior [ RunTime:0.000044s ]
INFO: [ app_init ] --END-- [ RunTime:0.000723s ]
ERR: 无法加载模块:Uploads

[ 2017-01-06T22:01:05+08:00 ] ::1 /Q2/tp1611/Uploads/20170106/20170106134803_52948.jpg
INFO: [ app_init ] --START--
INFO: Run Behavior\BuildLiteBehavior [ RunTime:0.000043s ]
INFO: [ app_init ] --END-- [ RunTime:0.000735s ]
ERR: 无法加载模块:Uploads

[ 2017-01-06T22:01:05+08:00 ] ::1 /Q2/tp1611/Uploads/20170106/20170106134913_39429.jpg
INFO: [ app_init ] --START--
INFO: Run Behavior\BuildLiteBehavior [ RunTime:0.000022s ]
INFO: [ app_init ] --END-- [ RunTime:0.000468s ]
ERR: 无法加载模块:Uploads

[ 2017-01-06T22:01:05+08:00 ] ::1 /Q2/tp1611/Uploads/20170106/20170106134932_79999.jpg
INFO: [ app_init ] --START--
INFO: Run Behavior\BuildLiteBehavior [ RunTime:0.000078s ]
INFO: [ app_init ] --END-- [ RunTime:0.000521s ]
ERR: 无法加载模块:Uploads

[ 2017-01-06T22:07:51+08:00 ] ::1 /Q2/tp1611/Uploads/20170106/20170106134803_52948.jpg
INFO: [ app_init ] --START--
INFO: Run Behavior\BuildLiteBehavior [ RunTime:0.000022s ]
INFO: [ app_init ] --END-- [ RunTime:0.000503s ]
ERR: 无法加载模块:Uploads

[ 2017-01-06T22:07:51+08:00 ] ::1 /Q2/tp1611/Uploads/20170106/20170106134615_52190.jpg
INFO: [ app_init ] --START--
INFO: Run Behavior\BuildLiteBehavior [ RunTime:0.000023s ]
INFO: [ app_init ] --END-- [ RunTime:0.000643s ]
ERR: 无法加载模块:Uploads

[ 2017-01-06T22:07:51+08:00 ] ::1 /Q2/tp1611/Uploads/20170106/20170106134932_79999.jpg
INFO: [ app_init ] --START--
INFO: Run Behavior\BuildLiteBehavior [ RunTime:0.000026s ]
INFO: [ app_init ] --END-- [ RunTime:0.000558s ]
ERR: 无法加载模块:Uploads

[ 2017-01-06T22:07:51+08:00 ] ::1 /Q2/tp1611/Uploads/20170106/20170106134913_39429.jpg
INFO: [ app_init ] --START--
INFO: Run Behavior\BuildLiteBehavior [ RunTime:0.000024s ]
INFO: [ app_init ] --END-- [ RunTime:0.000431s ]
ERR: 无法加载模块:Uploads

