[ 2017-01-07T16:00:49+08:00 ] ::1 /Q2/tp1611/Uploads/20170106/20170106140850_29275.png
INFO: [ app_init ] --START--
INFO: Run Behavior\BuildLiteBehavior [ RunTime:0.000023s ]
INFO: [ app_init ] --END-- [ RunTime:0.000376s ]
ERR: 无法加载模块:Uploads

[ 2017-01-07T16:00:49+08:00 ] ::1 /Q2/tp1611/Public/Admin/lib/jquery/1.9.1/jquery.min.map
INFO: [ app_init ] --START--
INFO: Run Behavior\BuildLiteBehavior [ RunTime:0.000020s ]
INFO: [ app_init ] --END-- [ RunTime:0.000412s ]
ERR: 无法加载模块:Public

[ 2017-01-07T16:30:01+08:00 ] ::1 /Q2/tp1611/Uploads/20170106/20170106140850_29275.png
INFO: [ app_init ] --START--
INFO: Run Behavior\BuildLiteBehavior [ RunTime:0.000027s ]
INFO: [ app_init ] --END-- [ RunTime:0.000641s ]
ERR: 无法加载模块:Uploads

[ 2017-01-07T16:30:09+08:00 ] ::1 /Q2/tp1611/Uploads/20170106/20170106140850_29275.png
INFO: [ app_init ] --START--
INFO: Run Behavior\BuildLiteBehavior [ RunTime:0.000021s ]
INFO: [ app_init ] --END-- [ RunTime:0.000403s ]
ERR: 无法加载模块:Uploads

[ 2017-01-07T16:33:17+08:00 ] ::1 /Q2/tp1611/Uploads/20170106/20170106140850_29275.png
INFO: [ app_init ] --START--
INFO: Run Behavior\BuildLiteBehavior [ RunTime:0.000023s ]
INFO: [ app_init ] --END-- [ RunTime:0.000476s ]
ERR: 无法加载模块:Uploads

[ 2017-01-07T16:33:18+08:00 ] ::1 /Q2/tp1611/Uploads/20170106/20170106140850_29275.png
INFO: [ app_init ] --START--
INFO: Run Behavior\BuildLiteBehavior [ RunTime:0.000026s ]
INFO: [ app_init ] --END-- [ RunTime:0.000653s ]
ERR: 无法加载模块:Uploads

[ 2017-01-07T16:33:43+08:00 ] ::1 /Q2/tp1611/Uploads/20170106/20170106140850_29275.png
INFO: [ app_init ] --START--
INFO: Run Behavior\BuildLiteBehavior [ RunTime:0.000020s ]
INFO: [ app_init ] --END-- [ RunTime:0.000367s ]
ERR: 无法加载模块:Uploads

[ 2017-01-07T16:33:45+08:00 ] ::1 /Q2/tp1611/Uploads/20170106/20170106140850_29275.png
INFO: [ app_init ] --START--
INFO: Run Behavior\BuildLiteBehavior [ RunTime:0.000023s ]
INFO: [ app_init ] --END-- [ RunTime:0.000526s ]
ERR: 无法加载模块:Uploads

[ 2017-01-07T16:34:12+08:00 ] ::1 /Q2/tp1611/Uploads/20170106/20170106140850_29275.png
INFO: [ app_init ] --START--
INFO: Run Behavior\BuildLiteBehavior [ RunTime:0.000033s ]
INFO: [ app_init ] --END-- [ RunTime:0.000556s ]
ERR: 无法加载模块:Uploads

[ 2017-01-07T16:34:14+08:00 ] ::1 /Q2/tp1611/Uploads/20170106/20170106140850_29275.png
INFO: [ app_init ] --START--
INFO: Run Behavior\BuildLiteBehavior [ RunTime:0.000024s ]
INFO: [ app_init ] --END-- [ RunTime:0.000528s ]
ERR: 无法加载模块:Uploads

[ 2017-01-07T16:34:37+08:00 ] ::1 /Q2/tp1611/Uploads/20170106/20170106140850_29275.png
INFO: [ app_init ] --START--
INFO: Run Behavior\BuildLiteBehavior [ RunTime:0.000024s ]
INFO: [ app_init ] --END-- [ RunTime:0.000927s ]
ERR: 无法加载模块:Uploads

[ 2017-01-07T16:34:38+08:00 ] ::1 /Q2/tp1611/Uploads/20170106/20170106140850_29275.png
INFO: [ app_init ] --START--
INFO: Run Behavior\BuildLiteBehavior [ RunTime:0.000025s ]
INFO: [ app_init ] --END-- [ RunTime:0.000569s ]
ERR: 无法加载模块:Uploads

[ 2017-01-07T16:34:39+08:00 ] ::1 /Q2/tp1611/Uploads/20170106/20170106140850_29275.png
INFO: [ app_init ] --START--
INFO: Run Behavior\BuildLiteBehavior [ RunTime:0.000041s ]
INFO: [ app_init ] --END-- [ RunTime:0.000423s ]
ERR: 无法加载模块:Uploads

[ 2017-01-07T16:34:40+08:00 ] ::1 /Q2/tp1611/Uploads/20170106/20170106140850_29275.png
INFO: [ app_init ] --START--
INFO: Run Behavior\BuildLiteBehavior [ RunTime:0.000031s ]
INFO: [ app_init ] --END-- [ RunTime:0.000467s ]
ERR: 无法加载模块:Uploads

[ 2017-01-07T16:34:41+08:00 ] ::1 /Q2/tp1611/Uploads/20170106/20170106140850_29275.png
INFO: [ app_init ] --START--
INFO: Run Behavior\BuildLiteBehavior [ RunTime:0.000042s ]
INFO: [ app_init ] --END-- [ RunTime:0.000585s ]
ERR: 无法加载模块:Uploads

[ 2017-01-07T16:34:42+08:00 ] ::1 /Q2/tp1611/Uploads/20170106/20170106140850_29275.png
INFO: [ app_init ] --START--
INFO: Run Behavior\BuildLiteBehavior [ RunTime:0.000029s ]
INFO: [ app_init ] --END-- [ RunTime:0.000621s ]
ERR: 无法加载模块:Uploads

[ 2017-01-07T16:37:04+08:00 ] ::1 /Q2/tp1611/Uploads/20170106/20170106140850_58749.png
INFO: [ app_init ] --START--
INFO: Run Behavior\BuildLiteBehavior [ RunTime:0.000021s ]
INFO: [ app_init ] --END-- [ RunTime:0.000390s ]
ERR: 无法加载模块:Uploads

[ 2017-01-07T16:37:04+08:00 ] ::1 /Q2/tp1611/Uploads/20170106/20170106140850_29275.png
INFO: [ app_init ] --START--
INFO: Run Behavior\BuildLiteBehavior [ RunTime:0.000023s ]
INFO: [ app_init ] --END-- [ RunTime:0.000495s ]
ERR: 无法加载模块:Uploads

[ 2017-01-07T16:37:05+08:00 ] ::1 /Q2/tp1611/Public/Admin/lib/jquery/1.9.1/jquery.min.map
INFO: [ app_init ] --START--
INFO: Run Behavior\BuildLiteBehavior [ RunTime:0.000032s ]
INFO: [ app_init ] --END-- [ RunTime:0.000408s ]
ERR: 无法加载模块:Public

[ 2017-01-07T23:49:27+08:00 ] ::1 /Q2/tp1611/Uploads/brand/2017-01-04/586cfcad87b36.jpg
INFO: [ app_init ] --START--
INFO: Run Behavior\BuildLiteBehavior [ RunTime:0.000024s ]
INFO: [ app_init ] --END-- [ RunTime:0.000524s ]
ERR: 无法加载模块:Uploads

[ 2017-01-07T23:53:17+08:00 ] ::1 /Q2/tp1611/Uploads/20170107/20170107093623_10494.jpg
INFO: [ app_init ] --START--
INFO: Run Behavior\BuildLiteBehavior [ RunTime:0.000033s ]
INFO: [ app_init ] --END-- [ RunTime:0.000610s ]
ERR: 无法加载模块:Uploads

[ 2017-01-07T23:53:17+08:00 ] ::1 /Q2/tp1611/Uploads/20170107/20170107093623_24046.png
INFO: [ app_init ] --START--
INFO: Run Behavior\BuildLiteBehavior [ RunTime:0.000065s ]
INFO: [ app_init ] --END-- [ RunTime:0.000804s ]
ERR: 无法加载模块:Uploads

[ 2017-01-07T23:53:17+08:00 ] ::1 /Q2/tp1611/Uploads/20170107/20170107093623_92809.png
INFO: [ app_init ] --START--
INFO: Run Behavior\BuildLiteBehavior [ RunTime:0.000027s ]
INFO: [ app_init ] --END-- [ RunTime:0.001043s ]
ERR: 无法加载模块:Uploads

[ 2017-01-07T23:53:17+08:00 ] ::1 /Q2/tp1611/Uploads/20170107/20170107093623_40959.jpg
INFO: [ app_init ] --START--
INFO: Run Behavior\BuildLiteBehavior [ RunTime:0.000024s ]
INFO: [ app_init ] --END-- [ RunTime:0.000399s ]
ERR: 无法加载模块:Uploads

[ 2017-01-07T23:53:17+08:00 ] ::1 /Q2/tp1611/Uploads/20170107/20170107093623_75860.png
INFO: [ app_init ] --START--
INFO: Run Behavior\BuildLiteBehavior [ RunTime:0.000022s ]
INFO: [ app_init ] --END-- [ RunTime:0.000431s ]
ERR: 无法加载模块:Uploads

[ 2017-01-07T23:53:17+08:00 ] ::1 /Q2/tp1611/Uploads/20170107/20170107093623_77239.jpg
INFO: [ app_init ] --START--
INFO: Run Behavior\BuildLiteBehavior [ RunTime:0.000066s ]
INFO: [ app_init ] --END-- [ RunTime:0.001060s ]
ERR: 无法加载模块:Uploads

[ 2017-01-07T23:53:17+08:00 ] ::1 /Q2/tp1611/Uploads/20170107/20170107093623_39198.png
INFO: [ app_init ] --START--
INFO: Run Behavior\BuildLiteBehavior [ RunTime:0.000024s ]
INFO: [ app_init ] --END-- [ RunTime:0.000391s ]
ERR: 无法加载模块:Uploads

[ 2017-01-07T23:53:17+08:00 ] ::1 /Q2/tp1611/Uploads/20170107/20170107093622_71564.jpg
INFO: [ app_init ] --START--
INFO: Run Behavior\BuildLiteBehavior [ RunTime:0.000026s ]
INFO: [ app_init ] --END-- [ RunTime:0.000587s ]
ERR: 无法加载模块:Uploads

[ 2017-01-07T23:53:17+08:00 ] ::1 /Q2/tp1611/Uploads/20170107/20170107093623_14320.png
INFO: [ app_init ] --START--
INFO: Run Behavior\BuildLiteBehavior [ RunTime:0.000023s ]
INFO: [ app_init ] --END-- [ RunTime:0.000566s ]
ERR: 无法加载模块:Uploads

[ 2017-01-07T23:53:17+08:00 ] ::1 /Q2/tp1611/Uploads/20170107/20170107093622_17108.jpg
INFO: [ app_init ] --START--
INFO: Run Behavior\BuildLiteBehavior [ RunTime:0.000022s ]
INFO: [ app_init ] --END-- [ RunTime:0.000438s ]
ERR: 无法加载模块:Uploads

