[ 2016-12-27T18:06:57+08:00 ] 127.0.0.1 /ff/tp1611/index.php/Admin/Index/index
INFO: [ app_init ] --START--
INFO: Run Behavior\BuildLiteBehavior [ RunTime:0.000028s ]
INFO: [ app_init ] --END-- [ RunTime:0.000414s ]
INFO: [ app_begin ] --START--
INFO: Run Behavior\ReadHtmlCacheBehavior [ RunTime:0.000939s ]
INFO: [ app_begin ] --END-- [ RunTime:0.001113s ]

[ 2016-12-27T18:06:57+08:00 ] 127.0.0.1 /ff/tp1611/index.php/Admin/Index/login.html
INFO: [ app_init ] --START--
INFO: Run Behavior\BuildLiteBehavior [ RunTime:0.000031s ]
INFO: [ app_init ] --END-- [ RunTime:0.000408s ]
INFO: [ app_begin ] --START--
INFO: Run Behavior\ReadHtmlCacheBehavior [ RunTime:0.000774s ]
INFO: [ app_begin ] --END-- [ RunTime:0.000916s ]
INFO: [ view_parse ] --START--
INFO: [ template_filter ] --START--
INFO: Run Behavior\ContentReplaceBehavior [ RunTime:0.000101s ]
INFO: [ template_filter ] --END-- [ RunTime:0.000255s ]
NOTIC: [8] Undefined variable: a F:\wamp\wamp\www\ff\tp1611\Application\Runtime\Cache\Admin\041185b974292283d2f6098acc3220ec.php 第 47 行.
INFO: Run Behavior\ParseTemplateBehavior [ RunTime:0.008611s ]
INFO: [ view_parse ] --END-- [ RunTime:0.008735s ]
INFO: [ view_filter ] --START--
INFO: Run Behavior\WriteHtmlCacheBehavior [ RunTime:0.000297s ]
INFO: [ view_filter ] --END-- [ RunTime:0.000412s ]
INFO: [ app_end ] --START--
INFO: Run Behavior\ShowPageTraceBehavior [ RunTime:0.000552s ]
INFO: [ app_end ] --END-- [ RunTime:0.000674s ]

[ 2016-12-27T18:06:57+08:00 ] 127.0.0.1 /ff/tp1611/index.php/Admin/Index/verify.html
INFO: [ app_init ] --START--
INFO: Run Behavior\BuildLiteBehavior [ RunTime:0.000172s ]
INFO: [ app_init ] --END-- [ RunTime:0.001499s ]
INFO: [ app_begin ] --START--
INFO: Run Behavior\ReadHtmlCacheBehavior [ RunTime:0.000705s ]
INFO: [ app_begin ] --END-- [ RunTime:0.000859s ]
INFO: [ app_end ] --START--
INFO: Run Behavior\ShowPageTraceBehavior [ RunTime:0.000762s ]
INFO: [ app_end ] --END-- [ RunTime:0.000904s ]

[ 2016-12-27T18:07:07+08:00 ] 127.0.0.1 /ff/tp1611/index.php/Admin/Index/login.html
INFO: [ app_init ] --START--
INFO: Run Behavior\BuildLiteBehavior [ RunTime:0.000026s ]
INFO: [ app_init ] --END-- [ RunTime:0.000381s ]
INFO: [ app_begin ] --START--
INFO: Run Behavior\ReadHtmlCacheBehavior [ RunTime:0.000469s ]
INFO: [ app_begin ] --END-- [ RunTime:0.000602s ]
SQL: SHOW COLUMNS FROM `tp_admin` [ RunTime:0.0771s ]
SQL: SELECT * FROM `tp_admin` WHERE `username` = 'admin' AND `password` = '21232f297a57a5a743894a0e4a801fc3' LIMIT 1   [ RunTime:0.0006s ]
SQL: UPDATE `tp_admin` SET `login_num`='14',`login_ip`='127.0.0.1',`login_time`='1482833227' WHERE `username` = 'admin' AND `password` = '21232f297a57a5a743894a0e4a801fc3' [ RunTime:0.0004s ]

[ 2016-12-27T18:07:07+08:00 ] 127.0.0.1 /ff/tp1611/index.php/Admin/Index/index.html
INFO: [ app_init ] --START--
INFO: Run Behavior\BuildLiteBehavior [ RunTime:0.000035s ]
INFO: [ app_init ] --END-- [ RunTime:0.000444s ]
INFO: [ app_begin ] --START--
INFO: Run Behavior\ReadHtmlCacheBehavior [ RunTime:0.000534s ]
INFO: [ app_begin ] --END-- [ RunTime:0.000686s ]
INFO: [ view_parse ] --START--
INFO: [ template_filter ] --START--
INFO: Run Behavior\ContentReplaceBehavior [ RunTime:0.000256s ]
INFO: [ template_filter ] --END-- [ RunTime:0.000446s ]
NOTIC: [8] Undefined variable: account F:\wamp\wamp\www\ff\tp1611\Application\Runtime\Cache\Admin\b595b808c2ebeeeb0478ffc30bb4e87a.php 第 198 行.
NOTIC: [8] Undefined variable: account F:\wamp\wamp\www\ff\tp1611\Application\Runtime\Cache\Admin\b595b808c2ebeeeb0478ffc30bb4e87a.php 第 199 行.
NOTIC: [8] Undefined variable: account F:\wamp\wamp\www\ff\tp1611\Application\Runtime\Cache\Admin\b595b808c2ebeeeb0478ffc30bb4e87a.php 第 200 行.
INFO: Run Behavior\ParseTemplateBehavior [ RunTime:0.014790s ]
INFO: [ view_parse ] --END-- [ RunTime:0.014922s ]
INFO: [ view_filter ] --START--
INFO: Run Behavior\WriteHtmlCacheBehavior [ RunTime:0.000259s ]
INFO: [ view_filter ] --END-- [ RunTime:0.000409s ]
INFO: [ app_end ] --START--
INFO: Run Behavior\ShowPageTraceBehavior [ RunTime:0.000485s ]
INFO: [ app_end ] --END-- [ RunTime:0.000606s ]

[ 2016-12-27T18:07:07+08:00 ] 127.0.0.1 /ff/tp1611/index.php/Admin/Index/welcome.html
INFO: [ app_init ] --START--
INFO: Run Behavior\BuildLiteBehavior [ RunTime:0.000029s ]
INFO: [ app_init ] --END-- [ RunTime:0.000464s ]
INFO: [ app_begin ] --START--
INFO: Run Behavior\ReadHtmlCacheBehavior [ RunTime:0.000542s ]
INFO: [ app_begin ] --END-- [ RunTime:0.000820s ]
INFO: [ view_parse ] --START--
INFO: [ template_filter ] --START--
INFO: Run Behavior\ContentReplaceBehavior [ RunTime:0.000100s ]
INFO: [ template_filter ] --END-- [ RunTime:0.000245s ]
INFO: Run Behavior\ParseTemplateBehavior [ RunTime:0.007388s ]
INFO: [ view_parse ] --END-- [ RunTime:0.007539s ]
INFO: [ view_filter ] --START--
INFO: Run Behavior\WriteHtmlCacheBehavior [ RunTime:0.000438s ]
INFO: [ view_filter ] --END-- [ RunTime:0.000559s ]
INFO: [ app_end ] --START--
INFO: Run Behavior\ShowPageTraceBehavior [ RunTime:0.000534s ]
INFO: [ app_end ] --END-- [ RunTime:0.000745s ]

