[ 2017-01-23T11:44:04+08:00 ] ::1 /Q2/tp1611/index.php/Admin/Index/index
INFO: [ app_init ] --START--
INFO: Run Behavior\BuildLiteBehavior [ RunTime:0.000022s ]
INFO: [ app_init ] --END-- [ RunTime:0.000410s ]
INFO: [ app_begin ] --START--
INFO: Run Behavior\ReadHtmlCacheBehavior [ RunTime:0.000532s ]
INFO: [ app_begin ] --END-- [ RunTime:0.000622s ]

[ 2017-01-23T11:44:04+08:00 ] ::1 /Q2/tp1611/index.php/Admin/Index/login.html
INFO: [ app_init ] --START--
INFO: Run Behavior\BuildLiteBehavior [ RunTime:0.000022s ]
INFO: [ app_init ] --END-- [ RunTime:0.000443s ]
INFO: [ app_begin ] --START--
INFO: Run Behavior\ReadHtmlCacheBehavior [ RunTime:0.000504s ]
INFO: [ app_begin ] --END-- [ RunTime:0.000608s ]
INFO: [ view_parse ] --START--
INFO: [ template_filter ] --START--
INFO: Run Behavior\ContentReplaceBehavior [ RunTime:0.000081s ]
INFO: [ template_filter ] --END-- [ RunTime:0.000183s ]
NOTIC: [8] Undefined variable: a E:\demo\Q2\tp1611\Application\Runtime\Cache\Admin\041185b974292283d2f6098acc3220ec.php 第 47 行.
INFO: Run Behavior\ParseTemplateBehavior [ RunTime:0.007458s ]
INFO: [ view_parse ] --END-- [ RunTime:0.007558s ]
INFO: [ view_filter ] --START--
INFO: Run Behavior\WriteHtmlCacheBehavior [ RunTime:0.000434s ]
INFO: [ view_filter ] --END-- [ RunTime:0.000527s ]
INFO: [ app_end ] --START--
INFO: Run Behavior\ShowPageTraceBehavior [ RunTime:0.000528s ]
INFO: [ app_end ] --END-- [ RunTime:0.000630s ]

[ 2017-01-23T11:44:04+08:00 ] ::1 /Q2/tp1611/index.php/Admin/Index/verify.html
INFO: [ app_init ] --START--
INFO: Run Behavior\BuildLiteBehavior [ RunTime:0.000025s ]
INFO: [ app_init ] --END-- [ RunTime:0.000418s ]
INFO: [ app_begin ] --START--
INFO: Run Behavior\ReadHtmlCacheBehavior [ RunTime:0.000474s ]
INFO: [ app_begin ] --END-- [ RunTime:0.000568s ]
INFO: [ app_end ] --START--
INFO: Run Behavior\ShowPageTraceBehavior [ RunTime:0.000591s ]
INFO: [ app_end ] --END-- [ RunTime:0.000702s ]

[ 2017-01-23T11:44:15+08:00 ] ::1 /Q2/tp1611/index.php/Admin/Index/login.html
INFO: [ app_init ] --START--
INFO: Run Behavior\BuildLiteBehavior [ RunTime:0.000021s ]
INFO: [ app_init ] --END-- [ RunTime:0.000421s ]
INFO: [ app_begin ] --START--
INFO: Run Behavior\ReadHtmlCacheBehavior [ RunTime:0.000491s ]
INFO: [ app_begin ] --END-- [ RunTime:0.000593s ]
SQL: SHOW COLUMNS FROM `tp_admin` [ RunTime:0.1416s ]
SQL: SELECT * FROM `tp_admin` WHERE `username` = 'admin' AND `password` = '21232f297a57a5a743894a0e4a801fc3' LIMIT 1   [ RunTime:0.0879s ]
INFO: [ view_parse ] --START--
INFO: [ template_filter ] --START--
INFO: Run Behavior\ContentReplaceBehavior [ RunTime:0.000260s ]
INFO: [ template_filter ] --END-- [ RunTime:0.000682s ]
INFO: Run Behavior\ParseTemplateBehavior [ RunTime:0.030651s ]
INFO: [ view_parse ] --END-- [ RunTime:0.031106s ]
INFO: [ view_filter ] --START--
INFO: Run Behavior\WriteHtmlCacheBehavior [ RunTime:0.001429s ]
INFO: [ view_filter ] --END-- [ RunTime:0.001834s ]

[ 2017-01-23T11:44:18+08:00 ] ::1 /Q2/tp1611/index.php/Admin/Index/login.html
INFO: [ app_init ] --START--
INFO: Run Behavior\BuildLiteBehavior [ RunTime:0.000043s ]
INFO: [ app_init ] --END-- [ RunTime:0.000803s ]
INFO: [ app_begin ] --START--
INFO: Run Behavior\ReadHtmlCacheBehavior [ RunTime:0.000875s ]
INFO: [ app_begin ] --END-- [ RunTime:0.001074s ]
INFO: [ view_parse ] --START--
INFO: [ template_filter ] --START--
INFO: Run Behavior\ContentReplaceBehavior [ RunTime:0.000153s ]
INFO: [ template_filter ] --END-- [ RunTime:0.000348s ]
NOTIC: [8] Undefined variable: a E:\demo\Q2\tp1611\Application\Runtime\Cache\Admin\041185b974292283d2f6098acc3220ec.php 第 47 行.
INFO: Run Behavior\ParseTemplateBehavior [ RunTime:0.010056s ]
INFO: [ view_parse ] --END-- [ RunTime:0.010243s ]
INFO: [ view_filter ] --START--
INFO: Run Behavior\WriteHtmlCacheBehavior [ RunTime:0.000624s ]
INFO: [ view_filter ] --END-- [ RunTime:0.000800s ]
INFO: [ app_end ] --START--
INFO: Run Behavior\ShowPageTraceBehavior [ RunTime:0.001092s ]
INFO: [ app_end ] --END-- [ RunTime:0.001280s ]

[ 2017-01-23T11:44:24+08:00 ] ::1 /Q2/tp1611/index.php/Admin/Index/verify.html?0.4300349015677005
INFO: [ app_init ] --START--
INFO: Run Behavior\BuildLiteBehavior [ RunTime:0.000028s ]
INFO: [ app_init ] --END-- [ RunTime:0.000617s ]
INFO: [ app_begin ] --START--
INFO: Run Behavior\ReadHtmlCacheBehavior [ RunTime:0.000492s ]
INFO: [ app_begin ] --END-- [ RunTime:0.000600s ]
INFO: [ app_end ] --START--
INFO: Run Behavior\ShowPageTraceBehavior [ RunTime:0.000542s ]
INFO: [ app_end ] --END-- [ RunTime:0.000651s ]

[ 2017-01-23T11:44:28+08:00 ] ::1 /Q2/tp1611/index.php/Admin/Index/login.html
INFO: [ app_init ] --START--
INFO: Run Behavior\BuildLiteBehavior [ RunTime:0.000021s ]
INFO: [ app_init ] --END-- [ RunTime:0.000452s ]
INFO: [ app_begin ] --START--
INFO: Run Behavior\ReadHtmlCacheBehavior [ RunTime:0.000580s ]
INFO: [ app_begin ] --END-- [ RunTime:0.000704s ]
SQL: SHOW COLUMNS FROM `tp_admin` [ RunTime:0.0532s ]
SQL: SELECT * FROM `tp_admin` WHERE `username` = 'admin' AND `password` = 'e10adc3949ba59abbe56e057f20f883e' LIMIT 1   [ RunTime:0.0586s ]
INFO: [ view_parse ] --START--
INFO: [ template_filter ] --START--
INFO: Run Behavior\ContentReplaceBehavior [ RunTime:0.000254s ]
INFO: [ template_filter ] --END-- [ RunTime:0.000665s ]
INFO: Run Behavior\ParseTemplateBehavior [ RunTime:0.019859s ]
INFO: [ view_parse ] --END-- [ RunTime:0.020277s ]
INFO: [ view_filter ] --START--
INFO: Run Behavior\WriteHtmlCacheBehavior [ RunTime:0.001217s ]
INFO: [ view_filter ] --END-- [ RunTime:0.001598s ]

[ 2017-01-23T11:44:31+08:00 ] ::1 /Q2/tp1611/index.php/Admin/Index/login.html
INFO: [ app_init ] --START--
INFO: Run Behavior\BuildLiteBehavior [ RunTime:0.000101s ]
INFO: [ app_init ] --END-- [ RunTime:0.001127s ]
INFO: [ app_begin ] --START--
INFO: Run Behavior\ReadHtmlCacheBehavior [ RunTime:0.001111s ]
INFO: [ app_begin ] --END-- [ RunTime:0.001367s ]
INFO: [ view_parse ] --START--
INFO: [ template_filter ] --START--
INFO: Run Behavior\ContentReplaceBehavior [ RunTime:0.000095s ]
INFO: [ template_filter ] --END-- [ RunTime:0.000221s ]
NOTIC: [8] Undefined variable: a E:\demo\Q2\tp1611\Application\Runtime\Cache\Admin\041185b974292283d2f6098acc3220ec.php 第 47 行.
INFO: Run Behavior\ParseTemplateBehavior [ RunTime:0.009571s ]
INFO: [ view_parse ] --END-- [ RunTime:0.009750s ]
INFO: [ view_filter ] --START--
INFO: Run Behavior\WriteHtmlCacheBehavior [ RunTime:0.000366s ]
INFO: [ view_filter ] --END-- [ RunTime:0.000472s ]
INFO: [ app_end ] --START--
INFO: Run Behavior\ShowPageTraceBehavior [ RunTime:0.000608s ]
INFO: [ app_end ] --END-- [ RunTime:0.000718s ]

[ 2017-01-23T11:44:32+08:00 ] ::1 /Q2/tp1611/index.php/Admin/Index/verify.html
INFO: [ app_init ] --START--
INFO: Run Behavior\BuildLiteBehavior [ RunTime:0.000025s ]
INFO: [ app_init ] --END-- [ RunTime:0.000878s ]
INFO: [ app_begin ] --START--
INFO: Run Behavior\ReadHtmlCacheBehavior [ RunTime:0.000517s ]
INFO: [ app_begin ] --END-- [ RunTime:0.000620s ]
INFO: [ app_end ] --START--
INFO: Run Behavior\ShowPageTraceBehavior [ RunTime:0.000764s ]
INFO: [ app_end ] --END-- [ RunTime:0.000969s ]

[ 2017-01-23T11:44:39+08:00 ] ::1 /Q2/tp1611/index.php/Admin/Index/login.html
INFO: [ app_init ] --START--
INFO: Run Behavior\BuildLiteBehavior [ RunTime:0.000025s ]
INFO: [ app_init ] --END-- [ RunTime:0.000718s ]
INFO: [ app_begin ] --START--
INFO: Run Behavior\ReadHtmlCacheBehavior [ RunTime:0.000558s ]
INFO: [ app_begin ] --END-- [ RunTime:0.000662s ]
SQL: SHOW COLUMNS FROM `tp_admin` [ RunTime:0.0608s ]
SQL: SELECT * FROM `tp_admin` WHERE `username` = 'admin' AND `password` = 'e00cf25ad42683b3df678c61f42c6bda' LIMIT 1   [ RunTime:0.1119s ]
SQL: UPDATE `tp_admin` SET `login_num`='16',`login_ip`='0.0.0.0',`login_time`='1485143079' WHERE `username` = 'admin' AND `password` = 'e00cf25ad42683b3df678c61f42c6bda' [ RunTime:0.0499s ]

[ 2017-01-23T11:44:40+08:00 ] ::1 /Q2/tp1611/index.php/Admin/Index/index.html
INFO: [ app_init ] --START--
INFO: Run Behavior\BuildLiteBehavior [ RunTime:0.000040s ]
INFO: [ app_init ] --END-- [ RunTime:0.000857s ]
INFO: [ app_begin ] --START--
INFO: Run Behavior\ReadHtmlCacheBehavior [ RunTime:0.000915s ]
INFO: [ app_begin ] --END-- [ RunTime:0.001109s ]
SQL: SHOW COLUMNS FROM `tp_admin` [ RunTime:0.0516s ]
SQL: SELECT * FROM `tp_admin` WHERE `id` = 4 LIMIT 1   [ RunTime:0.0458s ]
SQL: SHOW COLUMNS FROM `tp_limit` [ RunTime:0.1165s ]
SQL: SELECT * FROM `tp_limit` LIMIT 1   [ RunTime:0.0517s ]
SQL: SHOW COLUMNS FROM `tp_moudle` [ RunTime:0.0721s ]
SQL: SELECT * FROM `tp_moudle`  [ RunTime:0.0772s ]
SQL: SELECT * FROM `tp_moudle` WHERE `id` IN ('11','10','12','9','13','15','14','16','17','19','18','21','20','22','32','24','23','25','26','28','27','29','30','31')  [ RunTime:0.0726s ]
INFO: [ view_parse ] --START--
INFO: [ template_filter ] --START--
INFO: Run Behavior\ContentReplaceBehavior [ RunTime:0.000379s ]
INFO: [ template_filter ] --END-- [ RunTime:0.000788s ]
NOTIC: [8] Undefined variable: account E:\demo\Q2\tp1611\Application\Runtime\Cache\Admin\b595b808c2ebeeeb0478ffc30bb4e87a.php 第 92 行.
NOTIC: [8] Undefined variable: account E:\demo\Q2\tp1611\Application\Runtime\Cache\Admin\b595b808c2ebeeeb0478ffc30bb4e87a.php 第 93 行.
NOTIC: [8] Undefined variable: account E:\demo\Q2\tp1611\Application\Runtime\Cache\Admin\b595b808c2ebeeeb0478ffc30bb4e87a.php 第 94 行.
INFO: Run Behavior\ParseTemplateBehavior [ RunTime:0.073397s ]
INFO: [ view_parse ] --END-- [ RunTime:0.073805s ]
INFO: [ view_filter ] --START--
INFO: Run Behavior\WriteHtmlCacheBehavior [ RunTime:0.001489s ]
INFO: [ view_filter ] --END-- [ RunTime:0.001872s ]
INFO: [ app_end ] --START--
INFO: Run Behavior\ShowPageTraceBehavior [ RunTime:0.002888s ]
INFO: [ app_end ] --END-- [ RunTime:0.003305s ]

[ 2017-01-23T11:44:40+08:00 ] ::1 /Q2/tp1611/index.php/Admin/Index/welcome.html
INFO: [ app_init ] --START--
INFO: Run Behavior\BuildLiteBehavior [ RunTime:0.000038s ]
INFO: [ app_init ] --END-- [ RunTime:0.000708s ]
INFO: [ app_begin ] --START--
INFO: Run Behavior\ReadHtmlCacheBehavior [ RunTime:0.000768s ]
INFO: [ app_begin ] --END-- [ RunTime:0.000943s ]
INFO: [ view_parse ] --START--
INFO: [ template_filter ] --START--
INFO: Run Behavior\ContentReplaceBehavior [ RunTime:0.000101s ]
INFO: [ template_filter ] --END-- [ RunTime:0.000208s ]
INFO: Run Behavior\ParseTemplateBehavior [ RunTime:0.014564s ]
INFO: [ view_parse ] --END-- [ RunTime:0.014708s ]
INFO: [ view_filter ] --START--
INFO: Run Behavior\WriteHtmlCacheBehavior [ RunTime:0.000318s ]
INFO: [ view_filter ] --END-- [ RunTime:0.000421s ]
INFO: [ app_end ] --START--
INFO: Run Behavior\ShowPageTraceBehavior [ RunTime:0.000496s ]
INFO: [ app_end ] --END-- [ RunTime:0.000585s ]

[ 2017-01-23T11:44:46+08:00 ] ::1 /Q2/tp1611/index.php/Admin/System/nav.html
INFO: [ app_init ] --START--
INFO: Run Behavior\BuildLiteBehavior [ RunTime:0.000022s ]
INFO: [ app_init ] --END-- [ RunTime:0.000407s ]
INFO: [ app_begin ] --START--
INFO: Run Behavior\ReadHtmlCacheBehavior [ RunTime:0.000491s ]
INFO: [ app_begin ] --END-- [ RunTime:0.000605s ]
SQL: SHOW COLUMNS FROM `tp_category` [ RunTime:0.0479s ]
SQL: SELECT * FROM `tp_category`  [ RunTime:0.0463s ]
SQL: SHOW COLUMNS FROM `tp_series` [ RunTime:0.0469s ]
SQL: SELECT * FROM `tp_series`  [ RunTime:0.0465s ]
SQL: SHOW COLUMNS FROM `tp_nav` [ RunTime:0.0461s ]
NOTIC: [8] Undefined variable: where E:\demo\Q2\tp1611\Application\Admin\Controller\SystemController.class.php 第 28 行.
SQL: SELECT * FROM `tp_nav`  [ RunTime:0.0459s ]
INFO: [ view_parse ] --START--
INFO: [ template_filter ] --START--
INFO: Run Behavior\ContentReplaceBehavior [ RunTime:0.000446s ]
INFO: [ template_filter ] --END-- [ RunTime:0.000859s ]
NOTIC: [8] Undefined variable: page E:\demo\Q2\tp1611\Application\Runtime\Cache\Admin\13397897687d2c7b21e7989b9204b5a7.php 第 82 行.
INFO: Run Behavior\ParseTemplateBehavior [ RunTime:0.047798s ]
INFO: [ view_parse ] --END-- [ RunTime:0.048110s ]
INFO: [ view_filter ] --START--
INFO: Run Behavior\WriteHtmlCacheBehavior [ RunTime:0.000658s ]
INFO: [ view_filter ] --END-- [ RunTime:0.000838s ]
INFO: [ app_end ] --START--
INFO: Run Behavior\ShowPageTraceBehavior [ RunTime:0.001253s ]
INFO: [ app_end ] --END-- [ RunTime:0.001520s ]

[ 2017-01-23T11:44:54+08:00 ] ::1 /Q2/tp1611/index.php/Admin/System/category.html
INFO: [ app_init ] --START--
INFO: Run Behavior\BuildLiteBehavior [ RunTime:0.000026s ]
INFO: [ app_init ] --END-- [ RunTime:0.000482s ]
INFO: [ app_begin ] --START--
INFO: Run Behavior\ReadHtmlCacheBehavior [ RunTime:0.000608s ]
INFO: [ app_begin ] --END-- [ RunTime:0.000744s ]
SQL: SHOW COLUMNS FROM `tp_category` [ RunTime:0.0486s ]
SQL: SELECT * FROM `tp_category`  [ RunTime:0.0457s ]
SQL: SHOW COLUMNS FROM `tp_series` [ RunTime:0.0470s ]
SQL: SELECT * FROM `tp_series`  [ RunTime:0.0476s ]
INFO: [ view_parse ] --START--
INFO: [ template_filter ] --START--
INFO: Run Behavior\ContentReplaceBehavior [ RunTime:0.000229s ]
INFO: [ template_filter ] --END-- [ RunTime:0.000490s ]
SQL: SELECT * FROM `tp_category` WHERE `id` = 0 LIMIT 1   [ RunTime:0.0460s ]
SQL: SELECT * FROM `tp_category` WHERE `id` = 1 LIMIT 1   [ RunTime:0.0455s ]
SQL: SELECT * FROM `tp_category` WHERE `id` = 0 LIMIT 1   [ RunTime:0.0453s ]
SQL: SELECT * FROM `tp_category` WHERE `id` = 3 LIMIT 1   [ RunTime:0.0459s ]
SQL: SELECT * FROM `tp_category` WHERE `id` = 3 LIMIT 1   [ RunTime:0.0457s ]
SQL: SELECT * FROM `tp_category` WHERE `id` = 5 LIMIT 1   [ RunTime:0.0466s ]
SQL: SELECT * FROM `tp_category` WHERE `id` = 5 LIMIT 1   [ RunTime:0.0453s ]
SQL: SELECT * FROM `tp_category` WHERE `id` = 3 LIMIT 1   [ RunTime:0.0457s ]
SQL: SELECT * FROM `tp_category` WHERE `id` = 8 LIMIT 1   [ RunTime:0.0459s ]
SQL: SELECT * FROM `tp_category` WHERE `id` = 8 LIMIT 1   [ RunTime:0.0459s ]
SQL: SELECT * FROM `tp_category` WHERE `id` = 1 LIMIT 1   [ RunTime:0.0451s ]
SQL: SELECT * FROM `tp_category` WHERE `id` = 1 LIMIT 1   [ RunTime:0.0458s ]
INFO: Run Behavior\ParseTemplateBehavior [ RunTime:0.598505s ]
INFO: [ view_parse ] --END-- [ RunTime:0.598880s ]
INFO: [ view_filter ] --START--
INFO: Run Behavior\WriteHtmlCacheBehavior [ RunTime:0.001657s ]
INFO: [ view_filter ] --END-- [ RunTime:0.002062s ]
INFO: [ app_end ] --START--
INFO: Run Behavior\ShowPageTraceBehavior [ RunTime:0.003052s ]
INFO: [ app_end ] --END-- [ RunTime:0.003486s ]

[ 2017-01-23T11:46:01+08:00 ] ::1 /Q2/tp1611/index.php/Admin/Picture/banner.html
INFO: [ app_init ] --START--
INFO: Run Behavior\BuildLiteBehavior [ RunTime:0.000020s ]
INFO: [ app_init ] --END-- [ RunTime:0.000366s ]
INFO: [ app_begin ] --START--
INFO: Run Behavior\ReadHtmlCacheBehavior [ RunTime:0.000538s ]
INFO: [ app_begin ] --END-- [ RunTime:0.000628s ]
SQL: SHOW COLUMNS FROM `tp_category` [ RunTime:0.0507s ]
SQL: SELECT * FROM `tp_category`  [ RunTime:0.0496s ]
SQL: SHOW COLUMNS FROM `tp_series` [ RunTime:0.0528s ]
SQL: SELECT * FROM `tp_series`  [ RunTime:0.0479s ]
SQL: SHOW COLUMNS FROM `tp_banner` [ RunTime:0.0485s ]
SQL: SELECT * FROM `tp_banner`  [ RunTime:0.0477s ]
INFO: [ view_parse ] --START--
INFO: [ template_filter ] --START--
INFO: Run Behavior\ContentReplaceBehavior [ RunTime:0.000376s ]
INFO: [ template_filter ] --END-- [ RunTime:0.000709s ]
INFO: Run Behavior\ParseTemplateBehavior [ RunTime:0.038948s ]
INFO: [ view_parse ] --END-- [ RunTime:0.039212s ]
INFO: [ view_filter ] --START--
INFO: Run Behavior\WriteHtmlCacheBehavior [ RunTime:0.000546s ]
INFO: [ view_filter ] --END-- [ RunTime:0.000689s ]
INFO: [ app_end ] --START--
INFO: Run Behavior\ShowPageTraceBehavior [ RunTime:0.000860s ]
INFO: [ app_end ] --END-- [ RunTime:0.001016s ]

[ 2017-01-23T11:46:03+08:00 ] ::1 /Q2/tp1611/index.php/Admin/Picture/bannerAdd.html
INFO: [ app_init ] --START--
INFO: Run Behavior\BuildLiteBehavior [ RunTime:0.000034s ]
INFO: [ app_init ] --END-- [ RunTime:0.000603s ]
INFO: [ app_begin ] --START--
INFO: Run Behavior\ReadHtmlCacheBehavior [ RunTime:0.000666s ]
INFO: [ app_begin ] --END-- [ RunTime:0.000799s ]
SQL: SHOW COLUMNS FROM `tp_category` [ RunTime:0.0477s ]
SQL: SELECT * FROM `tp_category`  [ RunTime:0.0465s ]
SQL: SHOW COLUMNS FROM `tp_series` [ RunTime:0.0487s ]
SQL: SELECT * FROM `tp_series`  [ RunTime:0.0474s ]
SQL: SHOW COLUMNS FROM `tp_banner` [ RunTime:0.0515s ]
SQL: SELECT * FROM `tp_banner` WHERE `id` = 0 LIMIT 1   [ RunTime:0.0467s ]
INFO: [ view_parse ] --START--
INFO: [ template_filter ] --START--
INFO: Run Behavior\ContentReplaceBehavior [ RunTime:0.000251s ]
INFO: [ template_filter ] --END-- [ RunTime:0.000469s ]
INFO: Run Behavior\ParseTemplateBehavior [ RunTime:0.020837s ]
INFO: [ view_parse ] --END-- [ RunTime:0.020971s ]
INFO: [ view_filter ] --START--
INFO: Run Behavior\WriteHtmlCacheBehavior [ RunTime:0.000333s ]
INFO: [ view_filter ] --END-- [ RunTime:0.000419s ]
INFO: [ app_end ] --START--
INFO: Run Behavior\ShowPageTraceBehavior [ RunTime:0.000681s ]
INFO: [ app_end ] --END-- [ RunTime:0.000789s ]

[ 2017-01-23T11:46:06+08:00 ] ::1 /Q2/tp1611/index.php/Admin/Picture/proPhoto.html
INFO: [ app_init ] --START--
INFO: Run Behavior\BuildLiteBehavior [ RunTime:0.000028s ]
INFO: [ app_init ] --END-- [ RunTime:0.000466s ]
INFO: [ app_begin ] --START--
INFO: Run Behavior\ReadHtmlCacheBehavior [ RunTime:0.001083s ]
INFO: [ app_begin ] --END-- [ RunTime:0.001267s ]
SQL: SHOW COLUMNS FROM `tp_category` [ RunTime:0.0461s ]
SQL: SELECT * FROM `tp_category`  [ RunTime:0.0454s ]
SQL: SHOW COLUMNS FROM `tp_series` [ RunTime:0.0467s ]
SQL: SELECT * FROM `tp_series`  [ RunTime:0.0466s ]
SQL: SHOW COLUMNS FROM `tp_product` [ RunTime:0.0467s ]
SQL: SELECT `id`,`name` FROM `tp_product`  [ RunTime:0.0477s ]
SQL: SHOW COLUMNS FROM `tp_pro_photo` [ RunTime:0.0709s ]
SQL: SELECT * FROM `tp_pro_photo`  [ RunTime:0.0449s ]
INFO: [ view_parse ] --START--
INFO: [ template_filter ] --START--
INFO: Run Behavior\ContentReplaceBehavior [ RunTime:0.000274s ]
INFO: [ template_filter ] --END-- [ RunTime:0.000537s ]
INFO: Run Behavior\ParseTemplateBehavior [ RunTime:0.046009s ]
INFO: [ view_parse ] --END-- [ RunTime:0.046227s ]
INFO: [ view_filter ] --START--
INFO: Run Behavior\WriteHtmlCacheBehavior [ RunTime:0.000533s ]
INFO: [ view_filter ] --END-- [ RunTime:0.000674s ]
INFO: [ app_end ] --START--
INFO: Run Behavior\ShowPageTraceBehavior [ RunTime:0.000706s ]
INFO: [ app_end ] --END-- [ RunTime:0.000849s ]

[ 2017-01-23T11:46:07+08:00 ] ::1 /Q2/tp1611/index.php/Admin/Picture/proPhotoAdd.html
INFO: [ app_init ] --START--
INFO: Run Behavior\BuildLiteBehavior [ RunTime:0.000032s ]
INFO: [ app_init ] --END-- [ RunTime:0.000796s ]
INFO: [ app_begin ] --START--
INFO: Run Behavior\ReadHtmlCacheBehavior [ RunTime:0.000870s ]
INFO: [ app_begin ] --END-- [ RunTime:0.001034s ]
SQL: SHOW COLUMNS FROM `tp_category` [ RunTime:0.0455s ]
SQL: SELECT * FROM `tp_category`  [ RunTime:0.0450s ]
SQL: SHOW COLUMNS FROM `tp_series` [ RunTime:0.0470s ]
SQL: SELECT * FROM `tp_series`  [ RunTime:0.0466s ]
SQL: SHOW COLUMNS FROM `tp_pro_photo` [ RunTime:0.0455s ]
SQL: SELECT * FROM `tp_pro_photo` WHERE `id` = 0 LIMIT 1   [ RunTime:0.0448s ]
SQL: SHOW COLUMNS FROM `tp_product` [ RunTime:0.0472s ]
SQL: SELECT `id`,`name` FROM `tp_product`  [ RunTime:0.0459s ]
INFO: [ view_parse ] --START--
INFO: [ template_filter ] --START--
INFO: Run Behavior\ContentReplaceBehavior [ RunTime:0.000248s ]
INFO: [ template_filter ] --END-- [ RunTime:0.000399s ]
INFO: Run Behavior\ParseTemplateBehavior [ RunTime:0.018512s ]
INFO: [ view_parse ] --END-- [ RunTime:0.018610s ]
INFO: [ view_filter ] --START--
INFO: Run Behavior\WriteHtmlCacheBehavior [ RunTime:0.000318s ]
INFO: [ view_filter ] --END-- [ RunTime:0.000399s ]
INFO: [ app_end ] --START--
INFO: Run Behavior\ShowPageTraceBehavior [ RunTime:0.000579s ]
INFO: [ app_end ] --END-- [ RunTime:0.000710s ]

[ 2017-01-23T22:53:07+08:00 ] ::1 /Q2/tp1611/index.php/Admin/Picture/proPhoto.html
INFO: [ app_init ] --START--
INFO: Run Behavior\BuildLiteBehavior [ RunTime:0.000021s ]
INFO: [ app_init ] --END-- [ RunTime:0.000480s ]
INFO: [ app_begin ] --START--
INFO: Run Behavior\ReadHtmlCacheBehavior [ RunTime:0.000527s ]
INFO: [ app_begin ] --END-- [ RunTime:0.000628s ]
SQL: SHOW COLUMNS FROM `tp_category` [ RunTime:0.0465s ]
SQL: SELECT * FROM `tp_category`  [ RunTime:0.0462s ]
SQL: SHOW COLUMNS FROM `tp_series` [ RunTime:0.0466s ]
SQL: SELECT * FROM `tp_series`  [ RunTime:0.0474s ]
SQL: SHOW COLUMNS FROM `tp_product` [ RunTime:0.0478s ]
SQL: SELECT `id`,`name` FROM `tp_product`  [ RunTime:0.0463s ]
SQL: SHOW COLUMNS FROM `tp_pro_photo` [ RunTime:0.0484s ]
SQL: SELECT * FROM `tp_pro_photo`  [ RunTime:0.0477s ]
INFO: [ view_parse ] --START--
INFO: [ template_filter ] --START--
INFO: Run Behavior\ContentReplaceBehavior [ RunTime:0.000421s ]
INFO: [ template_filter ] --END-- [ RunTime:0.000827s ]
INFO: Run Behavior\ParseTemplateBehavior [ RunTime:0.035266s ]
INFO: [ view_parse ] --END-- [ RunTime:0.035557s ]
INFO: [ view_filter ] --START--
INFO: Run Behavior\WriteHtmlCacheBehavior [ RunTime:0.000625s ]
INFO: [ view_filter ] --END-- [ RunTime:0.000778s ]
INFO: [ app_end ] --START--
INFO: Run Behavior\ShowPageTraceBehavior [ RunTime:0.000885s ]
INFO: [ app_end ] --END-- [ RunTime:0.001044s ]

[ 2017-01-23T22:53:13+08:00 ] ::1 /Q2/tp1611/index.php/Admin/User/order.html
INFO: [ app_init ] --START--
INFO: Run Behavior\BuildLiteBehavior [ RunTime:0.000033s ]
INFO: [ app_init ] --END-- [ RunTime:0.000471s ]
INFO: [ app_begin ] --START--
INFO: Run Behavior\ReadHtmlCacheBehavior [ RunTime:0.000533s ]
INFO: [ app_begin ] --END-- [ RunTime:0.000655s ]
SQL: SHOW COLUMNS FROM `tp_category` [ RunTime:0.0466s ]
SQL: SELECT * FROM `tp_category`  [ RunTime:0.0457s ]
SQL: SHOW COLUMNS FROM `tp_series` [ RunTime:0.0479s ]
SQL: SELECT * FROM `tp_series`  [ RunTime:0.0485s ]
SQL: SHOW COLUMNS FROM `tp_trans_order` [ RunTime:0.0826s ]
SQL: SELECT tp_trans_order.*,tp_address.detail_address,tp_user.compellation,tp_user.img FROM `tp_trans_order` left join tp_user on tp_user.id=tp_trans_order.uid left join tp_address on tp_address.id=tp_trans_order.address_id   [ RunTime:0.0457s ]
INFO: [ view_parse ] --START--
INFO: [ template_filter ] --START--
INFO: Run Behavior\ContentReplaceBehavior [ RunTime:0.000179s ]
INFO: [ template_filter ] --END-- [ RunTime:0.000352s ]
INFO: Run Behavior\ParseTemplateBehavior [ RunTime:0.030338s ]
INFO: [ view_parse ] --END-- [ RunTime:0.030626s ]
INFO: [ view_filter ] --START--
INFO: Run Behavior\WriteHtmlCacheBehavior [ RunTime:0.000498s ]
INFO: [ view_filter ] --END-- [ RunTime:0.000650s ]
INFO: [ app_end ] --START--
INFO: Run Behavior\ShowPageTraceBehavior [ RunTime:0.000779s ]
INFO: [ app_end ] --END-- [ RunTime:0.000950s ]

