[ 2017-01-16T22:06:16+08:00 ] ::1 /Q2/tp1611/index.php/Admin/Index/index
INFO: [ app_init ] --START--
INFO: Run Behavior\BuildLiteBehavior [ RunTime:0.000019s ]
INFO: [ app_init ] --END-- [ RunTime:0.000456s ]
INFO: [ app_begin ] --START--
INFO: Run Behavior\ReadHtmlCacheBehavior [ RunTime:0.000541s ]
INFO: [ app_begin ] --END-- [ RunTime:0.000648s ]

[ 2017-01-16T22:06:17+08:00 ] ::1 /Q2/tp1611/index.php/Admin/Index/login.html
INFO: [ app_init ] --START--
INFO: Run Behavior\BuildLiteBehavior [ RunTime:0.000019s ]
INFO: [ app_init ] --END-- [ RunTime:0.000413s ]
INFO: [ app_begin ] --START--
INFO: Run Behavior\ReadHtmlCacheBehavior [ RunTime:0.000452s ]
INFO: [ app_begin ] --END-- [ RunTime:0.000543s ]
INFO: [ view_parse ] --START--
INFO: [ template_filter ] --START--
INFO: Run Behavior\ContentReplaceBehavior [ RunTime:0.000144s ]
INFO: [ template_filter ] --END-- [ RunTime:0.000304s ]
NOTIC: [8] Undefined variable: a E:\demo\Q2\tp1611\Application\Runtime\Cache\Admin\041185b974292283d2f6098acc3220ec.php 第 47 行.
INFO: Run Behavior\ParseTemplateBehavior [ RunTime:0.008370s ]
INFO: [ view_parse ] --END-- [ RunTime:0.008461s ]
INFO: [ view_filter ] --START--
INFO: Run Behavior\WriteHtmlCacheBehavior [ RunTime:0.000391s ]
INFO: [ view_filter ] --END-- [ RunTime:0.000478s ]
INFO: [ app_end ] --START--
INFO: Run Behavior\ShowPageTraceBehavior [ RunTime:0.000561s ]
INFO: [ app_end ] --END-- [ RunTime:0.000653s ]

[ 2017-01-16T22:06:17+08:00 ] ::1 /Q2/tp1611/index.php/Admin/Index/verify.html
INFO: [ app_init ] --START--
INFO: Run Behavior\BuildLiteBehavior [ RunTime:0.000025s ]
INFO: [ app_init ] --END-- [ RunTime:0.000453s ]
INFO: [ app_begin ] --START--
INFO: Run Behavior\ReadHtmlCacheBehavior [ RunTime:0.000554s ]
INFO: [ app_begin ] --END-- [ RunTime:0.000688s ]
INFO: [ app_end ] --START--
INFO: Run Behavior\ShowPageTraceBehavior [ RunTime:0.000574s ]
INFO: [ app_end ] --END-- [ RunTime:0.000685s ]

[ 2017-01-16T22:06:31+08:00 ] ::1 /Q2/tp1611/index.php/Admin/Index/login.html
INFO: [ app_init ] --START--
INFO: Run Behavior\BuildLiteBehavior [ RunTime:0.000024s ]
INFO: [ app_init ] --END-- [ RunTime:0.000493s ]
INFO: [ app_begin ] --START--
INFO: Run Behavior\ReadHtmlCacheBehavior [ RunTime:0.000567s ]
INFO: [ app_begin ] --END-- [ RunTime:0.000675s ]
SQL: SHOW COLUMNS FROM `tp_admin` [ RunTime:0.0473s ]
SQL: SELECT * FROM `tp_admin` WHERE `username` = 'admin' AND `password` = '21232f297a57a5a743894a0e4a801fc3' LIMIT 1   [ RunTime:0.0859s ]
SQL: UPDATE `tp_admin` SET `login_num`='7',`login_ip`='0.0.0.0',`login_time`='1484575590' WHERE `username` = 'admin' AND `password` = '21232f297a57a5a743894a0e4a801fc3' [ RunTime:0.0664s ]

[ 2017-01-16T22:06:31+08:00 ] ::1 /Q2/tp1611/index.php/Admin/Index/index.html
INFO: [ app_init ] --START--
INFO: Run Behavior\BuildLiteBehavior [ RunTime:0.000040s ]
INFO: [ app_init ] --END-- [ RunTime:0.000844s ]
INFO: [ app_begin ] --START--
INFO: Run Behavior\ReadHtmlCacheBehavior [ RunTime:0.000950s ]
INFO: [ app_begin ] --END-- [ RunTime:0.001149s ]
INFO: [ view_parse ] --START--
INFO: [ template_filter ] --START--
INFO: Run Behavior\ContentReplaceBehavior [ RunTime:0.000244s ]
INFO: [ template_filter ] --END-- [ RunTime:0.000456s ]
NOTIC: [8] Undefined variable: account E:\demo\Q2\tp1611\Application\Runtime\Cache\Admin\b595b808c2ebeeeb0478ffc30bb4e87a.php 第 199 行.
NOTIC: [8] Undefined variable: account E:\demo\Q2\tp1611\Application\Runtime\Cache\Admin\b595b808c2ebeeeb0478ffc30bb4e87a.php 第 200 行.
NOTIC: [8] Undefined variable: account E:\demo\Q2\tp1611\Application\Runtime\Cache\Admin\b595b808c2ebeeeb0478ffc30bb4e87a.php 第 201 行.
INFO: Run Behavior\ParseTemplateBehavior [ RunTime:0.040587s ]
INFO: [ view_parse ] --END-- [ RunTime:0.040797s ]
INFO: [ view_filter ] --START--
INFO: Run Behavior\WriteHtmlCacheBehavior [ RunTime:0.000739s ]
INFO: [ view_filter ] --END-- [ RunTime:0.000926s ]
INFO: [ app_end ] --START--
INFO: Run Behavior\ShowPageTraceBehavior [ RunTime:0.001311s ]
INFO: [ app_end ] --END-- [ RunTime:0.001569s ]

[ 2017-01-16T22:06:31+08:00 ] ::1 /Q2/tp1611/index.php/Admin/Index/welcome.html
INFO: [ app_init ] --START--
INFO: Run Behavior\BuildLiteBehavior [ RunTime:0.000023s ]
INFO: [ app_init ] --END-- [ RunTime:0.000511s ]
INFO: [ app_begin ] --START--
INFO: Run Behavior\ReadHtmlCacheBehavior [ RunTime:0.000672s ]
INFO: [ app_begin ] --END-- [ RunTime:0.000866s ]
INFO: [ view_parse ] --START--
INFO: [ template_filter ] --START--
INFO: Run Behavior\ContentReplaceBehavior [ RunTime:0.000079s ]
INFO: [ template_filter ] --END-- [ RunTime:0.000212s ]
INFO: Run Behavior\ParseTemplateBehavior [ RunTime:0.018012s ]
INFO: [ view_parse ] --END-- [ RunTime:0.018116s ]
INFO: [ view_filter ] --START--
INFO: Run Behavior\WriteHtmlCacheBehavior [ RunTime:0.000331s ]
INFO: [ view_filter ] --END-- [ RunTime:0.000418s ]
INFO: [ app_end ] --START--
INFO: Run Behavior\ShowPageTraceBehavior [ RunTime:0.000500s ]
INFO: [ app_end ] --END-- [ RunTime:0.000592s ]

[ 2017-01-16T22:06:35+08:00 ] ::1 /Q2/tp1611/index.php/Admin/Info/news.html
INFO: [ app_init ] --START--
INFO: Run Behavior\BuildLiteBehavior [ RunTime:0.000023s ]
INFO: [ app_init ] --END-- [ RunTime:0.000435s ]
INFO: [ app_begin ] --START--
INFO: Run Behavior\ReadHtmlCacheBehavior [ RunTime:0.000466s ]
INFO: [ app_begin ] --END-- [ RunTime:0.000569s ]
SQL: SHOW COLUMNS FROM `tp_category` [ RunTime:0.0464s ]
SQL: SELECT * FROM `tp_category`  [ RunTime:0.0466s ]
SQL: SHOW COLUMNS FROM `tp_series` [ RunTime:0.0461s ]
SQL: SELECT * FROM `tp_series`  [ RunTime:0.0576s ]
SQL: SHOW COLUMNS FROM `tp_news` [ RunTime:0.0457s ]
SQL: SELECT * FROM `tp_news`  [ RunTime:0.0573s ]
NOTIC: [8] Undefined index: pid E:\demo\Q2\tp1611\Application\Common\Common\function.php 第 20 行.
NOTIC: [8] Undefined index: pid E:\demo\Q2\tp1611\Application\Common\Common\function.php 第 20 行.
INFO: [ view_parse ] --START--
INFO: [ template_filter ] --START--
INFO: Run Behavior\ContentReplaceBehavior [ RunTime:0.000313s ]
INFO: [ template_filter ] --END-- [ RunTime:0.000576s ]
SQL: SELECT * FROM `tp_category` WHERE `id` = 2 LIMIT 1   [ RunTime:0.0449s ]
NOTIC: [8] Undefined index: is_sale E:\demo\Q2\tp1611\Application\Runtime\Cache\Admin\ae57ae2d64cda47ae58662be52ad0141.php 第 67 行.
NOTIC: [8] Undefined index: is_sale E:\demo\Q2\tp1611\Application\Runtime\Cache\Admin\ae57ae2d64cda47ae58662be52ad0141.php 第 72 行.
SQL: SELECT * FROM `tp_category` WHERE `id` = 2 LIMIT 1   [ RunTime:0.0444s ]
NOTIC: [8] Undefined index: is_sale E:\demo\Q2\tp1611\Application\Runtime\Cache\Admin\ae57ae2d64cda47ae58662be52ad0141.php 第 67 行.
NOTIC: [8] Undefined index: is_sale E:\demo\Q2\tp1611\Application\Runtime\Cache\Admin\ae57ae2d64cda47ae58662be52ad0141.php 第 72 行.
INFO: Run Behavior\ParseTemplateBehavior [ RunTime:0.131893s ]
INFO: [ view_parse ] --END-- [ RunTime:0.132169s ]
INFO: [ view_filter ] --START--
INFO: Run Behavior\WriteHtmlCacheBehavior [ RunTime:0.000941s ]
INFO: [ view_filter ] --END-- [ RunTime:0.001183s ]
INFO: [ app_end ] --START--
INFO: Run Behavior\ShowPageTraceBehavior [ RunTime:0.001192s ]
INFO: [ app_end ] --END-- [ RunTime:0.001445s ]

[ 2017-01-16T22:06:45+08:00 ] ::1 /Q2/tp1611/index.php/Admin/Picture/banner.html
INFO: [ app_init ] --START--
INFO: Run Behavior\BuildLiteBehavior [ RunTime:0.000023s ]
INFO: [ app_init ] --END-- [ RunTime:0.000456s ]
INFO: [ app_begin ] --START--
INFO: Run Behavior\ReadHtmlCacheBehavior [ RunTime:0.000495s ]
INFO: [ app_begin ] --END-- [ RunTime:0.000605s ]
SQL: SHOW COLUMNS FROM `tp_category` [ RunTime:0.0458s ]
SQL: SELECT * FROM `tp_category`  [ RunTime:0.0448s ]
SQL: SHOW COLUMNS FROM `tp_series` [ RunTime:0.0458s ]
SQL: SELECT * FROM `tp_series`  [ RunTime:0.0453s ]
SQL: SHOW COLUMNS FROM `tp_banner` [ RunTime:0.0461s ]
SQL: SELECT * FROM `tp_banner`  [ RunTime:0.0642s ]
INFO: [ view_parse ] --START--
INFO: [ template_filter ] --START--
INFO: Run Behavior\ContentReplaceBehavior [ RunTime:0.000454s ]
INFO: [ template_filter ] --END-- [ RunTime:0.000872s ]
INFO: Run Behavior\ParseTemplateBehavior [ RunTime:0.046921s ]
INFO: [ view_parse ] --END-- [ RunTime:0.047234s ]
INFO: [ view_filter ] --START--
INFO: Run Behavior\WriteHtmlCacheBehavior [ RunTime:0.000717s ]
INFO: [ view_filter ] --END-- [ RunTime:0.000883s ]
INFO: [ app_end ] --START--
INFO: Run Behavior\ShowPageTraceBehavior [ RunTime:0.000847s ]
INFO: [ app_end ] --END-- [ RunTime:0.001035s ]

[ 2017-01-16T22:06:50+08:00 ] ::1 /Q2/tp1611/index.php/Admin/Picture/proPhoto.html
INFO: [ app_init ] --START--
INFO: Run Behavior\BuildLiteBehavior [ RunTime:0.000026s ]
INFO: [ app_init ] --END-- [ RunTime:0.000534s ]
INFO: [ app_begin ] --START--
INFO: Run Behavior\ReadHtmlCacheBehavior [ RunTime:0.000574s ]
INFO: [ app_begin ] --END-- [ RunTime:0.000712s ]
SQL: SHOW COLUMNS FROM `tp_category` [ RunTime:0.0439s ]
SQL: SELECT * FROM `tp_category`  [ RunTime:0.0426s ]
SQL: SHOW COLUMNS FROM `tp_series` [ RunTime:0.0442s ]
SQL: SELECT * FROM `tp_series`  [ RunTime:0.0427s ]
SQL: SHOW COLUMNS FROM `tp_product` [ RunTime:0.0447s ]
SQL: SELECT `id`,`name` FROM `tp_product`  [ RunTime:0.0447s ]
SQL: SHOW COLUMNS FROM `tp_pro_photo` [ RunTime:0.0443s ]
SQL: SELECT * FROM `tp_pro_photo`  [ RunTime:0.0434s ]
INFO: [ view_parse ] --START--
INFO: [ template_filter ] --START--
INFO: Run Behavior\ContentReplaceBehavior [ RunTime:0.000503s ]
INFO: [ template_filter ] --END-- [ RunTime:0.000921s ]
INFO: Run Behavior\ParseTemplateBehavior [ RunTime:0.060633s ]
INFO: [ view_parse ] --END-- [ RunTime:0.060953s ]
INFO: [ view_filter ] --START--
INFO: Run Behavior\WriteHtmlCacheBehavior [ RunTime:0.000685s ]
INFO: [ view_filter ] --END-- [ RunTime:0.000881s ]
INFO: [ app_end ] --START--
INFO: Run Behavior\ShowPageTraceBehavior [ RunTime:0.001012s ]
INFO: [ app_end ] --END-- [ RunTime:0.001213s ]

[ 2017-01-16T22:07:03+08:00 ] ::1 /Q2/tp1611/index.php/Admin/Picture/proPhotoAdd.html
INFO: [ app_init ] --START--
INFO: Run Behavior\BuildLiteBehavior [ RunTime:0.000028s ]
INFO: [ app_init ] --END-- [ RunTime:0.000664s ]
INFO: [ app_begin ] --START--
INFO: Run Behavior\ReadHtmlCacheBehavior [ RunTime:0.000599s ]
INFO: [ app_begin ] --END-- [ RunTime:0.000717s ]
SQL: SHOW COLUMNS FROM `tp_category` [ RunTime:0.0463s ]
SQL: SELECT * FROM `tp_category`  [ RunTime:0.0462s ]
SQL: SHOW COLUMNS FROM `tp_series` [ RunTime:0.0467s ]
SQL: SELECT * FROM `tp_series`  [ RunTime:0.0453s ]
SQL: SHOW COLUMNS FROM `tp_pro_photo` [ RunTime:0.0470s ]
SQL: SELECT * FROM `tp_pro_photo` WHERE `id` = 0 LIMIT 1   [ RunTime:0.0452s ]
SQL: SHOW COLUMNS FROM `tp_product` [ RunTime:0.0469s ]
SQL: SELECT `id`,`name` FROM `tp_product`  [ RunTime:0.0458s ]
INFO: [ view_parse ] --START--
INFO: [ template_filter ] --START--
INFO: Run Behavior\ContentReplaceBehavior [ RunTime:0.000361s ]
INFO: [ template_filter ] --END-- [ RunTime:0.000606s ]
INFO: Run Behavior\ParseTemplateBehavior [ RunTime:0.030544s ]
INFO: [ view_parse ] --END-- [ RunTime:0.030956s ]
INFO: [ view_filter ] --START--
INFO: Run Behavior\WriteHtmlCacheBehavior [ RunTime:0.001668s ]
INFO: [ view_filter ] --END-- [ RunTime:0.001926s ]
INFO: [ app_end ] --START--
INFO: Run Behavior\ShowPageTraceBehavior [ RunTime:0.001111s ]
INFO: [ app_end ] --END-- [ RunTime:0.001343s ]

[ 2017-01-16T22:07:10+08:00 ] ::1 /Q2/tp1611/index.php/Admin/Product/product.html
INFO: [ app_init ] --START--
INFO: Run Behavior\BuildLiteBehavior [ RunTime:0.000041s ]
INFO: [ app_init ] --END-- [ RunTime:0.000650s ]
INFO: [ app_begin ] --START--
INFO: Run Behavior\ReadHtmlCacheBehavior [ RunTime:0.000615s ]
INFO: [ app_begin ] --END-- [ RunTime:0.000753s ]
SQL: SHOW COLUMNS FROM `tp_category` [ RunTime:0.0459s ]
SQL: SELECT * FROM `tp_category`  [ RunTime:0.0450s ]
SQL: SHOW COLUMNS FROM `tp_series` [ RunTime:0.0540s ]
SQL: SELECT * FROM `tp_series`  [ RunTime:0.0447s ]
NOTIC: [8] Undefined index: pid E:\demo\Q2\tp1611\Application\Common\Common\function.php 第 20 行.
NOTIC: [8] Undefined index: pid E:\demo\Q2\tp1611\Application\Common\Common\function.php 第 20 行.
SQL: SHOW COLUMNS FROM `tp_product` [ RunTime:0.0457s ]
SQL: SELECT * FROM `tp_product` WHERE `is_trash` = 0  [ RunTime:0.0459s ]
INFO: [ view_parse ] --START--
INFO: [ template_filter ] --START--
INFO: Run Behavior\ContentReplaceBehavior [ RunTime:0.000313s ]
INFO: [ template_filter ] --END-- [ RunTime:0.000577s ]
SQL: SELECT * FROM `tp_category` WHERE `id` = 2 LIMIT 1   [ RunTime:0.0446s ]
SQL: SELECT * FROM `tp_category` WHERE `id` = 2 LIMIT 1   [ RunTime:0.0448s ]
INFO: Run Behavior\ParseTemplateBehavior [ RunTime:0.137660s ]
INFO: [ view_parse ] --END-- [ RunTime:0.138084s ]
INFO: [ view_filter ] --START--
INFO: Run Behavior\WriteHtmlCacheBehavior [ RunTime:0.001661s ]
INFO: [ view_filter ] --END-- [ RunTime:0.002075s ]
INFO: [ app_end ] --START--
INFO: Run Behavior\ShowPageTraceBehavior [ RunTime:0.002420s ]
INFO: [ app_end ] --END-- [ RunTime:0.002853s ]

[ 2017-01-16T22:09:41+08:00 ] ::1 /Q2/tp1611/index.php/Admin/System/basic.html
INFO: [ app_init ] --START--
INFO: Run Behavior\BuildLiteBehavior [ RunTime:0.000026s ]
INFO: [ app_init ] --END-- [ RunTime:0.001168s ]
INFO: [ app_begin ] --START--
INFO: Run Behavior\ReadHtmlCacheBehavior [ RunTime:0.000555s ]
INFO: [ app_begin ] --END-- [ RunTime:0.000650s ]
SQL: SHOW COLUMNS FROM `tp_category` [ RunTime:0.0450s ]
SQL: SELECT * FROM `tp_category`  [ RunTime:0.0439s ]
SQL: SHOW COLUMNS FROM `tp_series` [ RunTime:0.0458s ]
SQL: SELECT * FROM `tp_series`  [ RunTime:0.0444s ]
INFO: [ view_parse ] --START--
INFO: [ template_filter ] --START--
INFO: Run Behavior\ContentReplaceBehavior [ RunTime:0.000458s ]
INFO: [ template_filter ] --END-- [ RunTime:0.000980s ]
NOTIC: [8] Undefined index: insurance E:\demo\Q2\tp1611\Application\Runtime\Cache\Admin\dd180a00c48425e3c711579b566d9ec4.php 第 130 行.
NOTIC: [8] Undefined index: insurance E:\demo\Q2\tp1611\Application\Runtime\Cache\Admin\dd180a00c48425e3c711579b566d9ec4.php 第 136 行.
INFO: Run Behavior\ParseTemplateBehavior [ RunTime:0.032959s ]
INFO: [ view_parse ] --END-- [ RunTime:0.033313s ]
INFO: [ view_filter ] --START--
INFO: Run Behavior\WriteHtmlCacheBehavior [ RunTime:0.000879s ]
INFO: [ view_filter ] --END-- [ RunTime:0.001093s ]
INFO: [ app_end ] --START--
INFO: Run Behavior\ShowPageTraceBehavior [ RunTime:0.001479s ]
INFO: [ app_end ] --END-- [ RunTime:0.001725s ]

[ 2017-01-16T22:10:07+08:00 ] ::1 /Q2/tp1611/index.php/Admin/System/basic.html
INFO: [ app_init ] --START--
INFO: Run Behavior\BuildLiteBehavior [ RunTime:0.000022s ]
INFO: [ app_init ] --END-- [ RunTime:0.000463s ]
INFO: [ app_begin ] --START--
INFO: Run Behavior\ReadHtmlCacheBehavior [ RunTime:0.000548s ]
INFO: [ app_begin ] --END-- [ RunTime:0.000653s ]
SQL: SHOW COLUMNS FROM `tp_category` [ RunTime:0.0450s ]
SQL: SELECT * FROM `tp_category`  [ RunTime:0.0438s ]
SQL: SHOW COLUMNS FROM `tp_series` [ RunTime:0.0447s ]
SQL: SELECT * FROM `tp_series`  [ RunTime:0.0440s ]
INFO: [ view_parse ] --START--
INFO: [ template_filter ] --START--
INFO: Run Behavior\ContentReplaceBehavior [ RunTime:0.000136s ]
INFO: [ template_filter ] --END-- [ RunTime:0.000272s ]
NOTIC: [8] Undefined index: insurance E:\demo\Q2\tp1611\Application\Runtime\Cache\Admin\dd180a00c48425e3c711579b566d9ec4.php 第 136 行.
INFO: Run Behavior\ParseTemplateBehavior [ RunTime:0.010384s ]
INFO: [ view_parse ] --END-- [ RunTime:0.010536s ]
INFO: [ view_filter ] --START--
INFO: Run Behavior\WriteHtmlCacheBehavior [ RunTime:0.000601s ]
INFO: [ view_filter ] --END-- [ RunTime:0.000723s ]
INFO: [ app_end ] --START--
INFO: Run Behavior\ShowPageTraceBehavior [ RunTime:0.000828s ]
INFO: [ app_end ] --END-- [ RunTime:0.000970s ]

[ 2017-01-16T22:10:15+08:00 ] ::1 /Q2/tp1611/index.php/Admin/System/basic.html
INFO: [ app_init ] --START--
INFO: Run Behavior\BuildLiteBehavior [ RunTime:0.000026s ]
INFO: [ app_init ] --END-- [ RunTime:0.000508s ]
INFO: [ app_begin ] --START--
INFO: Run Behavior\ReadHtmlCacheBehavior [ RunTime:0.000531s ]
INFO: [ app_begin ] --END-- [ RunTime:0.000631s ]
SQL: SHOW COLUMNS FROM `tp_category` [ RunTime:0.0435s ]
SQL: SELECT * FROM `tp_category`  [ RunTime:0.0424s ]
SQL: SHOW COLUMNS FROM `tp_series` [ RunTime:0.0438s ]
SQL: SELECT * FROM `tp_series`  [ RunTime:0.0425s ]

[ 2017-01-16T22:10:16+08:00 ] ::1 /Q2/tp1611/index.php/Admin/System/basic.html
INFO: [ app_init ] --START--
INFO: Run Behavior\BuildLiteBehavior [ RunTime:0.000037s ]
INFO: [ app_init ] --END-- [ RunTime:0.000734s ]
INFO: [ app_begin ] --START--
INFO: Run Behavior\ReadHtmlCacheBehavior [ RunTime:0.000883s ]
INFO: [ app_begin ] --END-- [ RunTime:0.001066s ]
SQL: SHOW COLUMNS FROM `tp_category` [ RunTime:0.0458s ]
SQL: SELECT * FROM `tp_category`  [ RunTime:0.0456s ]
SQL: SHOW COLUMNS FROM `tp_series` [ RunTime:0.0466s ]
SQL: SELECT * FROM `tp_series`  [ RunTime:0.0455s ]
INFO: [ view_parse ] --START--
INFO: [ template_filter ] --START--
INFO: Run Behavior\ContentReplaceBehavior [ RunTime:0.000178s ]
INFO: [ template_filter ] --END-- [ RunTime:0.000354s ]
INFO: Run Behavior\ParseTemplateBehavior [ RunTime:0.012669s ]
INFO: [ view_parse ] --END-- [ RunTime:0.012842s ]
INFO: [ view_filter ] --START--
INFO: Run Behavior\WriteHtmlCacheBehavior [ RunTime:0.000524s ]
INFO: [ view_filter ] --END-- [ RunTime:0.000634s ]
INFO: [ app_end ] --START--
INFO: Run Behavior\ShowPageTraceBehavior [ RunTime:0.000694s ]
INFO: [ app_end ] --END-- [ RunTime:0.000819s ]

[ 2017-01-16T22:12:12+08:00 ] ::1 /Q2/tp1611/index.php/Admin/System/basic.html
INFO: [ app_init ] --START--
INFO: Run Behavior\BuildLiteBehavior [ RunTime:0.000026s ]
INFO: [ app_init ] --END-- [ RunTime:0.000541s ]
INFO: [ app_begin ] --START--
INFO: Run Behavior\ReadHtmlCacheBehavior [ RunTime:0.001023s ]
INFO: [ app_begin ] --END-- [ RunTime:0.001156s ]
SQL: SHOW COLUMNS FROM `tp_category` [ RunTime:0.0461s ]
SQL: SELECT * FROM `tp_category`  [ RunTime:0.0457s ]
SQL: SHOW COLUMNS FROM `tp_series` [ RunTime:0.0477s ]
SQL: SELECT * FROM `tp_series`  [ RunTime:0.0449s ]

[ 2017-01-16T22:12:14+08:00 ] ::1 /Q2/tp1611/index.php/Admin/System/basic.html
INFO: [ app_init ] --START--
INFO: Run Behavior\BuildLiteBehavior [ RunTime:0.000049s ]
INFO: [ app_init ] --END-- [ RunTime:0.001352s ]
INFO: [ app_begin ] --START--
INFO: Run Behavior\ReadHtmlCacheBehavior [ RunTime:0.001105s ]
INFO: [ app_begin ] --END-- [ RunTime:0.001344s ]
SQL: SHOW COLUMNS FROM `tp_category` [ RunTime:0.0461s ]
SQL: SELECT * FROM `tp_category`  [ RunTime:0.0448s ]
SQL: SHOW COLUMNS FROM `tp_series` [ RunTime:0.0463s ]
SQL: SELECT * FROM `tp_series`  [ RunTime:0.0488s ]
INFO: [ view_parse ] --START--
INFO: [ template_filter ] --START--
INFO: Run Behavior\ContentReplaceBehavior [ RunTime:0.000231s ]
INFO: [ template_filter ] --END-- [ RunTime:0.000463s ]
INFO: Run Behavior\ParseTemplateBehavior [ RunTime:0.017571s ]
INFO: [ view_parse ] --END-- [ RunTime:0.017829s ]
INFO: [ view_filter ] --START--
INFO: Run Behavior\WriteHtmlCacheBehavior [ RunTime:0.000863s ]
INFO: [ view_filter ] --END-- [ RunTime:0.001075s ]
INFO: [ app_end ] --START--
INFO: Run Behavior\ShowPageTraceBehavior [ RunTime:0.001312s ]
INFO: [ app_end ] --END-- [ RunTime:0.001548s ]

[ 2017-01-16T22:12:25+08:00 ] ::1 /Q2/tp1611/index.php/Admin/System/basic.html
INFO: [ app_init ] --START--
INFO: Run Behavior\BuildLiteBehavior [ RunTime:0.000027s ]
INFO: [ app_init ] --END-- [ RunTime:0.000571s ]
INFO: [ app_begin ] --START--
INFO: Run Behavior\ReadHtmlCacheBehavior [ RunTime:0.000860s ]
INFO: [ app_begin ] --END-- [ RunTime:0.001046s ]
SQL: SHOW COLUMNS FROM `tp_category` [ RunTime:0.0457s ]
SQL: SELECT * FROM `tp_category`  [ RunTime:0.0441s ]
SQL: SHOW COLUMNS FROM `tp_series` [ RunTime:0.0456s ]
SQL: SELECT * FROM `tp_series`  [ RunTime:0.0446s ]

[ 2017-01-16T22:12:27+08:00 ] ::1 /Q2/tp1611/index.php/Admin/System/basic.html
INFO: [ app_init ] --START--
INFO: Run Behavior\BuildLiteBehavior [ RunTime:0.000066s ]
INFO: [ app_init ] --END-- [ RunTime:0.000883s ]
INFO: [ app_begin ] --START--
INFO: Run Behavior\ReadHtmlCacheBehavior [ RunTime:0.001059s ]
INFO: [ app_begin ] --END-- [ RunTime:0.001388s ]
SQL: SHOW COLUMNS FROM `tp_category` [ RunTime:0.0464s ]
SQL: SELECT * FROM `tp_category`  [ RunTime:0.0450s ]
SQL: SHOW COLUMNS FROM `tp_series` [ RunTime:0.0460s ]
SQL: SELECT * FROM `tp_series`  [ RunTime:0.0448s ]
INFO: [ view_parse ] --START--
INFO: [ template_filter ] --START--
INFO: Run Behavior\ContentReplaceBehavior [ RunTime:0.000201s ]
INFO: [ template_filter ] --END-- [ RunTime:0.000399s ]
INFO: Run Behavior\ParseTemplateBehavior [ RunTime:0.014748s ]
INFO: [ view_parse ] --END-- [ RunTime:0.014980s ]
INFO: [ view_filter ] --START--
INFO: Run Behavior\WriteHtmlCacheBehavior [ RunTime:0.000679s ]
INFO: [ view_filter ] --END-- [ RunTime:0.000873s ]
INFO: [ app_end ] --START--
INFO: Run Behavior\ShowPageTraceBehavior [ RunTime:0.000994s ]
INFO: [ app_end ] --END-- [ RunTime:0.001206s ]

