[ 2017-01-13T08:48:38+08:00 ] 127.0.0.1 /1611/1232/tp1611/index.php/Admin/Index/index
INFO: [ app_init ] --START--
INFO: Run Behavior\BuildLiteBehavior [ RunTime:0.000020s ]
INFO: [ app_init ] --END-- [ RunTime:0.000466s ]
INFO: [ app_begin ] --START--
INFO: Run Behavior\ReadHtmlCacheBehavior [ RunTime:0.000585s ]
INFO: [ app_begin ] --END-- [ RunTime:0.000672s ]

[ 2017-01-13T08:48:38+08:00 ] 127.0.0.1 /1611/1232/tp1611/index.php/Admin/Index/login.html
INFO: [ app_init ] --START--
INFO: Run Behavior\BuildLiteBehavior [ RunTime:0.000022s ]
INFO: [ app_init ] --END-- [ RunTime:0.000786s ]
INFO: [ app_begin ] --START--
INFO: Run Behavior\ReadHtmlCacheBehavior [ RunTime:0.000583s ]
INFO: [ app_begin ] --END-- [ RunTime:0.000658s ]
INFO: [ view_parse ] --START--
INFO: [ template_filter ] --START--
INFO: Run Behavior\ContentReplaceBehavior [ RunTime:0.000068s ]
INFO: [ template_filter ] --END-- [ RunTime:0.000149s ]
NOTIC: [8] Undefined variable: a D:\wamp\www\1611\1232\tp1611\Application\Runtime\Cache\Admin\041185b974292283d2f6098acc3220ec.php 第 47 行.
INFO: Run Behavior\ParseTemplateBehavior [ RunTime:0.043187s ]
INFO: [ view_parse ] --END-- [ RunTime:0.043266s ]
INFO: [ view_filter ] --START--
INFO: Run Behavior\WriteHtmlCacheBehavior [ RunTime:0.000473s ]
INFO: [ view_filter ] --END-- [ RunTime:0.000541s ]
INFO: [ app_end ] --START--
INFO: Run Behavior\ShowPageTraceBehavior [ RunTime:0.000665s ]
INFO: [ app_end ] --END-- [ RunTime:0.000733s ]

[ 2017-01-13T08:48:39+08:00 ] 127.0.0.1 /1611/1232/tp1611/index.php/Admin/Index/verify.html
INFO: [ app_init ] --START--
INFO: Run Behavior\BuildLiteBehavior [ RunTime:0.000020s ]
INFO: [ app_init ] --END-- [ RunTime:0.000481s ]
INFO: [ app_begin ] --START--
INFO: Run Behavior\ReadHtmlCacheBehavior [ RunTime:0.000746s ]
INFO: [ app_begin ] --END-- [ RunTime:0.000840s ]
INFO: [ app_end ] --START--
INFO: Run Behavior\ShowPageTraceBehavior [ RunTime:0.000725s ]
INFO: [ app_end ] --END-- [ RunTime:0.000823s ]

[ 2017-01-13T08:48:48+08:00 ] 127.0.0.1 /1611/1232/tp1611/index.php/Admin/Index/login.html
INFO: [ app_init ] --START--
INFO: Run Behavior\BuildLiteBehavior [ RunTime:0.000019s ]
INFO: [ app_init ] --END-- [ RunTime:0.000479s ]
INFO: [ app_begin ] --START--
INFO: Run Behavior\ReadHtmlCacheBehavior [ RunTime:0.002519s ]
INFO: [ app_begin ] --END-- [ RunTime:0.002626s ]
SQL: SHOW COLUMNS FROM `tp_admin` [ RunTime:0.0991s ]
SQL: SELECT * FROM `tp_admin` WHERE `username` = 'admin' AND `password` = '21232f297a57a5a743894a0e4a801fc3' LIMIT 1   [ RunTime:0.0350s ]
SQL: UPDATE `tp_admin` SET `login_num`='4',`login_ip`='127.0.0.1',`login_time`='1484268528' WHERE `username` = 'admin' AND `password` = '21232f297a57a5a743894a0e4a801fc3' [ RunTime:0.0197s ]

[ 2017-01-13T08:48:48+08:00 ] 127.0.0.1 /1611/1232/tp1611/index.php/Admin/Index/index.html
INFO: [ app_init ] --START--
INFO: Run Behavior\BuildLiteBehavior [ RunTime:0.000023s ]
INFO: [ app_init ] --END-- [ RunTime:0.000652s ]
INFO: [ app_begin ] --START--
INFO: Run Behavior\ReadHtmlCacheBehavior [ RunTime:0.000699s ]
INFO: [ app_begin ] --END-- [ RunTime:0.000796s ]
INFO: [ view_parse ] --START--
INFO: [ template_filter ] --START--
INFO: Run Behavior\ContentReplaceBehavior [ RunTime:0.000109s ]
INFO: [ template_filter ] --END-- [ RunTime:0.000191s ]
NOTIC: [8] Undefined variable: account D:\wamp\www\1611\1232\tp1611\Application\Runtime\Cache\Admin\b595b808c2ebeeeb0478ffc30bb4e87a.php 第 200 行.
NOTIC: [8] Undefined variable: account D:\wamp\www\1611\1232\tp1611\Application\Runtime\Cache\Admin\b595b808c2ebeeeb0478ffc30bb4e87a.php 第 201 行.
NOTIC: [8] Undefined variable: account D:\wamp\www\1611\1232\tp1611\Application\Runtime\Cache\Admin\b595b808c2ebeeeb0478ffc30bb4e87a.php 第 202 行.
INFO: Run Behavior\ParseTemplateBehavior [ RunTime:0.018255s ]
INFO: [ view_parse ] --END-- [ RunTime:0.018326s ]
INFO: [ view_filter ] --START--
INFO: Run Behavior\WriteHtmlCacheBehavior [ RunTime:0.000445s ]
INFO: [ view_filter ] --END-- [ RunTime:0.000509s ]
INFO: [ app_end ] --START--
INFO: Run Behavior\ShowPageTraceBehavior [ RunTime:0.000667s ]
INFO: [ app_end ] --END-- [ RunTime:0.000733s ]

[ 2017-01-13T08:48:48+08:00 ] 127.0.0.1 /1611/1232/tp1611/index.php/Admin/Index/welcome.html
INFO: [ app_init ] --START--
INFO: Run Behavior\BuildLiteBehavior [ RunTime:0.000025s ]
INFO: [ app_init ] --END-- [ RunTime:0.003365s ]
INFO: [ app_begin ] --START--
INFO: Run Behavior\ReadHtmlCacheBehavior [ RunTime:0.000657s ]
INFO: [ app_begin ] --END-- [ RunTime:0.000758s ]
INFO: [ view_parse ] --START--
INFO: [ template_filter ] --START--
INFO: Run Behavior\ContentReplaceBehavior [ RunTime:0.000073s ]
INFO: [ template_filter ] --END-- [ RunTime:0.000156s ]
INFO: Run Behavior\ParseTemplateBehavior [ RunTime:0.031375s ]
INFO: [ view_parse ] --END-- [ RunTime:0.031472s ]
INFO: [ view_filter ] --START--
INFO: Run Behavior\WriteHtmlCacheBehavior [ RunTime:0.000403s ]
INFO: [ view_filter ] --END-- [ RunTime:0.000474s ]
INFO: [ app_end ] --START--
INFO: Run Behavior\ShowPageTraceBehavior [ RunTime:0.001632s ]
INFO: [ app_end ] --END-- [ RunTime:0.001713s ]

[ 2017-01-13T08:49:02+08:00 ] 127.0.0.1 /1611/1232/tp1611/index.php/Admin/Picture/banner.html
INFO: [ app_init ] --START--
INFO: Run Behavior\BuildLiteBehavior [ RunTime:0.000020s ]
INFO: [ app_init ] --END-- [ RunTime:0.000495s ]
INFO: [ app_begin ] --START--
INFO: Run Behavior\ReadHtmlCacheBehavior [ RunTime:0.002026s ]
INFO: [ app_begin ] --END-- [ RunTime:0.002139s ]
SQL: SHOW COLUMNS FROM `tp_category` [ RunTime:0.0301s ]
SQL: SELECT * FROM `tp_category`  [ RunTime:0.0213s ]
SQL: SHOW COLUMNS FROM `tp_series` [ RunTime:0.0227s ]
SQL: SELECT * FROM `tp_series`  [ RunTime:0.0219s ]
SQL: SHOW COLUMNS FROM `tp_banner` [ RunTime:0.0223s ]
SQL: SELECT * FROM `tp_banner`  [ RunTime:0.0219s ]
INFO: [ view_parse ] --START--
INFO: [ template_filter ] --START--
INFO: Run Behavior\ContentReplaceBehavior [ RunTime:0.000126s ]
INFO: [ template_filter ] --END-- [ RunTime:0.000226s ]
INFO: Run Behavior\ParseTemplateBehavior [ RunTime:0.018676s ]
INFO: [ view_parse ] --END-- [ RunTime:0.018762s ]
INFO: [ view_filter ] --START--
INFO: Run Behavior\WriteHtmlCacheBehavior [ RunTime:0.000479s ]
INFO: [ view_filter ] --END-- [ RunTime:0.000543s ]
INFO: [ app_end ] --START--
INFO: Run Behavior\ShowPageTraceBehavior [ RunTime:0.000651s ]
INFO: [ app_end ] --END-- [ RunTime:0.000717s ]

[ 2017-01-13T08:49:04+08:00 ] 127.0.0.1 /1611/1232/tp1611/index.php/Admin/Picture/proPhoto.html
INFO: [ app_init ] --START--
INFO: Run Behavior\BuildLiteBehavior [ RunTime:0.000026s ]
INFO: [ app_init ] --END-- [ RunTime:0.001054s ]
INFO: [ app_begin ] --START--
INFO: Run Behavior\ReadHtmlCacheBehavior [ RunTime:0.000669s ]
INFO: [ app_begin ] --END-- [ RunTime:0.000782s ]
SQL: SHOW COLUMNS FROM `tp_category` [ RunTime:0.0286s ]
SQL: SELECT * FROM `tp_category`  [ RunTime:0.0283s ]
SQL: SHOW COLUMNS FROM `tp_series` [ RunTime:0.0258s ]
SQL: SELECT * FROM `tp_series`  [ RunTime:0.0291s ]
SQL: SHOW COLUMNS FROM `tp_product` [ RunTime:0.0272s ]
SQL: SELECT `id`,`name` FROM `tp_product`  [ RunTime:0.0253s ]
SQL: SHOW COLUMNS FROM `tp_pro_photo` [ RunTime:0.0280s ]
SQL: SELECT * FROM `tp_pro_photo`  [ RunTime:0.0248s ]
INFO: [ view_parse ] --START--
INFO: [ template_filter ] --START--
INFO: Run Behavior\ContentReplaceBehavior [ RunTime:0.000103s ]
INFO: [ template_filter ] --END-- [ RunTime:0.000185s ]
INFO: Run Behavior\ParseTemplateBehavior [ RunTime:0.039071s ]
INFO: [ view_parse ] --END-- [ RunTime:0.039161s ]
INFO: [ view_filter ] --START--
INFO: Run Behavior\WriteHtmlCacheBehavior [ RunTime:0.000332s ]
INFO: [ view_filter ] --END-- [ RunTime:0.000395s ]
INFO: [ app_end ] --START--
INFO: Run Behavior\ShowPageTraceBehavior [ RunTime:0.000569s ]
INFO: [ app_end ] --END-- [ RunTime:0.000635s ]

[ 2017-01-13T08:49:07+08:00 ] 127.0.0.1 /1611/1232/tp1611/index.php/Admin/Product/product.html
INFO: [ app_init ] --START--
INFO: Run Behavior\BuildLiteBehavior [ RunTime:0.000021s ]
INFO: [ app_init ] --END-- [ RunTime:0.000481s ]
INFO: [ app_begin ] --START--
INFO: Run Behavior\ReadHtmlCacheBehavior [ RunTime:0.001115s ]
INFO: [ app_begin ] --END-- [ RunTime:0.001293s ]
SQL: SHOW COLUMNS FROM `tp_category` [ RunTime:0.0298s ]
SQL: SELECT * FROM `tp_category`  [ RunTime:0.2481s ]
SQL: SHOW COLUMNS FROM `tp_series` [ RunTime:0.0258s ]
SQL: SELECT * FROM `tp_series`  [ RunTime:0.0242s ]
NOTIC: [8] Undefined index: pid D:\wamp\www\1611\1232\tp1611\Application\Common\Common\function.php 第 20 行.
NOTIC: [8] Undefined index: pid D:\wamp\www\1611\1232\tp1611\Application\Common\Common\function.php 第 20 行.
SQL: SHOW COLUMNS FROM `tp_product` [ RunTime:0.0267s ]
SQL: SELECT * FROM `tp_product` WHERE `is_trash` = 0  [ RunTime:0.0253s ]
INFO: [ view_parse ] --START--
INFO: [ template_filter ] --START--
INFO: Run Behavior\ContentReplaceBehavior [ RunTime:0.000111s ]
INFO: [ template_filter ] --END-- [ RunTime:0.000190s ]
SQL: SELECT * FROM `tp_category` WHERE `id` = 2 LIMIT 1   [ RunTime:0.0249s ]
SQL: SELECT * FROM `tp_category` WHERE `id` = 2 LIMIT 1   [ RunTime:0.0239s ]
INFO: Run Behavior\ParseTemplateBehavior [ RunTime:0.062888s ]
INFO: [ view_parse ] --END-- [ RunTime:0.062968s ]
INFO: [ view_filter ] --START--
INFO: Run Behavior\WriteHtmlCacheBehavior [ RunTime:0.000472s ]
INFO: [ view_filter ] --END-- [ RunTime:0.000537s ]
INFO: [ app_end ] --START--
INFO: Run Behavior\ShowPageTraceBehavior [ RunTime:0.000618s ]
INFO: [ app_end ] --END-- [ RunTime:0.000686s ]

[ 2017-01-13T08:49:12+08:00 ] 127.0.0.1 /1611/1232/tp1611/index.php/Admin/Product/productAdd/id/3.html
INFO: [ app_init ] --START--
INFO: Run Behavior\BuildLiteBehavior [ RunTime:0.000020s ]
INFO: [ app_init ] --END-- [ RunTime:0.000535s ]
INFO: [ app_begin ] --START--
INFO: Run Behavior\ReadHtmlCacheBehavior [ RunTime:0.000723s ]
INFO: [ app_begin ] --END-- [ RunTime:0.000830s ]
SQL: SHOW COLUMNS FROM `tp_category` [ RunTime:0.0220s ]
SQL: SELECT * FROM `tp_category`  [ RunTime:0.0213s ]
SQL: SHOW COLUMNS FROM `tp_series` [ RunTime:0.0216s ]
SQL: SELECT * FROM `tp_series`  [ RunTime:0.0210s ]
NOTIC: [8] Undefined index: pid D:\wamp\www\1611\1232\tp1611\Application\Common\Common\function.php 第 20 行.
NOTIC: [8] Undefined index: pid D:\wamp\www\1611\1232\tp1611\Application\Common\Common\function.php 第 20 行.
SQL: SHOW COLUMNS FROM `tp_product` [ RunTime:0.0228s ]
SQL: SELECT * FROM `tp_product` WHERE `id` = 3 LIMIT 1   [ RunTime:0.0208s ]
INFO: [ view_parse ] --START--
INFO: [ template_filter ] --START--
INFO: Run Behavior\ContentReplaceBehavior [ RunTime:0.000118s ]
INFO: [ template_filter ] --END-- [ RunTime:0.000198s ]
SQL: SELECT * FROM `tp_category` WHERE `id` = 2 LIMIT 1   [ RunTime:0.0208s ]
INFO: Run Behavior\ParseTemplateBehavior [ RunTime:0.039646s ]
INFO: [ view_parse ] --END-- [ RunTime:0.039830s ]
INFO: [ view_filter ] --START--
INFO: Run Behavior\WriteHtmlCacheBehavior [ RunTime:0.000479s ]
INFO: [ view_filter ] --END-- [ RunTime:0.000546s ]
INFO: [ app_end ] --START--
INFO: Run Behavior\ShowPageTraceBehavior [ RunTime:0.000629s ]
INFO: [ app_end ] --END-- [ RunTime:0.000695s ]

[ 2017-01-13T08:49:21+08:00 ] 127.0.0.1 /1611/1232/tp1611/index.php/Admin/Product/productAdd/id/3.html
INFO: [ app_init ] --START--
INFO: Run Behavior\BuildLiteBehavior [ RunTime:0.000021s ]
INFO: [ app_init ] --END-- [ RunTime:0.000480s ]
INFO: [ app_begin ] --START--
INFO: Run Behavior\ReadHtmlCacheBehavior [ RunTime:0.000587s ]
INFO: [ app_begin ] --END-- [ RunTime:0.000659s ]
SQL: SHOW COLUMNS FROM `tp_category` [ RunTime:0.0215s ]
SQL: SELECT * FROM `tp_category`  [ RunTime:0.0289s ]
SQL: SHOW COLUMNS FROM `tp_series` [ RunTime:0.0231s ]
SQL: SELECT * FROM `tp_series`  [ RunTime:0.0257s ]
NOTIC: [8] Undefined index: pid D:\wamp\www\1611\1232\tp1611\Application\Common\Common\function.php 第 20 行.
NOTIC: [8] Undefined index: pid D:\wamp\www\1611\1232\tp1611\Application\Common\Common\function.php 第 20 行.
SQL: SHOW COLUMNS FROM `tp_product` [ RunTime:0.0216s ]
SQL: UPDATE `tp_product` SET `name`='Bambin柔嫩润肤露-全天候滋润配方',`series_id`='1',`is_sale`='1',`capacity`='210',`goods_number`='3',`official_price`='4245.00',`promo_price`='20',`promo_on`='1484139920',`promo_off`='1486818323',`virtue`='fgsd,suyd,gjg,hd',`img`='/Uploads/product/2017-01-11/58762e44ba7b2.png',`description`='&lt;p&gt;话题也放假回国&lt;br/&gt;&lt;/p&gt;' WHERE `id` = 3 [ RunTime:0.0207s ]

[ 2017-01-13T08:49:23+08:00 ] 127.0.0.1 /1611/1232/tp1611/index.php/Admin/Product/product.html
INFO: [ app_init ] --START--
INFO: Run Behavior\BuildLiteBehavior [ RunTime:0.000020s ]
INFO: [ app_init ] --END-- [ RunTime:0.000473s ]
INFO: [ app_begin ] --START--
INFO: Run Behavior\ReadHtmlCacheBehavior [ RunTime:0.000614s ]
INFO: [ app_begin ] --END-- [ RunTime:0.000710s ]
SQL: SHOW COLUMNS FROM `tp_category` [ RunTime:0.0260s ]
SQL: SELECT * FROM `tp_category`  [ RunTime:0.0389s ]
SQL: SHOW COLUMNS FROM `tp_series` [ RunTime:0.0254s ]
SQL: SELECT * FROM `tp_series`  [ RunTime:0.0249s ]
NOTIC: [8] Undefined index: pid D:\wamp\www\1611\1232\tp1611\Application\Common\Common\function.php 第 20 行.
NOTIC: [8] Undefined index: pid D:\wamp\www\1611\1232\tp1611\Application\Common\Common\function.php 第 20 行.
SQL: SHOW COLUMNS FROM `tp_product` [ RunTime:0.0262s ]
SQL: SELECT * FROM `tp_product` WHERE `is_trash` = 0  [ RunTime:0.0254s ]
INFO: [ view_parse ] --START--
INFO: [ template_filter ] --START--
INFO: Run Behavior\ContentReplaceBehavior [ RunTime:0.000116s ]
INFO: [ template_filter ] --END-- [ RunTime:0.000199s ]
SQL: SELECT * FROM `tp_category` WHERE `id` = 2 LIMIT 1   [ RunTime:0.0268s ]
SQL: SELECT * FROM `tp_category` WHERE `id` = 2 LIMIT 1   [ RunTime:0.0246s ]
INFO: Run Behavior\ParseTemplateBehavior [ RunTime:0.065163s ]
INFO: [ view_parse ] --END-- [ RunTime:0.065235s ]
INFO: [ view_filter ] --START--
INFO: Run Behavior\WriteHtmlCacheBehavior [ RunTime:0.000465s ]
INFO: [ view_filter ] --END-- [ RunTime:0.000531s ]
INFO: [ app_end ] --START--
INFO: Run Behavior\ShowPageTraceBehavior [ RunTime:0.000596s ]
INFO: [ app_end ] --END-- [ RunTime:0.000661s ]

[ 2017-01-13T08:49:31+08:00 ] 127.0.0.1 /1611/1232/tp1611/index.php/Admin/Product/productAdd/id/3.html
INFO: [ app_init ] --START--
INFO: Run Behavior\BuildLiteBehavior [ RunTime:0.000020s ]
INFO: [ app_init ] --END-- [ RunTime:0.000482s ]
INFO: [ app_begin ] --START--
INFO: Run Behavior\ReadHtmlCacheBehavior [ RunTime:0.001371s ]
INFO: [ app_begin ] --END-- [ RunTime:0.001501s ]
SQL: SHOW COLUMNS FROM `tp_category` [ RunTime:0.0229s ]
SQL: SELECT * FROM `tp_category`  [ RunTime:0.0209s ]
SQL: SHOW COLUMNS FROM `tp_series` [ RunTime:0.0231s ]
SQL: SELECT * FROM `tp_series`  [ RunTime:0.0235s ]
NOTIC: [8] Undefined index: pid D:\wamp\www\1611\1232\tp1611\Application\Common\Common\function.php 第 20 行.
NOTIC: [8] Undefined index: pid D:\wamp\www\1611\1232\tp1611\Application\Common\Common\function.php 第 20 行.
SQL: SHOW COLUMNS FROM `tp_product` [ RunTime:0.6940s ]
SQL: SELECT * FROM `tp_product` WHERE `id` = 3 LIMIT 1   [ RunTime:0.0217s ]
INFO: [ view_parse ] --START--
INFO: [ template_filter ] --START--
INFO: Run Behavior\ContentReplaceBehavior [ RunTime:0.000119s ]
INFO: [ template_filter ] --END-- [ RunTime:0.000207s ]
SQL: SELECT * FROM `tp_category` WHERE `id` = 2 LIMIT 1   [ RunTime:0.0236s ]
INFO: Run Behavior\ParseTemplateBehavior [ RunTime:0.035655s ]
INFO: [ view_parse ] --END-- [ RunTime:0.035739s ]
INFO: [ view_filter ] --START--
INFO: Run Behavior\WriteHtmlCacheBehavior [ RunTime:0.000565s ]
INFO: [ view_filter ] --END-- [ RunTime:0.000633s ]
INFO: [ app_end ] --START--
INFO: Run Behavior\ShowPageTraceBehavior [ RunTime:0.001982s ]
INFO: [ app_end ] --END-- [ RunTime:0.002069s ]

[ 2017-01-13T08:49:39+08:00 ] 127.0.0.1 /1611/1232/tp1611/index.php/Admin/Product/productAdd/id/4.html
INFO: [ app_init ] --START--
INFO: Run Behavior\BuildLiteBehavior [ RunTime:0.000020s ]
INFO: [ app_init ] --END-- [ RunTime:0.000468s ]
INFO: [ app_begin ] --START--
INFO: Run Behavior\ReadHtmlCacheBehavior [ RunTime:0.000637s ]
INFO: [ app_begin ] --END-- [ RunTime:0.000733s ]
SQL: SHOW COLUMNS FROM `tp_category` [ RunTime:0.0298s ]
SQL: SELECT * FROM `tp_category`  [ RunTime:0.0263s ]
SQL: SHOW COLUMNS FROM `tp_series` [ RunTime:0.0306s ]
SQL: SELECT * FROM `tp_series`  [ RunTime:0.0352s ]
NOTIC: [8] Undefined index: pid D:\wamp\www\1611\1232\tp1611\Application\Common\Common\function.php 第 20 行.
NOTIC: [8] Undefined index: pid D:\wamp\www\1611\1232\tp1611\Application\Common\Common\function.php 第 20 行.
SQL: SHOW COLUMNS FROM `tp_product` [ RunTime:0.0241s ]
SQL: SELECT * FROM `tp_product` WHERE `id` = 4 LIMIT 1   [ RunTime:0.0250s ]
INFO: [ view_parse ] --START--
INFO: [ template_filter ] --START--
INFO: Run Behavior\ContentReplaceBehavior [ RunTime:0.000118s ]
INFO: [ template_filter ] --END-- [ RunTime:0.000205s ]
SQL: SELECT * FROM `tp_category` WHERE `id` = 2 LIMIT 1   [ RunTime:0.0231s ]
INFO: Run Behavior\ParseTemplateBehavior [ RunTime:0.036068s ]
INFO: [ view_parse ] --END-- [ RunTime:0.036204s ]
INFO: [ view_filter ] --START--
INFO: Run Behavior\WriteHtmlCacheBehavior [ RunTime:0.001715s ]
INFO: [ view_filter ] --END-- [ RunTime:0.002108s ]
INFO: [ app_end ] --START--
INFO: Run Behavior\ShowPageTraceBehavior [ RunTime:0.002695s ]
INFO: [ app_end ] --END-- [ RunTime:0.002974s ]

[ 2017-01-13T08:49:45+08:00 ] 127.0.0.1 /1611/1232/tp1611/index.php/Admin/Product/productAdd/id/4.html
INFO: [ app_init ] --START--
INFO: Run Behavior\BuildLiteBehavior [ RunTime:0.000021s ]
INFO: [ app_init ] --END-- [ RunTime:0.000504s ]
INFO: [ app_begin ] --START--
INFO: Run Behavior\ReadHtmlCacheBehavior [ RunTime:0.000681s ]
INFO: [ app_begin ] --END-- [ RunTime:0.000761s ]
SQL: SHOW COLUMNS FROM `tp_category` [ RunTime:0.0259s ]
SQL: SELECT * FROM `tp_category`  [ RunTime:0.0254s ]
SQL: SHOW COLUMNS FROM `tp_series` [ RunTime:0.0255s ]
SQL: SELECT * FROM `tp_series`  [ RunTime:0.0254s ]
NOTIC: [8] Undefined index: pid D:\wamp\www\1611\1232\tp1611\Application\Common\Common\function.php 第 20 行.
NOTIC: [8] Undefined index: pid D:\wamp\www\1611\1232\tp1611\Application\Common\Common\function.php 第 20 行.
SQL: SHOW COLUMNS FROM `tp_product` [ RunTime:0.0259s ]
SQL: UPDATE `tp_product` SET `name`='婴儿洗护沐浴四部曲（洗护套装）强生礼盒套装四件套  限时特价',`series_id`='1',`is_sale`='1',`capacity`='35',`goods_number`='3',`official_price`='165.00',`promo_price`='20',`promo_on`='1484182047',`promo_off`='1485564451',`virtue`='广东,佛山广,泛地感,受到',`img`='/Uploads/product/2017-01-12/5876d622f0b44.jpg',`description`='&lt;p&gt;hjkjhkjhfkjhfkjhfkjhkjhkjKjhkhgdkhgDjhgdjhGDjh计划孤岛惊魂孤岛惊魂刚到家一会给大家换个地方教育和规范教育厅的u塔热太热挖听歌燃油热个人特讨厌retreat人 官方师傅的说法的施工图的是个好人tea也让特瑞特我TREWATEW太热黑寡妇大剧院合同工幅度也让TFGSHG HTRSHTDSFYRTEAYTRYGTDSHGFSHTYHTRYG&lt;/p&gt;' WHERE `id` = 4 [ RunTime:0.0289s ]

[ 2017-01-13T08:49:46+08:00 ] 127.0.0.1 /1611/1232/tp1611/index.php/Admin/Product/product.html
INFO: [ app_init ] --START--
INFO: Run Behavior\BuildLiteBehavior [ RunTime:0.000023s ]
INFO: [ app_init ] --END-- [ RunTime:0.000555s ]
INFO: [ app_begin ] --START--
INFO: Run Behavior\ReadHtmlCacheBehavior [ RunTime:0.000753s ]
INFO: [ app_begin ] --END-- [ RunTime:0.000868s ]
SQL: SHOW COLUMNS FROM `tp_category` [ RunTime:0.0244s ]
SQL: SELECT * FROM `tp_category`  [ RunTime:0.0217s ]
SQL: SHOW COLUMNS FROM `tp_series` [ RunTime:0.0210s ]
SQL: SELECT * FROM `tp_series`  [ RunTime:0.0205s ]
NOTIC: [8] Undefined index: pid D:\wamp\www\1611\1232\tp1611\Application\Common\Common\function.php 第 20 行.
NOTIC: [8] Undefined index: pid D:\wamp\www\1611\1232\tp1611\Application\Common\Common\function.php 第 20 行.
SQL: SHOW COLUMNS FROM `tp_product` [ RunTime:0.0215s ]
SQL: SELECT * FROM `tp_product` WHERE `is_trash` = 0  [ RunTime:0.0223s ]
INFO: [ view_parse ] --START--
INFO: [ template_filter ] --START--
INFO: Run Behavior\ContentReplaceBehavior [ RunTime:0.000112s ]
INFO: [ template_filter ] --END-- [ RunTime:0.000188s ]
SQL: SELECT * FROM `tp_category` WHERE `id` = 2 LIMIT 1   [ RunTime:0.0201s ]
SQL: SELECT * FROM `tp_category` WHERE `id` = 2 LIMIT 1   [ RunTime:0.0210s ]
INFO: Run Behavior\ParseTemplateBehavior [ RunTime:0.054709s ]
INFO: [ view_parse ] --END-- [ RunTime:0.054792s ]
INFO: [ view_filter ] --START--
INFO: Run Behavior\WriteHtmlCacheBehavior [ RunTime:0.000443s ]
INFO: [ view_filter ] --END-- [ RunTime:0.000513s ]
INFO: [ app_end ] --START--
INFO: Run Behavior\ShowPageTraceBehavior [ RunTime:0.000618s ]
INFO: [ app_end ] --END-- [ RunTime:0.000687s ]

[ 2017-01-13T08:52:24+08:00 ] 127.0.0.1 /1611/1232/tp1611/index.php/Admin/Base/status.html
INFO: [ app_init ] --START--
INFO: Run Behavior\BuildLiteBehavior [ RunTime:0.000019s ]
INFO: [ app_init ] --END-- [ RunTime:0.000510s ]
INFO: [ app_begin ] --START--
INFO: Run Behavior\ReadHtmlCacheBehavior [ RunTime:0.000681s ]
INFO: [ app_begin ] --END-- [ RunTime:0.000764s ]
SQL: SHOW COLUMNS FROM `tp_category` [ RunTime:0.0205s ]
SQL: SELECT * FROM `tp_category`  [ RunTime:0.0248s ]
SQL: SHOW COLUMNS FROM `tp_series` [ RunTime:0.0260s ]
SQL: SELECT * FROM `tp_series`  [ RunTime:0.0206s ]
SQL: SHOW COLUMNS FROM `tp_product` [ RunTime:0.0263s ]

[ 2017-01-13T09:00:02+08:00 ] 127.0.0.1 /1611/1232/tp1611/index.php/Admin/Base/status.html
INFO: [ app_init ] --START--
INFO: Run Behavior\BuildLiteBehavior [ RunTime:0.000018s ]
INFO: [ app_init ] --END-- [ RunTime:0.000546s ]
INFO: [ app_begin ] --START--
INFO: Run Behavior\ReadHtmlCacheBehavior [ RunTime:0.000920s ]
INFO: [ app_begin ] --END-- [ RunTime:0.001034s ]
SQL: SHOW COLUMNS FROM `tp_category` [ RunTime:0.0252s ]
SQL: SELECT * FROM `tp_category`  [ RunTime:0.0234s ]
SQL: SHOW COLUMNS FROM `tp_series` [ RunTime:0.0248s ]
SQL: SELECT * FROM `tp_series`  [ RunTime:0.0239s ]
SQL: SHOW COLUMNS FROM `tp_product` [ RunTime:0.0251s ]

[ 2017-01-13T09:00:21+08:00 ] 127.0.0.1 /1611/1232/tp1611/index.php/Admin/Base/status.html
INFO: [ app_init ] --START--
INFO: Run Behavior\BuildLiteBehavior [ RunTime:0.000025s ]
INFO: [ app_init ] --END-- [ RunTime:0.000733s ]
INFO: [ app_begin ] --START--
INFO: Run Behavior\ReadHtmlCacheBehavior [ RunTime:0.000631s ]
INFO: [ app_begin ] --END-- [ RunTime:0.000727s ]
SQL: SHOW COLUMNS FROM `tp_category` [ RunTime:0.0239s ]
SQL: SELECT * FROM `tp_category`  [ RunTime:0.0231s ]
SQL: SHOW COLUMNS FROM `tp_series` [ RunTime:0.0237s ]
SQL: SELECT * FROM `tp_series`  [ RunTime:0.0235s ]
SQL: SHOW COLUMNS FROM `tp_product` [ RunTime:0.0336s ]

[ 2017-01-13T09:01:18+08:00 ] 127.0.0.1 /1611/1232/tp1611/index.php/Admin/Base/status.html
INFO: [ app_init ] --START--
INFO: Run Behavior\BuildLiteBehavior [ RunTime:0.000018s ]
INFO: [ app_init ] --END-- [ RunTime:0.000431s ]
INFO: [ app_begin ] --START--
INFO: Run Behavior\ReadHtmlCacheBehavior [ RunTime:0.000560s ]
INFO: [ app_begin ] --END-- [ RunTime:0.000669s ]
SQL: SHOW COLUMNS FROM `tp_category` [ RunTime:0.0231s ]
SQL: SELECT * FROM `tp_category`  [ RunTime:0.0210s ]
SQL: SHOW COLUMNS FROM `tp_series` [ RunTime:0.0217s ]
SQL: SELECT * FROM `tp_series`  [ RunTime:0.0206s ]
SQL: SHOW COLUMNS FROM `tp_product` [ RunTime:0.0221s ]

[ 2017-01-13T09:04:22+08:00 ] 127.0.0.1 /1611/1232/tp1611/index.php/Admin/Base/status.html
INFO: [ app_init ] --START--
INFO: Run Behavior\BuildLiteBehavior [ RunTime:0.000084s ]
INFO: [ app_init ] --END-- [ RunTime:0.003094s ]
INFO: [ app_begin ] --START--
INFO: Run Behavior\ReadHtmlCacheBehavior [ RunTime:0.000753s ]
INFO: [ app_begin ] --END-- [ RunTime:0.000860s ]
SQL: SHOW COLUMNS FROM `tp_category` [ RunTime:0.0231s ]
SQL: SELECT * FROM `tp_category`  [ RunTime:0.0269s ]
SQL: SHOW COLUMNS FROM `tp_series` [ RunTime:0.0222s ]
SQL: SELECT * FROM `tp_series`  [ RunTime:0.0198s ]
SQL: SHOW COLUMNS FROM `tp_product` [ RunTime:0.0210s ]

[ 2017-01-13T09:18:46+08:00 ] 127.0.0.1 /1611/1232/tp1611/index.php/Admin/Base/status.html
INFO: [ app_init ] --START--
INFO: Run Behavior\BuildLiteBehavior [ RunTime:0.000020s ]
INFO: [ app_init ] --END-- [ RunTime:0.000457s ]
INFO: [ app_begin ] --START--
INFO: Run Behavior\ReadHtmlCacheBehavior [ RunTime:0.000694s ]
INFO: [ app_begin ] --END-- [ RunTime:0.000786s ]
SQL: SHOW COLUMNS FROM `tp_category` [ RunTime:0.0250s ]
SQL: SELECT * FROM `tp_category`  [ RunTime:0.0342s ]
SQL: SHOW COLUMNS FROM `tp_series` [ RunTime:0.0250s ]
SQL: SELECT * FROM `tp_series`  [ RunTime:0.0279s ]
SQL: SHOW COLUMNS FROM `tp_product` [ RunTime:0.0308s ]

[ 2017-01-13T09:18:47+08:00 ] 127.0.0.1 /1611/1232/tp1611/index.php/Admin/Product/productAdd/id/4.html
INFO: [ app_init ] --START--
INFO: Run Behavior\BuildLiteBehavior [ RunTime:0.000021s ]
INFO: [ app_init ] --END-- [ RunTime:0.000512s ]
INFO: [ app_begin ] --START--
INFO: Run Behavior\ReadHtmlCacheBehavior [ RunTime:0.000626s ]
INFO: [ app_begin ] --END-- [ RunTime:0.000712s ]
SQL: SHOW COLUMNS FROM `tp_category` [ RunTime:0.0240s ]
SQL: SELECT * FROM `tp_category`  [ RunTime:0.0237s ]
SQL: SHOW COLUMNS FROM `tp_series` [ RunTime:0.0244s ]
SQL: SELECT * FROM `tp_series`  [ RunTime:0.0236s ]
NOTIC: [8] Undefined index: pid D:\wamp\www\1611\1232\tp1611\Application\Common\Common\function.php 第 20 行.
NOTIC: [8] Undefined index: pid D:\wamp\www\1611\1232\tp1611\Application\Common\Common\function.php 第 20 行.
SQL: SHOW COLUMNS FROM `tp_product` [ RunTime:0.0252s ]
SQL: SELECT * FROM `tp_product` WHERE `id` = 4 LIMIT 1   [ RunTime:0.0245s ]
INFO: [ view_parse ] --START--
INFO: [ template_filter ] --START--
INFO: Run Behavior\ContentReplaceBehavior [ RunTime:0.000106s ]
INFO: [ template_filter ] --END-- [ RunTime:0.000183s ]
SQL: SELECT * FROM `tp_category` WHERE `id` = 2 LIMIT 1   [ RunTime:0.0232s ]
INFO: Run Behavior\ParseTemplateBehavior [ RunTime:0.058097s ]
INFO: [ view_parse ] --END-- [ RunTime:0.058176s ]
INFO: [ view_filter ] --START--
INFO: Run Behavior\WriteHtmlCacheBehavior [ RunTime:0.007885s ]
INFO: [ view_filter ] --END-- [ RunTime:0.007965s ]
INFO: [ app_end ] --START--
INFO: Run Behavior\ShowPageTraceBehavior [ RunTime:0.000723s ]
INFO: [ app_end ] --END-- [ RunTime:0.000790s ]

[ 2017-01-13T09:19:33+08:00 ] 127.0.0.1 /1611/1232/tp1611/index.php/Admin/Product/productAdd/id/4.html
INFO: [ app_init ] --START--
INFO: Run Behavior\BuildLiteBehavior [ RunTime:0.000020s ]
INFO: [ app_init ] --END-- [ RunTime:0.000432s ]
INFO: [ app_begin ] --START--
INFO: Run Behavior\ReadHtmlCacheBehavior [ RunTime:0.000816s ]
INFO: [ app_begin ] --END-- [ RunTime:0.000971s ]
SQL: SHOW COLUMNS FROM `tp_category` [ RunTime:0.0225s ]
SQL: SELECT * FROM `tp_category`  [ RunTime:0.0211s ]
SQL: SHOW COLUMNS FROM `tp_series` [ RunTime:0.0230s ]
SQL: SELECT * FROM `tp_series`  [ RunTime:0.0213s ]
NOTIC: [8] Undefined index: pid D:\wamp\www\1611\1232\tp1611\Application\Common\Common\function.php 第 20 行.
NOTIC: [8] Undefined index: pid D:\wamp\www\1611\1232\tp1611\Application\Common\Common\function.php 第 20 行.
SQL: SHOW COLUMNS FROM `tp_product` [ RunTime:0.0235s ]
SQL: SELECT * FROM `tp_product` WHERE `id` = 4 LIMIT 1   [ RunTime:0.0224s ]
INFO: [ view_parse ] --START--
INFO: [ template_filter ] --START--
INFO: Run Behavior\ContentReplaceBehavior [ RunTime:0.000388s ]
INFO: [ template_filter ] --END-- [ RunTime:0.000723s ]
SQL: SELECT * FROM `tp_category` WHERE `id` = 2 LIMIT 1   [ RunTime:0.0216s ]
INFO: Run Behavior\ParseTemplateBehavior [ RunTime:0.047034s ]
INFO: [ view_parse ] --END-- [ RunTime:0.047115s ]
INFO: [ view_filter ] --START--
INFO: Run Behavior\WriteHtmlCacheBehavior [ RunTime:0.000390s ]
INFO: [ view_filter ] --END-- [ RunTime:0.000452s ]
INFO: [ app_end ] --START--
INFO: Run Behavior\ShowPageTraceBehavior [ RunTime:0.000535s ]
INFO: [ app_end ] --END-- [ RunTime:0.000600s ]

[ 2017-01-13T09:20:47+08:00 ] 127.0.0.1 /1611/1232/tp1611/index.php/Admin/Product/productAdd/id/4.html
INFO: [ app_init ] --START--
INFO: Run Behavior\BuildLiteBehavior [ RunTime:0.000024s ]
INFO: [ app_init ] --END-- [ RunTime:0.000808s ]
INFO: [ app_begin ] --START--
INFO: Run Behavior\ReadHtmlCacheBehavior [ RunTime:0.000780s ]
INFO: [ app_begin ] --END-- [ RunTime:0.000896s ]
SQL: SHOW COLUMNS FROM `tp_category` [ RunTime:0.0209s ]
SQL: SELECT * FROM `tp_category`  [ RunTime:0.0189s ]
SQL: SHOW COLUMNS FROM `tp_series` [ RunTime:0.0220s ]
SQL: SELECT * FROM `tp_series`  [ RunTime:0.0268s ]
NOTIC: [8] Undefined index: pid D:\wamp\www\1611\1232\tp1611\Application\Common\Common\function.php 第 20 行.
NOTIC: [8] Undefined index: pid D:\wamp\www\1611\1232\tp1611\Application\Common\Common\function.php 第 20 行.
SQL: SHOW COLUMNS FROM `tp_product` [ RunTime:0.0199s ]
SQL: SELECT * FROM `tp_product` WHERE `id` = 4 LIMIT 1   [ RunTime:0.0203s ]
INFO: [ view_parse ] --START--
INFO: [ template_filter ] --START--
INFO: Run Behavior\ContentReplaceBehavior [ RunTime:0.000126s ]
INFO: [ template_filter ] --END-- [ RunTime:0.000205s ]
SQL: SELECT * FROM `tp_category` WHERE `id` = 2 LIMIT 1   [ RunTime:0.0192s ]
INFO: Run Behavior\ParseTemplateBehavior [ RunTime:0.040000s ]
INFO: [ view_parse ] --END-- [ RunTime:0.040080s ]
INFO: [ view_filter ] --START--
INFO: Run Behavior\WriteHtmlCacheBehavior [ RunTime:0.000396s ]
INFO: [ view_filter ] --END-- [ RunTime:0.000461s ]
INFO: [ app_end ] --START--
INFO: Run Behavior\ShowPageTraceBehavior [ RunTime:0.000584s ]
INFO: [ app_end ] --END-- [ RunTime:0.000655s ]

[ 2017-01-13T09:20:50+08:00 ] 127.0.0.1 /1611/1232/tp1611/index.php/Admin/Product/product.html
INFO: [ app_init ] --START--
INFO: Run Behavior\BuildLiteBehavior [ RunTime:0.000019s ]
INFO: [ app_init ] --END-- [ RunTime:0.000390s ]
INFO: [ app_begin ] --START--
INFO: Run Behavior\ReadHtmlCacheBehavior [ RunTime:0.000517s ]
INFO: [ app_begin ] --END-- [ RunTime:0.000599s ]
SQL: SHOW COLUMNS FROM `tp_category` [ RunTime:0.0225s ]
SQL: SELECT * FROM `tp_category`  [ RunTime:0.0213s ]
SQL: SHOW COLUMNS FROM `tp_series` [ RunTime:0.0440s ]
SQL: SELECT * FROM `tp_series`  [ RunTime:0.0208s ]
NOTIC: [8] Undefined index: pid D:\wamp\www\1611\1232\tp1611\Application\Common\Common\function.php 第 20 行.
NOTIC: [8] Undefined index: pid D:\wamp\www\1611\1232\tp1611\Application\Common\Common\function.php 第 20 行.
SQL: SHOW COLUMNS FROM `tp_product` [ RunTime:0.0224s ]
SQL: SELECT * FROM `tp_product` WHERE `is_trash` = 0  [ RunTime:0.0224s ]
INFO: [ view_parse ] --START--
INFO: [ template_filter ] --START--
INFO: Run Behavior\ContentReplaceBehavior [ RunTime:0.000112s ]
INFO: [ template_filter ] --END-- [ RunTime:0.000191s ]
SQL: SELECT * FROM `tp_category` WHERE `id` = 2 LIMIT 1   [ RunTime:0.0227s ]
SQL: SELECT * FROM `tp_category` WHERE `id` = 2 LIMIT 1   [ RunTime:0.0214s ]
INFO: Run Behavior\ParseTemplateBehavior [ RunTime:0.115177s ]
INFO: [ view_parse ] --END-- [ RunTime:0.115247s ]
INFO: [ view_filter ] --START--
INFO: Run Behavior\WriteHtmlCacheBehavior [ RunTime:0.000484s ]
INFO: [ view_filter ] --END-- [ RunTime:0.000546s ]
INFO: [ app_end ] --START--
INFO: Run Behavior\ShowPageTraceBehavior [ RunTime:0.000605s ]
INFO: [ app_end ] --END-- [ RunTime:0.000669s ]

[ 2017-01-13T09:21:00+08:00 ] 127.0.0.1 /1611/1232/tp1611/index.php/Admin/Product/trash.html
INFO: [ app_init ] --START--
INFO: Run Behavior\BuildLiteBehavior [ RunTime:0.000017s ]
INFO: [ app_init ] --END-- [ RunTime:0.000392s ]
INFO: [ app_begin ] --START--
INFO: Run Behavior\ReadHtmlCacheBehavior [ RunTime:0.000723s ]
INFO: [ app_begin ] --END-- [ RunTime:0.000820s ]
SQL: SHOW COLUMNS FROM `tp_category` [ RunTime:0.0254s ]
SQL: SELECT * FROM `tp_category`  [ RunTime:0.0205s ]
SQL: SHOW COLUMNS FROM `tp_series` [ RunTime:0.0218s ]
SQL: SELECT * FROM `tp_series`  [ RunTime:0.0208s ]
NOTIC: [8] Undefined index: pid D:\wamp\www\1611\1232\tp1611\Application\Common\Common\function.php 第 20 行.
NOTIC: [8] Undefined index: pid D:\wamp\www\1611\1232\tp1611\Application\Common\Common\function.php 第 20 行.
SQL: SHOW COLUMNS FROM `tp_product` [ RunTime:0.0219s ]
SQL: SELECT * FROM `tp_product` WHERE `is_trash` = 1  [ RunTime:0.0219s ]
INFO: [ view_parse ] --START--
INFO: [ template_filter ] --START--
INFO: Run Behavior\ContentReplaceBehavior [ RunTime:0.000102s ]
INFO: [ template_filter ] --END-- [ RunTime:0.000179s ]
INFO: Run Behavior\ParseTemplateBehavior [ RunTime:0.036111s ]
INFO: [ view_parse ] --END-- [ RunTime:0.036199s ]
INFO: [ view_filter ] --START--
INFO: Run Behavior\WriteHtmlCacheBehavior [ RunTime:0.000289s ]
INFO: [ view_filter ] --END-- [ RunTime:0.000352s ]
INFO: [ app_end ] --START--
INFO: Run Behavior\ShowPageTraceBehavior [ RunTime:0.000900s ]
INFO: [ app_end ] --END-- [ RunTime:0.000981s ]

[ 2017-01-13T09:21:03+08:00 ] 127.0.0.1 /1611/1232/tp1611/index.php/Admin/Product/product.html
INFO: [ app_init ] --START--
INFO: Run Behavior\BuildLiteBehavior [ RunTime:0.000019s ]
INFO: [ app_init ] --END-- [ RunTime:0.000409s ]
INFO: [ app_begin ] --START--
INFO: Run Behavior\ReadHtmlCacheBehavior [ RunTime:0.000535s ]
INFO: [ app_begin ] --END-- [ RunTime:0.000621s ]
SQL: SHOW COLUMNS FROM `tp_category` [ RunTime:0.0175s ]
SQL: SELECT * FROM `tp_category`  [ RunTime:0.0200s ]
SQL: SHOW COLUMNS FROM `tp_series` [ RunTime:0.0195s ]
SQL: SELECT * FROM `tp_series`  [ RunTime:0.0175s ]
NOTIC: [8] Undefined index: pid D:\wamp\www\1611\1232\tp1611\Application\Common\Common\function.php 第 20 行.
NOTIC: [8] Undefined index: pid D:\wamp\www\1611\1232\tp1611\Application\Common\Common\function.php 第 20 行.
SQL: SHOW COLUMNS FROM `tp_product` [ RunTime:0.0292s ]
SQL: SELECT * FROM `tp_product` WHERE `is_trash` = 0  [ RunTime:0.0176s ]
INFO: [ view_parse ] --START--
INFO: [ template_filter ] --START--
INFO: Run Behavior\ContentReplaceBehavior [ RunTime:0.000112s ]
INFO: [ template_filter ] --END-- [ RunTime:0.000193s ]
SQL: SELECT * FROM `tp_category` WHERE `id` = 2 LIMIT 1   [ RunTime:0.0166s ]
SQL: SELECT * FROM `tp_category` WHERE `id` = 2 LIMIT 1   [ RunTime:0.0193s ]
INFO: Run Behavior\ParseTemplateBehavior [ RunTime:0.055822s ]
INFO: [ view_parse ] --END-- [ RunTime:0.055896s ]
INFO: [ view_filter ] --START--
INFO: Run Behavior\WriteHtmlCacheBehavior [ RunTime:0.000392s ]
INFO: [ view_filter ] --END-- [ RunTime:0.000453s ]
INFO: [ app_end ] --START--
INFO: Run Behavior\ShowPageTraceBehavior [ RunTime:0.000527s ]
INFO: [ app_end ] --END-- [ RunTime:0.000593s ]

[ 2017-01-13T09:21:06+08:00 ] 127.0.0.1 /1611/1232/tp1611/index.php/Admin/Base/status.html
INFO: [ app_init ] --START--
INFO: Run Behavior\BuildLiteBehavior [ RunTime:0.000019s ]
INFO: [ app_init ] --END-- [ RunTime:0.000395s ]
INFO: [ app_begin ] --START--
INFO: Run Behavior\ReadHtmlCacheBehavior [ RunTime:0.000524s ]
INFO: [ app_begin ] --END-- [ RunTime:0.000611s ]
SQL: SHOW COLUMNS FROM `tp_category` [ RunTime:0.0259s ]
SQL: SELECT * FROM `tp_category`  [ RunTime:0.0235s ]
SQL: SHOW COLUMNS FROM `tp_series` [ RunTime:0.0248s ]
SQL: SELECT * FROM `tp_series`  [ RunTime:0.0234s ]
SQL: SHOW COLUMNS FROM `tp_product` [ RunTime:0.0250s ]
SQL: UPDATE `tp_product` SET `is_sale`='0' WHERE `id` = 4 [ RunTime:0.0248s ]

[ 2017-01-13T09:21:12+08:00 ] 127.0.0.1 /1611/1232/tp1611/index.php/Admin/Base/status.html
INFO: [ app_init ] --START--
INFO: Run Behavior\BuildLiteBehavior [ RunTime:0.000019s ]
INFO: [ app_init ] --END-- [ RunTime:0.000392s ]
INFO: [ app_begin ] --START--
INFO: Run Behavior\ReadHtmlCacheBehavior [ RunTime:0.000847s ]
INFO: [ app_begin ] --END-- [ RunTime:0.000967s ]
SQL: SHOW COLUMNS FROM `tp_category` [ RunTime:0.0242s ]
SQL: SELECT * FROM `tp_category`  [ RunTime:0.0235s ]
SQL: SHOW COLUMNS FROM `tp_series` [ RunTime:0.0250s ]
SQL: SELECT * FROM `tp_series`  [ RunTime:0.0242s ]
SQL: SHOW COLUMNS FROM `tp_product` [ RunTime:0.0251s ]
SQL: UPDATE `tp_product` SET `is_trash`='1' WHERE `id` = 4 [ RunTime:0.0297s ]

[ 2017-01-13T09:21:14+08:00 ] 127.0.0.1 /1611/1232/tp1611/index.php/Admin/Product/trash.html
INFO: [ app_init ] --START--
INFO: Run Behavior\BuildLiteBehavior [ RunTime:0.000035s ]
INFO: [ app_init ] --END-- [ RunTime:0.000746s ]
INFO: [ app_begin ] --START--
INFO: Run Behavior\ReadHtmlCacheBehavior [ RunTime:0.000658s ]
INFO: [ app_begin ] --END-- [ RunTime:0.000787s ]
SQL: SHOW COLUMNS FROM `tp_category` [ RunTime:0.0185s ]
SQL: SELECT * FROM `tp_category`  [ RunTime:0.0169s ]
SQL: SHOW COLUMNS FROM `tp_series` [ RunTime:0.0200s ]
SQL: SELECT * FROM `tp_series`  [ RunTime:0.0168s ]
NOTIC: [8] Undefined index: pid D:\wamp\www\1611\1232\tp1611\Application\Common\Common\function.php 第 20 行.
NOTIC: [8] Undefined index: pid D:\wamp\www\1611\1232\tp1611\Application\Common\Common\function.php 第 20 行.
SQL: SHOW COLUMNS FROM `tp_product` [ RunTime:0.0181s ]
SQL: SELECT * FROM `tp_product` WHERE `is_trash` = 1  [ RunTime:0.0180s ]
INFO: [ view_parse ] --START--
INFO: [ template_filter ] --START--
INFO: Run Behavior\ContentReplaceBehavior [ RunTime:0.000103s ]
INFO: [ template_filter ] --END-- [ RunTime:0.000177s ]
SQL: SELECT * FROM `tp_category` WHERE `id` = 2 LIMIT 1   [ RunTime:0.0180s ]
INFO: Run Behavior\ParseTemplateBehavior [ RunTime:0.036190s ]
INFO: [ view_parse ] --END-- [ RunTime:0.036259s ]
INFO: [ view_filter ] --START--
INFO: Run Behavior\WriteHtmlCacheBehavior [ RunTime:0.000389s ]
INFO: [ view_filter ] --END-- [ RunTime:0.000451s ]
INFO: [ app_end ] --START--
INFO: Run Behavior\ShowPageTraceBehavior [ RunTime:0.000526s ]
INFO: [ app_end ] --END-- [ RunTime:0.000592s ]

[ 2017-01-13T09:21:51+08:00 ] 127.0.0.1 /1611/1232/tp1611/index.php/Admin/Product/trash.html
INFO: [ app_init ] --START--
INFO: Run Behavior\BuildLiteBehavior [ RunTime:0.000018s ]
INFO: [ app_init ] --END-- [ RunTime:0.000407s ]
INFO: [ app_begin ] --START--
INFO: Run Behavior\ReadHtmlCacheBehavior [ RunTime:0.000532s ]
INFO: [ app_begin ] --END-- [ RunTime:0.000643s ]
SQL: SHOW COLUMNS FROM `tp_category` [ RunTime:0.0252s ]
SQL: SELECT * FROM `tp_category`  [ RunTime:0.0263s ]
SQL: SHOW COLUMNS FROM `tp_series` [ RunTime:0.0258s ]
SQL: SELECT * FROM `tp_series`  [ RunTime:0.0243s ]
NOTIC: [8] Undefined index: pid D:\wamp\www\1611\1232\tp1611\Application\Common\Common\function.php 第 20 行.
NOTIC: [8] Undefined index: pid D:\wamp\www\1611\1232\tp1611\Application\Common\Common\function.php 第 20 行.
SQL: SHOW COLUMNS FROM `tp_product` [ RunTime:0.0261s ]
SQL: SELECT * FROM `tp_product` WHERE `is_trash` = 1  [ RunTime:0.0253s ]
INFO: [ view_parse ] --START--
INFO: [ template_filter ] --START--
INFO: Run Behavior\ContentReplaceBehavior [ RunTime:0.000109s ]
INFO: [ template_filter ] --END-- [ RunTime:0.000193s ]
SQL: SELECT * FROM `tp_category` WHERE `id` = 2 LIMIT 1   [ RunTime:0.0300s ]
INFO: Run Behavior\ParseTemplateBehavior [ RunTime:0.057554s ]
INFO: [ view_parse ] --END-- [ RunTime:0.057634s ]
INFO: [ view_filter ] --START--
INFO: Run Behavior\WriteHtmlCacheBehavior [ RunTime:0.000398s ]
INFO: [ view_filter ] --END-- [ RunTime:0.000462s ]
INFO: [ app_end ] --START--
INFO: Run Behavior\ShowPageTraceBehavior [ RunTime:0.000623s ]
INFO: [ app_end ] --END-- [ RunTime:0.000691s ]

[ 2017-01-13T09:22:55+08:00 ] 127.0.0.1 /1611/1232/tp1611/index.php/Admin/Product/trash.html
INFO: [ app_init ] --START--
INFO: Run Behavior\BuildLiteBehavior [ RunTime:0.000018s ]
INFO: [ app_init ] --END-- [ RunTime:0.000433s ]
INFO: [ app_begin ] --START--
INFO: Run Behavior\ReadHtmlCacheBehavior [ RunTime:0.000650s ]
INFO: [ app_begin ] --END-- [ RunTime:0.000760s ]
SQL: SHOW COLUMNS FROM `tp_category` [ RunTime:0.0213s ]
SQL: SELECT * FROM `tp_category`  [ RunTime:0.0209s ]
SQL: SHOW COLUMNS FROM `tp_series` [ RunTime:0.0206s ]
SQL: SELECT * FROM `tp_series`  [ RunTime:0.0199s ]
NOTIC: [8] Undefined index: pid D:\wamp\www\1611\1232\tp1611\Application\Common\Common\function.php 第 20 行.
NOTIC: [8] Undefined index: pid D:\wamp\www\1611\1232\tp1611\Application\Common\Common\function.php 第 20 行.
SQL: SHOW COLUMNS FROM `tp_product` [ RunTime:0.0225s ]
SQL: SELECT * FROM `tp_product` WHERE `is_trash` = 1  [ RunTime:0.0230s ]
INFO: [ view_parse ] --START--
INFO: [ template_filter ] --START--
INFO: Run Behavior\ContentReplaceBehavior [ RunTime:0.000100s ]
INFO: [ template_filter ] --END-- [ RunTime:0.000174s ]
SQL: SELECT * FROM `tp_category` WHERE `id` = 2 LIMIT 1   [ RunTime:0.0201s ]
INFO: Run Behavior\ParseTemplateBehavior [ RunTime:0.037493s ]
INFO: [ view_parse ] --END-- [ RunTime:0.037563s ]
INFO: [ view_filter ] --START--
INFO: Run Behavior\WriteHtmlCacheBehavior [ RunTime:0.000478s ]
INFO: [ view_filter ] --END-- [ RunTime:0.000542s ]
INFO: [ app_end ] --START--
INFO: Run Behavior\ShowPageTraceBehavior [ RunTime:0.000619s ]
INFO: [ app_end ] --END-- [ RunTime:0.000686s ]

[ 2017-01-13T09:22:59+08:00 ] 127.0.0.1 /1611/1232/tp1611/index.php/Admin/Base/status.html
INFO: [ app_init ] --START--
INFO: Run Behavior\BuildLiteBehavior [ RunTime:0.000024s ]
INFO: [ app_init ] --END-- [ RunTime:0.000600s ]
INFO: [ app_begin ] --START--
INFO: Run Behavior\ReadHtmlCacheBehavior [ RunTime:0.000561s ]
INFO: [ app_begin ] --END-- [ RunTime:0.000676s ]
SQL: SHOW COLUMNS FROM `tp_category` [ RunTime:0.0193s ]
SQL: SELECT * FROM `tp_category`  [ RunTime:0.0170s ]
SQL: SHOW COLUMNS FROM `tp_series` [ RunTime:0.0180s ]
SQL: SELECT * FROM `tp_series`  [ RunTime:0.0170s ]
SQL: SHOW COLUMNS FROM `tp_product` [ RunTime:0.0182s ]
SQL: UPDATE `tp_product` SET `is_trash`='0' WHERE `id` = 4 [ RunTime:0.0173s ]

[ 2017-01-13T09:23:01+08:00 ] 127.0.0.1 /1611/1232/tp1611/index.php/Admin/Product/product.html
INFO: [ app_init ] --START--
INFO: Run Behavior\BuildLiteBehavior [ RunTime:0.000061s ]
INFO: [ app_init ] --END-- [ RunTime:0.001526s ]
INFO: [ app_begin ] --START--
INFO: Run Behavior\ReadHtmlCacheBehavior [ RunTime:0.000668s ]
INFO: [ app_begin ] --END-- [ RunTime:0.000818s ]
SQL: SHOW COLUMNS FROM `tp_category` [ RunTime:0.0255s ]
SQL: SELECT * FROM `tp_category`  [ RunTime:0.0244s ]
SQL: SHOW COLUMNS FROM `tp_series` [ RunTime:0.0250s ]
SQL: SELECT * FROM `tp_series`  [ RunTime:0.0271s ]
NOTIC: [8] Undefined index: pid D:\wamp\www\1611\1232\tp1611\Application\Common\Common\function.php 第 20 行.
NOTIC: [8] Undefined index: pid D:\wamp\www\1611\1232\tp1611\Application\Common\Common\function.php 第 20 行.
SQL: SHOW COLUMNS FROM `tp_product` [ RunTime:0.0282s ]
SQL: SELECT * FROM `tp_product` WHERE `is_trash` = 0  [ RunTime:0.0254s ]
INFO: [ view_parse ] --START--
INFO: [ template_filter ] --START--
INFO: Run Behavior\ContentReplaceBehavior [ RunTime:0.000113s ]
INFO: [ template_filter ] --END-- [ RunTime:0.000192s ]
SQL: SELECT * FROM `tp_category` WHERE `id` = 2 LIMIT 1   [ RunTime:0.0238s ]
SQL: SELECT * FROM `tp_category` WHERE `id` = 2 LIMIT 1   [ RunTime:0.0245s ]
INFO: Run Behavior\ParseTemplateBehavior [ RunTime:0.070122s ]
INFO: [ view_parse ] --END-- [ RunTime:0.070197s ]
INFO: [ view_filter ] --START--
INFO: Run Behavior\WriteHtmlCacheBehavior [ RunTime:0.000394s ]
INFO: [ view_filter ] --END-- [ RunTime:0.000455s ]
INFO: [ app_end ] --START--
INFO: Run Behavior\ShowPageTraceBehavior [ RunTime:0.000528s ]
INFO: [ app_end ] --END-- [ RunTime:0.000592s ]

[ 2017-01-13T09:23:15+08:00 ] 127.0.0.1 /1611/1232/tp1611/index.php/Admin/Base/status.html
INFO: [ app_init ] --START--
INFO: Run Behavior\BuildLiteBehavior [ RunTime:0.000019s ]
INFO: [ app_init ] --END-- [ RunTime:0.000409s ]
INFO: [ app_begin ] --START--
INFO: Run Behavior\ReadHtmlCacheBehavior [ RunTime:0.000512s ]
INFO: [ app_begin ] --END-- [ RunTime:0.000588s ]
SQL: SHOW COLUMNS FROM `tp_category` [ RunTime:0.0226s ]
SQL: SELECT * FROM `tp_category`  [ RunTime:0.0203s ]
SQL: SHOW COLUMNS FROM `tp_series` [ RunTime:0.0209s ]
SQL: SELECT * FROM `tp_series`  [ RunTime:0.0208s ]
SQL: SHOW COLUMNS FROM `tp_product` [ RunTime:0.0218s ]
SQL: UPDATE `tp_product` SET `is_sale`='1' WHERE `id` = 4 [ RunTime:0.0202s ]

[ 2017-01-13T09:23:23+08:00 ] 127.0.0.1 /1611/1232/tp1611/index.php/Admin/Base/status.html
INFO: [ app_init ] --START--
INFO: Run Behavior\BuildLiteBehavior [ RunTime:0.000018s ]
INFO: [ app_init ] --END-- [ RunTime:0.000441s ]
INFO: [ app_begin ] --START--
INFO: Run Behavior\ReadHtmlCacheBehavior [ RunTime:0.000523s ]
INFO: [ app_begin ] --END-- [ RunTime:0.000610s ]
SQL: SHOW COLUMNS FROM `tp_category` [ RunTime:0.0259s ]
SQL: SELECT * FROM `tp_category`  [ RunTime:0.0236s ]
SQL: SHOW COLUMNS FROM `tp_series` [ RunTime:0.0247s ]
SQL: SELECT * FROM `tp_series`  [ RunTime:0.0238s ]
SQL: SHOW COLUMNS FROM `tp_product` [ RunTime:0.0245s ]
SQL: UPDATE `tp_product` SET `is_sale`='0' WHERE `id` = 4 [ RunTime:0.0232s ]

[ 2017-01-13T09:23:32+08:00 ] 127.0.0.1 /1611/1232/tp1611/index.php/Admin/Base/status.html
INFO: [ app_init ] --START--
INFO: Run Behavior\BuildLiteBehavior [ RunTime:0.000019s ]
INFO: [ app_init ] --END-- [ RunTime:0.000448s ]
INFO: [ app_begin ] --START--
INFO: Run Behavior\ReadHtmlCacheBehavior [ RunTime:0.000517s ]
INFO: [ app_begin ] --END-- [ RunTime:0.000612s ]
SQL: SHOW COLUMNS FROM `tp_category` [ RunTime:0.0225s ]
SQL: SELECT * FROM `tp_category`  [ RunTime:0.0214s ]
SQL: SHOW COLUMNS FROM `tp_series` [ RunTime:0.0227s ]
SQL: SELECT * FROM `tp_series`  [ RunTime:0.0217s ]
SQL: SHOW COLUMNS FROM `tp_product` [ RunTime:0.0230s ]
SQL: UPDATE `tp_product` SET `is_sale`='1' WHERE `id` = 4 [ RunTime:0.0210s ]

[ 2017-01-13T09:23:34+08:00 ] 127.0.0.1 /1611/1232/tp1611/index.php/Admin/Index/index.html
INFO: [ app_init ] --START--
INFO: Run Behavior\BuildLiteBehavior [ RunTime:0.000019s ]
INFO: [ app_init ] --END-- [ RunTime:0.000393s ]
INFO: [ app_begin ] --START--
INFO: Run Behavior\ReadHtmlCacheBehavior [ RunTime:0.001324s ]
INFO: [ app_begin ] --END-- [ RunTime:0.001558s ]
INFO: [ view_parse ] --START--
INFO: [ template_filter ] --START--
INFO: Run Behavior\ContentReplaceBehavior [ RunTime:0.000133s ]
INFO: [ template_filter ] --END-- [ RunTime:0.000217s ]
NOTIC: [8] Undefined variable: account D:\wamp\www\1611\1232\tp1611\Application\Runtime\Cache\Admin\b595b808c2ebeeeb0478ffc30bb4e87a.php 第 200 行.
NOTIC: [8] Undefined variable: account D:\wamp\www\1611\1232\tp1611\Application\Runtime\Cache\Admin\b595b808c2ebeeeb0478ffc30bb4e87a.php 第 201 行.
NOTIC: [8] Undefined variable: account D:\wamp\www\1611\1232\tp1611\Application\Runtime\Cache\Admin\b595b808c2ebeeeb0478ffc30bb4e87a.php 第 202 行.
INFO: Run Behavior\ParseTemplateBehavior [ RunTime:0.021599s ]
INFO: [ view_parse ] --END-- [ RunTime:0.021674s ]
INFO: [ view_filter ] --START--
INFO: Run Behavior\WriteHtmlCacheBehavior [ RunTime:0.000289s ]
INFO: [ view_filter ] --END-- [ RunTime:0.000352s ]
INFO: [ app_end ] --START--
INFO: Run Behavior\ShowPageTraceBehavior [ RunTime:0.000602s ]
INFO: [ app_end ] --END-- [ RunTime:0.000680s ]

[ 2017-01-13T09:23:34+08:00 ] 127.0.0.1 /1611/1232/tp1611/index.php/Admin/Index/welcome.html
INFO: [ app_init ] --START--
INFO: Run Behavior\BuildLiteBehavior [ RunTime:0.000019s ]
INFO: [ app_init ] --END-- [ RunTime:0.000437s ]
INFO: [ app_begin ] --START--
INFO: Run Behavior\ReadHtmlCacheBehavior [ RunTime:0.000627s ]
INFO: [ app_begin ] --END-- [ RunTime:0.000713s ]
INFO: [ view_parse ] --START--
INFO: [ template_filter ] --START--
INFO: Run Behavior\ContentReplaceBehavior [ RunTime:0.000077s ]
INFO: [ template_filter ] --END-- [ RunTime:0.000171s ]
INFO: Run Behavior\ParseTemplateBehavior [ RunTime:0.027544s ]
INFO: [ view_parse ] --END-- [ RunTime:0.027645s ]
INFO: [ view_filter ] --START--
INFO: Run Behavior\WriteHtmlCacheBehavior [ RunTime:0.000420s ]
INFO: [ view_filter ] --END-- [ RunTime:0.000486s ]
INFO: [ app_end ] --START--
INFO: Run Behavior\ShowPageTraceBehavior [ RunTime:0.000685s ]
INFO: [ app_end ] --END-- [ RunTime:0.000758s ]

[ 2017-01-13T09:23:50+08:00 ] 127.0.0.1 /1611/1232/tp1611/index.php/Admin/Product/series.html
INFO: [ app_init ] --START--
INFO: Run Behavior\BuildLiteBehavior [ RunTime:0.000021s ]
INFO: [ app_init ] --END-- [ RunTime:0.000446s ]
INFO: [ app_begin ] --START--
INFO: Run Behavior\ReadHtmlCacheBehavior [ RunTime:0.000562s ]
INFO: [ app_begin ] --END-- [ RunTime:0.000655s ]
SQL: SHOW COLUMNS FROM `tp_category` [ RunTime:0.0215s ]
SQL: SELECT * FROM `tp_category`  [ RunTime:0.0208s ]
SQL: SHOW COLUMNS FROM `tp_series` [ RunTime:0.0215s ]
SQL: SELECT * FROM `tp_series`  [ RunTime:0.0212s ]
SQL: SELECT * FROM `tp_series`  [ RunTime:0.0202s ]
INFO: [ view_parse ] --START--
INFO: [ template_filter ] --START--
INFO: Run Behavior\ContentReplaceBehavior [ RunTime:0.000097s ]
INFO: [ template_filter ] --END-- [ RunTime:0.000176s ]
SQL: SELECT * FROM `tp_category` WHERE `id` = 2 LIMIT 1   [ RunTime:0.0216s ]
INFO: Run Behavior\ParseTemplateBehavior [ RunTime:0.081205s ]
INFO: [ view_parse ] --END-- [ RunTime:0.081304s ]
INFO: [ view_filter ] --START--
INFO: Run Behavior\WriteHtmlCacheBehavior [ RunTime:0.000391s ]
INFO: [ view_filter ] --END-- [ RunTime:0.000454s ]
INFO: [ app_end ] --START--
INFO: Run Behavior\ShowPageTraceBehavior [ RunTime:0.000546s ]
INFO: [ app_end ] --END-- [ RunTime:0.000611s ]

[ 2017-01-13T09:23:52+08:00 ] 127.0.0.1 /1611/1232/tp1611/index.php/Admin/Product/product.html
INFO: [ app_init ] --START--
INFO: Run Behavior\BuildLiteBehavior [ RunTime:0.000018s ]
INFO: [ app_init ] --END-- [ RunTime:0.000393s ]
INFO: [ app_begin ] --START--
INFO: Run Behavior\ReadHtmlCacheBehavior [ RunTime:0.000528s ]
INFO: [ app_begin ] --END-- [ RunTime:0.000613s ]
SQL: SHOW COLUMNS FROM `tp_category` [ RunTime:0.0210s ]
SQL: SELECT * FROM `tp_category`  [ RunTime:0.0209s ]
SQL: SHOW COLUMNS FROM `tp_series` [ RunTime:0.0214s ]
SQL: SELECT * FROM `tp_series`  [ RunTime:0.0208s ]
NOTIC: [8] Undefined index: pid D:\wamp\www\1611\1232\tp1611\Application\Common\Common\function.php 第 20 行.
NOTIC: [8] Undefined index: pid D:\wamp\www\1611\1232\tp1611\Application\Common\Common\function.php 第 20 行.
SQL: SHOW COLUMNS FROM `tp_product` [ RunTime:0.0215s ]
SQL: SELECT * FROM `tp_product` WHERE `is_trash` = 0  [ RunTime:0.0210s ]
INFO: [ view_parse ] --START--
INFO: [ template_filter ] --START--
INFO: Run Behavior\ContentReplaceBehavior [ RunTime:0.000108s ]
INFO: [ template_filter ] --END-- [ RunTime:0.000184s ]
SQL: SELECT * FROM `tp_category` WHERE `id` = 2 LIMIT 1   [ RunTime:0.0197s ]
SQL: SELECT * FROM `tp_category` WHERE `id` = 2 LIMIT 1   [ RunTime:0.0197s ]
INFO: Run Behavior\ParseTemplateBehavior [ RunTime:0.058348s ]
INFO: [ view_parse ] --END-- [ RunTime:0.058421s ]
INFO: [ view_filter ] --START--
INFO: Run Behavior\WriteHtmlCacheBehavior [ RunTime:0.000403s ]
INFO: [ view_filter ] --END-- [ RunTime:0.000464s ]
INFO: [ app_end ] --START--
INFO: Run Behavior\ShowPageTraceBehavior [ RunTime:0.000531s ]
INFO: [ app_end ] --END-- [ RunTime:0.000596s ]

[ 2017-01-13T09:23:55+08:00 ] 127.0.0.1 /1611/1232/tp1611/index.php/Admin/Base/status.html
INFO: [ app_init ] --START--
INFO: Run Behavior\BuildLiteBehavior [ RunTime:0.000018s ]
INFO: [ app_init ] --END-- [ RunTime:0.000407s ]
INFO: [ app_begin ] --START--
INFO: Run Behavior\ReadHtmlCacheBehavior [ RunTime:0.000518s ]
INFO: [ app_begin ] --END-- [ RunTime:0.000596s ]
SQL: SHOW COLUMNS FROM `tp_category` [ RunTime:0.0233s ]
SQL: SELECT * FROM `tp_category`  [ RunTime:0.0223s ]
SQL: SHOW COLUMNS FROM `tp_series` [ RunTime:0.0230s ]
SQL: SELECT * FROM `tp_series`  [ RunTime:0.0217s ]
SQL: SHOW COLUMNS FROM `tp_product` [ RunTime:0.0238s ]
SQL: UPDATE `tp_product` SET `is_sale`='0' WHERE `id` = 4 [ RunTime:0.0220s ]

[ 2017-01-13T09:24:04+08:00 ] 127.0.0.1 /1611/1232/tp1611/index.php/Admin/Base/status.html
INFO: [ app_init ] --START--
INFO: Run Behavior\BuildLiteBehavior [ RunTime:0.000022s ]
INFO: [ app_init ] --END-- [ RunTime:0.000493s ]
INFO: [ app_begin ] --START--
INFO: Run Behavior\ReadHtmlCacheBehavior [ RunTime:0.000594s ]
INFO: [ app_begin ] --END-- [ RunTime:0.000690s ]
SQL: SHOW COLUMNS FROM `tp_category` [ RunTime:0.0240s ]
SQL: SELECT * FROM `tp_category`  [ RunTime:0.0234s ]
SQL: SHOW COLUMNS FROM `tp_series` [ RunTime:0.0239s ]
SQL: SELECT * FROM `tp_series`  [ RunTime:0.0233s ]
SQL: SHOW COLUMNS FROM `tp_product` [ RunTime:0.0252s ]
SQL: UPDATE `tp_product` SET `is_sale`='1' WHERE `id` = 4 [ RunTime:0.0226s ]

[ 2017-01-13T09:24:07+08:00 ] 127.0.0.1 /1611/1232/tp1611/index.php/Admin/Base/status.html
INFO: [ app_init ] --START--
INFO: Run Behavior\BuildLiteBehavior [ RunTime:0.000021s ]
INFO: [ app_init ] --END-- [ RunTime:0.000461s ]
INFO: [ app_begin ] --START--
INFO: Run Behavior\ReadHtmlCacheBehavior [ RunTime:0.000521s ]
INFO: [ app_begin ] --END-- [ RunTime:0.000603s ]
SQL: SHOW COLUMNS FROM `tp_category` [ RunTime:0.0249s ]
SQL: SELECT * FROM `tp_category`  [ RunTime:0.0215s ]
SQL: SHOW COLUMNS FROM `tp_series` [ RunTime:0.0224s ]
SQL: SELECT * FROM `tp_series`  [ RunTime:0.0214s ]
SQL: SHOW COLUMNS FROM `tp_product` [ RunTime:0.0228s ]
SQL: UPDATE `tp_product` SET `is_trash`='1' WHERE `id` = 4 [ RunTime:0.0214s ]

[ 2017-01-13T09:24:14+08:00 ] 127.0.0.1 /1611/1232/tp1611/index.php/Admin/Product/trash.html
INFO: [ app_init ] --START--
INFO: Run Behavior\BuildLiteBehavior [ RunTime:0.000021s ]
INFO: [ app_init ] --END-- [ RunTime:0.000446s ]
INFO: [ app_begin ] --START--
INFO: Run Behavior\ReadHtmlCacheBehavior [ RunTime:0.000863s ]
INFO: [ app_begin ] --END-- [ RunTime:0.000984s ]
SQL: SHOW COLUMNS FROM `tp_category` [ RunTime:0.0242s ]
SQL: SELECT * FROM `tp_category`  [ RunTime:0.0240s ]
SQL: SHOW COLUMNS FROM `tp_series` [ RunTime:0.0245s ]
SQL: SELECT * FROM `tp_series`  [ RunTime:0.0233s ]
NOTIC: [8] Undefined index: pid D:\wamp\www\1611\1232\tp1611\Application\Common\Common\function.php 第 20 行.
NOTIC: [8] Undefined index: pid D:\wamp\www\1611\1232\tp1611\Application\Common\Common\function.php 第 20 行.
SQL: SHOW COLUMNS FROM `tp_product` [ RunTime:0.0251s ]
SQL: SELECT * FROM `tp_product` WHERE `is_trash` = 1  [ RunTime:0.0241s ]
INFO: [ view_parse ] --START--
INFO: [ template_filter ] --START--
INFO: Run Behavior\ContentReplaceBehavior [ RunTime:0.000161s ]
INFO: [ template_filter ] --END-- [ RunTime:0.000273s ]
SQL: SELECT * FROM `tp_category` WHERE `id` = 2 LIMIT 1   [ RunTime:0.0264s ]
INFO: Run Behavior\ParseTemplateBehavior [ RunTime:0.044126s ]
INFO: [ view_parse ] --END-- [ RunTime:0.044198s ]
INFO: [ view_filter ] --START--
INFO: Run Behavior\WriteHtmlCacheBehavior [ RunTime:0.000392s ]
INFO: [ view_filter ] --END-- [ RunTime:0.000454s ]
INFO: [ app_end ] --START--
INFO: Run Behavior\ShowPageTraceBehavior [ RunTime:0.000529s ]
INFO: [ app_end ] --END-- [ RunTime:0.000594s ]

[ 2017-01-13T09:24:16+08:00 ] 127.0.0.1 /1611/1232/tp1611/index.php/Admin/Index/index.html
INFO: [ app_init ] --START--
INFO: Run Behavior\BuildLiteBehavior [ RunTime:0.000019s ]
INFO: [ app_init ] --END-- [ RunTime:0.000451s ]
INFO: [ app_begin ] --START--
INFO: Run Behavior\ReadHtmlCacheBehavior [ RunTime:0.000531s ]
INFO: [ app_begin ] --END-- [ RunTime:0.000624s ]
INFO: [ view_parse ] --START--
INFO: [ template_filter ] --START--
INFO: Run Behavior\ContentReplaceBehavior [ RunTime:0.000245s ]
INFO: [ template_filter ] --END-- [ RunTime:0.000519s ]
NOTIC: [8] Undefined variable: account D:\wamp\www\1611\1232\tp1611\Application\Runtime\Cache\Admin\b595b808c2ebeeeb0478ffc30bb4e87a.php 第 200 行.
NOTIC: [8] Undefined variable: account D:\wamp\www\1611\1232\tp1611\Application\Runtime\Cache\Admin\b595b808c2ebeeeb0478ffc30bb4e87a.php 第 201 行.
NOTIC: [8] Undefined variable: account D:\wamp\www\1611\1232\tp1611\Application\Runtime\Cache\Admin\b595b808c2ebeeeb0478ffc30bb4e87a.php 第 202 行.
INFO: Run Behavior\ParseTemplateBehavior [ RunTime:0.016607s ]
INFO: [ view_parse ] --END-- [ RunTime:0.016681s ]
INFO: [ view_filter ] --START--
INFO: Run Behavior\WriteHtmlCacheBehavior [ RunTime:0.000430s ]
INFO: [ view_filter ] --END-- [ RunTime:0.000537s ]
INFO: [ app_end ] --START--
INFO: Run Behavior\ShowPageTraceBehavior [ RunTime:0.000616s ]
INFO: [ app_end ] --END-- [ RunTime:0.000684s ]

[ 2017-01-13T09:24:16+08:00 ] 127.0.0.1 /1611/1232/tp1611/index.php/Admin/Index/welcome.html
INFO: [ app_init ] --START--
INFO: Run Behavior\BuildLiteBehavior [ RunTime:0.000024s ]
INFO: [ app_init ] --END-- [ RunTime:0.001277s ]
INFO: [ app_begin ] --START--
INFO: Run Behavior\ReadHtmlCacheBehavior [ RunTime:0.000688s ]
INFO: [ app_begin ] --END-- [ RunTime:0.000793s ]
INFO: [ view_parse ] --START--
INFO: [ template_filter ] --START--
INFO: Run Behavior\ContentReplaceBehavior [ RunTime:0.000083s ]
INFO: [ template_filter ] --END-- [ RunTime:0.000183s ]
INFO: Run Behavior\ParseTemplateBehavior [ RunTime:0.020890s ]
INFO: [ view_parse ] --END-- [ RunTime:0.021006s ]
INFO: [ view_filter ] --START--
INFO: Run Behavior\WriteHtmlCacheBehavior [ RunTime:0.000523s ]
INFO: [ view_filter ] --END-- [ RunTime:0.000600s ]
INFO: [ app_end ] --START--
INFO: Run Behavior\ShowPageTraceBehavior [ RunTime:0.000798s ]
INFO: [ app_end ] --END-- [ RunTime:0.000876s ]

[ 2017-01-13T09:24:20+08:00 ] 127.0.0.1 /1611/1232/tp1611/index.php/Admin/Picture/banner.html
INFO: [ app_init ] --START--
INFO: Run Behavior\BuildLiteBehavior [ RunTime:0.000021s ]
INFO: [ app_init ] --END-- [ RunTime:0.000451s ]
INFO: [ app_begin ] --START--
INFO: Run Behavior\ReadHtmlCacheBehavior [ RunTime:0.001910s ]
INFO: [ app_begin ] --END-- [ RunTime:0.002062s ]
SQL: SHOW COLUMNS FROM `tp_category` [ RunTime:0.0240s ]
SQL: SELECT * FROM `tp_category`  [ RunTime:0.0235s ]
SQL: SHOW COLUMNS FROM `tp_series` [ RunTime:0.0245s ]
SQL: SELECT * FROM `tp_series`  [ RunTime:0.0232s ]
SQL: SHOW COLUMNS FROM `tp_banner` [ RunTime:0.0279s ]
SQL: SELECT * FROM `tp_banner`  [ RunTime:0.0238s ]
INFO: [ view_parse ] --START--
INFO: [ template_filter ] --START--
INFO: Run Behavior\ContentReplaceBehavior [ RunTime:0.000170s ]
INFO: [ template_filter ] --END-- [ RunTime:0.000250s ]
INFO: Run Behavior\ParseTemplateBehavior [ RunTime:0.038817s ]
INFO: [ view_parse ] --END-- [ RunTime:0.038916s ]
INFO: [ view_filter ] --START--
INFO: Run Behavior\WriteHtmlCacheBehavior [ RunTime:0.000291s ]
INFO: [ view_filter ] --END-- [ RunTime:0.000353s ]
INFO: [ app_end ] --START--
INFO: Run Behavior\ShowPageTraceBehavior [ RunTime:0.000523s ]
INFO: [ app_end ] --END-- [ RunTime:0.000587s ]

[ 2017-01-13T09:24:25+08:00 ] 127.0.0.1 /1611/1232/tp1611/index.php/Admin/Product/product.html
INFO: [ app_init ] --START--
INFO: Run Behavior\BuildLiteBehavior [ RunTime:0.000027s ]
INFO: [ app_init ] --END-- [ RunTime:0.000587s ]
INFO: [ app_begin ] --START--
INFO: Run Behavior\ReadHtmlCacheBehavior [ RunTime:0.000589s ]
INFO: [ app_begin ] --END-- [ RunTime:0.000717s ]
SQL: SHOW COLUMNS FROM `tp_category` [ RunTime:0.0242s ]
SQL: SELECT * FROM `tp_category`  [ RunTime:0.0215s ]
SQL: SHOW COLUMNS FROM `tp_series` [ RunTime:0.0221s ]
SQL: SELECT * FROM `tp_series`  [ RunTime:0.0221s ]
NOTIC: [8] Undefined index: pid D:\wamp\www\1611\1232\tp1611\Application\Common\Common\function.php 第 20 行.
NOTIC: [8] Undefined index: pid D:\wamp\www\1611\1232\tp1611\Application\Common\Common\function.php 第 20 行.
SQL: SHOW COLUMNS FROM `tp_product` [ RunTime:0.0229s ]
SQL: SELECT * FROM `tp_product` WHERE `is_trash` = 0  [ RunTime:0.0224s ]
INFO: [ view_parse ] --START--
INFO: [ template_filter ] --START--
INFO: Run Behavior\ContentReplaceBehavior [ RunTime:0.000119s ]
INFO: [ template_filter ] --END-- [ RunTime:0.000196s ]
SQL: SELECT * FROM `tp_category` WHERE `id` = 2 LIMIT 1   [ RunTime:0.0280s ]
INFO: Run Behavior\ParseTemplateBehavior [ RunTime:0.046342s ]
INFO: [ view_parse ] --END-- [ RunTime:0.046421s ]
INFO: [ view_filter ] --START--
INFO: Run Behavior\WriteHtmlCacheBehavior [ RunTime:0.000579s ]
INFO: [ view_filter ] --END-- [ RunTime:0.000676s ]
INFO: [ app_end ] --START--
INFO: Run Behavior\ShowPageTraceBehavior [ RunTime:0.001018s ]
INFO: [ app_end ] --END-- [ RunTime:0.001131s ]

[ 2017-01-13T09:24:25+08:00 ] 127.0.0.1 /1611/1232/tp1611/index.php/Admin/Product/trash.html
INFO: [ app_init ] --START--
INFO: Run Behavior\BuildLiteBehavior [ RunTime:0.000056s ]
INFO: [ app_init ] --END-- [ RunTime:0.001175s ]
INFO: [ app_begin ] --START--
INFO: Run Behavior\ReadHtmlCacheBehavior [ RunTime:0.000606s ]
INFO: [ app_begin ] --END-- [ RunTime:0.000713s ]
SQL: SHOW COLUMNS FROM `tp_category` [ RunTime:0.0185s ]
SQL: SELECT * FROM `tp_category`  [ RunTime:0.0177s ]
SQL: SHOW COLUMNS FROM `tp_series` [ RunTime:0.0191s ]
SQL: SELECT * FROM `tp_series`  [ RunTime:0.0176s ]
NOTIC: [8] Undefined index: pid D:\wamp\www\1611\1232\tp1611\Application\Common\Common\function.php 第 20 行.
NOTIC: [8] Undefined index: pid D:\wamp\www\1611\1232\tp1611\Application\Common\Common\function.php 第 20 行.
SQL: SHOW COLUMNS FROM `tp_product` [ RunTime:0.0192s ]
SQL: SELECT * FROM `tp_product` WHERE `is_trash` = 1  [ RunTime:0.0184s ]
INFO: [ view_parse ] --START--
INFO: [ template_filter ] --START--
INFO: Run Behavior\ContentReplaceBehavior [ RunTime:0.000102s ]
INFO: [ template_filter ] --END-- [ RunTime:0.000176s ]
SQL: SELECT * FROM `tp_category` WHERE `id` = 2 LIMIT 1   [ RunTime:0.0198s ]
INFO: Run Behavior\ParseTemplateBehavior [ RunTime:0.038394s ]
INFO: [ view_parse ] --END-- [ RunTime:0.038476s ]
INFO: [ view_filter ] --START--
INFO: Run Behavior\WriteHtmlCacheBehavior [ RunTime:0.000391s ]
INFO: [ view_filter ] --END-- [ RunTime:0.000454s ]
INFO: [ app_end ] --START--
INFO: Run Behavior\ShowPageTraceBehavior [ RunTime:0.000531s ]
INFO: [ app_end ] --END-- [ RunTime:0.000596s ]

[ 2017-01-13T10:10:29+08:00 ] 127.0.0.1 /1611/1232/tp1611/index.php/Admin/System/nav.html
INFO: [ app_init ] --START--
INFO: Run Behavior\BuildLiteBehavior [ RunTime:0.000019s ]
INFO: [ app_init ] --END-- [ RunTime:0.000404s ]
INFO: [ app_begin ] --START--
INFO: Run Behavior\ReadHtmlCacheBehavior [ RunTime:0.001327s ]
INFO: [ app_begin ] --END-- [ RunTime:0.001504s ]
SQL: SHOW COLUMNS FROM `tp_category` [ RunTime:0.0485s ]
SQL: SELECT * FROM `tp_category`  [ RunTime:0.0167s ]
SQL: SHOW COLUMNS FROM `tp_series` [ RunTime:0.0520s ]
SQL: SELECT * FROM `tp_series`  [ RunTime:0.0214s ]
SQL: SHOW COLUMNS FROM `tp_nav` [ RunTime:0.0183s ]
NOTIC: [8] Undefined variable: where D:\wamp\www\1611\1232\tp1611\Application\Admin\Controller\SystemController.class.php 第 28 行.
SQL: SELECT * FROM `tp_nav`  [ RunTime:0.0312s ]
INFO: [ view_parse ] --START--
INFO: [ template_filter ] --START--
INFO: Run Behavior\ContentReplaceBehavior [ RunTime:0.000098s ]
INFO: [ template_filter ] --END-- [ RunTime:0.000177s ]
NOTIC: [8] Undefined variable: page D:\wamp\www\1611\1232\tp1611\Application\Runtime\Cache\Admin\13397897687d2c7b21e7989b9204b5a7.php 第 82 行.
INFO: Run Behavior\ParseTemplateBehavior [ RunTime:0.030645s ]
INFO: [ view_parse ] --END-- [ RunTime:0.030736s ]
INFO: [ view_filter ] --START--
INFO: Run Behavior\WriteHtmlCacheBehavior [ RunTime:0.000291s ]
INFO: [ view_filter ] --END-- [ RunTime:0.000354s ]
INFO: [ app_end ] --START--
INFO: Run Behavior\ShowPageTraceBehavior [ RunTime:0.000552s ]
INFO: [ app_end ] --END-- [ RunTime:0.000619s ]

[ 2017-01-13T10:10:48+08:00 ] 127.0.0.1 /1611/1232/tp1611/index.php/Admin/Base/status.html
INFO: [ app_init ] --START--
INFO: Run Behavior\BuildLiteBehavior [ RunTime:0.000023s ]
INFO: [ app_init ] --END-- [ RunTime:0.000472s ]
INFO: [ app_begin ] --START--
INFO: Run Behavior\ReadHtmlCacheBehavior [ RunTime:0.000580s ]
INFO: [ app_begin ] --END-- [ RunTime:0.000658s ]
SQL: SHOW COLUMNS FROM `tp_category` [ RunTime:0.0254s ]
SQL: SELECT * FROM `tp_category`  [ RunTime:0.0249s ]
SQL: SHOW COLUMNS FROM `tp_series` [ RunTime:0.0252s ]
SQL: SELECT * FROM `tp_series`  [ RunTime:0.0247s ]
SQL: SHOW COLUMNS FROM `tp_nav` [ RunTime:0.0259s ]
SQL: UPDATE `tp_nav` SET `sort`='2' WHERE `id` = 8 [ RunTime:0.0460s ]

[ 2017-01-13T10:10:58+08:00 ] 127.0.0.1 /1611/1232/tp1611/index.php/Admin/Base/status.html
INFO: [ app_init ] --START--
INFO: Run Behavior\BuildLiteBehavior [ RunTime:0.000019s ]
INFO: [ app_init ] --END-- [ RunTime:0.000427s ]
INFO: [ app_begin ] --START--
INFO: Run Behavior\ReadHtmlCacheBehavior [ RunTime:0.000539s ]
INFO: [ app_begin ] --END-- [ RunTime:0.000605s ]
SQL: SHOW COLUMNS FROM `tp_category` [ RunTime:0.0214s ]
SQL: SELECT * FROM `tp_category`  [ RunTime:0.0205s ]
SQL: SHOW COLUMNS FROM `tp_series` [ RunTime:0.0215s ]
SQL: SELECT * FROM `tp_series`  [ RunTime:0.0244s ]
SQL: SHOW COLUMNS FROM `tp_nav` [ RunTime:0.0212s ]
SQL: UPDATE `tp_nav` SET `sort`='3' WHERE `id` = 7 [ RunTime:0.0208s ]

[ 2017-01-13T10:11:07+08:00 ] 127.0.0.1 /1611/1232/tp1611/index.php/Admin/System/navAdd/id/7.html
INFO: [ app_init ] --START--
INFO: Run Behavior\BuildLiteBehavior [ RunTime:0.000034s ]
INFO: [ app_init ] --END-- [ RunTime:0.000823s ]
INFO: [ app_begin ] --START--
INFO: Run Behavior\ReadHtmlCacheBehavior [ RunTime:0.000634s ]
INFO: [ app_begin ] --END-- [ RunTime:0.000746s ]
SQL: SHOW COLUMNS FROM `tp_category` [ RunTime:0.0252s ]
SQL: SELECT * FROM `tp_category`  [ RunTime:0.0265s ]
SQL: SHOW COLUMNS FROM `tp_series` [ RunTime:0.0254s ]
SQL: SELECT * FROM `tp_series`  [ RunTime:0.0251s ]
SQL: SHOW COLUMNS FROM `tp_nav` [ RunTime:0.0253s ]
SQL: SELECT * FROM `tp_nav` WHERE `id` = 7 LIMIT 1   [ RunTime:0.0240s ]
INFO: [ view_parse ] --START--
INFO: [ template_filter ] --START--
INFO: Run Behavior\ContentReplaceBehavior [ RunTime:0.000074s ]
INFO: [ template_filter ] --END-- [ RunTime:0.000153s ]
INFO: Run Behavior\ParseTemplateBehavior [ RunTime:0.036760s ]
INFO: [ view_parse ] --END-- [ RunTime:0.036934s ]
INFO: [ view_filter ] --START--
INFO: Run Behavior\WriteHtmlCacheBehavior [ RunTime:0.000282s ]
INFO: [ view_filter ] --END-- [ RunTime:0.000345s ]
INFO: [ app_end ] --START--
INFO: Run Behavior\ShowPageTraceBehavior [ RunTime:0.000533s ]
INFO: [ app_end ] --END-- [ RunTime:0.000599s ]

[ 2017-01-13T10:11:25+08:00 ] 127.0.0.1 /1611/1232/tp1611/index.php/Admin/Base/status.html
INFO: [ app_init ] --START--
INFO: Run Behavior\BuildLiteBehavior [ RunTime:0.000021s ]
INFO: [ app_init ] --END-- [ RunTime:0.000441s ]
INFO: [ app_begin ] --START--
INFO: Run Behavior\ReadHtmlCacheBehavior [ RunTime:0.000880s ]
INFO: [ app_begin ] --END-- [ RunTime:0.000977s ]
SQL: SHOW COLUMNS FROM `tp_category` [ RunTime:0.0217s ]
SQL: SELECT * FROM `tp_category`  [ RunTime:0.0199s ]
SQL: SHOW COLUMNS FROM `tp_series` [ RunTime:0.0212s ]
SQL: SELECT * FROM `tp_series`  [ RunTime:0.0226s ]
SQL: SHOW COLUMNS FROM `tp_nav` [ RunTime:0.0213s ]
SQL: UPDATE `tp_nav` SET `sort`='0' WHERE `id` = 7 [ RunTime:0.0207s ]

[ 2017-01-13T10:11:27+08:00 ] 127.0.0.1 /1611/1232/tp1611/index.php/Admin/System/navAdd/id/7.html
INFO: [ app_init ] --START--
INFO: Run Behavior\BuildLiteBehavior [ RunTime:0.000026s ]
INFO: [ app_init ] --END-- [ RunTime:0.000492s ]
INFO: [ app_begin ] --START--
INFO: Run Behavior\ReadHtmlCacheBehavior [ RunTime:0.000606s ]
INFO: [ app_begin ] --END-- [ RunTime:0.000705s ]
SQL: SHOW COLUMNS FROM `tp_category` [ RunTime:0.0210s ]
SQL: SELECT * FROM `tp_category`  [ RunTime:0.0202s ]
SQL: SHOW COLUMNS FROM `tp_series` [ RunTime:0.0222s ]
SQL: SELECT * FROM `tp_series`  [ RunTime:0.0209s ]
SQL: SHOW COLUMNS FROM `tp_nav` [ RunTime:0.0212s ]
SQL: SELECT * FROM `tp_nav` WHERE `id` = 7 LIMIT 1   [ RunTime:0.0200s ]
INFO: [ view_parse ] --START--
INFO: [ template_filter ] --START--
INFO: Run Behavior\ContentReplaceBehavior [ RunTime:0.000073s ]
INFO: [ template_filter ] --END-- [ RunTime:0.000149s ]
INFO: Run Behavior\ParseTemplateBehavior [ RunTime:0.018158s ]
INFO: [ view_parse ] --END-- [ RunTime:0.018264s ]
INFO: [ view_filter ] --START--
INFO: Run Behavior\WriteHtmlCacheBehavior [ RunTime:0.000278s ]
INFO: [ view_filter ] --END-- [ RunTime:0.000342s ]
INFO: [ app_end ] --START--
INFO: Run Behavior\ShowPageTraceBehavior [ RunTime:0.000526s ]
INFO: [ app_end ] --END-- [ RunTime:0.000590s ]

[ 2017-01-13T10:11:51+08:00 ] 127.0.0.1 /1611/1232/tp1611/index.php/Admin/Base/status.html
INFO: [ app_init ] --START--
INFO: Run Behavior\BuildLiteBehavior [ RunTime:0.000020s ]
INFO: [ app_init ] --END-- [ RunTime:0.000467s ]
INFO: [ app_begin ] --START--
INFO: Run Behavior\ReadHtmlCacheBehavior [ RunTime:0.000643s ]
INFO: [ app_begin ] --END-- [ RunTime:0.000717s ]
SQL: SHOW COLUMNS FROM `tp_category` [ RunTime:0.0204s ]
SQL: SELECT * FROM `tp_category`  [ RunTime:0.0164s ]
SQL: SHOW COLUMNS FROM `tp_series` [ RunTime:0.0174s ]
SQL: SELECT * FROM `tp_series`  [ RunTime:0.0171s ]
SQL: SHOW COLUMNS FROM `tp_nav` [ RunTime:0.0181s ]
SQL: UPDATE `tp_nav` SET `sort`='0' WHERE `id` = 7 [ RunTime:0.0169s ]

[ 2017-01-13T10:18:03+08:00 ] 127.0.0.1 /1611/1232/tp1611/index.php/Admin/Base/status.html
INFO: [ app_init ] --START--
INFO: Run Behavior\BuildLiteBehavior [ RunTime:0.000020s ]
INFO: [ app_init ] --END-- [ RunTime:0.000487s ]
INFO: [ app_begin ] --START--
INFO: Run Behavior\ReadHtmlCacheBehavior [ RunTime:0.000632s ]
INFO: [ app_begin ] --END-- [ RunTime:0.000699s ]
SQL: SHOW COLUMNS FROM `tp_category` [ RunTime:0.0251s ]
SQL: SELECT * FROM `tp_category`  [ RunTime:0.0246s ]
SQL: SHOW COLUMNS FROM `tp_series` [ RunTime:0.0256s ]
SQL: SELECT * FROM `tp_series`  [ RunTime:0.0242s ]
SQL: SHOW COLUMNS FROM `tp_nav` [ RunTime:0.0309s ]
SQL: UPDATE `tp_nav` SET `is_show`='0' WHERE `id` = 3 [ RunTime:0.0246s ]

[ 2017-01-13T10:18:10+08:00 ] 127.0.0.1 /1611/1232/tp1611/index.php/Admin/Base/status.html
INFO: [ app_init ] --START--
INFO: Run Behavior\BuildLiteBehavior [ RunTime:0.000021s ]
INFO: [ app_init ] --END-- [ RunTime:0.000481s ]
INFO: [ app_begin ] --START--
INFO: Run Behavior\ReadHtmlCacheBehavior [ RunTime:0.000522s ]
INFO: [ app_begin ] --END-- [ RunTime:0.000602s ]
SQL: SHOW COLUMNS FROM `tp_category` [ RunTime:0.0201s ]
SQL: SELECT * FROM `tp_category`  [ RunTime:0.0191s ]
SQL: SHOW COLUMNS FROM `tp_series` [ RunTime:0.0200s ]
SQL: SELECT * FROM `tp_series`  [ RunTime:0.0191s ]
SQL: SHOW COLUMNS FROM `tp_nav` [ RunTime:0.0201s ]
SQL: UPDATE `tp_nav` SET `is_show`='1' WHERE `id` = 3 [ RunTime:0.0187s ]

[ 2017-01-13T10:18:23+08:00 ] 127.0.0.1 /1611/1232/tp1611/index.php/Admin/Base/status.html
INFO: [ app_init ] --START--
INFO: Run Behavior\BuildLiteBehavior [ RunTime:0.000019s ]
INFO: [ app_init ] --END-- [ RunTime:0.000464s ]
INFO: [ app_begin ] --START--
INFO: Run Behavior\ReadHtmlCacheBehavior [ RunTime:0.000560s ]
INFO: [ app_begin ] --END-- [ RunTime:0.000637s ]
SQL: SHOW COLUMNS FROM `tp_category` [ RunTime:0.0289s ]
SQL: SELECT * FROM `tp_category`  [ RunTime:0.0229s ]
SQL: SHOW COLUMNS FROM `tp_series` [ RunTime:0.0280s ]
SQL: SELECT * FROM `tp_series`  [ RunTime:0.0229s ]
SQL: SHOW COLUMNS FROM `tp_nav` [ RunTime:0.0242s ]
SQL: UPDATE `tp_nav` SET `sort`='3' WHERE `id` = 7 [ RunTime:0.0237s ]

[ 2017-01-13T10:18:30+08:00 ] 127.0.0.1 /1611/1232/tp1611/index.php/Admin/Base/status.html
INFO: [ app_init ] --START--
INFO: Run Behavior\BuildLiteBehavior [ RunTime:0.000021s ]
INFO: [ app_init ] --END-- [ RunTime:0.000451s ]
INFO: [ app_begin ] --START--
INFO: Run Behavior\ReadHtmlCacheBehavior [ RunTime:0.000564s ]
INFO: [ app_begin ] --END-- [ RunTime:0.000638s ]
SQL: SHOW COLUMNS FROM `tp_category` [ RunTime:0.0218s ]
SQL: SELECT * FROM `tp_category`  [ RunTime:0.0202s ]
SQL: SHOW COLUMNS FROM `tp_series` [ RunTime:0.0217s ]
SQL: SELECT * FROM `tp_series`  [ RunTime:0.0200s ]
SQL: SHOW COLUMNS FROM `tp_nav` [ RunTime:0.0215s ]
SQL: UPDATE `tp_nav` SET `sort`='959524' WHERE `id` = 7 [ RunTime:0.0200s ]

[ 2017-01-13T10:18:54+08:00 ] 127.0.0.1 /1611/1232/tp1611/index.php/Admin/Base/status.html
INFO: [ app_init ] --START--
INFO: Run Behavior\BuildLiteBehavior [ RunTime:0.000020s ]
INFO: [ app_init ] --END-- [ RunTime:0.000487s ]
INFO: [ app_begin ] --START--
INFO: Run Behavior\ReadHtmlCacheBehavior [ RunTime:0.001849s ]
INFO: [ app_begin ] --END-- [ RunTime:0.001936s ]
SQL: SHOW COLUMNS FROM `tp_category` [ RunTime:0.0268s ]
SQL: SELECT * FROM `tp_category`  [ RunTime:0.0239s ]
SQL: SHOW COLUMNS FROM `tp_series` [ RunTime:0.0239s ]
SQL: SELECT * FROM `tp_series`  [ RunTime:0.0231s ]
SQL: SHOW COLUMNS FROM `tp_nav` [ RunTime:0.0247s ]
SQL: UPDATE `tp_nav` SET `sort`='95952442' WHERE `id` = 7 [ RunTime:0.0240s ]

[ 2017-01-13T10:19:01+08:00 ] 127.0.0.1 /1611/1232/tp1611/index.php/Admin/Base/status.html
INFO: [ app_init ] --START--
INFO: Run Behavior\BuildLiteBehavior [ RunTime:0.000021s ]
INFO: [ app_init ] --END-- [ RunTime:0.000441s ]
INFO: [ app_begin ] --START--
INFO: Run Behavior\ReadHtmlCacheBehavior [ RunTime:0.000572s ]
INFO: [ app_begin ] --END-- [ RunTime:0.000648s ]
SQL: SHOW COLUMNS FROM `tp_category` [ RunTime:0.0254s ]
SQL: SELECT * FROM `tp_category`  [ RunTime:0.0247s ]
SQL: SHOW COLUMNS FROM `tp_series` [ RunTime:0.0250s ]
SQL: SELECT * FROM `tp_series`  [ RunTime:0.0259s ]
SQL: SHOW COLUMNS FROM `tp_nav` [ RunTime:0.0267s ]
SQL: UPDATE `tp_nav` SET `sort`='2147483647' WHERE `id` = 7 [ RunTime:0.0236s ]

[ 2017-01-13T10:19:13+08:00 ] 127.0.0.1 /1611/1232/tp1611/index.php/Admin/Base/status.html
INFO: [ app_init ] --START--
INFO: Run Behavior\BuildLiteBehavior [ RunTime:0.000021s ]
INFO: [ app_init ] --END-- [ RunTime:0.000512s ]
INFO: [ app_begin ] --START--
INFO: Run Behavior\ReadHtmlCacheBehavior [ RunTime:0.001345s ]
INFO: [ app_begin ] --END-- [ RunTime:0.001440s ]
SQL: SHOW COLUMNS FROM `tp_category` [ RunTime:0.0214s ]
SQL: SELECT * FROM `tp_category`  [ RunTime:0.0199s ]
SQL: SHOW COLUMNS FROM `tp_series` [ RunTime:0.0213s ]
SQL: SELECT * FROM `tp_series`  [ RunTime:0.0200s ]
SQL: SHOW COLUMNS FROM `tp_nav` [ RunTime:0.0210s ]
SQL: UPDATE `tp_nav` SET `sort`='2147483647' WHERE `id` = 1 [ RunTime:0.0196s ]

[ 2017-01-13T10:20:17+08:00 ] 127.0.0.1 /1611/1232/tp1611/index.php/Admin/System/nav.html
INFO: [ app_init ] --START--
INFO: Run Behavior\BuildLiteBehavior [ RunTime:0.000020s ]
INFO: [ app_init ] --END-- [ RunTime:0.000437s ]
INFO: [ app_begin ] --START--
INFO: Run Behavior\ReadHtmlCacheBehavior [ RunTime:0.000649s ]
INFO: [ app_begin ] --END-- [ RunTime:0.000739s ]
SQL: SHOW COLUMNS FROM `tp_category` [ RunTime:0.0185s ]
SQL: SELECT * FROM `tp_category`  [ RunTime:0.0177s ]
SQL: SHOW COLUMNS FROM `tp_series` [ RunTime:0.0193s ]
SQL: SELECT * FROM `tp_series`  [ RunTime:0.0172s ]
SQL: SHOW COLUMNS FROM `tp_nav` [ RunTime:0.0183s ]
NOTIC: [8] Undefined variable: where D:\wamp\www\1611\1232\tp1611\Application\Admin\Controller\SystemController.class.php 第 28 行.
SQL: SELECT * FROM `tp_nav`  [ RunTime:0.0183s ]
INFO: [ view_parse ] --START--
INFO: [ template_filter ] --START--
INFO: Run Behavior\ContentReplaceBehavior [ RunTime:0.000128s ]
INFO: [ template_filter ] --END-- [ RunTime:0.000481s ]
NOTIC: [8] Undefined variable: page D:\wamp\www\1611\1232\tp1611\Application\Runtime\Cache\Admin\13397897687d2c7b21e7989b9204b5a7.php 第 82 行.
INFO: Run Behavior\ParseTemplateBehavior [ RunTime:0.018631s ]
INFO: [ view_parse ] --END-- [ RunTime:0.018735s ]
INFO: [ view_filter ] --START--
INFO: Run Behavior\WriteHtmlCacheBehavior [ RunTime:0.000741s ]
INFO: [ view_filter ] --END-- [ RunTime:0.000828s ]
INFO: [ app_end ] --START--
INFO: Run Behavior\ShowPageTraceBehavior [ RunTime:0.000860s ]
INFO: [ app_end ] --END-- [ RunTime:0.000949s ]

[ 2017-01-13T10:20:24+08:00 ] 127.0.0.1 /1611/1232/tp1611/index.php/Admin/Base/status.html
INFO: [ app_init ] --START--
INFO: Run Behavior\BuildLiteBehavior [ RunTime:0.000022s ]
INFO: [ app_init ] --END-- [ RunTime:0.000465s ]
INFO: [ app_begin ] --START--
INFO: Run Behavior\ReadHtmlCacheBehavior [ RunTime:0.000574s ]
INFO: [ app_begin ] --END-- [ RunTime:0.000651s ]
SQL: SHOW COLUMNS FROM `tp_category` [ RunTime:0.0234s ]
SQL: SELECT * FROM `tp_category`  [ RunTime:0.0172s ]
SQL: SHOW COLUMNS FROM `tp_series` [ RunTime:0.0182s ]
SQL: SELECT * FROM `tp_series`  [ RunTime:0.0176s ]
SQL: SHOW COLUMNS FROM `tp_nav` [ RunTime:0.0180s ]
SQL: UPDATE `tp_nav` SET `sort`='2147483647' WHERE `id` = 1 [ RunTime:0.0166s ]

[ 2017-01-13T10:21:34+08:00 ] 127.0.0.1 /1611/1232/tp1611/index.php/Admin/Base/status.html
INFO: [ app_init ] --START--
INFO: Run Behavior\BuildLiteBehavior [ RunTime:0.000020s ]
INFO: [ app_init ] --END-- [ RunTime:0.000419s ]
INFO: [ app_begin ] --START--
INFO: Run Behavior\ReadHtmlCacheBehavior [ RunTime:0.000525s ]
INFO: [ app_begin ] --END-- [ RunTime:0.000593s ]
SQL: SHOW COLUMNS FROM `tp_category` [ RunTime:0.0214s ]
SQL: SELECT * FROM `tp_category`  [ RunTime:0.0198s ]
SQL: SHOW COLUMNS FROM `tp_series` [ RunTime:0.0213s ]
SQL: SELECT * FROM `tp_series`  [ RunTime:0.0201s ]
SQL: SHOW COLUMNS FROM `tp_nav` [ RunTime:0.0229s ]
SQL: UPDATE `tp_nav` SET `local`='2' WHERE `id` = 6 [ RunTime:0.0198s ]

[ 2017-01-13T10:21:37+08:00 ] 127.0.0.1 /1611/1232/tp1611/index.php/Admin/Base/status.html
INFO: [ app_init ] --START--
INFO: Run Behavior\BuildLiteBehavior [ RunTime:0.000020s ]
INFO: [ app_init ] --END-- [ RunTime:0.000417s ]
INFO: [ app_begin ] --START--
INFO: Run Behavior\ReadHtmlCacheBehavior [ RunTime:0.000528s ]
INFO: [ app_begin ] --END-- [ RunTime:0.000599s ]
SQL: SHOW COLUMNS FROM `tp_category` [ RunTime:0.0184s ]
SQL: SELECT * FROM `tp_category`  [ RunTime:0.0172s ]
SQL: SHOW COLUMNS FROM `tp_series` [ RunTime:0.0187s ]
SQL: SELECT * FROM `tp_series`  [ RunTime:0.0174s ]
SQL: SHOW COLUMNS FROM `tp_nav` [ RunTime:0.0184s ]
SQL: UPDATE `tp_nav` SET `local`='0' WHERE `id` = 6 [ RunTime:0.0168s ]

[ 2017-01-13T10:21:48+08:00 ] 127.0.0.1 /1611/1232/tp1611/index.php/Admin/System/category.html
INFO: [ app_init ] --START--
INFO: Run Behavior\BuildLiteBehavior [ RunTime:0.000019s ]
INFO: [ app_init ] --END-- [ RunTime:0.000405s ]
INFO: [ app_begin ] --START--
INFO: Run Behavior\ReadHtmlCacheBehavior [ RunTime:0.000616s ]
INFO: [ app_begin ] --END-- [ RunTime:0.000720s ]
SQL: SHOW COLUMNS FROM `tp_category` [ RunTime:0.0244s ]
SQL: SELECT * FROM `tp_category`  [ RunTime:0.0234s ]
SQL: SHOW COLUMNS FROM `tp_series` [ RunTime:0.0242s ]
SQL: SELECT * FROM `tp_series`  [ RunTime:0.0230s ]
INFO: [ view_parse ] --START--
INFO: [ template_filter ] --START--
INFO: Run Behavior\ContentReplaceBehavior [ RunTime:0.000083s ]
INFO: [ template_filter ] --END-- [ RunTime:0.000160s ]
SQL: SELECT * FROM `tp_category` WHERE `id` = 0 LIMIT 1   [ RunTime:0.0233s ]
SQL: SELECT * FROM `tp_category` WHERE `id` = 1 LIMIT 1   [ RunTime:0.0592s ]
INFO: Run Behavior\ParseTemplateBehavior [ RunTime:0.105962s ]
INFO: [ view_parse ] --END-- [ RunTime:0.106039s ]
INFO: [ view_filter ] --START--
INFO: Run Behavior\WriteHtmlCacheBehavior [ RunTime:0.000386s ]
INFO: [ view_filter ] --END-- [ RunTime:0.000448s ]
INFO: [ app_end ] --START--
INFO: Run Behavior\ShowPageTraceBehavior [ RunTime:0.000533s ]
INFO: [ app_end ] --END-- [ RunTime:0.000598s ]

[ 2017-01-13T17:33:24+08:00 ] 127.0.0.1 /hzg/tp1611/index.php/Admin/Index/index
INFO: [ app_init ] --START--
INFO: Run Behavior\BuildLiteBehavior [ RunTime:0.000024s ]
INFO: [ app_init ] --END-- [ RunTime:0.000666s ]
INFO: [ app_begin ] --START--
INFO: Run Behavior\ReadHtmlCacheBehavior [ RunTime:0.001016s ]
INFO: [ app_begin ] --END-- [ RunTime:0.001134s ]

[ 2017-01-13T17:33:24+08:00 ] 127.0.0.1 /hzg/tp1611/index.php/Admin/Index/login.html
INFO: [ app_init ] --START--
INFO: Run Behavior\BuildLiteBehavior [ RunTime:0.000025s ]
INFO: [ app_init ] --END-- [ RunTime:0.000587s ]
INFO: [ app_begin ] --START--
INFO: Run Behavior\ReadHtmlCacheBehavior [ RunTime:0.001068s ]
INFO: [ app_begin ] --END-- [ RunTime:0.001184s ]
INFO: [ view_parse ] --START--
INFO: [ template_filter ] --START--
INFO: Run Behavior\ContentReplaceBehavior [ RunTime:0.000089s ]
INFO: [ template_filter ] --END-- [ RunTime:0.000204s ]
NOTIC: [8] Undefined variable: a D:\wamp\www\hzg\tp1611\Application\Runtime\Cache\Admin\041185b974292283d2f6098acc3220ec.php 第 47 行.
INFO: Run Behavior\ParseTemplateBehavior [ RunTime:0.011255s ]
INFO: [ view_parse ] --END-- [ RunTime:0.011351s ]
INFO: [ view_filter ] --START--
INFO: Run Behavior\WriteHtmlCacheBehavior [ RunTime:0.000745s ]
INFO: [ view_filter ] --END-- [ RunTime:0.000831s ]
INFO: [ app_end ] --START--
INFO: Run Behavior\ShowPageTraceBehavior [ RunTime:0.000941s ]
INFO: [ app_end ] --END-- [ RunTime:0.001029s ]

[ 2017-01-13T17:33:25+08:00 ] 127.0.0.1 /hzg/tp1611/index.php/Admin/Index/verify.html
INFO: [ app_init ] --START--
INFO: Run Behavior\BuildLiteBehavior [ RunTime:0.000028s ]
INFO: [ app_init ] --END-- [ RunTime:0.000714s ]
INFO: [ app_begin ] --START--
INFO: Run Behavior\ReadHtmlCacheBehavior [ RunTime:0.003461s ]
INFO: [ app_begin ] --END-- [ RunTime:0.003777s ]
INFO: [ app_end ] --START--
INFO: Run Behavior\ShowPageTraceBehavior [ RunTime:0.001852s ]
INFO: [ app_end ] --END-- [ RunTime:0.002037s ]

[ 2017-01-13T17:33:37+08:00 ] 127.0.0.1 /hzg/tp1611/index.php/Admin/Index/login.html
INFO: [ app_init ] --START--
INFO: Run Behavior\BuildLiteBehavior [ RunTime:0.000024s ]
INFO: [ app_init ] --END-- [ RunTime:0.000583s ]
INFO: [ app_begin ] --START--
INFO: Run Behavior\ReadHtmlCacheBehavior [ RunTime:0.000896s ]
INFO: [ app_begin ] --END-- [ RunTime:0.001010s ]
SQL: SHOW COLUMNS FROM `tp_admin` [ RunTime:0.0256s ]
SQL: SELECT * FROM `tp_admin` WHERE `username` = 'admin' AND `password` = '21232f297a57a5a743894a0e4a801fc3' LIMIT 1   [ RunTime:0.0397s ]
SQL: UPDATE `tp_admin` SET `login_num`='5',`login_ip`='127.0.0.1',`login_time`='1484300017' WHERE `username` = 'admin' AND `password` = '21232f297a57a5a743894a0e4a801fc3' [ RunTime:0.0249s ]

[ 2017-01-13T17:33:37+08:00 ] 127.0.0.1 /hzg/tp1611/index.php/Admin/Index/index.html
INFO: [ app_init ] --START--
INFO: Run Behavior\BuildLiteBehavior [ RunTime:0.000024s ]
INFO: [ app_init ] --END-- [ RunTime:0.000486s ]
INFO: [ app_begin ] --START--
INFO: Run Behavior\ReadHtmlCacheBehavior [ RunTime:0.000657s ]
INFO: [ app_begin ] --END-- [ RunTime:0.000767s ]
INFO: [ view_parse ] --START--
INFO: [ template_filter ] --START--
INFO: Run Behavior\ContentReplaceBehavior [ RunTime:0.000129s ]
INFO: [ template_filter ] --END-- [ RunTime:0.000230s ]
NOTIC: [8] Undefined variable: account D:\wamp\www\hzg\tp1611\Application\Runtime\Cache\Admin\b595b808c2ebeeeb0478ffc30bb4e87a.php 第 199 行.
NOTIC: [8] Undefined variable: account D:\wamp\www\hzg\tp1611\Application\Runtime\Cache\Admin\b595b808c2ebeeeb0478ffc30bb4e87a.php 第 200 行.
NOTIC: [8] Undefined variable: account D:\wamp\www\hzg\tp1611\Application\Runtime\Cache\Admin\b595b808c2ebeeeb0478ffc30bb4e87a.php 第 201 行.
INFO: Run Behavior\ParseTemplateBehavior [ RunTime:0.015230s ]
INFO: [ view_parse ] --END-- [ RunTime:0.015323s ]
INFO: [ view_filter ] --START--
INFO: Run Behavior\WriteHtmlCacheBehavior [ RunTime:0.000566s ]
INFO: [ view_filter ] --END-- [ RunTime:0.000649s ]
INFO: [ app_end ] --START--
INFO: Run Behavior\ShowPageTraceBehavior [ RunTime:0.000849s ]
INFO: [ app_end ] --END-- [ RunTime:0.000933s ]

[ 2017-01-13T17:33:37+08:00 ] 127.0.0.1 /hzg/tp1611/index.php/Admin/Index/welcome.html
INFO: [ app_init ] --START--
INFO: Run Behavior\BuildLiteBehavior [ RunTime:0.000031s ]
INFO: [ app_init ] --END-- [ RunTime:0.000755s ]
INFO: [ app_begin ] --START--
INFO: Run Behavior\ReadHtmlCacheBehavior [ RunTime:0.001440s ]
INFO: [ app_begin ] --END-- [ RunTime:0.001647s ]
INFO: [ view_parse ] --START--
INFO: [ template_filter ] --START--
INFO: Run Behavior\ContentReplaceBehavior [ RunTime:0.000093s ]
INFO: [ template_filter ] --END-- [ RunTime:0.000214s ]
INFO: Run Behavior\ParseTemplateBehavior [ RunTime:0.021372s ]
INFO: [ view_parse ] --END-- [ RunTime:0.021510s ]
INFO: [ view_filter ] --START--
INFO: Run Behavior\WriteHtmlCacheBehavior [ RunTime:0.002210s ]
INFO: [ view_filter ] --END-- [ RunTime:0.002321s ]
INFO: [ app_end ] --START--
INFO: Run Behavior\ShowPageTraceBehavior [ RunTime:0.003349s ]
INFO: [ app_end ] --END-- [ RunTime:0.003459s ]

[ 2017-01-13T17:33:55+08:00 ] 127.0.0.1 /hzg/tp1611/index.php/Admin/Index/page-home.html
INFO: [ app_init ] --START--
INFO: Run Behavior\BuildLiteBehavior [ RunTime:0.000024s ]
INFO: [ app_init ] --END-- [ RunTime:0.000620s ]
INFO: [ app_begin ] --START--
INFO: Run Behavior\ReadHtmlCacheBehavior [ RunTime:0.001051s ]
INFO: [ app_begin ] --END-- [ RunTime:0.001173s ]
ERR: 非法操作:page-home

[ 2017-01-13T17:33:57+08:00 ] 127.0.0.1 /hzg/tp1611/index.php/Admin/Index/page-flinks.html
INFO: [ app_init ] --START--
INFO: Run Behavior\BuildLiteBehavior [ RunTime:0.000023s ]
INFO: [ app_init ] --END-- [ RunTime:0.000582s ]
INFO: [ app_begin ] --START--
INFO: Run Behavior\ReadHtmlCacheBehavior [ RunTime:0.001143s ]
INFO: [ app_begin ] --END-- [ RunTime:0.001303s ]
ERR: 非法操作:page-flinks

[ 2017-01-13T17:34:00+08:00 ] 127.0.0.1 /hzg/tp1611/index.php/Admin/Feedback/feedback.html
INFO: [ app_init ] --START--
INFO: Run Behavior\BuildLiteBehavior [ RunTime:0.000026s ]
INFO: [ app_init ] --END-- [ RunTime:0.000714s ]
INFO: [ app_begin ] --START--
INFO: Run Behavior\ReadHtmlCacheBehavior [ RunTime:0.001064s ]
INFO: [ app_begin ] --END-- [ RunTime:0.001218s ]
SQL: SHOW COLUMNS FROM `tp_category` [ RunTime:0.0218s ]
SQL: SELECT * FROM `tp_category`  [ RunTime:0.0205s ]
SQL: SHOW COLUMNS FROM `tp_series` [ RunTime:0.0214s ]
SQL: SELECT * FROM `tp_series`  [ RunTime:0.0222s ]
INFO: [ view_parse ] --START--
INFO: [ template_filter ] --START--
INFO: Run Behavior\ContentReplaceBehavior [ RunTime:0.000196s ]
INFO: [ template_filter ] --END-- [ RunTime:0.000366s ]
INFO: Run Behavior\ParseTemplateBehavior [ RunTime:0.021492s ]
INFO: [ view_parse ] --END-- [ RunTime:0.021651s ]
INFO: [ view_filter ] --START--
INFO: Run Behavior\WriteHtmlCacheBehavior [ RunTime:0.000861s ]
INFO: [ view_filter ] --END-- [ RunTime:0.000963s ]
INFO: [ app_end ] --START--
INFO: Run Behavior\ShowPageTraceBehavior [ RunTime:0.001049s ]
INFO: [ app_end ] --END-- [ RunTime:0.001149s ]

[ 2017-01-13T17:34:05+08:00 ] 127.0.0.1 /hzg/tp1611/index.php/Admin/Feedback/member-add.html
INFO: [ app_init ] --START--
INFO: Run Behavior\BuildLiteBehavior [ RunTime:0.000026s ]
INFO: [ app_init ] --END-- [ RunTime:0.000584s ]
INFO: [ app_begin ] --START--
INFO: Run Behavior\ReadHtmlCacheBehavior [ RunTime:0.000738s ]
INFO: [ app_begin ] --END-- [ RunTime:0.000867s ]
SQL: SHOW COLUMNS FROM `tp_category` [ RunTime:0.0309s ]
SQL: SELECT * FROM `tp_category`  [ RunTime:0.0238s ]
SQL: SHOW COLUMNS FROM `tp_series` [ RunTime:0.0241s ]
SQL: SELECT * FROM `tp_series`  [ RunTime:0.0239s ]
ERR: 非法操作:member-add

[ 2017-01-13T17:34:12+08:00 ] 127.0.0.1 /hzg/tp1611/index.php/Admin/Feedback/member-show.html
INFO: [ app_init ] --START--
INFO: Run Behavior\BuildLiteBehavior [ RunTime:0.000028s ]
INFO: [ app_init ] --END-- [ RunTime:0.000720s ]
INFO: [ app_begin ] --START--
INFO: Run Behavior\ReadHtmlCacheBehavior [ RunTime:0.001816s ]
INFO: [ app_begin ] --END-- [ RunTime:0.002076s ]
SQL: SHOW COLUMNS FROM `tp_category` [ RunTime:0.0212s ]
SQL: SELECT * FROM `tp_category`  [ RunTime:0.0184s ]
SQL: SHOW COLUMNS FROM `tp_series` [ RunTime:0.0186s ]
SQL: SELECT * FROM `tp_series`  [ RunTime:0.0188s ]
ERR: 非法操作:member-show

[ 2017-01-13T17:38:55+08:00 ] 127.0.0.1 /hzg/tp1611/index.php/Admin/Feedback/member-show.html
INFO: [ app_init ] --START--
INFO: Run Behavior\BuildLiteBehavior [ RunTime:0.000049s ]
INFO: [ app_init ] --END-- [ RunTime:0.001034s ]
INFO: [ app_begin ] --START--
INFO: Run Behavior\ReadHtmlCacheBehavior [ RunTime:0.001147s ]
INFO: [ app_begin ] --END-- [ RunTime:0.001267s ]
SQL: SHOW COLUMNS FROM `tp_category` [ RunTime:0.0216s ]
SQL: SELECT * FROM `tp_category`  [ RunTime:0.0207s ]
SQL: SHOW COLUMNS FROM `tp_series` [ RunTime:0.0213s ]
SQL: SELECT * FROM `tp_series`  [ RunTime:0.0204s ]
ERR: 非法操作:member-show

[ 2017-01-13T17:40:12+08:00 ] 127.0.0.1 /hzg/tp1611/index.php/Admin/Feedback/feedback.html
INFO: [ app_init ] --START--
INFO: Run Behavior\BuildLiteBehavior [ RunTime:0.000027s ]
INFO: [ app_init ] --END-- [ RunTime:0.000664s ]
INFO: [ app_begin ] --START--
INFO: Run Behavior\ReadHtmlCacheBehavior [ RunTime:0.001057s ]
INFO: [ app_begin ] --END-- [ RunTime:0.001179s ]
SQL: SHOW COLUMNS FROM `tp_category` [ RunTime:0.0253s ]
SQL: SELECT * FROM `tp_category`  [ RunTime:0.0259s ]
SQL: SHOW COLUMNS FROM `tp_series` [ RunTime:0.0250s ]
SQL: SELECT * FROM `tp_series`  [ RunTime:0.0244s ]
SQL: SHOW COLUMNS FROM `tp_feedback` [ RunTime:0.0339s ]
SQL: SELECT * FROM `tp_feedback`  [ RunTime:0.0268s ]
INFO: [ view_parse ] --START--
INFO: [ template_filter ] --START--
INFO: Run Behavior\ContentReplaceBehavior [ RunTime:0.000134s ]
INFO: [ template_filter ] --END-- [ RunTime:0.000272s ]
INFO: Run Behavior\ParseTemplateBehavior [ RunTime:0.018581s ]
INFO: [ view_parse ] --END-- [ RunTime:0.018744s ]
INFO: [ view_filter ] --START--
INFO: Run Behavior\WriteHtmlCacheBehavior [ RunTime:0.001012s ]
INFO: [ view_filter ] --END-- [ RunTime:0.001130s ]
INFO: [ app_end ] --START--
INFO: Run Behavior\ShowPageTraceBehavior [ RunTime:0.001406s ]
INFO: [ app_end ] --END-- [ RunTime:0.001529s ]

[ 2017-01-13T17:40:40+08:00 ] 127.0.0.1 /hzg/tp1611/index.php/Admin/Feedback/feedback.html
INFO: [ app_init ] --START--
INFO: Run Behavior\BuildLiteBehavior [ RunTime:0.000024s ]
INFO: [ app_init ] --END-- [ RunTime:0.000596s ]
INFO: [ app_begin ] --START--
INFO: Run Behavior\ReadHtmlCacheBehavior [ RunTime:0.001490s ]
INFO: [ app_begin ] --END-- [ RunTime:0.001632s ]
SQL: SHOW COLUMNS FROM `tp_category` [ RunTime:0.0237s ]
SQL: SELECT * FROM `tp_category`  [ RunTime:0.0233s ]
SQL: SHOW COLUMNS FROM `tp_series` [ RunTime:0.0248s ]
SQL: SELECT * FROM `tp_series`  [ RunTime:0.0234s ]
SQL: SHOW COLUMNS FROM `tp_feedback` [ RunTime:0.0248s ]
SQL: SELECT * FROM `tp_feedback`  [ RunTime:0.0236s ]
INFO: [ view_parse ] --START--
INFO: [ template_filter ] --START--
INFO: Run Behavior\ContentReplaceBehavior [ RunTime:0.000163s ]
INFO: [ template_filter ] --END-- [ RunTime:0.000323s ]
INFO: Run Behavior\ParseTemplateBehavior [ RunTime:0.021796s ]
INFO: [ view_parse ] --END-- [ RunTime:0.021980s ]
INFO: [ view_filter ] --START--
INFO: Run Behavior\WriteHtmlCacheBehavior [ RunTime:0.001257s ]
INFO: [ view_filter ] --END-- [ RunTime:0.001425s ]
INFO: [ app_end ] --START--
INFO: Run Behavior\ShowPageTraceBehavior [ RunTime:0.001612s ]
INFO: [ app_end ] --END-- [ RunTime:0.001764s ]

[ 2017-01-13T17:40:42+08:00 ] 127.0.0.1 /hzg/tp1611/index.php/Admin/Feedback/feedback.html
INFO: [ app_init ] --START--
INFO: Run Behavior\BuildLiteBehavior [ RunTime:0.000026s ]
INFO: [ app_init ] --END-- [ RunTime:0.000707s ]
INFO: [ app_begin ] --START--
INFO: Run Behavior\ReadHtmlCacheBehavior [ RunTime:0.001065s ]
INFO: [ app_begin ] --END-- [ RunTime:0.001189s ]
SQL: SHOW COLUMNS FROM `tp_category` [ RunTime:0.0244s ]
SQL: SELECT * FROM `tp_category`  [ RunTime:0.0235s ]
SQL: SHOW COLUMNS FROM `tp_series` [ RunTime:0.0248s ]
SQL: SELECT * FROM `tp_series`  [ RunTime:0.0235s ]
SQL: SHOW COLUMNS FROM `tp_feedback` [ RunTime:0.0248s ]
SQL: SELECT * FROM `tp_feedback`  [ RunTime:0.0252s ]
INFO: [ view_parse ] --START--
INFO: [ template_filter ] --START--
INFO: Run Behavior\ContentReplaceBehavior [ RunTime:0.000102s ]
INFO: [ template_filter ] --END-- [ RunTime:0.000207s ]
INFO: Run Behavior\ParseTemplateBehavior [ RunTime:0.014711s ]
INFO: [ view_parse ] --END-- [ RunTime:0.014845s ]
INFO: [ view_filter ] --START--
INFO: Run Behavior\WriteHtmlCacheBehavior [ RunTime:0.000767s ]
INFO: [ view_filter ] --END-- [ RunTime:0.000863s ]
INFO: [ app_end ] --START--
INFO: Run Behavior\ShowPageTraceBehavior [ RunTime:0.000983s ]
INFO: [ app_end ] --END-- [ RunTime:0.001077s ]

[ 2017-01-13T17:41:03+08:00 ] 127.0.0.1 /hzg/tp1611/index.php/Admin/Feedback/feedback.html
INFO: [ app_init ] --START--
INFO: Run Behavior\BuildLiteBehavior [ RunTime:0.000029s ]
INFO: [ app_init ] --END-- [ RunTime:0.000705s ]
INFO: [ app_begin ] --START--
INFO: Run Behavior\ReadHtmlCacheBehavior [ RunTime:0.001149s ]
INFO: [ app_begin ] --END-- [ RunTime:0.001277s ]
SQL: SHOW COLUMNS FROM `tp_category` [ RunTime:0.0221s ]
SQL: SELECT * FROM `tp_category`  [ RunTime:0.0219s ]
SQL: SHOW COLUMNS FROM `tp_series` [ RunTime:0.0215s ]
SQL: SELECT * FROM `tp_series`  [ RunTime:0.0208s ]
SQL: SHOW COLUMNS FROM `tp_feedback` [ RunTime:0.0219s ]
SQL: SELECT * FROM `tp_feedback`  [ RunTime:0.0206s ]
INFO: [ view_parse ] --START--
INFO: [ template_filter ] --START--
INFO: Run Behavior\ContentReplaceBehavior [ RunTime:0.000154s ]
INFO: [ template_filter ] --END-- [ RunTime:0.000312s ]
NOTIC: [8] Undefined variable: v D:\wamp\www\hzg\tp1611\Application\Runtime\Cache\Admin\b8716afd8461a8e00044b6e7eadbbc02.php 第 49 行.
NOTIC: [8] Undefined variable: v D:\wamp\www\hzg\tp1611\Application\Runtime\Cache\Admin\b8716afd8461a8e00044b6e7eadbbc02.php 第 52 行.
NOTIC: [8] Undefined variable: v D:\wamp\www\hzg\tp1611\Application\Runtime\Cache\Admin\b8716afd8461a8e00044b6e7eadbbc02.php 第 52 行.
NOTIC: [8] Undefined variable: v D:\wamp\www\hzg\tp1611\Application\Runtime\Cache\Admin\b8716afd8461a8e00044b6e7eadbbc02.php 第 52 行.
INFO: Run Behavior\ParseTemplateBehavior [ RunTime:0.019050s ]
INFO: [ view_parse ] --END-- [ RunTime:0.019205s ]
INFO: [ view_filter ] --START--
INFO: Run Behavior\WriteHtmlCacheBehavior [ RunTime:0.001327s ]
INFO: [ view_filter ] --END-- [ RunTime:0.001477s ]
INFO: [ app_end ] --START--
INFO: Run Behavior\ShowPageTraceBehavior [ RunTime:0.001705s ]
INFO: [ app_end ] --END-- [ RunTime:0.001860s ]

[ 2017-01-13T17:48:28+08:00 ] 127.0.0.1 /hzg/tp1611/index.php/Admin/Feedback/feedback.html
INFO: [ app_init ] --START--
INFO: Run Behavior\BuildLiteBehavior [ RunTime:0.000030s ]
INFO: [ app_init ] --END-- [ RunTime:0.000715s ]
INFO: [ app_begin ] --START--
INFO: Run Behavior\ReadHtmlCacheBehavior [ RunTime:0.001220s ]
INFO: [ app_begin ] --END-- [ RunTime:0.001349s ]
SQL: SHOW COLUMNS FROM `tp_category` [ RunTime:0.0250s ]
SQL: SELECT * FROM `tp_category`  [ RunTime:0.0233s ]
SQL: SHOW COLUMNS FROM `tp_series` [ RunTime:0.0266s ]
SQL: SELECT * FROM `tp_series`  [ RunTime:0.0238s ]
SQL: SHOW COLUMNS FROM `tp_feedback` [ RunTime:0.0598s ]
SQL: SELECT * FROM `tp_feedback`  [ RunTime:0.0262s ]
INFO: [ view_parse ] --START--
INFO: [ template_filter ] --START--
INFO: Run Behavior\ContentReplaceBehavior [ RunTime:0.000101s ]
INFO: [ template_filter ] --END-- [ RunTime:0.000210s ]
INFO: Run Behavior\ParseTemplateBehavior [ RunTime:0.014286s ]
INFO: [ view_parse ] --END-- [ RunTime:0.014412s ]
INFO: [ view_filter ] --START--
INFO: Run Behavior\WriteHtmlCacheBehavior [ RunTime:0.000812s ]
INFO: [ view_filter ] --END-- [ RunTime:0.000905s ]
INFO: [ app_end ] --START--
INFO: Run Behavior\ShowPageTraceBehavior [ RunTime:0.001117s ]
INFO: [ app_end ] --END-- [ RunTime:0.001214s ]

