[ 2017-01-14T10:13:59+08:00 ] 127.0.0.1 /1611/1232/tp1611/index.php/Admin/Index/index
INFO: [ app_init ] --START--
INFO: Run Behavior\BuildLiteBehavior [ RunTime:0.000020s ]
INFO: [ app_init ] --END-- [ RunTime:0.000438s ]
INFO: [ app_begin ] --START--
INFO: Run Behavior\ReadHtmlCacheBehavior [ RunTime:0.000566s ]
INFO: [ app_begin ] --END-- [ RunTime:0.000658s ]

[ 2017-01-14T10:13:59+08:00 ] 127.0.0.1 /1611/1232/tp1611/index.php/Admin/Index/login.html
INFO: [ app_init ] --START--
INFO: Run Behavior\BuildLiteBehavior [ RunTime:0.000019s ]
INFO: [ app_init ] --END-- [ RunTime:0.000394s ]
INFO: [ app_begin ] --START--
INFO: Run Behavior\ReadHtmlCacheBehavior [ RunTime:0.000526s ]
INFO: [ app_begin ] --END-- [ RunTime:0.000612s ]
INFO: [ view_parse ] --START--
INFO: [ template_filter ] --START--
INFO: Run Behavior\ContentReplaceBehavior [ RunTime:0.000075s ]
INFO: [ template_filter ] --END-- [ RunTime:0.000157s ]
NOTIC: [8] Undefined variable: a D:\wamp\www\1611\1232\tp1611\Application\Runtime\Cache\Admin\041185b974292283d2f6098acc3220ec.php 第 47 行.
INFO: Run Behavior\ParseTemplateBehavior [ RunTime:0.066505s ]
INFO: [ view_parse ] --END-- [ RunTime:0.066582s ]
INFO: [ view_filter ] --START--
INFO: Run Behavior\WriteHtmlCacheBehavior [ RunTime:0.000432s ]
INFO: [ view_filter ] --END-- [ RunTime:0.000496s ]
INFO: [ app_end ] --START--
INFO: Run Behavior\ShowPageTraceBehavior [ RunTime:0.000526s ]
INFO: [ app_end ] --END-- [ RunTime:0.000592s ]

[ 2017-01-14T10:14:00+08:00 ] 127.0.0.1 /1611/1232/tp1611/index.php/Admin/Index/verify.html
INFO: [ app_init ] --START--
INFO: Run Behavior\BuildLiteBehavior [ RunTime:0.000023s ]
INFO: [ app_init ] --END-- [ RunTime:0.000542s ]
INFO: [ app_begin ] --START--
INFO: Run Behavior\ReadHtmlCacheBehavior [ RunTime:0.000670s ]
INFO: [ app_begin ] --END-- [ RunTime:0.000775s ]
INFO: [ app_end ] --START--
INFO: Run Behavior\ShowPageTraceBehavior [ RunTime:0.000637s ]
INFO: [ app_end ] --END-- [ RunTime:0.000733s ]

[ 2017-01-14T10:14:05+08:00 ] 127.0.0.1 /1611/1232/tp1611/index.php/Admin/Index/login.html
INFO: [ app_init ] --START--
INFO: Run Behavior\BuildLiteBehavior [ RunTime:0.000021s ]
INFO: [ app_init ] --END-- [ RunTime:0.000437s ]
INFO: [ app_begin ] --START--
INFO: Run Behavior\ReadHtmlCacheBehavior [ RunTime:0.000520s ]
INFO: [ app_begin ] --END-- [ RunTime:0.000610s ]
SQL: SHOW COLUMNS FROM `tp_admin` [ RunTime:0.0752s ]
SQL: SELECT * FROM `tp_admin` WHERE `username` = 'admin' AND `password` = '21232f297a57a5a743894a0e4a801fc3' LIMIT 1   [ RunTime:0.0436s ]
SQL: UPDATE `tp_admin` SET `login_num`='6',`login_ip`='127.0.0.1',`login_time`='1484360045' WHERE `username` = 'admin' AND `password` = '21232f297a57a5a743894a0e4a801fc3' [ RunTime:0.0221s ]

[ 2017-01-14T10:14:05+08:00 ] 127.0.0.1 /1611/1232/tp1611/index.php/Admin/Index/index.html
INFO: [ app_init ] --START--
INFO: Run Behavior\BuildLiteBehavior [ RunTime:0.000021s ]
INFO: [ app_init ] --END-- [ RunTime:0.000466s ]
INFO: [ app_begin ] --START--
INFO: Run Behavior\ReadHtmlCacheBehavior [ RunTime:0.000530s ]
INFO: [ app_begin ] --END-- [ RunTime:0.000618s ]
INFO: [ view_parse ] --START--
INFO: [ template_filter ] --START--
INFO: Run Behavior\ContentReplaceBehavior [ RunTime:0.000115s ]
INFO: [ template_filter ] --END-- [ RunTime:0.000198s ]
NOTIC: [8] Undefined variable: account D:\wamp\www\1611\1232\tp1611\Application\Runtime\Cache\Admin\b595b808c2ebeeeb0478ffc30bb4e87a.php 第 199 行.
NOTIC: [8] Undefined variable: account D:\wamp\www\1611\1232\tp1611\Application\Runtime\Cache\Admin\b595b808c2ebeeeb0478ffc30bb4e87a.php 第 200 行.
NOTIC: [8] Undefined variable: account D:\wamp\www\1611\1232\tp1611\Application\Runtime\Cache\Admin\b595b808c2ebeeeb0478ffc30bb4e87a.php 第 201 行.
INFO: Run Behavior\ParseTemplateBehavior [ RunTime:0.046920s ]
INFO: [ view_parse ] --END-- [ RunTime:0.047003s ]
INFO: [ view_filter ] --START--
INFO: Run Behavior\WriteHtmlCacheBehavior [ RunTime:0.000430s ]
INFO: [ view_filter ] --END-- [ RunTime:0.000496s ]
INFO: [ app_end ] --START--
INFO: Run Behavior\ShowPageTraceBehavior [ RunTime:0.000608s ]
INFO: [ app_end ] --END-- [ RunTime:0.000682s ]

[ 2017-01-14T10:14:05+08:00 ] 127.0.0.1 /1611/1232/tp1611/index.php/Admin/Index/welcome.html
INFO: [ app_init ] --START--
INFO: Run Behavior\BuildLiteBehavior [ RunTime:0.000023s ]
INFO: [ app_init ] --END-- [ RunTime:0.000499s ]
INFO: [ app_begin ] --START--
INFO: Run Behavior\ReadHtmlCacheBehavior [ RunTime:0.000633s ]
INFO: [ app_begin ] --END-- [ RunTime:0.000739s ]
INFO: [ view_parse ] --START--
INFO: [ template_filter ] --START--
INFO: Run Behavior\ContentReplaceBehavior [ RunTime:0.000075s ]
INFO: [ template_filter ] --END-- [ RunTime:0.000156s ]
INFO: Run Behavior\ParseTemplateBehavior [ RunTime:0.033306s ]
INFO: [ view_parse ] --END-- [ RunTime:0.033410s ]
INFO: [ view_filter ] --START--
INFO: Run Behavior\WriteHtmlCacheBehavior [ RunTime:0.000516s ]
INFO: [ view_filter ] --END-- [ RunTime:0.000592s ]
INFO: [ app_end ] --START--
INFO: Run Behavior\ShowPageTraceBehavior [ RunTime:0.000672s ]
INFO: [ app_end ] --END-- [ RunTime:0.000760s ]

[ 2017-01-14T10:14:13+08:00 ] 127.0.0.1 /1611/1232/tp1611/index.php/Admin/Feedback/feedback.html
INFO: [ app_init ] --START--
INFO: Run Behavior\BuildLiteBehavior [ RunTime:0.000025s ]
INFO: [ app_init ] --END-- [ RunTime:0.000824s ]
INFO: [ app_begin ] --START--
INFO: Run Behavior\ReadHtmlCacheBehavior [ RunTime:0.002238s ]
INFO: [ app_begin ] --END-- [ RunTime:0.002356s ]
SQL: SHOW COLUMNS FROM `tp_category` [ RunTime:0.0329s ]
SQL: SELECT * FROM `tp_category`  [ RunTime:0.0251s ]
SQL: SHOW COLUMNS FROM `tp_series` [ RunTime:0.0252s ]
SQL: SELECT * FROM `tp_series`  [ RunTime:0.0396s ]
SQL: SHOW COLUMNS FROM `tp_feedback` [ RunTime:0.0247s ]
SQL: SELECT * FROM `tp_feedback`  [ RunTime:0.0273s ]
INFO: [ view_parse ] --START--
INFO: [ template_filter ] --START--
INFO: Run Behavior\ContentReplaceBehavior [ RunTime:0.000092s ]
INFO: [ template_filter ] --END-- [ RunTime:0.000168s ]
INFO: Run Behavior\ParseTemplateBehavior [ RunTime:0.014009s ]
INFO: [ view_parse ] --END-- [ RunTime:0.014103s ]
INFO: [ view_filter ] --START--
INFO: Run Behavior\WriteHtmlCacheBehavior [ RunTime:0.000419s ]
INFO: [ view_filter ] --END-- [ RunTime:0.000483s ]
INFO: [ app_end ] --START--
INFO: Run Behavior\ShowPageTraceBehavior [ RunTime:0.000534s ]
INFO: [ app_end ] --END-- [ RunTime:0.000601s ]

[ 2017-01-14T10:14:21+08:00 ] 127.0.0.1 /1611/1232/tp1611/index.php/Admin/Feedback/member-show.html
INFO: [ app_init ] --START--
INFO: Run Behavior\BuildLiteBehavior [ RunTime:0.000023s ]
INFO: [ app_init ] --END-- [ RunTime:0.000747s ]
INFO: [ app_begin ] --START--
INFO: Run Behavior\ReadHtmlCacheBehavior [ RunTime:0.000627s ]
INFO: [ app_begin ] --END-- [ RunTime:0.000730s ]
SQL: SHOW COLUMNS FROM `tp_category` [ RunTime:0.0233s ]
SQL: SELECT * FROM `tp_category`  [ RunTime:0.0220s ]
SQL: SHOW COLUMNS FROM `tp_series` [ RunTime:0.0238s ]
SQL: SELECT * FROM `tp_series`  [ RunTime:0.0252s ]
ERR: 非法操作:member-show

[ 2017-01-14T10:15:29+08:00 ] 127.0.0.1 /1611/1232/tp1611/index.php/Admin/Feedback/feedback.html
INFO: [ app_init ] --START--
INFO: Run Behavior\BuildLiteBehavior [ RunTime:0.000020s ]
INFO: [ app_init ] --END-- [ RunTime:0.000396s ]
INFO: [ app_begin ] --START--
INFO: Run Behavior\ReadHtmlCacheBehavior [ RunTime:0.000522s ]
INFO: [ app_begin ] --END-- [ RunTime:0.000609s ]
SQL: SHOW COLUMNS FROM `tp_category` [ RunTime:0.0229s ]
SQL: SELECT * FROM `tp_category`  [ RunTime:0.0224s ]
SQL: SHOW COLUMNS FROM `tp_series` [ RunTime:0.0239s ]
SQL: SELECT * FROM `tp_series`  [ RunTime:0.0232s ]
SQL: SHOW COLUMNS FROM `tp_feedback` [ RunTime:0.0234s ]
SQL: SELECT * FROM `tp_feedback`  [ RunTime:0.0228s ]
INFO: [ view_parse ] --START--
INFO: [ template_filter ] --START--
INFO: Run Behavior\ContentReplaceBehavior [ RunTime:0.000102s ]
INFO: [ template_filter ] --END-- [ RunTime:0.000180s ]
INFO: Run Behavior\ParseTemplateBehavior [ RunTime:0.013944s ]
INFO: [ view_parse ] --END-- [ RunTime:0.014038s ]
INFO: [ view_filter ] --START--
INFO: Run Behavior\WriteHtmlCacheBehavior [ RunTime:0.000418s ]
INFO: [ view_filter ] --END-- [ RunTime:0.000484s ]
INFO: [ app_end ] --START--
INFO: Run Behavior\ShowPageTraceBehavior [ RunTime:0.000521s ]
INFO: [ app_end ] --END-- [ RunTime:0.000589s ]

[ 2017-01-14T10:39:17+08:00 ] 127.0.0.1 /1611/1232/tp1611/index.php/Admin/System/basic.html
INFO: [ app_init ] --START--
INFO: Run Behavior\BuildLiteBehavior [ RunTime:0.000020s ]
INFO: [ app_init ] --END-- [ RunTime:0.000477s ]
INFO: [ app_begin ] --START--
INFO: Run Behavior\ReadHtmlCacheBehavior [ RunTime:0.000908s ]
INFO: [ app_begin ] --END-- [ RunTime:0.001115s ]
SQL: SHOW COLUMNS FROM `tp_category` [ RunTime:0.0411s ]
SQL: SELECT * FROM `tp_category`  [ RunTime:0.0266s ]
SQL: SHOW COLUMNS FROM `tp_series` [ RunTime:0.0532s ]
SQL: SELECT * FROM `tp_series`  [ RunTime:0.0270s ]
INFO: [ view_parse ] --START--
INFO: [ template_filter ] --START--
INFO: Run Behavior\ContentReplaceBehavior [ RunTime:0.000098s ]
INFO: [ template_filter ] --END-- [ RunTime:0.000184s ]
INFO: Run Behavior\ParseTemplateBehavior [ RunTime:0.014340s ]
INFO: [ view_parse ] --END-- [ RunTime:0.014452s ]
INFO: [ view_filter ] --START--
INFO: Run Behavior\WriteHtmlCacheBehavior [ RunTime:0.000431s ]
INFO: [ view_filter ] --END-- [ RunTime:0.000497s ]
INFO: [ app_end ] --START--
INFO: Run Behavior\ShowPageTraceBehavior [ RunTime:0.000628s ]
INFO: [ app_end ] --END-- [ RunTime:0.000695s ]

[ 2017-01-14T10:40:19+08:00 ] 127.0.0.1 /1611/1232/tp1611/index.php/Admin/System/basic.html
INFO: [ app_init ] --START--
INFO: Run Behavior\BuildLiteBehavior [ RunTime:0.000019s ]
INFO: [ app_init ] --END-- [ RunTime:0.000397s ]
INFO: [ app_begin ] --START--
INFO: Run Behavior\ReadHtmlCacheBehavior [ RunTime:0.000552s ]
INFO: [ app_begin ] --END-- [ RunTime:0.000639s ]
SQL: SHOW COLUMNS FROM `tp_category` [ RunTime:0.0228s ]
SQL: SELECT * FROM `tp_category`  [ RunTime:0.0226s ]
SQL: SHOW COLUMNS FROM `tp_series` [ RunTime:0.0241s ]
SQL: SELECT * FROM `tp_series`  [ RunTime:0.0245s ]
INFO: [ view_parse ] --START--
INFO: [ template_filter ] --START--
INFO: Run Behavior\ContentReplaceBehavior [ RunTime:0.000093s ]
INFO: [ template_filter ] --END-- [ RunTime:0.000171s ]
INFO: Run Behavior\ParseTemplateBehavior [ RunTime:0.014538s ]
INFO: [ view_parse ] --END-- [ RunTime:0.014626s ]
INFO: [ view_filter ] --START--
INFO: Run Behavior\WriteHtmlCacheBehavior [ RunTime:0.000396s ]
INFO: [ view_filter ] --END-- [ RunTime:0.000462s ]
INFO: [ app_end ] --START--
INFO: Run Behavior\ShowPageTraceBehavior [ RunTime:0.000522s ]
INFO: [ app_end ] --END-- [ RunTime:0.000588s ]

[ 2017-01-14T10:50:56+08:00 ] 127.0.0.1 /1611/1232/tp1611/index.php/Admin/System/basic.html
INFO: [ app_init ] --START--
INFO: Run Behavior\BuildLiteBehavior [ RunTime:0.000021s ]
INFO: [ app_init ] --END-- [ RunTime:0.000531s ]
INFO: [ app_begin ] --START--
INFO: Run Behavior\ReadHtmlCacheBehavior [ RunTime:0.001002s ]
INFO: [ app_begin ] --END-- [ RunTime:0.001126s ]
SQL: SHOW COLUMNS FROM `tp_category` [ RunTime:0.0226s ]
SQL: SELECT * FROM `tp_category`  [ RunTime:0.0232s ]
SQL: SHOW COLUMNS FROM `tp_series` [ RunTime:0.0231s ]
SQL: SELECT * FROM `tp_series`  [ RunTime:0.0241s ]
NOTIC: [8] Undefined index: delivery D:\wamp\www\1611\1232\tp1611\Application\Admin\Controller\SystemController.class.php 第 190 行.
INFO: [ view_parse ] --START--
INFO: [ template_filter ] --START--
INFO: Run Behavior\ContentReplaceBehavior [ RunTime:0.000102s ]
INFO: [ template_filter ] --END-- [ RunTime:0.000181s ]
INFO: Run Behavior\ParseTemplateBehavior [ RunTime:0.014111s ]
INFO: [ view_parse ] --END-- [ RunTime:0.014213s ]
INFO: [ view_filter ] --START--
INFO: Run Behavior\WriteHtmlCacheBehavior [ RunTime:0.000735s ]
INFO: [ view_filter ] --END-- [ RunTime:0.000810s ]
INFO: [ app_end ] --START--
INFO: Run Behavior\ShowPageTraceBehavior [ RunTime:0.001266s ]
INFO: [ app_end ] --END-- [ RunTime:0.001348s ]

[ 2017-01-14T10:52:03+08:00 ] 127.0.0.1 /1611/1232/tp1611/index.php/Admin/System/basic.html
INFO: [ app_init ] --START--
INFO: Run Behavior\BuildLiteBehavior [ RunTime:0.000021s ]
INFO: [ app_init ] --END-- [ RunTime:0.000455s ]
INFO: [ app_begin ] --START--
INFO: Run Behavior\ReadHtmlCacheBehavior [ RunTime:0.000636s ]
INFO: [ app_begin ] --END-- [ RunTime:0.000723s ]
SQL: SHOW COLUMNS FROM `tp_category` [ RunTime:0.0283s ]
SQL: SELECT * FROM `tp_category`  [ RunTime:0.0255s ]
SQL: SHOW COLUMNS FROM `tp_series` [ RunTime:0.0276s ]
SQL: SELECT * FROM `tp_series`  [ RunTime:0.0261s ]
NOTIC: [8] Undefined index: delivery D:\wamp\www\1611\1232\tp1611\Application\Admin\Controller\SystemController.class.php 第 190 行.
INFO: [ view_parse ] --START--
INFO: [ template_filter ] --START--
INFO: Run Behavior\ContentReplaceBehavior [ RunTime:0.000090s ]
INFO: [ template_filter ] --END-- [ RunTime:0.000168s ]
INFO: Run Behavior\ParseTemplateBehavior [ RunTime:0.014968s ]
INFO: [ view_parse ] --END-- [ RunTime:0.015052s ]
INFO: [ view_filter ] --START--
INFO: Run Behavior\WriteHtmlCacheBehavior [ RunTime:0.000431s ]
INFO: [ view_filter ] --END-- [ RunTime:0.000495s ]
INFO: [ app_end ] --START--
INFO: Run Behavior\ShowPageTraceBehavior [ RunTime:0.000711s ]
INFO: [ app_end ] --END-- [ RunTime:0.000795s ]

[ 2017-01-14T10:53:44+08:00 ] 127.0.0.1 /1611/1232/tp1611/index.php/Admin/System/basic.html
INFO: [ app_init ] --START--
INFO: Run Behavior\BuildLiteBehavior [ RunTime:0.000022s ]
INFO: [ app_init ] --END-- [ RunTime:0.000959s ]
INFO: [ app_begin ] --START--
INFO: Run Behavior\ReadHtmlCacheBehavior [ RunTime:0.000643s ]
INFO: [ app_begin ] --END-- [ RunTime:0.000716s ]
SQL: SHOW COLUMNS FROM `tp_category` [ RunTime:0.0279s ]
SQL: SELECT * FROM `tp_category`  [ RunTime:0.0257s ]
SQL: SHOW COLUMNS FROM `tp_series` [ RunTime:0.0272s ]
SQL: SELECT * FROM `tp_series`  [ RunTime:0.0264s ]

[ 2017-01-14T10:53:45+08:00 ] 127.0.0.1 /1611/1232/tp1611/index.php/Admin/System/basic.html
INFO: [ app_init ] --START--
INFO: Run Behavior\BuildLiteBehavior [ RunTime:0.000024s ]
INFO: [ app_init ] --END-- [ RunTime:0.000529s ]
INFO: [ app_begin ] --START--
INFO: Run Behavior\ReadHtmlCacheBehavior [ RunTime:0.000708s ]
INFO: [ app_begin ] --END-- [ RunTime:0.000833s ]
SQL: SHOW COLUMNS FROM `tp_category` [ RunTime:0.0289s ]
SQL: SELECT * FROM `tp_category`  [ RunTime:0.0257s ]
SQL: SHOW COLUMNS FROM `tp_series` [ RunTime:0.0383s ]
SQL: SELECT * FROM `tp_series`  [ RunTime:0.0797s ]
INFO: [ view_parse ] --START--
INFO: [ template_filter ] --START--
INFO: Run Behavior\ContentReplaceBehavior [ RunTime:0.000373s ]
INFO: [ template_filter ] --END-- [ RunTime:0.000468s ]
INFO: Run Behavior\ParseTemplateBehavior [ RunTime:0.016226s ]
INFO: [ view_parse ] --END-- [ RunTime:0.016338s ]
INFO: [ view_filter ] --START--
INFO: Run Behavior\WriteHtmlCacheBehavior [ RunTime:0.000443s ]
INFO: [ view_filter ] --END-- [ RunTime:0.000517s ]
INFO: [ app_end ] --START--
INFO: Run Behavior\ShowPageTraceBehavior [ RunTime:0.000663s ]
INFO: [ app_end ] --END-- [ RunTime:0.000733s ]

[ 2017-01-14T11:01:52+08:00 ] 127.0.0.1 /1611/1232/tp1611/index.php/Admin/System/basic.html
INFO: [ app_init ] --START--
INFO: Run Behavior\BuildLiteBehavior [ RunTime:0.000021s ]
INFO: [ app_init ] --END-- [ RunTime:0.000477s ]
INFO: [ app_begin ] --START--
INFO: Run Behavior\ReadHtmlCacheBehavior [ RunTime:0.000754s ]
INFO: [ app_begin ] --END-- [ RunTime:0.001167s ]
SQL: SHOW COLUMNS FROM `tp_category` [ RunTime:0.0232s ]
SQL: SELECT * FROM `tp_category`  [ RunTime:0.0223s ]
SQL: SHOW COLUMNS FROM `tp_series` [ RunTime:0.0227s ]
SQL: SELECT * FROM `tp_series`  [ RunTime:0.0217s ]
INFO: [ view_parse ] --START--
INFO: [ template_filter ] --START--
INFO: Run Behavior\ContentReplaceBehavior [ RunTime:0.000116s ]
INFO: [ template_filter ] --END-- [ RunTime:0.000208s ]
INFO: Run Behavior\ParseTemplateBehavior [ RunTime:0.013992s ]
INFO: [ view_parse ] --END-- [ RunTime:0.014103s ]
INFO: [ view_filter ] --START--
INFO: Run Behavior\WriteHtmlCacheBehavior [ RunTime:0.000315s ]
INFO: [ view_filter ] --END-- [ RunTime:0.000382s ]
INFO: [ app_end ] --START--
INFO: Run Behavior\ShowPageTraceBehavior [ RunTime:0.000557s ]
INFO: [ app_end ] --END-- [ RunTime:0.000625s ]

[ 2017-01-14T11:04:09+08:00 ] 127.0.0.1 /1611/1232/tp1611/index.php/Admin/System/basic.html
INFO: [ app_init ] --START--
INFO: Run Behavior\BuildLiteBehavior [ RunTime:0.000023s ]
INFO: [ app_init ] --END-- [ RunTime:0.000566s ]
INFO: [ app_begin ] --START--
INFO: Run Behavior\ReadHtmlCacheBehavior [ RunTime:0.000758s ]
INFO: [ app_begin ] --END-- [ RunTime:0.000870s ]
SQL: SHOW COLUMNS FROM `tp_category` [ RunTime:0.0252s ]
SQL: SELECT * FROM `tp_category`  [ RunTime:0.0231s ]
SQL: SHOW COLUMNS FROM `tp_series` [ RunTime:0.0229s ]
SQL: SELECT * FROM `tp_series`  [ RunTime:0.0222s ]
INFO: [ view_parse ] --START--
INFO: [ template_filter ] --START--
INFO: Run Behavior\ContentReplaceBehavior [ RunTime:0.000107s ]
INFO: [ template_filter ] --END-- [ RunTime:0.000183s ]
INFO: Run Behavior\ParseTemplateBehavior [ RunTime:0.015747s ]
INFO: [ view_parse ] --END-- [ RunTime:0.015845s ]
INFO: [ view_filter ] --START--
INFO: Run Behavior\WriteHtmlCacheBehavior [ RunTime:0.000426s ]
INFO: [ view_filter ] --END-- [ RunTime:0.000493s ]
INFO: [ app_end ] --START--
INFO: Run Behavior\ShowPageTraceBehavior [ RunTime:0.000633s ]
INFO: [ app_end ] --END-- [ RunTime:0.000700s ]

[ 2017-01-14T11:06:00+08:00 ] 127.0.0.1 /1611/1232/tp1611/index.php/Admin/System/basic.html
INFO: [ app_init ] --START--
INFO: Run Behavior\BuildLiteBehavior [ RunTime:0.000024s ]
INFO: [ app_init ] --END-- [ RunTime:0.000594s ]
INFO: [ app_begin ] --START--
INFO: Run Behavior\ReadHtmlCacheBehavior [ RunTime:0.000904s ]
INFO: [ app_begin ] --END-- [ RunTime:0.001009s ]
SQL: SHOW COLUMNS FROM `tp_category` [ RunTime:0.0288s ]
SQL: SELECT * FROM `tp_category`  [ RunTime:0.0270s ]
SQL: SHOW COLUMNS FROM `tp_series` [ RunTime:0.0286s ]
SQL: SELECT * FROM `tp_series`  [ RunTime:0.0270s ]

[ 2017-01-14T11:06:02+08:00 ] 127.0.0.1 /1611/1232/tp1611/index.php/Admin/System/basic.html
INFO: [ app_init ] --START--
INFO: Run Behavior\BuildLiteBehavior [ RunTime:0.000021s ]
INFO: [ app_init ] --END-- [ RunTime:0.000454s ]
INFO: [ app_begin ] --START--
INFO: Run Behavior\ReadHtmlCacheBehavior [ RunTime:0.000609s ]
INFO: [ app_begin ] --END-- [ RunTime:0.000712s ]
SQL: SHOW COLUMNS FROM `tp_category` [ RunTime:0.0279s ]
SQL: SELECT * FROM `tp_category`  [ RunTime:0.0282s ]
SQL: SHOW COLUMNS FROM `tp_series` [ RunTime:0.0296s ]
SQL: SELECT * FROM `tp_series`  [ RunTime:0.0275s ]
INFO: [ view_parse ] --START--
INFO: [ template_filter ] --START--
INFO: Run Behavior\ContentReplaceBehavior [ RunTime:0.000095s ]
INFO: [ template_filter ] --END-- [ RunTime:0.000171s ]
INFO: Run Behavior\ParseTemplateBehavior [ RunTime:0.015236s ]
INFO: [ view_parse ] --END-- [ RunTime:0.015335s ]
INFO: [ view_filter ] --START--
INFO: Run Behavior\WriteHtmlCacheBehavior [ RunTime:0.000397s ]
INFO: [ view_filter ] --END-- [ RunTime:0.000464s ]
INFO: [ app_end ] --START--
INFO: Run Behavior\ShowPageTraceBehavior [ RunTime:0.000556s ]
INFO: [ app_end ] --END-- [ RunTime:0.000624s ]

[ 2017-01-14T11:06:52+08:00 ] 127.0.0.1 /1611/1232/tp1611/index.php/Admin/System/basic.html
INFO: [ app_init ] --START--
INFO: Run Behavior\BuildLiteBehavior [ RunTime:0.000021s ]
INFO: [ app_init ] --END-- [ RunTime:0.000505s ]
INFO: [ app_begin ] --START--
INFO: Run Behavior\ReadHtmlCacheBehavior [ RunTime:0.000721s ]
INFO: [ app_begin ] --END-- [ RunTime:0.000826s ]
SQL: SHOW COLUMNS FROM `tp_category` [ RunTime:0.0775s ]
SQL: SELECT * FROM `tp_category`  [ RunTime:0.0338s ]
SQL: SHOW COLUMNS FROM `tp_series` [ RunTime:0.0415s ]
SQL: SELECT * FROM `tp_series`  [ RunTime:0.0293s ]
INFO: [ view_parse ] --START--
INFO: [ template_filter ] --START--
INFO: Run Behavior\ContentReplaceBehavior [ RunTime:0.000134s ]
INFO: [ template_filter ] --END-- [ RunTime:0.000237s ]
NOTIC: [2] Illegal string offset 'area' D:\wamp\www\1611\1232\tp1611\Application\Runtime\Cache\Admin\dd180a00c48425e3c711579b566d9ec4.php 第 116 行.
NOTIC: [2] Illegal string offset 'area' D:\wamp\www\1611\1232\tp1611\Application\Runtime\Cache\Admin\dd180a00c48425e3c711579b566d9ec4.php 第 130 行.
INFO: Run Behavior\ParseTemplateBehavior [ RunTime:0.014032s ]
INFO: [ view_parse ] --END-- [ RunTime:0.014110s ]
INFO: [ view_filter ] --START--
INFO: Run Behavior\WriteHtmlCacheBehavior [ RunTime:0.000431s ]
INFO: [ view_filter ] --END-- [ RunTime:0.000495s ]
INFO: [ app_end ] --START--
INFO: Run Behavior\ShowPageTraceBehavior [ RunTime:0.000604s ]
INFO: [ app_end ] --END-- [ RunTime:0.000672s ]

[ 2017-01-14T11:07:00+08:00 ] 127.0.0.1 /1611/1232/tp1611/index.php/Admin/System/basic.html
INFO: [ app_init ] --START--
INFO: Run Behavior\BuildLiteBehavior [ RunTime:0.000033s ]
INFO: [ app_init ] --END-- [ RunTime:0.001471s ]
INFO: [ app_begin ] --START--
INFO: Run Behavior\ReadHtmlCacheBehavior [ RunTime:0.001998s ]
INFO: [ app_begin ] --END-- [ RunTime:0.002121s ]
SQL: SHOW COLUMNS FROM `tp_category` [ RunTime:0.0281s ]
SQL: SELECT * FROM `tp_category`  [ RunTime:0.0271s ]
SQL: SHOW COLUMNS FROM `tp_series` [ RunTime:0.0286s ]
SQL: SELECT * FROM `tp_series`  [ RunTime:0.0270s ]

[ 2017-01-14T11:07:02+08:00 ] 127.0.0.1 /1611/1232/tp1611/index.php/Admin/System/basic.html
INFO: [ app_init ] --START--
INFO: Run Behavior\BuildLiteBehavior [ RunTime:0.000025s ]
INFO: [ app_init ] --END-- [ RunTime:0.000514s ]
INFO: [ app_begin ] --START--
INFO: Run Behavior\ReadHtmlCacheBehavior [ RunTime:0.000646s ]
INFO: [ app_begin ] --END-- [ RunTime:0.000754s ]
SQL: SHOW COLUMNS FROM `tp_category` [ RunTime:0.0255s ]
SQL: SELECT * FROM `tp_category`  [ RunTime:0.0229s ]
SQL: SHOW COLUMNS FROM `tp_series` [ RunTime:0.0228s ]
SQL: SELECT * FROM `tp_series`  [ RunTime:0.0214s ]
INFO: [ view_parse ] --START--
INFO: [ template_filter ] --START--
INFO: Run Behavior\ContentReplaceBehavior [ RunTime:0.000121s ]
INFO: [ template_filter ] --END-- [ RunTime:0.000200s ]
INFO: Run Behavior\ParseTemplateBehavior [ RunTime:0.014637s ]
INFO: [ view_parse ] --END-- [ RunTime:0.014772s ]
INFO: [ view_filter ] --START--
INFO: Run Behavior\WriteHtmlCacheBehavior [ RunTime:0.000411s ]
INFO: [ view_filter ] --END-- [ RunTime:0.000476s ]
INFO: [ app_end ] --START--
INFO: Run Behavior\ShowPageTraceBehavior [ RunTime:0.000614s ]
INFO: [ app_end ] --END-- [ RunTime:0.000693s ]

[ 2017-01-14T11:07:40+08:00 ] 127.0.0.1 /1611/1232/tp1611/index.php/Admin/System/basic.html
INFO: [ app_init ] --START--
INFO: Run Behavior\BuildLiteBehavior [ RunTime:0.000024s ]
INFO: [ app_init ] --END-- [ RunTime:0.000474s ]
INFO: [ app_begin ] --START--
INFO: Run Behavior\ReadHtmlCacheBehavior [ RunTime:0.000662s ]
INFO: [ app_begin ] --END-- [ RunTime:0.000769s ]
SQL: SHOW COLUMNS FROM `tp_category` [ RunTime:0.0244s ]
SQL: SELECT * FROM `tp_category`  [ RunTime:0.0300s ]
SQL: SHOW COLUMNS FROM `tp_series` [ RunTime:0.0256s ]
SQL: SELECT * FROM `tp_series`  [ RunTime:0.0242s ]
INFO: [ view_parse ] --START--
INFO: [ template_filter ] --START--
INFO: Run Behavior\ContentReplaceBehavior [ RunTime:0.000099s ]
INFO: [ template_filter ] --END-- [ RunTime:0.000178s ]
INFO: Run Behavior\ParseTemplateBehavior [ RunTime:0.014200s ]
INFO: [ view_parse ] --END-- [ RunTime:0.014286s ]
INFO: [ view_filter ] --START--
INFO: Run Behavior\WriteHtmlCacheBehavior [ RunTime:0.000289s ]
INFO: [ view_filter ] --END-- [ RunTime:0.000352s ]
INFO: [ app_end ] --START--
INFO: Run Behavior\ShowPageTraceBehavior [ RunTime:0.000524s ]
INFO: [ app_end ] --END-- [ RunTime:0.000589s ]

[ 2017-01-14T11:27:52+08:00 ] 127.0.0.1 /1611/1232/tp1611/index.php/Admin/System/nav.html
INFO: [ app_init ] --START--
INFO: Run Behavior\BuildLiteBehavior [ RunTime:0.000023s ]
INFO: [ app_init ] --END-- [ RunTime:0.000464s ]
INFO: [ app_begin ] --START--
INFO: Run Behavior\ReadHtmlCacheBehavior [ RunTime:0.000869s ]
INFO: [ app_begin ] --END-- [ RunTime:0.000984s ]
SQL: SHOW COLUMNS FROM `tp_category` [ RunTime:0.0234s ]
SQL: SELECT * FROM `tp_category`  [ RunTime:0.0220s ]
SQL: SHOW COLUMNS FROM `tp_series` [ RunTime:0.0247s ]
SQL: SELECT * FROM `tp_series`  [ RunTime:0.0224s ]
SQL: SHOW COLUMNS FROM `tp_nav` [ RunTime:0.0253s ]
NOTIC: [8] Undefined variable: where D:\wamp\www\1611\1232\tp1611\Application\Admin\Controller\SystemController.class.php 第 28 行.
SQL: SELECT * FROM `tp_nav`  [ RunTime:0.0494s ]
INFO: [ view_parse ] --START--
INFO: [ template_filter ] --START--
INFO: Run Behavior\ContentReplaceBehavior [ RunTime:0.000099s ]
INFO: [ template_filter ] --END-- [ RunTime:0.000178s ]
NOTIC: [8] Undefined variable: page D:\wamp\www\1611\1232\tp1611\Application\Runtime\Cache\Admin\13397897687d2c7b21e7989b9204b5a7.php 第 82 行.
INFO: Run Behavior\ParseTemplateBehavior [ RunTime:0.032129s ]
INFO: [ view_parse ] --END-- [ RunTime:0.032232s ]
INFO: [ view_filter ] --START--
INFO: Run Behavior\WriteHtmlCacheBehavior [ RunTime:0.000436s ]
INFO: [ view_filter ] --END-- [ RunTime:0.000500s ]
INFO: [ app_end ] --START--
INFO: Run Behavior\ShowPageTraceBehavior [ RunTime:0.000552s ]
INFO: [ app_end ] --END-- [ RunTime:0.000619s ]

[ 2017-01-14T11:28:08+08:00 ] 127.0.0.1 /1611/1232/tp1611/index.php/Admin/Base/status.html
INFO: [ app_init ] --START--
INFO: Run Behavior\BuildLiteBehavior [ RunTime:0.000024s ]
INFO: [ app_init ] --END-- [ RunTime:0.000702s ]
INFO: [ app_begin ] --START--
INFO: Run Behavior\ReadHtmlCacheBehavior [ RunTime:0.000669s ]
INFO: [ app_begin ] --END-- [ RunTime:0.000781s ]
SQL: SHOW COLUMNS FROM `tp_category` [ RunTime:0.0294s ]
SQL: SELECT * FROM `tp_category`  [ RunTime:0.0278s ]
SQL: SHOW COLUMNS FROM `tp_series` [ RunTime:0.0313s ]
SQL: SELECT * FROM `tp_series`  [ RunTime:0.0280s ]
SQL: SHOW COLUMNS FROM `tp_nav` [ RunTime:0.0283s ]
SQL: UPDATE `tp_nav` SET `sort`='1' WHERE `id` = 7 [ RunTime:0.0279s ]

[ 2017-01-14T11:28:20+08:00 ] 127.0.0.1 /1611/1232/tp1611/index.php/Admin/System/navAdd.html
INFO: [ app_init ] --START--
INFO: Run Behavior\BuildLiteBehavior [ RunTime:0.000021s ]
INFO: [ app_init ] --END-- [ RunTime:0.000452s ]
INFO: [ app_begin ] --START--
INFO: Run Behavior\ReadHtmlCacheBehavior [ RunTime:0.000588s ]
INFO: [ app_begin ] --END-- [ RunTime:0.000691s ]
SQL: SHOW COLUMNS FROM `tp_category` [ RunTime:0.0284s ]
SQL: SELECT * FROM `tp_category`  [ RunTime:0.0268s ]
SQL: SHOW COLUMNS FROM `tp_series` [ RunTime:0.0284s ]
SQL: SELECT * FROM `tp_series`  [ RunTime:0.0271s ]
SQL: SHOW COLUMNS FROM `tp_nav` [ RunTime:0.0306s ]
SQL: SELECT * FROM `tp_nav` WHERE `id` = 0 LIMIT 1   [ RunTime:0.0281s ]
INFO: [ view_parse ] --START--
INFO: [ template_filter ] --START--
INFO: Run Behavior\ContentReplaceBehavior [ RunTime:0.000169s ]
INFO: [ template_filter ] --END-- [ RunTime:0.000262s ]
INFO: Run Behavior\ParseTemplateBehavior [ RunTime:0.040396s ]
INFO: [ view_parse ] --END-- [ RunTime:0.040543s ]
INFO: [ view_filter ] --START--
INFO: Run Behavior\WriteHtmlCacheBehavior [ RunTime:0.000451s ]
INFO: [ view_filter ] --END-- [ RunTime:0.000518s ]
INFO: [ app_end ] --START--
INFO: Run Behavior\ShowPageTraceBehavior [ RunTime:0.000545s ]
INFO: [ app_end ] --END-- [ RunTime:0.000625s ]

[ 2017-01-14T11:30:03+08:00 ] 127.0.0.1 /1611/1232/tp1611/index.php/Admin/Base/status.html
INFO: [ app_init ] --START--
INFO: Run Behavior\BuildLiteBehavior [ RunTime:0.000026s ]
INFO: [ app_init ] --END-- [ RunTime:0.000584s ]
INFO: [ app_begin ] --START--
INFO: Run Behavior\ReadHtmlCacheBehavior [ RunTime:0.000742s ]
INFO: [ app_begin ] --END-- [ RunTime:0.000853s ]
SQL: SHOW COLUMNS FROM `tp_category` [ RunTime:0.0268s ]
SQL: SELECT * FROM `tp_category`  [ RunTime:0.0256s ]
SQL: SHOW COLUMNS FROM `tp_series` [ RunTime:0.0271s ]
SQL: SELECT * FROM `tp_series`  [ RunTime:0.0263s ]
SQL: SHOW COLUMNS FROM `tp_nav` [ RunTime:0.0296s ]
SQL: UPDATE `tp_nav` SET `local`='1' WHERE `id` = 5 [ RunTime:0.0275s ]

[ 2017-01-14T11:31:05+08:00 ] 127.0.0.1 /1611/1232/tp1611/index.php/Admin/Base/status.html
INFO: [ app_init ] --START--
INFO: Run Behavior\BuildLiteBehavior [ RunTime:0.000021s ]
INFO: [ app_init ] --END-- [ RunTime:0.000466s ]
INFO: [ app_begin ] --START--
INFO: Run Behavior\ReadHtmlCacheBehavior [ RunTime:0.000548s ]
INFO: [ app_begin ] --END-- [ RunTime:0.000632s ]
SQL: SHOW COLUMNS FROM `tp_category` [ RunTime:0.0419s ]
SQL: SELECT * FROM `tp_category`  [ RunTime:0.0373s ]
SQL: SHOW COLUMNS FROM `tp_series` [ RunTime:0.0271s ]
SQL: SELECT * FROM `tp_series`  [ RunTime:0.0277s ]
SQL: SHOW COLUMNS FROM `tp_nav` [ RunTime:0.0316s ]
SQL: UPDATE `tp_nav` SET `local`='1' WHERE `id` = 5 [ RunTime:0.0316s ]

[ 2017-01-14T11:32:33+08:00 ] 127.0.0.1 /1611/1232/tp1611/index.php/Admin/Base/status.html
INFO: [ app_init ] --START--
INFO: Run Behavior\BuildLiteBehavior [ RunTime:0.000031s ]
INFO: [ app_init ] --END-- [ RunTime:0.001022s ]
INFO: [ app_begin ] --START--
INFO: Run Behavior\ReadHtmlCacheBehavior [ RunTime:0.000659s ]
INFO: [ app_begin ] --END-- [ RunTime:0.000749s ]
SQL: SHOW COLUMNS FROM `tp_category` [ RunTime:0.0277s ]
SQL: SELECT * FROM `tp_category`  [ RunTime:0.0260s ]
SQL: SHOW COLUMNS FROM `tp_series` [ RunTime:0.0277s ]
SQL: SELECT * FROM `tp_series`  [ RunTime:0.0261s ]
SQL: SHOW COLUMNS FROM `tp_nav` [ RunTime:0.0274s ]
SQL: UPDATE `tp_nav` SET `local`='1' WHERE `id` = 5 [ RunTime:0.0258s ]

[ 2017-01-14T11:32:36+08:00 ] 127.0.0.1 /1611/1232/tp1611/index.php/Admin/Base/status.html
INFO: [ app_init ] --START--
INFO: Run Behavior\BuildLiteBehavior [ RunTime:0.000021s ]
INFO: [ app_init ] --END-- [ RunTime:0.000458s ]
INFO: [ app_begin ] --START--
INFO: Run Behavior\ReadHtmlCacheBehavior [ RunTime:0.000590s ]
INFO: [ app_begin ] --END-- [ RunTime:0.000686s ]
SQL: SHOW COLUMNS FROM `tp_category` [ RunTime:0.0267s ]
SQL: SELECT * FROM `tp_category`  [ RunTime:0.0265s ]
SQL: SHOW COLUMNS FROM `tp_series` [ RunTime:0.0272s ]
SQL: SELECT * FROM `tp_series`  [ RunTime:0.0264s ]
SQL: SHOW COLUMNS FROM `tp_nav` [ RunTime:0.0275s ]
SQL: UPDATE `tp_nav` SET `link`='Contact/contact' WHERE `id` = 5 [ RunTime:0.0264s ]

[ 2017-01-14T11:32:46+08:00 ] 127.0.0.1 /1611/1232/tp1611/index.php/Admin/Base/status.html
INFO: [ app_init ] --START--
INFO: Run Behavior\BuildLiteBehavior [ RunTime:0.000020s ]
INFO: [ app_init ] --END-- [ RunTime:0.000451s ]
INFO: [ app_begin ] --START--
INFO: Run Behavior\ReadHtmlCacheBehavior [ RunTime:0.000534s ]
INFO: [ app_begin ] --END-- [ RunTime:0.000624s ]
SQL: SHOW COLUMNS FROM `tp_category` [ RunTime:0.0235s ]
SQL: SELECT * FROM `tp_category`  [ RunTime:0.0222s ]
SQL: SHOW COLUMNS FROM `tp_series` [ RunTime:0.0238s ]
SQL: SELECT * FROM `tp_series`  [ RunTime:0.0230s ]
SQL: SHOW COLUMNS FROM `tp_nav` [ RunTime:0.0238s ]
SQL: UPDATE `tp_nav` SET `link`='Brand/introduction' WHERE `id` = 6 [ RunTime:0.0220s ]

[ 2017-01-14T11:32:51+08:00 ] 127.0.0.1 /1611/1232/tp1611/index.php/Admin/Base/status.html
INFO: [ app_init ] --START--
INFO: Run Behavior\BuildLiteBehavior [ RunTime:0.000023s ]
INFO: [ app_init ] --END-- [ RunTime:0.000543s ]
INFO: [ app_begin ] --START--
INFO: Run Behavior\ReadHtmlCacheBehavior [ RunTime:0.000575s ]
INFO: [ app_begin ] --END-- [ RunTime:0.000664s ]
SQL: SHOW COLUMNS FROM `tp_category` [ RunTime:0.0234s ]
SQL: SELECT * FROM `tp_category`  [ RunTime:0.0223s ]
SQL: SHOW COLUMNS FROM `tp_series` [ RunTime:0.0237s ]
SQL: SELECT * FROM `tp_series`  [ RunTime:0.0227s ]
SQL: SHOW COLUMNS FROM `tp_nav` [ RunTime:0.0233s ]
SQL: UPDATE `tp_nav` SET `link`='Contact/contact' WHERE `id` = 5 [ RunTime:0.0218s ]

[ 2017-01-14T11:33:32+08:00 ] 127.0.0.1 /1611/1232/tp1611/index.php/Admin/Base/status.html
INFO: [ app_init ] --START--
INFO: Run Behavior\BuildLiteBehavior [ RunTime:0.000032s ]
INFO: [ app_init ] --END-- [ RunTime:0.000639s ]
INFO: [ app_begin ] --START--
INFO: Run Behavior\ReadHtmlCacheBehavior [ RunTime:0.000653s ]
INFO: [ app_begin ] --END-- [ RunTime:0.000756s ]
SQL: SHOW COLUMNS FROM `tp_category` [ RunTime:0.0288s ]
SQL: SELECT * FROM `tp_category`  [ RunTime:0.0256s ]
SQL: SHOW COLUMNS FROM `tp_series` [ RunTime:0.0265s ]
SQL: SELECT * FROM `tp_series`  [ RunTime:0.0269s ]
SQL: SHOW COLUMNS FROM `tp_nav` [ RunTime:0.0275s ]
SQL: UPDATE `tp_nav` SET `link`='Contact/contact' WHERE `id` = 5 [ RunTime:0.0277s ]

[ 2017-01-14T11:33:42+08:00 ] 127.0.0.1 /1611/1232/tp1611/index.php/Admin/Base/status.html
INFO: [ app_init ] --START--
INFO: Run Behavior\BuildLiteBehavior [ RunTime:0.000021s ]
INFO: [ app_init ] --END-- [ RunTime:0.000441s ]
INFO: [ app_begin ] --START--
INFO: Run Behavior\ReadHtmlCacheBehavior [ RunTime:0.000559s ]
INFO: [ app_begin ] --END-- [ RunTime:0.000663s ]
SQL: SHOW COLUMNS FROM `tp_category` [ RunTime:0.0274s ]
SQL: SELECT * FROM `tp_category`  [ RunTime:0.0228s ]
SQL: SHOW COLUMNS FROM `tp_series` [ RunTime:0.0335s ]
SQL: SELECT * FROM `tp_series`  [ RunTime:0.0219s ]
SQL: SHOW COLUMNS FROM `tp_nav` [ RunTime:0.0240s ]
SQL: UPDATE `tp_nav` SET `link`='Product/product' WHERE `id` = 4 [ RunTime:0.0222s ]

[ 2017-01-14T11:34:11+08:00 ] 127.0.0.1 /1611/1232/tp1611/index.php/Admin/Base/status.html
INFO: [ app_init ] --START--
INFO: Run Behavior\BuildLiteBehavior [ RunTime:0.000021s ]
INFO: [ app_init ] --END-- [ RunTime:0.000457s ]
INFO: [ app_begin ] --START--
INFO: Run Behavior\ReadHtmlCacheBehavior [ RunTime:0.000651s ]
INFO: [ app_begin ] --END-- [ RunTime:0.000766s ]
SQL: SHOW COLUMNS FROM `tp_category` [ RunTime:0.0224s ]
SQL: SELECT * FROM `tp_category`  [ RunTime:0.0214s ]
SQL: SHOW COLUMNS FROM `tp_series` [ RunTime:0.0274s ]
SQL: SELECT * FROM `tp_series`  [ RunTime:0.0249s ]
SQL: SHOW COLUMNS FROM `tp_nav` [ RunTime:0.0226s ]
SQL: UPDATE `tp_nav` SET `link`='Product/product' WHERE `id` = 4 [ RunTime:0.0217s ]

[ 2017-01-14T11:34:21+08:00 ] 127.0.0.1 /1611/1232/tp1611/index.php/Admin/Base/status.html
INFO: [ app_init ] --START--
INFO: Run Behavior\BuildLiteBehavior [ RunTime:0.000022s ]
INFO: [ app_init ] --END-- [ RunTime:0.000448s ]
INFO: [ app_begin ] --START--
INFO: Run Behavior\ReadHtmlCacheBehavior [ RunTime:0.001687s ]
INFO: [ app_begin ] --END-- [ RunTime:0.001807s ]
SQL: SHOW COLUMNS FROM `tp_category` [ RunTime:0.0260s ]
SQL: SELECT * FROM `tp_category`  [ RunTime:0.0251s ]
SQL: SHOW COLUMNS FROM `tp_series` [ RunTime:0.0272s ]
SQL: SELECT * FROM `tp_series`  [ RunTime:0.0289s ]
SQL: SHOW COLUMNS FROM `tp_nav` [ RunTime:0.0270s ]
SQL: UPDATE `tp_nav` SET `link`='Product/product' WHERE `id` = 4 [ RunTime:0.0250s ]

[ 2017-01-14T11:34:27+08:00 ] 127.0.0.1 /1611/1232/tp1611/index.php/Admin/Base/status.html
INFO: [ app_init ] --START--
INFO: Run Behavior\BuildLiteBehavior [ RunTime:0.000023s ]
INFO: [ app_init ] --END-- [ RunTime:0.000511s ]
INFO: [ app_begin ] --START--
INFO: Run Behavior\ReadHtmlCacheBehavior [ RunTime:0.000639s ]
INFO: [ app_begin ] --END-- [ RunTime:0.000751s ]
SQL: SHOW COLUMNS FROM `tp_category` [ RunTime:0.0247s ]
SQL: SELECT * FROM `tp_category`  [ RunTime:0.0245s ]
SQL: SHOW COLUMNS FROM `tp_series` [ RunTime:0.0248s ]
SQL: SELECT * FROM `tp_series`  [ RunTime:0.0234s ]
SQL: SHOW COLUMNS FROM `tp_nav` [ RunTime:0.0257s ]
SQL: UPDATE `tp_nav` SET `link`='Product/product' WHERE `id` = 4 [ RunTime:0.0237s ]

[ 2017-01-14T11:54:57+08:00 ] 127.0.0.1 /1611/1232/tp1611/index.php/Admin/Base/status.html
INFO: [ app_init ] --START--
INFO: Run Behavior\BuildLiteBehavior [ RunTime:0.000025s ]
INFO: [ app_init ] --END-- [ RunTime:0.000663s ]
INFO: [ app_begin ] --START--
INFO: Run Behavior\ReadHtmlCacheBehavior [ RunTime:0.000698s ]
INFO: [ app_begin ] --END-- [ RunTime:0.000791s ]
SQL: SHOW COLUMNS FROM `tp_category` [ RunTime:0.0291s ]
SQL: SELECT * FROM `tp_category`  [ RunTime:0.0286s ]
SQL: SHOW COLUMNS FROM `tp_series` [ RunTime:0.0292s ]
SQL: SELECT * FROM `tp_series`  [ RunTime:0.0353s ]
SQL: SHOW COLUMNS FROM `tp_nav` [ RunTime:0.0566s ]
SQL: UPDATE `tp_nav` SET `link`='Product/product' WHERE `id` = 4 [ RunTime:0.0435s ]

[ 2017-01-14T11:55:06+08:00 ] 127.0.0.1 /1611/1232/tp1611/index.php/Admin/Base/status.html
INFO: [ app_init ] --START--
INFO: Run Behavior\BuildLiteBehavior [ RunTime:0.000021s ]
INFO: [ app_init ] --END-- [ RunTime:0.000423s ]
INFO: [ app_begin ] --START--
INFO: Run Behavior\ReadHtmlCacheBehavior [ RunTime:0.000529s ]
INFO: [ app_begin ] --END-- [ RunTime:0.000608s ]
SQL: SHOW COLUMNS FROM `tp_category` [ RunTime:0.0270s ]
SQL: SELECT * FROM `tp_category`  [ RunTime:0.0288s ]
SQL: SHOW COLUMNS FROM `tp_series` [ RunTime:0.0279s ]
SQL: SELECT * FROM `tp_series`  [ RunTime:0.0253s ]
SQL: SHOW COLUMNS FROM `tp_nav` [ RunTime:0.0265s ]
SQL: UPDATE `tp_nav` SET `link`='Product/product' WHERE `id` = 4 [ RunTime:0.0261s ]

[ 2017-01-14T12:06:23+08:00 ] 127.0.0.1 /1611/1232/tp1611/index.php/Admin/Base/status.html
INFO: [ app_init ] --START--
INFO: Run Behavior\BuildLiteBehavior [ RunTime:0.000021s ]
INFO: [ app_init ] --END-- [ RunTime:0.000430s ]
INFO: [ app_begin ] --START--
INFO: Run Behavior\ReadHtmlCacheBehavior [ RunTime:0.000735s ]
INFO: [ app_begin ] --END-- [ RunTime:0.000845s ]
SQL: SHOW COLUMNS FROM `tp_category` [ RunTime:0.0270s ]
SQL: SELECT * FROM `tp_category`  [ RunTime:0.0260s ]
SQL: SHOW COLUMNS FROM `tp_series` [ RunTime:0.0273s ]
SQL: SELECT * FROM `tp_series`  [ RunTime:0.0263s ]
SQL: SHOW COLUMNS FROM `tp_nav` [ RunTime:0.0273s ]
SQL: UPDATE `tp_nav` SET `link`='News/news' WHERE `id` = 3 [ RunTime:0.0285s ]

[ 2017-01-14T12:06:39+08:00 ] 127.0.0.1 /1611/1232/tp1611/index.php/Admin/Base/status.html
INFO: [ app_init ] --START--
INFO: Run Behavior\BuildLiteBehavior [ RunTime:0.000019s ]
INFO: [ app_init ] --END-- [ RunTime:0.000403s ]
INFO: [ app_begin ] --START--
INFO: Run Behavior\ReadHtmlCacheBehavior [ RunTime:0.000529s ]
INFO: [ app_begin ] --END-- [ RunTime:0.000606s ]
SQL: SHOW COLUMNS FROM `tp_category` [ RunTime:0.0288s ]
SQL: SELECT * FROM `tp_category`  [ RunTime:0.0270s ]
SQL: SHOW COLUMNS FROM `tp_series` [ RunTime:0.0329s ]
SQL: SELECT * FROM `tp_series`  [ RunTime:0.0275s ]
SQL: SHOW COLUMNS FROM `tp_nav` [ RunTime:0.0341s ]
SQL: UPDATE `tp_nav` SET `link`='Contact/contact#map' WHERE `id` = 5 [ RunTime:0.0515s ]

[ 2017-01-14T12:06:43+08:00 ] 127.0.0.1 /1611/1232/tp1611/index.php/Admin/Base/status.html
INFO: [ app_init ] --START--
INFO: Run Behavior\BuildLiteBehavior [ RunTime:0.000020s ]
INFO: [ app_init ] --END-- [ RunTime:0.000395s ]
INFO: [ app_begin ] --START--
INFO: Run Behavior\ReadHtmlCacheBehavior [ RunTime:0.000532s ]
INFO: [ app_begin ] --END-- [ RunTime:0.000609s ]
SQL: SHOW COLUMNS FROM `tp_category` [ RunTime:0.0272s ]
SQL: SELECT * FROM `tp_category`  [ RunTime:0.0263s ]
SQL: SHOW COLUMNS FROM `tp_series` [ RunTime:0.0283s ]
SQL: SELECT * FROM `tp_series`  [ RunTime:0.0291s ]
SQL: SHOW COLUMNS FROM `tp_nav` [ RunTime:0.0275s ]
SQL: UPDATE `tp_nav` SET `link`='Contact/contact#' WHERE `id` = 2 [ RunTime:0.0258s ]

[ 2017-01-14T12:07:06+08:00 ] 127.0.0.1 /1611/1232/tp1611/index.php/Admin/Base/status.html
INFO: [ app_init ] --START--
INFO: Run Behavior\BuildLiteBehavior [ RunTime:0.000020s ]
INFO: [ app_init ] --END-- [ RunTime:0.000415s ]
INFO: [ app_begin ] --START--
INFO: Run Behavior\ReadHtmlCacheBehavior [ RunTime:0.000544s ]
INFO: [ app_begin ] --END-- [ RunTime:0.000637s ]
SQL: SHOW COLUMNS FROM `tp_category` [ RunTime:0.0353s ]
SQL: SELECT * FROM `tp_category`  [ RunTime:0.0267s ]
SQL: SHOW COLUMNS FROM `tp_series` [ RunTime:0.0261s ]
SQL: SELECT * FROM `tp_series`  [ RunTime:0.0302s ]
SQL: SHOW COLUMNS FROM `tp_nav` [ RunTime:0.0257s ]
SQL: UPDATE `tp_nav` SET `link`='Contact/contact#form-content' WHERE `id` = 2 [ RunTime:0.0301s ]

[ 2017-01-14T12:08:25+08:00 ] 127.0.0.1 /1611/1232/tp1611/index.php/Admin/System/nav.html
INFO: [ app_init ] --START--
INFO: Run Behavior\BuildLiteBehavior [ RunTime:0.000020s ]
INFO: [ app_init ] --END-- [ RunTime:0.000453s ]
INFO: [ app_begin ] --START--
INFO: Run Behavior\ReadHtmlCacheBehavior [ RunTime:0.000985s ]
INFO: [ app_begin ] --END-- [ RunTime:0.001083s ]
SQL: SHOW COLUMNS FROM `tp_category` [ RunTime:0.0336s ]
SQL: SELECT * FROM `tp_category`  [ RunTime:0.0237s ]
SQL: SHOW COLUMNS FROM `tp_series` [ RunTime:0.0229s ]
SQL: SELECT * FROM `tp_series`  [ RunTime:0.0212s ]
SQL: SHOW COLUMNS FROM `tp_nav` [ RunTime:0.0228s ]
NOTIC: [8] Undefined variable: where D:\wamp\www\1611\1232\tp1611\Application\Admin\Controller\SystemController.class.php 第 28 行.
SQL: SELECT * FROM `tp_nav`  [ RunTime:0.0246s ]
INFO: [ view_parse ] --START--
INFO: [ template_filter ] --START--
INFO: Run Behavior\ContentReplaceBehavior [ RunTime:0.000112s ]
INFO: [ template_filter ] --END-- [ RunTime:0.000191s ]
NOTIC: [8] Undefined variable: page D:\wamp\www\1611\1232\tp1611\Application\Runtime\Cache\Admin\13397897687d2c7b21e7989b9204b5a7.php 第 82 行.
INFO: Run Behavior\ParseTemplateBehavior [ RunTime:0.018901s ]
INFO: [ view_parse ] --END-- [ RunTime:0.018988s ]
INFO: [ view_filter ] --START--
INFO: Run Behavior\WriteHtmlCacheBehavior [ RunTime:0.000490s ]
INFO: [ view_filter ] --END-- [ RunTime:0.000554s ]
INFO: [ app_end ] --START--
INFO: Run Behavior\ShowPageTraceBehavior [ RunTime:0.000660s ]
INFO: [ app_end ] --END-- [ RunTime:0.000728s ]

[ 2017-01-14T12:08:27+08:00 ] 127.0.0.1 /1611/1232/tp1611/index.php/Admin/Base/status.html
INFO: [ app_init ] --START--
INFO: Run Behavior\BuildLiteBehavior [ RunTime:0.000023s ]
INFO: [ app_init ] --END-- [ RunTime:0.000439s ]
INFO: [ app_begin ] --START--
INFO: Run Behavior\ReadHtmlCacheBehavior [ RunTime:0.000621s ]
INFO: [ app_begin ] --END-- [ RunTime:0.000726s ]
SQL: SHOW COLUMNS FROM `tp_category` [ RunTime:0.0235s ]
SQL: SELECT * FROM `tp_category`  [ RunTime:0.0212s ]
SQL: SHOW COLUMNS FROM `tp_series` [ RunTime:0.0228s ]
SQL: SELECT * FROM `tp_series`  [ RunTime:0.0223s ]
SQL: SHOW COLUMNS FROM `tp_nav` [ RunTime:0.0226s ]
SQL: UPDATE `tp_nav` SET `link`='News/news' WHERE `id` = 8 [ RunTime:0.0221s ]

[ 2017-01-14T12:08:28+08:00 ] 127.0.0.1 /1611/1232/tp1611/index.php/Admin/Base/status.html
INFO: [ app_init ] --START--
INFO: Run Behavior\BuildLiteBehavior [ RunTime:0.000021s ]
INFO: [ app_init ] --END-- [ RunTime:0.000444s ]
INFO: [ app_begin ] --START--
INFO: Run Behavior\ReadHtmlCacheBehavior [ RunTime:0.000673s ]
INFO: [ app_begin ] --END-- [ RunTime:0.000784s ]
SQL: SHOW COLUMNS FROM `tp_category` [ RunTime:0.0366s ]
SQL: SELECT * FROM `tp_category`  [ RunTime:0.0281s ]
SQL: SHOW COLUMNS FROM `tp_series` [ RunTime:0.0291s ]
SQL: SELECT * FROM `tp_series`  [ RunTime:0.0227s ]
SQL: SHOW COLUMNS FROM `tp_nav` [ RunTime:0.0327s ]
SQL: UPDATE `tp_nav` SET `link`='Contact/contact' WHERE `id` = 7 [ RunTime:0.0233s ]

[ 2017-01-14T12:08:30+08:00 ] 127.0.0.1 /1611/1232/tp1611/index.php/Admin/Base/status.html
INFO: [ app_init ] --START--
INFO: Run Behavior\BuildLiteBehavior [ RunTime:0.000020s ]
INFO: [ app_init ] --END-- [ RunTime:0.000448s ]
INFO: [ app_begin ] --START--
INFO: Run Behavior\ReadHtmlCacheBehavior [ RunTime:0.000570s ]
INFO: [ app_begin ] --END-- [ RunTime:0.000664s ]
SQL: SHOW COLUMNS FROM `tp_category` [ RunTime:0.0282s ]
SQL: SELECT * FROM `tp_category`  [ RunTime:0.0242s ]
SQL: SHOW COLUMNS FROM `tp_series` [ RunTime:0.0244s ]
SQL: SELECT * FROM `tp_series`  [ RunTime:0.0222s ]
SQL: SHOW COLUMNS FROM `tp_nav` [ RunTime:0.0235s ]
SQL: UPDATE `tp_nav` SET `link`='Brand/introduction' WHERE `id` = 6 [ RunTime:0.0222s ]

[ 2017-01-14T12:09:36+08:00 ] 127.0.0.1 /1611/1232/tp1611/index.php/Admin/System/nav.html
INFO: [ app_init ] --START--
INFO: Run Behavior\BuildLiteBehavior [ RunTime:0.000018s ]
INFO: [ app_init ] --END-- [ RunTime:0.000397s ]
INFO: [ app_begin ] --START--
INFO: Run Behavior\ReadHtmlCacheBehavior [ RunTime:0.000744s ]
INFO: [ app_begin ] --END-- [ RunTime:0.000858s ]
SQL: SHOW COLUMNS FROM `tp_category` [ RunTime:0.0244s ]
SQL: SELECT * FROM `tp_category`  [ RunTime:0.0217s ]
SQL: SHOW COLUMNS FROM `tp_series` [ RunTime:0.0237s ]
SQL: SELECT * FROM `tp_series`  [ RunTime:0.0224s ]
SQL: SHOW COLUMNS FROM `tp_nav` [ RunTime:0.0237s ]
NOTIC: [8] Undefined variable: where D:\wamp\www\1611\1232\tp1611\Application\Admin\Controller\SystemController.class.php 第 28 行.
SQL: SELECT * FROM `tp_nav`  [ RunTime:0.0224s ]
INFO: [ view_parse ] --START--
INFO: [ template_filter ] --START--
INFO: Run Behavior\ContentReplaceBehavior [ RunTime:0.000098s ]
INFO: [ template_filter ] --END-- [ RunTime:0.000174s ]
NOTIC: [8] Undefined variable: page D:\wamp\www\1611\1232\tp1611\Application\Runtime\Cache\Admin\13397897687d2c7b21e7989b9204b5a7.php 第 82 行.
INFO: Run Behavior\ParseTemplateBehavior [ RunTime:0.017598s ]
INFO: [ view_parse ] --END-- [ RunTime:0.017702s ]
INFO: [ view_filter ] --START--
INFO: Run Behavior\WriteHtmlCacheBehavior [ RunTime:0.000394s ]
INFO: [ view_filter ] --END-- [ RunTime:0.000494s ]
INFO: [ app_end ] --START--
INFO: Run Behavior\ShowPageTraceBehavior [ RunTime:0.000637s ]
INFO: [ app_end ] --END-- [ RunTime:0.000721s ]

[ 2017-01-14T12:09:49+08:00 ] 127.0.0.1 /1611/1232/tp1611/index.php/Admin/Picture/banner.html
INFO: [ app_init ] --START--
INFO: Run Behavior\BuildLiteBehavior [ RunTime:0.000018s ]
INFO: [ app_init ] --END-- [ RunTime:0.000394s ]
INFO: [ app_begin ] --START--
INFO: Run Behavior\ReadHtmlCacheBehavior [ RunTime:0.000883s ]
INFO: [ app_begin ] --END-- [ RunTime:0.001165s ]
SQL: SHOW COLUMNS FROM `tp_category` [ RunTime:0.0231s ]
SQL: SELECT * FROM `tp_category`  [ RunTime:0.0235s ]
SQL: SHOW COLUMNS FROM `tp_series` [ RunTime:0.0235s ]
SQL: SELECT * FROM `tp_series`  [ RunTime:0.0226s ]
SQL: SHOW COLUMNS FROM `tp_banner` [ RunTime:0.0232s ]
SQL: SELECT * FROM `tp_banner`  [ RunTime:0.0358s ]
INFO: [ view_parse ] --START--
INFO: [ template_filter ] --START--
INFO: Run Behavior\ContentReplaceBehavior [ RunTime:0.000110s ]
INFO: [ template_filter ] --END-- [ RunTime:0.000191s ]
INFO: Run Behavior\ParseTemplateBehavior [ RunTime:0.029051s ]
INFO: [ view_parse ] --END-- [ RunTime:0.029188s ]
INFO: [ view_filter ] --START--
INFO: Run Behavior\WriteHtmlCacheBehavior [ RunTime:0.000571s ]
INFO: [ view_filter ] --END-- [ RunTime:0.000716s ]
INFO: [ app_end ] --START--
INFO: Run Behavior\ShowPageTraceBehavior [ RunTime:0.000812s ]
INFO: [ app_end ] --END-- [ RunTime:0.001029s ]

[ 2017-01-14T12:09:53+08:00 ] 127.0.0.1 /1611/1232/tp1611/index.php/Admin/Picture/proPhoto.html
INFO: [ app_init ] --START--
INFO: Run Behavior\BuildLiteBehavior [ RunTime:0.000020s ]
INFO: [ app_init ] --END-- [ RunTime:0.000423s ]
INFO: [ app_begin ] --START--
INFO: Run Behavior\ReadHtmlCacheBehavior [ RunTime:0.000528s ]
INFO: [ app_begin ] --END-- [ RunTime:0.000614s ]
SQL: SHOW COLUMNS FROM `tp_category` [ RunTime:0.0258s ]
SQL: SELECT * FROM `tp_category`  [ RunTime:0.0252s ]
SQL: SHOW COLUMNS FROM `tp_series` [ RunTime:0.0265s ]
SQL: SELECT * FROM `tp_series`  [ RunTime:0.0252s ]
SQL: SHOW COLUMNS FROM `tp_product` [ RunTime:0.0269s ]
SQL: SELECT `id`,`name` FROM `tp_product`  [ RunTime:0.0258s ]
SQL: SHOW COLUMNS FROM `tp_pro_photo` [ RunTime:0.0565s ]
SQL: SELECT * FROM `tp_pro_photo`  [ RunTime:0.0253s ]
INFO: [ view_parse ] --START--
INFO: [ template_filter ] --START--
INFO: Run Behavior\ContentReplaceBehavior [ RunTime:0.000096s ]
INFO: [ template_filter ] --END-- [ RunTime:0.000175s ]
INFO: Run Behavior\ParseTemplateBehavior [ RunTime:0.030393s ]
INFO: [ view_parse ] --END-- [ RunTime:0.030487s ]
INFO: [ view_filter ] --START--
INFO: Run Behavior\WriteHtmlCacheBehavior [ RunTime:0.000389s ]
INFO: [ view_filter ] --END-- [ RunTime:0.000457s ]
INFO: [ app_end ] --START--
INFO: Run Behavior\ShowPageTraceBehavior [ RunTime:0.000558s ]
INFO: [ app_end ] --END-- [ RunTime:0.000625s ]

[ 2017-01-14T12:09:57+08:00 ] 127.0.0.1 /1611/1232/tp1611/index.php/Admin/Picture/proPhotoAdd.html
INFO: [ app_init ] --START--
INFO: Run Behavior\BuildLiteBehavior [ RunTime:0.000019s ]
INFO: [ app_init ] --END-- [ RunTime:0.000407s ]
INFO: [ app_begin ] --START--
INFO: Run Behavior\ReadHtmlCacheBehavior [ RunTime:0.000535s ]
INFO: [ app_begin ] --END-- [ RunTime:0.000621s ]
SQL: SHOW COLUMNS FROM `tp_category` [ RunTime:0.0287s ]
SQL: SELECT * FROM `tp_category`  [ RunTime:0.0270s ]
SQL: SHOW COLUMNS FROM `tp_series` [ RunTime:0.0313s ]
SQL: SELECT * FROM `tp_series`  [ RunTime:0.0271s ]
SQL: SHOW COLUMNS FROM `tp_pro_photo` [ RunTime:0.0298s ]
SQL: SELECT * FROM `tp_pro_photo` WHERE `id` = 0 LIMIT 1   [ RunTime:0.0313s ]
SQL: SHOW COLUMNS FROM `tp_product` [ RunTime:0.0293s ]
SQL: SELECT `id`,`name` FROM `tp_product`  [ RunTime:0.0271s ]
INFO: [ view_parse ] --START--
INFO: [ template_filter ] --START--
INFO: Run Behavior\ContentReplaceBehavior [ RunTime:0.000177s ]
INFO: [ template_filter ] --END-- [ RunTime:0.000262s ]
INFO: Run Behavior\ParseTemplateBehavior [ RunTime:0.032955s ]
INFO: [ view_parse ] --END-- [ RunTime:0.033050s ]
INFO: [ view_filter ] --START--
INFO: Run Behavior\WriteHtmlCacheBehavior [ RunTime:0.000297s ]
INFO: [ view_filter ] --END-- [ RunTime:0.000359s ]
INFO: [ app_end ] --START--
INFO: Run Behavior\ShowPageTraceBehavior [ RunTime:0.000523s ]
INFO: [ app_end ] --END-- [ RunTime:0.000589s ]

[ 2017-01-14T12:10:19+08:00 ] 127.0.0.1 /1611/1232/tp1611/index.php/Admin/Product/trash.html
INFO: [ app_init ] --START--
INFO: Run Behavior\BuildLiteBehavior [ RunTime:0.000024s ]
INFO: [ app_init ] --END-- [ RunTime:0.000863s ]
INFO: [ app_begin ] --START--
INFO: Run Behavior\ReadHtmlCacheBehavior [ RunTime:0.000546s ]
INFO: [ app_begin ] --END-- [ RunTime:0.000644s ]
SQL: SHOW COLUMNS FROM `tp_category` [ RunTime:0.0262s ]
SQL: SELECT * FROM `tp_category`  [ RunTime:0.0251s ]
SQL: SHOW COLUMNS FROM `tp_series` [ RunTime:0.0265s ]
SQL: SELECT * FROM `tp_series`  [ RunTime:0.0254s ]
NOTIC: [8] Undefined index: pid D:\wamp\www\1611\1232\tp1611\Application\Common\Common\function.php 第 20 行.
NOTIC: [8] Undefined index: pid D:\wamp\www\1611\1232\tp1611\Application\Common\Common\function.php 第 20 行.
SQL: SHOW COLUMNS FROM `tp_product` [ RunTime:0.0265s ]
SQL: SELECT * FROM `tp_product` WHERE `is_trash` = 1  [ RunTime:0.0257s ]
INFO: [ view_parse ] --START--
INFO: [ template_filter ] --START--
INFO: Run Behavior\ContentReplaceBehavior [ RunTime:0.000102s ]
INFO: [ template_filter ] --END-- [ RunTime:0.000178s ]
SQL: SELECT * FROM `tp_category` WHERE `id` = 2 LIMIT 1   [ RunTime:0.0625s ]
INFO: Run Behavior\ParseTemplateBehavior [ RunTime:0.080273s ]
INFO: [ view_parse ] --END-- [ RunTime:0.080357s ]
INFO: [ view_filter ] --START--
INFO: Run Behavior\WriteHtmlCacheBehavior [ RunTime:0.000397s ]
INFO: [ view_filter ] --END-- [ RunTime:0.000460s ]
INFO: [ app_end ] --START--
INFO: Run Behavior\ShowPageTraceBehavior [ RunTime:0.000550s ]
INFO: [ app_end ] --END-- [ RunTime:0.000614s ]

[ 2017-01-14T12:10:50+08:00 ] 127.0.0.1 /1611/1232/tp1611/index.php/Admin/Product/trash.html
INFO: [ app_init ] --START--
INFO: Run Behavior\BuildLiteBehavior [ RunTime:0.000022s ]
INFO: [ app_init ] --END-- [ RunTime:0.000479s ]
INFO: [ app_begin ] --START--
INFO: Run Behavior\ReadHtmlCacheBehavior [ RunTime:0.000696s ]
INFO: [ app_begin ] --END-- [ RunTime:0.000796s ]
SQL: SHOW COLUMNS FROM `tp_category` [ RunTime:0.0232s ]
SQL: SELECT * FROM `tp_category`  [ RunTime:0.0223s ]
SQL: SHOW COLUMNS FROM `tp_series` [ RunTime:0.0314s ]
SQL: SELECT * FROM `tp_series`  [ RunTime:0.0223s ]
NOTIC: [8] Undefined index: pid D:\wamp\www\1611\1232\tp1611\Application\Common\Common\function.php 第 20 行.
NOTIC: [8] Undefined index: pid D:\wamp\www\1611\1232\tp1611\Application\Common\Common\function.php 第 20 行.
SQL: SHOW COLUMNS FROM `tp_product` [ RunTime:0.0239s ]
SQL: SELECT * FROM `tp_product` WHERE `is_trash` = 1  [ RunTime:0.0262s ]
INFO: [ view_parse ] --START--
INFO: [ template_filter ] --START--
INFO: Run Behavior\ContentReplaceBehavior [ RunTime:0.000105s ]
INFO: [ template_filter ] --END-- [ RunTime:0.000185s ]
SQL: SELECT * FROM `tp_category` WHERE `id` = 2 LIMIT 1   [ RunTime:0.0218s ]
INFO: Run Behavior\ParseTemplateBehavior [ RunTime:0.039458s ]
INFO: [ view_parse ] --END-- [ RunTime:0.039541s ]
INFO: [ view_filter ] --START--
INFO: Run Behavior\WriteHtmlCacheBehavior [ RunTime:0.000504s ]
INFO: [ view_filter ] --END-- [ RunTime:0.000572s ]
INFO: [ app_end ] --START--
INFO: Run Behavior\ShowPageTraceBehavior [ RunTime:0.000694s ]
INFO: [ app_end ] --END-- [ RunTime:0.000772s ]

[ 2017-01-14T12:10:54+08:00 ] 127.0.0.1 /1611/1232/tp1611/index.php/Admin/Product/product.html
INFO: [ app_init ] --START--
INFO: Run Behavior\BuildLiteBehavior [ RunTime:0.000018s ]
INFO: [ app_init ] --END-- [ RunTime:0.000391s ]
INFO: [ app_begin ] --START--
INFO: Run Behavior\ReadHtmlCacheBehavior [ RunTime:0.000515s ]
INFO: [ app_begin ] --END-- [ RunTime:0.000600s ]
SQL: SHOW COLUMNS FROM `tp_category` [ RunTime:0.0304s ]
SQL: SELECT * FROM `tp_category`  [ RunTime:0.0219s ]
SQL: SHOW COLUMNS FROM `tp_series` [ RunTime:0.0246s ]
SQL: SELECT * FROM `tp_series`  [ RunTime:0.0223s ]
NOTIC: [8] Undefined index: pid D:\wamp\www\1611\1232\tp1611\Application\Common\Common\function.php 第 20 行.
NOTIC: [8] Undefined index: pid D:\wamp\www\1611\1232\tp1611\Application\Common\Common\function.php 第 20 行.
SQL: SHOW COLUMNS FROM `tp_product` [ RunTime:0.0242s ]
SQL: SELECT * FROM `tp_product` WHERE `is_trash` = 0  [ RunTime:0.0373s ]
INFO: [ view_parse ] --START--
INFO: [ template_filter ] --START--
INFO: Run Behavior\ContentReplaceBehavior [ RunTime:0.000109s ]
INFO: [ template_filter ] --END-- [ RunTime:0.000186s ]
SQL: SELECT * FROM `tp_category` WHERE `id` = 2 LIMIT 1   [ RunTime:0.0224s ]
INFO: Run Behavior\ParseTemplateBehavior [ RunTime:0.041262s ]
INFO: [ view_parse ] --END-- [ RunTime:0.041332s ]
INFO: [ view_filter ] --START--
INFO: Run Behavior\WriteHtmlCacheBehavior [ RunTime:0.000402s ]
INFO: [ view_filter ] --END-- [ RunTime:0.000464s ]
INFO: [ app_end ] --START--
INFO: Run Behavior\ShowPageTraceBehavior [ RunTime:0.000529s ]
INFO: [ app_end ] --END-- [ RunTime:0.000594s ]

[ 2017-01-14T12:10:58+08:00 ] 127.0.0.1 /1611/1232/tp1611/index.php/Admin/Product/trash.html
INFO: [ app_init ] --START--
INFO: Run Behavior\BuildLiteBehavior [ RunTime:0.000023s ]
INFO: [ app_init ] --END-- [ RunTime:0.000485s ]
INFO: [ app_begin ] --START--
INFO: Run Behavior\ReadHtmlCacheBehavior [ RunTime:0.000602s ]
INFO: [ app_begin ] --END-- [ RunTime:0.000704s ]
SQL: SHOW COLUMNS FROM `tp_category` [ RunTime:0.0282s ]
SQL: SELECT * FROM `tp_category`  [ RunTime:0.0270s ]
SQL: SHOW COLUMNS FROM `tp_series` [ RunTime:0.0285s ]
SQL: SELECT * FROM `tp_series`  [ RunTime:0.0271s ]
NOTIC: [8] Undefined index: pid D:\wamp\www\1611\1232\tp1611\Application\Common\Common\function.php 第 20 行.
NOTIC: [8] Undefined index: pid D:\wamp\www\1611\1232\tp1611\Application\Common\Common\function.php 第 20 行.
SQL: SHOW COLUMNS FROM `tp_product` [ RunTime:0.0305s ]
SQL: SELECT * FROM `tp_product` WHERE `is_trash` = 1  [ RunTime:0.0282s ]
INFO: [ view_parse ] --START--
INFO: [ template_filter ] --START--
INFO: Run Behavior\ContentReplaceBehavior [ RunTime:0.000100s ]
INFO: [ template_filter ] --END-- [ RunTime:0.000177s ]
SQL: SELECT * FROM `tp_category` WHERE `id` = 2 LIMIT 1   [ RunTime:0.0282s ]
INFO: Run Behavior\ParseTemplateBehavior [ RunTime:0.046118s ]
INFO: [ view_parse ] --END-- [ RunTime:0.046189s ]
INFO: [ view_filter ] --START--
INFO: Run Behavior\WriteHtmlCacheBehavior [ RunTime:0.000402s ]
INFO: [ view_filter ] --END-- [ RunTime:0.000466s ]
INFO: [ app_end ] --START--
INFO: Run Behavior\ShowPageTraceBehavior [ RunTime:0.000531s ]
INFO: [ app_end ] --END-- [ RunTime:0.000596s ]

[ 2017-01-14T12:11:03+08:00 ] 127.0.0.1 /1611/1232/tp1611/index.php/Admin/Base/status.html
INFO: [ app_init ] --START--
INFO: Run Behavior\BuildLiteBehavior [ RunTime:0.000019s ]
INFO: [ app_init ] --END-- [ RunTime:0.000411s ]
INFO: [ app_begin ] --START--
INFO: Run Behavior\ReadHtmlCacheBehavior [ RunTime:0.000527s ]
INFO: [ app_begin ] --END-- [ RunTime:0.000612s ]
SQL: SHOW COLUMNS FROM `tp_category` [ RunTime:0.0238s ]
SQL: SELECT * FROM `tp_category`  [ RunTime:0.0223s ]
SQL: SHOW COLUMNS FROM `tp_series` [ RunTime:0.0236s ]
SQL: SELECT * FROM `tp_series`  [ RunTime:0.0224s ]
SQL: SHOW COLUMNS FROM `tp_product` [ RunTime:0.0238s ]
SQL: UPDATE `tp_product` SET `is_trash`='0' WHERE `id` = 4 [ RunTime:0.0230s ]

[ 2017-01-14T12:11:06+08:00 ] 127.0.0.1 /1611/1232/tp1611/index.php/Admin/Product/series.html
INFO: [ app_init ] --START--
INFO: Run Behavior\BuildLiteBehavior [ RunTime:0.000024s ]
INFO: [ app_init ] --END-- [ RunTime:0.000888s ]
INFO: [ app_begin ] --START--
INFO: Run Behavior\ReadHtmlCacheBehavior [ RunTime:0.000535s ]
INFO: [ app_begin ] --END-- [ RunTime:0.000622s ]
SQL: SHOW COLUMNS FROM `tp_category` [ RunTime:0.0293s ]
SQL: SELECT * FROM `tp_category`  [ RunTime:0.0283s ]
SQL: SHOW COLUMNS FROM `tp_series` [ RunTime:0.0284s ]
SQL: SELECT * FROM `tp_series`  [ RunTime:0.0363s ]
SQL: SELECT * FROM `tp_series`  [ RunTime:0.0333s ]
INFO: [ view_parse ] --START--
INFO: [ template_filter ] --START--
INFO: Run Behavior\ContentReplaceBehavior [ RunTime:0.000087s ]
INFO: [ template_filter ] --END-- [ RunTime:0.000177s ]
SQL: SELECT * FROM `tp_category` WHERE `id` = 2 LIMIT 1   [ RunTime:0.0337s ]
INFO: Run Behavior\ParseTemplateBehavior [ RunTime:0.059114s ]
INFO: [ view_parse ] --END-- [ RunTime:0.059201s ]
INFO: [ view_filter ] --START--
INFO: Run Behavior\WriteHtmlCacheBehavior [ RunTime:0.000395s ]
INFO: [ view_filter ] --END-- [ RunTime:0.000458s ]
INFO: [ app_end ] --START--
INFO: Run Behavior\ShowPageTraceBehavior [ RunTime:0.000532s ]
INFO: [ app_end ] --END-- [ RunTime:0.000598s ]

[ 2017-01-14T12:11:08+08:00 ] 127.0.0.1 /1611/1232/tp1611/index.php/Admin/Product/product.html
INFO: [ app_init ] --START--
INFO: Run Behavior\BuildLiteBehavior [ RunTime:0.000022s ]
INFO: [ app_init ] --END-- [ RunTime:0.000438s ]
INFO: [ app_begin ] --START--
INFO: Run Behavior\ReadHtmlCacheBehavior [ RunTime:0.001099s ]
INFO: [ app_begin ] --END-- [ RunTime:0.001280s ]
SQL: SHOW COLUMNS FROM `tp_category` [ RunTime:0.0266s ]
SQL: SELECT * FROM `tp_category`  [ RunTime:0.0231s ]
SQL: SHOW COLUMNS FROM `tp_series` [ RunTime:0.0243s ]
SQL: SELECT * FROM `tp_series`  [ RunTime:0.0237s ]
NOTIC: [8] Undefined index: pid D:\wamp\www\1611\1232\tp1611\Application\Common\Common\function.php 第 20 行.
NOTIC: [8] Undefined index: pid D:\wamp\www\1611\1232\tp1611\Application\Common\Common\function.php 第 20 行.
SQL: SHOW COLUMNS FROM `tp_product` [ RunTime:0.0246s ]
SQL: SELECT * FROM `tp_product` WHERE `is_trash` = 0  [ RunTime:0.0248s ]
INFO: [ view_parse ] --START--
INFO: [ template_filter ] --START--
INFO: Run Behavior\ContentReplaceBehavior [ RunTime:0.000108s ]
INFO: [ template_filter ] --END-- [ RunTime:0.000185s ]
SQL: SELECT * FROM `tp_category` WHERE `id` = 2 LIMIT 1   [ RunTime:0.0238s ]
SQL: SELECT * FROM `tp_category` WHERE `id` = 2 LIMIT 1   [ RunTime:0.0246s ]
INFO: Run Behavior\ParseTemplateBehavior [ RunTime:0.067613s ]
INFO: [ view_parse ] --END-- [ RunTime:0.067836s ]
INFO: [ view_filter ] --START--
INFO: Run Behavior\WriteHtmlCacheBehavior [ RunTime:0.000396s ]
INFO: [ view_filter ] --END-- [ RunTime:0.000458s ]
INFO: [ app_end ] --START--
INFO: Run Behavior\ShowPageTraceBehavior [ RunTime:0.000525s ]
INFO: [ app_end ] --END-- [ RunTime:0.000591s ]

[ 2017-01-14T12:16:53+08:00 ] 127.0.0.1 /1611/1232/tp1611/index.php/Admin/System/nav.html
INFO: [ app_init ] --START--
INFO: Run Behavior\BuildLiteBehavior [ RunTime:0.000022s ]
INFO: [ app_init ] --END-- [ RunTime:0.000468s ]
INFO: [ app_begin ] --START--
INFO: Run Behavior\ReadHtmlCacheBehavior [ RunTime:0.000559s ]
INFO: [ app_begin ] --END-- [ RunTime:0.000673s ]
SQL: SHOW COLUMNS FROM `tp_category` [ RunTime:0.0293s ]
SQL: SELECT * FROM `tp_category`  [ RunTime:0.0224s ]
SQL: SHOW COLUMNS FROM `tp_series` [ RunTime:0.0246s ]
SQL: SELECT * FROM `tp_series`  [ RunTime:0.0243s ]
SQL: SHOW COLUMNS FROM `tp_nav` [ RunTime:0.0274s ]
NOTIC: [8] Undefined variable: where D:\wamp\www\1611\1232\tp1611\Application\Admin\Controller\SystemController.class.php 第 28 行.
SQL: SELECT * FROM `tp_nav`  [ RunTime:0.0243s ]
INFO: [ view_parse ] --START--
INFO: [ template_filter ] --START--
INFO: Run Behavior\ContentReplaceBehavior [ RunTime:0.000098s ]
INFO: [ template_filter ] --END-- [ RunTime:0.000174s ]
NOTIC: [8] Undefined variable: page D:\wamp\www\1611\1232\tp1611\Application\Runtime\Cache\Admin\13397897687d2c7b21e7989b9204b5a7.php 第 82 行.
INFO: Run Behavior\ParseTemplateBehavior [ RunTime:0.017364s ]
INFO: [ view_parse ] --END-- [ RunTime:0.017468s ]
INFO: [ view_filter ] --START--
INFO: Run Behavior\WriteHtmlCacheBehavior [ RunTime:0.000400s ]
INFO: [ view_filter ] --END-- [ RunTime:0.000468s ]
INFO: [ app_end ] --START--
INFO: Run Behavior\ShowPageTraceBehavior [ RunTime:0.000625s ]
INFO: [ app_end ] --END-- [ RunTime:0.000707s ]

[ 2017-01-14T13:43:02+08:00 ] 127.0.0.1 /1611/1232/tp1611/index.php/Admin/System/nav.html
INFO: [ app_init ] --START--
INFO: Run Behavior\BuildLiteBehavior [ RunTime:0.000019s ]
INFO: [ app_init ] --END-- [ RunTime:0.000444s ]
INFO: [ app_begin ] --START--
INFO: Run Behavior\ReadHtmlCacheBehavior [ RunTime:0.000644s ]
INFO: [ app_begin ] --END-- [ RunTime:0.000735s ]
SQL: SHOW COLUMNS FROM `tp_category` [ RunTime:0.0306s ]
SQL: SELECT * FROM `tp_category`  [ RunTime:0.0263s ]
SQL: SHOW COLUMNS FROM `tp_series` [ RunTime:0.0266s ]
SQL: SELECT * FROM `tp_series`  [ RunTime:0.0263s ]
SQL: SHOW COLUMNS FROM `tp_nav` [ RunTime:0.0286s ]
NOTIC: [8] Undefined variable: where D:\wamp\www\1611\1232\tp1611\Application\Admin\Controller\SystemController.class.php 第 28 行.
SQL: SELECT * FROM `tp_nav`  [ RunTime:0.0266s ]
INFO: [ view_parse ] --START--
INFO: [ template_filter ] --START--
INFO: Run Behavior\ContentReplaceBehavior [ RunTime:0.000117s ]
INFO: [ template_filter ] --END-- [ RunTime:0.000201s ]
NOTIC: [8] Undefined variable: page D:\wamp\www\1611\1232\tp1611\Application\Runtime\Cache\Admin\13397897687d2c7b21e7989b9204b5a7.php 第 82 行.
INFO: Run Behavior\ParseTemplateBehavior [ RunTime:0.031749s ]
INFO: [ view_parse ] --END-- [ RunTime:0.031838s ]
INFO: [ view_filter ] --START--
INFO: Run Behavior\WriteHtmlCacheBehavior [ RunTime:0.000460s ]
INFO: [ view_filter ] --END-- [ RunTime:0.000525s ]
INFO: [ app_end ] --START--
INFO: Run Behavior\ShowPageTraceBehavior [ RunTime:0.000613s ]
INFO: [ app_end ] --END-- [ RunTime:0.000679s ]

