[ 2017-01-26T14:29:52+08:00 ] ::1 /Q2/tp1611/index.php/Admin/Index/index
INFO: [ app_init ] --START--
INFO: Run Behavior\BuildLiteBehavior [ RunTime:0.000019s ]
INFO: [ app_init ] --END-- [ RunTime:0.000375s ]
INFO: [ app_begin ] --START--
INFO: Run Behavior\ReadHtmlCacheBehavior [ RunTime:0.000465s ]
INFO: [ app_begin ] --END-- [ RunTime:0.000603s ]

[ 2017-01-26T14:29:52+08:00 ] ::1 /Q2/tp1611/index.php/Admin/Index/login.html
INFO: [ app_init ] --START--
INFO: Run Behavior\BuildLiteBehavior [ RunTime:0.000018s ]
INFO: [ app_init ] --END-- [ RunTime:0.000352s ]
INFO: [ app_begin ] --START--
INFO: Run Behavior\ReadHtmlCacheBehavior [ RunTime:0.000484s ]
INFO: [ app_begin ] --END-- [ RunTime:0.000572s ]
INFO: [ view_parse ] --START--
INFO: [ template_filter ] --START--
INFO: Run Behavior\ContentReplaceBehavior [ RunTime:0.000072s ]
INFO: [ template_filter ] --END-- [ RunTime:0.000167s ]
NOTIC: [8] Undefined variable: a E:\demo\Q2\tp1611\Application\Runtime\Cache\Admin\041185b974292283d2f6098acc3220ec.php 第 47 行.
INFO: Run Behavior\ParseTemplateBehavior [ RunTime:0.007996s ]
INFO: [ view_parse ] --END-- [ RunTime:0.008080s ]
INFO: [ view_filter ] --START--
INFO: Run Behavior\WriteHtmlCacheBehavior [ RunTime:0.000305s ]
INFO: [ view_filter ] --END-- [ RunTime:0.000385s ]
INFO: [ app_end ] --START--
INFO: Run Behavior\ShowPageTraceBehavior [ RunTime:0.000458s ]
INFO: [ app_end ] --END-- [ RunTime:0.000543s ]

[ 2017-01-26T14:29:52+08:00 ] ::1 /Q2/tp1611/index.php/Admin/Index/verify.html
INFO: [ app_init ] --START--
INFO: Run Behavior\BuildLiteBehavior [ RunTime:0.000021s ]
INFO: [ app_init ] --END-- [ RunTime:0.000397s ]
INFO: [ app_begin ] --START--
INFO: Run Behavior\ReadHtmlCacheBehavior [ RunTime:0.000456s ]
INFO: [ app_begin ] --END-- [ RunTime:0.000551s ]
INFO: [ app_end ] --START--
INFO: Run Behavior\ShowPageTraceBehavior [ RunTime:0.000514s ]
INFO: [ app_end ] --END-- [ RunTime:0.000616s ]

[ 2017-01-26T14:30:00+08:00 ] ::1 /Q2/tp1611/index.php/Admin/Index/login.html
INFO: [ app_init ] --START--
INFO: Run Behavior\BuildLiteBehavior [ RunTime:0.000026s ]
INFO: [ app_init ] --END-- [ RunTime:0.000501s ]
INFO: [ app_begin ] --START--
INFO: Run Behavior\ReadHtmlCacheBehavior [ RunTime:0.000481s ]
INFO: [ app_begin ] --END-- [ RunTime:0.000584s ]
SQL: SHOW COLUMNS FROM `tp_admin` [ RunTime:0.0876s ]
SQL: SELECT * FROM `tp_admin` WHERE `username` = 'admin' AND `password` = '21232f297a57a5a743894a0e4a801fc3' LIMIT 1   [ RunTime:0.0568s ]
INFO: [ view_parse ] --START--
INFO: [ template_filter ] --START--
INFO: Run Behavior\ContentReplaceBehavior [ RunTime:0.000062s ]
INFO: [ template_filter ] --END-- [ RunTime:0.000162s ]
INFO: Run Behavior\ParseTemplateBehavior [ RunTime:0.020420s ]
INFO: [ view_parse ] --END-- [ RunTime:0.020518s ]
INFO: [ view_filter ] --START--
INFO: Run Behavior\WriteHtmlCacheBehavior [ RunTime:0.000261s ]
INFO: [ view_filter ] --END-- [ RunTime:0.000343s ]

[ 2017-01-26T14:30:03+08:00 ] ::1 /Q2/tp1611/index.php/Admin/Index/login.html
INFO: [ app_init ] --START--
INFO: Run Behavior\BuildLiteBehavior [ RunTime:0.000059s ]
INFO: [ app_init ] --END-- [ RunTime:0.000885s ]
INFO: [ app_begin ] --START--
INFO: Run Behavior\ReadHtmlCacheBehavior [ RunTime:0.000987s ]
INFO: [ app_begin ] --END-- [ RunTime:0.001189s ]
INFO: [ view_parse ] --START--
INFO: [ template_filter ] --START--
INFO: Run Behavior\ContentReplaceBehavior [ RunTime:0.000086s ]
INFO: [ template_filter ] --END-- [ RunTime:0.000230s ]
NOTIC: [8] Undefined variable: a E:\demo\Q2\tp1611\Application\Runtime\Cache\Admin\041185b974292283d2f6098acc3220ec.php 第 47 行.
INFO: Run Behavior\ParseTemplateBehavior [ RunTime:0.010480s ]
INFO: [ view_parse ] --END-- [ RunTime:0.010630s ]
INFO: [ view_filter ] --START--
INFO: Run Behavior\WriteHtmlCacheBehavior [ RunTime:0.000358s ]
INFO: [ view_filter ] --END-- [ RunTime:0.000456s ]
INFO: [ app_end ] --START--
INFO: Run Behavior\ShowPageTraceBehavior [ RunTime:0.000487s ]
INFO: [ app_end ] --END-- [ RunTime:0.000588s ]

[ 2017-01-26T14:30:10+08:00 ] ::1 /Q2/tp1611/index.php/Admin/Index/verify.html?0.1992487946355741
INFO: [ app_init ] --START--
INFO: Run Behavior\BuildLiteBehavior [ RunTime:0.000022s ]
INFO: [ app_init ] --END-- [ RunTime:0.000471s ]
INFO: [ app_begin ] --START--
INFO: Run Behavior\ReadHtmlCacheBehavior [ RunTime:0.000555s ]
INFO: [ app_begin ] --END-- [ RunTime:0.000654s ]
INFO: [ app_end ] --START--
INFO: Run Behavior\ShowPageTraceBehavior [ RunTime:0.000608s ]
INFO: [ app_end ] --END-- [ RunTime:0.000779s ]

[ 2017-01-26T14:30:16+08:00 ] ::1 /Q2/tp1611/index.php/Admin/Index/login.html
INFO: [ app_init ] --START--
INFO: Run Behavior\BuildLiteBehavior [ RunTime:0.000021s ]
INFO: [ app_init ] --END-- [ RunTime:0.000438s ]
INFO: [ app_begin ] --START--
INFO: Run Behavior\ReadHtmlCacheBehavior [ RunTime:0.000468s ]
INFO: [ app_begin ] --END-- [ RunTime:0.000567s ]
SQL: SHOW COLUMNS FROM `tp_admin` [ RunTime:0.0456s ]
SQL: SELECT * FROM `tp_admin` WHERE `username` = 'admin' AND `password` = 'e00cf25ad42683b3df678c61f42c6bda' LIMIT 1   [ RunTime:0.0457s ]
SQL: UPDATE `tp_admin` SET `login_num`='17',`login_ip`='0.0.0.0',`login_time`='1485412216' WHERE `username` = 'admin' AND `password` = 'e00cf25ad42683b3df678c61f42c6bda' [ RunTime:0.0447s ]

[ 2017-01-26T14:30:16+08:00 ] ::1 /Q2/tp1611/index.php/Admin/Index/index.html
INFO: [ app_init ] --START--
INFO: Run Behavior\BuildLiteBehavior [ RunTime:0.000046s ]
INFO: [ app_init ] --END-- [ RunTime:0.000862s ]
INFO: [ app_begin ] --START--
INFO: Run Behavior\ReadHtmlCacheBehavior [ RunTime:0.000946s ]
INFO: [ app_begin ] --END-- [ RunTime:0.001161s ]
SQL: SHOW COLUMNS FROM `tp_admin` [ RunTime:0.0482s ]
SQL: SELECT * FROM `tp_admin` WHERE `id` = 4 LIMIT 1   [ RunTime:0.0903s ]
SQL: SHOW COLUMNS FROM `tp_limit` [ RunTime:0.1207s ]
SQL: SELECT * FROM `tp_limit` LIMIT 1   [ RunTime:0.0466s ]
SQL: SHOW COLUMNS FROM `tp_moudle` [ RunTime:0.1417s ]
SQL: SELECT * FROM `tp_moudle`  [ RunTime:0.0465s ]
SQL: SELECT * FROM `tp_moudle` WHERE `id` IN ('11','10','12','9','13','15','14','16','17','19','18','21','20','22','32','24','23','25','26','28','27','29','30','31')  [ RunTime:0.0476s ]
INFO: [ view_parse ] --START--
INFO: [ template_filter ] --START--
INFO: Run Behavior\ContentReplaceBehavior [ RunTime:0.000413s ]
INFO: [ template_filter ] --END-- [ RunTime:0.000818s ]
NOTIC: [8] Undefined variable: account E:\demo\Q2\tp1611\Application\Runtime\Cache\Admin\b595b808c2ebeeeb0478ffc30bb4e87a.php 第 92 行.
NOTIC: [8] Undefined variable: account E:\demo\Q2\tp1611\Application\Runtime\Cache\Admin\b595b808c2ebeeeb0478ffc30bb4e87a.php 第 93 行.
NOTIC: [8] Undefined variable: account E:\demo\Q2\tp1611\Application\Runtime\Cache\Admin\b595b808c2ebeeeb0478ffc30bb4e87a.php 第 94 行.
INFO: Run Behavior\ParseTemplateBehavior [ RunTime:0.065235s ]
INFO: [ view_parse ] --END-- [ RunTime:0.065647s ]
INFO: [ view_filter ] --START--
INFO: Run Behavior\WriteHtmlCacheBehavior [ RunTime:0.002006s ]
INFO: [ view_filter ] --END-- [ RunTime:0.002387s ]
INFO: [ app_end ] --START--
INFO: Run Behavior\ShowPageTraceBehavior [ RunTime:0.001883s ]
INFO: [ app_end ] --END-- [ RunTime:0.002278s ]

[ 2017-01-26T14:30:16+08:00 ] ::1 /Q2/tp1611/index.php/Admin/Index/welcome.html
INFO: [ app_init ] --START--
INFO: Run Behavior\BuildLiteBehavior [ RunTime:0.000039s ]
INFO: [ app_init ] --END-- [ RunTime:0.000713s ]
INFO: [ app_begin ] --START--
INFO: Run Behavior\ReadHtmlCacheBehavior [ RunTime:0.000822s ]
INFO: [ app_begin ] --END-- [ RunTime:0.001059s ]
INFO: [ view_parse ] --START--
INFO: [ template_filter ] --START--
INFO: Run Behavior\ContentReplaceBehavior [ RunTime:0.000075s ]
INFO: [ template_filter ] --END-- [ RunTime:0.000173s ]
INFO: Run Behavior\ParseTemplateBehavior [ RunTime:0.019748s ]
INFO: [ view_parse ] --END-- [ RunTime:0.019846s ]
INFO: [ view_filter ] --START--
INFO: Run Behavior\WriteHtmlCacheBehavior [ RunTime:0.000404s ]
INFO: [ view_filter ] --END-- [ RunTime:0.000488s ]
INFO: [ app_end ] --START--
INFO: Run Behavior\ShowPageTraceBehavior [ RunTime:0.000460s ]
INFO: [ app_end ] --END-- [ RunTime:0.000547s ]

[ 2017-01-26T14:30:20+08:00 ] ::1 /Q2/tp1611/index.php/Admin/Picture/banner.html
INFO: [ app_init ] --START--
INFO: Run Behavior\BuildLiteBehavior [ RunTime:0.000025s ]
INFO: [ app_init ] --END-- [ RunTime:0.000518s ]
INFO: [ app_begin ] --START--
INFO: Run Behavior\ReadHtmlCacheBehavior [ RunTime:0.000780s ]
INFO: [ app_begin ] --END-- [ RunTime:0.001071s ]
SQL: SHOW COLUMNS FROM `tp_category` [ RunTime:0.0472s ]
SQL: SELECT * FROM `tp_category`  [ RunTime:0.0487s ]
SQL: SHOW COLUMNS FROM `tp_series` [ RunTime:0.0499s ]
SQL: SELECT * FROM `tp_series`  [ RunTime:0.0580s ]
SQL: SHOW COLUMNS FROM `tp_banner` [ RunTime:0.0464s ]
SQL: SELECT * FROM `tp_banner`  [ RunTime:0.0647s ]
INFO: [ view_parse ] --START--
INFO: [ template_filter ] --START--
INFO: Run Behavior\ContentReplaceBehavior [ RunTime:0.000479s ]
INFO: [ template_filter ] --END-- [ RunTime:0.000875s ]
INFO: Run Behavior\ParseTemplateBehavior [ RunTime:0.039751s ]
INFO: [ view_parse ] --END-- [ RunTime:0.040047s ]
INFO: [ view_filter ] --START--
INFO: Run Behavior\WriteHtmlCacheBehavior [ RunTime:0.000791s ]
INFO: [ view_filter ] --END-- [ RunTime:0.000969s ]
INFO: [ app_end ] --START--
INFO: Run Behavior\ShowPageTraceBehavior [ RunTime:0.001112s ]
INFO: [ app_end ] --END-- [ RunTime:0.001417s ]

[ 2017-01-26T14:30:26+08:00 ] ::1 /Q2/tp1611/index.php/Admin/Picture/proPhoto.html
INFO: [ app_init ] --START--
INFO: Run Behavior\BuildLiteBehavior [ RunTime:0.000024s ]
INFO: [ app_init ] --END-- [ RunTime:0.000511s ]
INFO: [ app_begin ] --START--
INFO: Run Behavior\ReadHtmlCacheBehavior [ RunTime:0.000531s ]
INFO: [ app_begin ] --END-- [ RunTime:0.000636s ]
SQL: SHOW COLUMNS FROM `tp_category` [ RunTime:0.0448s ]
SQL: SELECT * FROM `tp_category`  [ RunTime:0.0453s ]
SQL: SHOW COLUMNS FROM `tp_series` [ RunTime:0.0487s ]
SQL: SELECT * FROM `tp_series`  [ RunTime:0.0461s ]
SQL: SHOW COLUMNS FROM `tp_product` [ RunTime:0.0466s ]
SQL: SELECT `id`,`name` FROM `tp_product`  [ RunTime:0.0443s ]
SQL: SHOW COLUMNS FROM `tp_pro_photo` [ RunTime:0.0721s ]
SQL: SELECT * FROM `tp_pro_photo`  [ RunTime:0.0453s ]
ERR: 模板不存在:./Application/Admin/View/Picture/proPhoto.html

[ 2017-01-26T14:39:36+08:00 ] ::1 /Q2/tp1611/index.php/Admin/Picture/proPhoto.html
INFO: [ app_init ] --START--
INFO: Run Behavior\BuildLiteBehavior [ RunTime:0.000023s ]
INFO: [ app_init ] --END-- [ RunTime:0.000444s ]
INFO: [ app_begin ] --START--
INFO: Run Behavior\ReadHtmlCacheBehavior [ RunTime:0.000530s ]
INFO: [ app_begin ] --END-- [ RunTime:0.000634s ]
SQL: SHOW COLUMNS FROM `tp_category` [ RunTime:0.0514s ]
SQL: SELECT * FROM `tp_category`  [ RunTime:0.0484s ]
SQL: SHOW COLUMNS FROM `tp_series` [ RunTime:0.0519s ]
SQL: SELECT * FROM `tp_series`  [ RunTime:0.0487s ]
SQL: SHOW COLUMNS FROM `tp_product` [ RunTime:0.0515s ]
SQL: SELECT `id`,`name` FROM `tp_product`  [ RunTime:0.0659s ]
SQL: SHOW COLUMNS FROM `tp_pro_photo` [ RunTime:0.0489s ]
SQL: SELECT * FROM `tp_pro_photo`  [ RunTime:0.0464s ]
INFO: [ view_parse ] --START--
INFO: [ template_filter ] --START--
INFO: Run Behavior\ContentReplaceBehavior [ RunTime:0.000202s ]
INFO: [ template_filter ] --END-- [ RunTime:0.000395s ]
INFO: Run Behavior\ParseTemplateBehavior [ RunTime:0.038198s ]
INFO: [ view_parse ] --END-- [ RunTime:0.038493s ]
INFO: [ view_filter ] --START--
INFO: Run Behavior\WriteHtmlCacheBehavior [ RunTime:0.000759s ]
INFO: [ view_filter ] --END-- [ RunTime:0.000980s ]
INFO: [ app_end ] --START--
INFO: Run Behavior\ShowPageTraceBehavior [ RunTime:0.001031s ]
INFO: [ app_end ] --END-- [ RunTime:0.001215s ]

[ 2017-01-26T14:39:39+08:00 ] ::1 /Q2/tp1611/index.php/Admin/Picture/proPhotoAdd.html
INFO: [ app_init ] --START--
INFO: Run Behavior\BuildLiteBehavior [ RunTime:0.000030s ]
INFO: [ app_init ] --END-- [ RunTime:0.000477s ]
INFO: [ app_begin ] --START--
INFO: Run Behavior\ReadHtmlCacheBehavior [ RunTime:0.000552s ]
INFO: [ app_begin ] --END-- [ RunTime:0.000671s ]
SQL: SHOW COLUMNS FROM `tp_category` [ RunTime:0.0583s ]
SQL: SELECT * FROM `tp_category`  [ RunTime:0.0480s ]
SQL: SHOW COLUMNS FROM `tp_series` [ RunTime:0.0583s ]
SQL: SELECT * FROM `tp_series`  [ RunTime:0.0583s ]
SQL: SHOW COLUMNS FROM `tp_pro_photo` [ RunTime:0.0584s ]
SQL: SELECT * FROM `tp_pro_photo` WHERE `id` = 0 LIMIT 1   [ RunTime:0.0466s ]
SQL: SHOW COLUMNS FROM `tp_product` [ RunTime:0.0568s ]
SQL: SELECT `id`,`name` FROM `tp_product`  [ RunTime:0.0464s ]
INFO: [ view_parse ] --START--
INFO: [ template_filter ] --START--
INFO: Run Behavior\ContentReplaceBehavior [ RunTime:0.000148s ]
INFO: [ template_filter ] --END-- [ RunTime:0.000249s ]
INFO: Run Behavior\ParseTemplateBehavior [ RunTime:0.020737s ]
INFO: [ view_parse ] --END-- [ RunTime:0.020890s ]
INFO: [ view_filter ] --START--
INFO: Run Behavior\WriteHtmlCacheBehavior [ RunTime:0.000545s ]
INFO: [ view_filter ] --END-- [ RunTime:0.000692s ]
INFO: [ app_end ] --START--
INFO: Run Behavior\ShowPageTraceBehavior [ RunTime:0.001679s ]
INFO: [ app_end ] --END-- [ RunTime:0.001888s ]

[ 2017-01-26T14:43:06+08:00 ] ::1 /Q2/tp1611/index.php/Admin/Picture/proPhotoAdd.html
INFO: [ app_init ] --START--
INFO: Run Behavior\BuildLiteBehavior [ RunTime:0.000029s ]
INFO: [ app_init ] --END-- [ RunTime:0.000506s ]
INFO: [ app_begin ] --START--
INFO: Run Behavior\ReadHtmlCacheBehavior [ RunTime:0.000624s ]
INFO: [ app_begin ] --END-- [ RunTime:0.000737s ]
SQL: SHOW COLUMNS FROM `tp_category` [ RunTime:0.0474s ]
SQL: SELECT * FROM `tp_category`  [ RunTime:0.0469s ]
SQL: SHOW COLUMNS FROM `tp_series` [ RunTime:0.0487s ]
SQL: SELECT * FROM `tp_series`  [ RunTime:0.0469s ]
SQL: SHOW COLUMNS FROM `tp_pro_photo` [ RunTime:0.0468s ]
SQL: SELECT * FROM `tp_pro_photo` WHERE `id` = 0 LIMIT 1   [ RunTime:0.0468s ]
SQL: SHOW COLUMNS FROM `tp_product` [ RunTime:0.0478s ]
SQL: SELECT `id`,`name` FROM `tp_product`  [ RunTime:0.0450s ]
INFO: [ view_parse ] --START--
INFO: [ template_filter ] --START--
INFO: Run Behavior\ContentReplaceBehavior [ RunTime:0.000250s ]
INFO: [ template_filter ] --END-- [ RunTime:0.000381s ]
INFO: Run Behavior\ParseTemplateBehavior [ RunTime:0.011411s ]
INFO: [ view_parse ] --END-- [ RunTime:0.011532s ]
INFO: [ view_filter ] --START--
INFO: Run Behavior\WriteHtmlCacheBehavior [ RunTime:0.000452s ]
INFO: [ view_filter ] --END-- [ RunTime:0.000535s ]
INFO: [ app_end ] --START--
INFO: Run Behavior\ShowPageTraceBehavior [ RunTime:0.000664s ]
INFO: [ app_end ] --END-- [ RunTime:0.000769s ]

[ 2017-01-26T14:43:43+08:00 ] ::1 /Q2/tp1611/index.php/Admin/Picture/proPhotoAdd.html
INFO: [ app_init ] --START--
INFO: Run Behavior\BuildLiteBehavior [ RunTime:0.000024s ]
INFO: [ app_init ] --END-- [ RunTime:0.000460s ]
INFO: [ app_begin ] --START--
INFO: Run Behavior\ReadHtmlCacheBehavior [ RunTime:0.000597s ]
INFO: [ app_begin ] --END-- [ RunTime:0.000740s ]
SQL: SHOW COLUMNS FROM `tp_category` [ RunTime:0.0477s ]
SQL: SELECT * FROM `tp_category`  [ RunTime:0.0518s ]
SQL: SHOW COLUMNS FROM `tp_series` [ RunTime:0.0451s ]
SQL: SELECT * FROM `tp_series`  [ RunTime:0.0458s ]
SQL: SHOW COLUMNS FROM `tp_pro_photo` [ RunTime:0.0463s ]
SQL: SELECT * FROM `tp_pro_photo` WHERE `id` = 0 LIMIT 1   [ RunTime:0.0461s ]
SQL: SHOW COLUMNS FROM `tp_product` [ RunTime:0.0457s ]
SQL: SELECT `id`,`name` FROM `tp_product`  [ RunTime:0.0469s ]
INFO: [ view_parse ] --START--
INFO: [ template_filter ] --START--
INFO: Run Behavior\ContentReplaceBehavior [ RunTime:0.000416s ]
INFO: [ template_filter ] --END-- [ RunTime:0.000674s ]
INFO: Run Behavior\ParseTemplateBehavior [ RunTime:0.022907s ]
INFO: [ view_parse ] --END-- [ RunTime:0.023239s ]
INFO: [ view_filter ] --START--
INFO: Run Behavior\WriteHtmlCacheBehavior [ RunTime:0.000839s ]
INFO: [ view_filter ] --END-- [ RunTime:0.001082s ]
NOTIC: [2] Cannot modify header information - headers already sent by (output started at E:\demo\Q2\tp1611\Application\Admin\Controller\PictureController.class.php:55) E:\demo\Q2\tp1611\ThinkPHP\Library\Think\View.class.php 第 91 行.
NOTIC: [2] Cannot modify header information - headers already sent by (output started at E:\demo\Q2\tp1611\Application\Admin\Controller\PictureController.class.php:55) E:\demo\Q2\tp1611\ThinkPHP\Library\Think\View.class.php 第 92 行.
NOTIC: [2] Cannot modify header information - headers already sent by (output started at E:\demo\Q2\tp1611\Application\Admin\Controller\PictureController.class.php:55) E:\demo\Q2\tp1611\ThinkPHP\Library\Think\View.class.php 第 93 行.
INFO: [ app_end ] --START--
INFO: Run Behavior\ShowPageTraceBehavior [ RunTime:0.000712s ]
INFO: [ app_end ] --END-- [ RunTime:0.000870s ]

[ 2017-01-26T14:44:04+08:00 ] ::1 /Q2/tp1611/index.php/Admin/Index/index.html
INFO: [ app_init ] --START--
INFO: Run Behavior\BuildLiteBehavior [ RunTime:0.000030s ]
INFO: [ app_init ] --END-- [ RunTime:0.000485s ]
INFO: [ app_begin ] --START--
INFO: Run Behavior\ReadHtmlCacheBehavior [ RunTime:0.000407s ]
INFO: [ app_begin ] --END-- [ RunTime:0.000505s ]

[ 2017-01-26T14:44:04+08:00 ] ::1 /Q2/tp1611/index.php/Admin/Index/login.html
INFO: [ app_init ] --START--
INFO: Run Behavior\BuildLiteBehavior [ RunTime:0.000020s ]
INFO: [ app_init ] --END-- [ RunTime:0.000363s ]
INFO: [ app_begin ] --START--
INFO: Run Behavior\ReadHtmlCacheBehavior [ RunTime:0.000396s ]
INFO: [ app_begin ] --END-- [ RunTime:0.000486s ]
INFO: [ view_parse ] --START--
INFO: [ template_filter ] --START--
INFO: Run Behavior\ContentReplaceBehavior [ RunTime:0.000072s ]
INFO: [ template_filter ] --END-- [ RunTime:0.000171s ]
NOTIC: [8] Undefined variable: a E:\demo\Q2\tp1611\Application\Runtime\Cache\Admin\041185b974292283d2f6098acc3220ec.php 第 47 行.
INFO: Run Behavior\ParseTemplateBehavior [ RunTime:0.005892s ]
INFO: [ view_parse ] --END-- [ RunTime:0.005981s ]
INFO: [ view_filter ] --START--
INFO: Run Behavior\WriteHtmlCacheBehavior [ RunTime:0.000279s ]
INFO: [ view_filter ] --END-- [ RunTime:0.000360s ]
INFO: [ app_end ] --START--
INFO: Run Behavior\ShowPageTraceBehavior [ RunTime:0.000415s ]
INFO: [ app_end ] --END-- [ RunTime:0.000500s ]

[ 2017-01-26T14:44:04+08:00 ] ::1 /Q2/tp1611/index.php/Admin/Index/verify.html
INFO: [ app_init ] --START--
INFO: Run Behavior\BuildLiteBehavior [ RunTime:0.000033s ]
INFO: [ app_init ] --END-- [ RunTime:0.000638s ]
INFO: [ app_begin ] --START--
INFO: Run Behavior\ReadHtmlCacheBehavior [ RunTime:0.000585s ]
INFO: [ app_begin ] --END-- [ RunTime:0.000684s ]
INFO: [ app_end ] --START--
INFO: Run Behavior\ShowPageTraceBehavior [ RunTime:0.000583s ]
INFO: [ app_end ] --END-- [ RunTime:0.000693s ]

[ 2017-01-26T14:44:12+08:00 ] ::1 /Q2/tp1611/index.php/Admin/Index/login.html
INFO: [ app_init ] --START--
INFO: Run Behavior\BuildLiteBehavior [ RunTime:0.000023s ]
INFO: [ app_init ] --END-- [ RunTime:0.000416s ]
INFO: [ app_begin ] --START--
INFO: Run Behavior\ReadHtmlCacheBehavior [ RunTime:0.000498s ]
INFO: [ app_begin ] --END-- [ RunTime:0.000615s ]
SQL: SHOW COLUMNS FROM `tp_admin` [ RunTime:0.0483s ]
SQL: SELECT * FROM `tp_admin` WHERE `username` = 'admin' AND `password` = 'e00cf25ad42683b3df678c61f42c6bda' LIMIT 1   [ RunTime:0.0475s ]
SQL: UPDATE `tp_admin` SET `login_num`='18',`login_ip`='0.0.0.0',`login_time`='1485413052' WHERE `username` = 'admin' AND `password` = 'e00cf25ad42683b3df678c61f42c6bda' [ RunTime:0.0511s ]

[ 2017-01-26T14:44:13+08:00 ] ::1 /Q2/tp1611/index.php/Admin/Index/index.html
INFO: [ app_init ] --START--
INFO: Run Behavior\BuildLiteBehavior [ RunTime:0.000037s ]
INFO: [ app_init ] --END-- [ RunTime:0.000785s ]
INFO: [ app_begin ] --START--
INFO: Run Behavior\ReadHtmlCacheBehavior [ RunTime:0.000955s ]
INFO: [ app_begin ] --END-- [ RunTime:0.001124s ]
SQL: SHOW COLUMNS FROM `tp_admin` [ RunTime:0.0479s ]
SQL: SELECT * FROM `tp_admin` LIMIT 1   [ RunTime:0.0484s ]
SQL: SHOW COLUMNS FROM `tp_limit` [ RunTime:0.0515s ]
SQL: SELECT * FROM `tp_limit` WHERE `id` = 1 LIMIT 1   [ RunTime:0.0478s ]
SQL: SHOW COLUMNS FROM `tp_moudle` [ RunTime:0.0489s ]
SQL: SELECT * FROM `tp_moudle`  [ RunTime:0.0482s ]
SQL: SELECT * FROM `tp_moudle` WHERE `id` IN ('11','10','12','9','13','15','14','16','17','19','18','21','20','22','32','24','23','25','26','28','27','29','30','31')  [ RunTime:0.0479s ]
INFO: [ view_parse ] --START--
INFO: [ template_filter ] --START--
INFO: Run Behavior\ContentReplaceBehavior [ RunTime:0.000202s ]
INFO: [ template_filter ] --END-- [ RunTime:0.000416s ]
NOTIC: [8] Undefined variable: account E:\demo\Q2\tp1611\Application\Runtime\Cache\Admin\b595b808c2ebeeeb0478ffc30bb4e87a.php 第 92 行.
NOTIC: [8] Undefined variable: account E:\demo\Q2\tp1611\Application\Runtime\Cache\Admin\b595b808c2ebeeeb0478ffc30bb4e87a.php 第 93 行.
NOTIC: [8] Undefined variable: account E:\demo\Q2\tp1611\Application\Runtime\Cache\Admin\b595b808c2ebeeeb0478ffc30bb4e87a.php 第 94 行.
INFO: Run Behavior\ParseTemplateBehavior [ RunTime:0.031237s ]
INFO: [ view_parse ] --END-- [ RunTime:0.031539s ]
INFO: [ view_filter ] --START--
INFO: Run Behavior\WriteHtmlCacheBehavior [ RunTime:0.001145s ]
INFO: [ view_filter ] --END-- [ RunTime:0.001349s ]
INFO: [ app_end ] --START--
INFO: Run Behavior\ShowPageTraceBehavior [ RunTime:0.001166s ]
INFO: [ app_end ] --END-- [ RunTime:0.001385s ]

[ 2017-01-26T14:44:13+08:00 ] ::1 /Q2/tp1611/index.php/Admin/Index/welcome.html
INFO: [ app_init ] --START--
INFO: Run Behavior\BuildLiteBehavior [ RunTime:0.000026s ]
INFO: [ app_init ] --END-- [ RunTime:0.000953s ]
INFO: [ app_begin ] --START--
INFO: Run Behavior\ReadHtmlCacheBehavior [ RunTime:0.000550s ]
INFO: [ app_begin ] --END-- [ RunTime:0.000654s ]
INFO: [ view_parse ] --START--
INFO: [ template_filter ] --START--
INFO: Run Behavior\ContentReplaceBehavior [ RunTime:0.000097s ]
INFO: [ template_filter ] --END-- [ RunTime:0.000224s ]
INFO: Run Behavior\ParseTemplateBehavior [ RunTime:0.006960s ]
INFO: [ view_parse ] --END-- [ RunTime:0.007067s ]
INFO: [ view_filter ] --START--
INFO: Run Behavior\WriteHtmlCacheBehavior [ RunTime:0.000331s ]
INFO: [ view_filter ] --END-- [ RunTime:0.000412s ]
INFO: [ app_end ] --START--
INFO: Run Behavior\ShowPageTraceBehavior [ RunTime:0.000584s ]
INFO: [ app_end ] --END-- [ RunTime:0.000676s ]

[ 2017-01-26T14:44:16+08:00 ] ::1 /Q2/tp1611/index.php/Admin/Info/news.html
INFO: [ app_init ] --START--
INFO: Run Behavior\BuildLiteBehavior [ RunTime:0.000051s ]
INFO: [ app_init ] --END-- [ RunTime:0.000890s ]
INFO: [ app_begin ] --START--
INFO: Run Behavior\ReadHtmlCacheBehavior [ RunTime:0.000763s ]
INFO: [ app_begin ] --END-- [ RunTime:0.000897s ]
SQL: SHOW COLUMNS FROM `tp_category` [ RunTime:0.0465s ]
SQL: SELECT * FROM `tp_category`  [ RunTime:0.0460s ]
SQL: SHOW COLUMNS FROM `tp_series` [ RunTime:0.0484s ]
SQL: SELECT * FROM `tp_series`  [ RunTime:0.0480s ]
SQL: SHOW COLUMNS FROM `tp_news` [ RunTime:0.0469s ]
SQL: SELECT * FROM `tp_news`  [ RunTime:0.0591s ]
NOTIC: [8] Undefined index: pid E:\demo\Q2\tp1611\Application\Common\Common\function.php 第 42 行.
NOTIC: [8] Undefined index: pid E:\demo\Q2\tp1611\Application\Common\Common\function.php 第 42 行.
NOTIC: [8] Undefined index: pid E:\demo\Q2\tp1611\Application\Common\Common\function.php 第 42 行.
NOTIC: [8] Undefined index: pid E:\demo\Q2\tp1611\Application\Common\Common\function.php 第 42 行.
NOTIC: [8] Undefined index: pid E:\demo\Q2\tp1611\Application\Common\Common\function.php 第 42 行.
NOTIC: [8] Undefined index: pid E:\demo\Q2\tp1611\Application\Common\Common\function.php 第 42 行.
NOTIC: [8] Undefined index: pid E:\demo\Q2\tp1611\Application\Common\Common\function.php 第 42 行.
NOTIC: [8] Undefined index: pid E:\demo\Q2\tp1611\Application\Common\Common\function.php 第 42 行.
NOTIC: [8] Undefined index: pid E:\demo\Q2\tp1611\Application\Common\Common\function.php 第 42 行.
NOTIC: [8] Undefined index: pid E:\demo\Q2\tp1611\Application\Common\Common\function.php 第 42 行.
NOTIC: [8] Undefined index: pid E:\demo\Q2\tp1611\Application\Common\Common\function.php 第 42 行.
NOTIC: [8] Undefined index: pid E:\demo\Q2\tp1611\Application\Common\Common\function.php 第 42 行.
INFO: [ view_parse ] --START--
INFO: [ template_filter ] --START--
INFO: Run Behavior\ContentReplaceBehavior [ RunTime:0.000096s ]
INFO: [ template_filter ] --END-- [ RunTime:0.000191s ]
SQL: SELECT * FROM `tp_category` WHERE `id` = 2 LIMIT 1   [ RunTime:0.0467s ]
SQL: SELECT * FROM `tp_category` WHERE `id` = 11 LIMIT 1   [ RunTime:0.0460s ]
SQL: SELECT * FROM `tp_category` WHERE `id` = 12 LIMIT 1   [ RunTime:0.0467s ]
SQL: SELECT * FROM `tp_category` WHERE `id` = 2 LIMIT 1   [ RunTime:0.0495s ]
SQL: SELECT * FROM `tp_category` WHERE `id` = 11 LIMIT 1   [ RunTime:0.0461s ]
SQL: SELECT * FROM `tp_category` WHERE `id` = 12 LIMIT 1   [ RunTime:0.0460s ]
SQL: SELECT * FROM `tp_category` WHERE `id` = 2 LIMIT 1   [ RunTime:0.0470s ]
SQL: SELECT * FROM `tp_category` WHERE `id` = 11 LIMIT 1   [ RunTime:0.0463s ]
SQL: SELECT * FROM `tp_category` WHERE `id` = 12 LIMIT 1   [ RunTime:0.0470s ]
SQL: SELECT * FROM `tp_category` WHERE `id` = 2 LIMIT 1   [ RunTime:0.0465s ]
SQL: SELECT * FROM `tp_category` WHERE `id` = 11 LIMIT 1   [ RunTime:0.0468s ]
SQL: SELECT * FROM `tp_category` WHERE `id` = 12 LIMIT 1   [ RunTime:0.0461s ]
SQL: SELECT * FROM `tp_category` WHERE `id` = 2 LIMIT 1   [ RunTime:0.0478s ]
SQL: SELECT * FROM `tp_category` WHERE `id` = 11 LIMIT 1   [ RunTime:0.0479s ]
SQL: SELECT * FROM `tp_category` WHERE `id` = 12 LIMIT 1   [ RunTime:0.0470s ]
INFO: Run Behavior\ParseTemplateBehavior [ RunTime:0.750582s ]
INFO: [ view_parse ] --END-- [ RunTime:0.750881s ]
INFO: [ view_filter ] --START--
INFO: Run Behavior\WriteHtmlCacheBehavior [ RunTime:0.001292s ]
INFO: [ view_filter ] --END-- [ RunTime:0.001685s ]
INFO: [ app_end ] --START--
INFO: Run Behavior\ShowPageTraceBehavior [ RunTime:0.001753s ]
INFO: [ app_end ] --END-- [ RunTime:0.002148s ]

[ 2017-01-26T14:44:19+08:00 ] ::1 /Q2/tp1611/index.php/Admin/Picture/proPhoto.html
INFO: [ app_init ] --START--
INFO: Run Behavior\BuildLiteBehavior [ RunTime:0.000021s ]
INFO: [ app_init ] --END-- [ RunTime:0.000439s ]
INFO: [ app_begin ] --START--
INFO: Run Behavior\ReadHtmlCacheBehavior [ RunTime:0.000476s ]
INFO: [ app_begin ] --END-- [ RunTime:0.000575s ]
SQL: SHOW COLUMNS FROM `tp_category` [ RunTime:0.0454s ]
SQL: SELECT * FROM `tp_category`  [ RunTime:0.0479s ]
SQL: SHOW COLUMNS FROM `tp_series` [ RunTime:0.0489s ]
SQL: SELECT * FROM `tp_series`  [ RunTime:0.0482s ]
SQL: SHOW COLUMNS FROM `tp_product` [ RunTime:0.0459s ]
SQL: SELECT `id`,`name` FROM `tp_product`  [ RunTime:0.0454s ]
SQL: SHOW COLUMNS FROM `tp_pro_photo` [ RunTime:0.0506s ]
SQL: SELECT * FROM `tp_pro_photo`  [ RunTime:0.0463s ]
INFO: [ view_parse ] --START--
INFO: [ template_filter ] --START--
INFO: Run Behavior\ContentReplaceBehavior [ RunTime:0.000414s ]
INFO: [ template_filter ] --END-- [ RunTime:0.000817s ]
INFO: Run Behavior\ParseTemplateBehavior [ RunTime:0.036703s ]
INFO: [ view_parse ] --END-- [ RunTime:0.037102s ]
INFO: [ view_filter ] --START--
INFO: Run Behavior\WriteHtmlCacheBehavior [ RunTime:0.001521s ]
INFO: [ view_filter ] --END-- [ RunTime:0.002163s ]
INFO: [ app_end ] --START--
INFO: Run Behavior\ShowPageTraceBehavior [ RunTime:0.001041s ]
INFO: [ app_end ] --END-- [ RunTime:0.001256s ]

[ 2017-01-26T14:44:21+08:00 ] ::1 /Q2/tp1611/index.php/Admin/Picture/proPhotoAdd.html
INFO: [ app_init ] --START--
INFO: Run Behavior\BuildLiteBehavior [ RunTime:0.000022s ]
INFO: [ app_init ] --END-- [ RunTime:0.000405s ]
INFO: [ app_begin ] --START--
INFO: Run Behavior\ReadHtmlCacheBehavior [ RunTime:0.000479s ]
INFO: [ app_begin ] --END-- [ RunTime:0.000592s ]
SQL: SHOW COLUMNS FROM `tp_category` [ RunTime:0.0452s ]
SQL: SELECT * FROM `tp_category`  [ RunTime:0.0446s ]
SQL: SHOW COLUMNS FROM `tp_series` [ RunTime:0.0456s ]
SQL: SELECT * FROM `tp_series`  [ RunTime:0.0456s ]
SQL: SHOW COLUMNS FROM `tp_pro_photo` [ RunTime:0.0459s ]
SQL: SELECT * FROM `tp_pro_photo` WHERE `id` = 0 LIMIT 1   [ RunTime:0.0469s ]
SQL: SHOW COLUMNS FROM `tp_product` [ RunTime:0.0463s ]
SQL: SELECT `id`,`name` FROM `tp_product`  [ RunTime:0.0440s ]
INFO: [ view_parse ] --START--
INFO: [ template_filter ] --START--
INFO: Run Behavior\ContentReplaceBehavior [ RunTime:0.000434s ]
INFO: [ template_filter ] --END-- [ RunTime:0.000708s ]
INFO: Run Behavior\ParseTemplateBehavior [ RunTime:0.022441s ]
INFO: [ view_parse ] --END-- [ RunTime:0.022723s ]
INFO: [ view_filter ] --START--
INFO: Run Behavior\WriteHtmlCacheBehavior [ RunTime:0.001022s ]
INFO: [ view_filter ] --END-- [ RunTime:0.001270s ]
NOTIC: [2] Cannot modify header information - headers already sent by (output started at E:\demo\Q2\tp1611\Application\Admin\Controller\PictureController.class.php:55) E:\demo\Q2\tp1611\ThinkPHP\Library\Think\View.class.php 第 91 行.
NOTIC: [2] Cannot modify header information - headers already sent by (output started at E:\demo\Q2\tp1611\Application\Admin\Controller\PictureController.class.php:55) E:\demo\Q2\tp1611\ThinkPHP\Library\Think\View.class.php 第 92 行.
NOTIC: [2] Cannot modify header information - headers already sent by (output started at E:\demo\Q2\tp1611\Application\Admin\Controller\PictureController.class.php:55) E:\demo\Q2\tp1611\ThinkPHP\Library\Think\View.class.php 第 93 行.
INFO: [ app_end ] --START--
INFO: Run Behavior\ShowPageTraceBehavior [ RunTime:0.001225s ]
INFO: [ app_end ] --END-- [ RunTime:0.001491s ]

[ 2017-01-26T14:56:32+08:00 ] ::1 /Q2/tp1611/index.php/Admin/Picture/proPhotoAdd.html
INFO: [ app_init ] --START--
INFO: Run Behavior\BuildLiteBehavior [ RunTime:0.000056s ]
INFO: [ app_init ] --END-- [ RunTime:0.000751s ]
INFO: [ app_begin ] --START--
INFO: Run Behavior\ReadHtmlCacheBehavior [ RunTime:0.000800s ]
INFO: [ app_begin ] --END-- [ RunTime:0.000928s ]
SQL: SHOW COLUMNS FROM `tp_category` [ RunTime:0.0469s ]
SQL: SELECT * FROM `tp_category`  [ RunTime:0.0458s ]
SQL: SHOW COLUMNS FROM `tp_series` [ RunTime:0.0596s ]
SQL: SELECT * FROM `tp_series`  [ RunTime:0.0463s ]
SQL: SHOW COLUMNS FROM `tp_pro_photo` [ RunTime:0.0459s ]
SQL: SELECT * FROM `tp_pro_photo` WHERE `id` = 0 LIMIT 1   [ RunTime:0.0463s ]

[ 2017-01-26T14:57:02+08:00 ] ::1 /Q2/tp1611/index.php/Admin/Picture/proPhotoAdd.html
INFO: [ app_init ] --START--
INFO: Run Behavior\BuildLiteBehavior [ RunTime:0.000035s ]
INFO: [ app_init ] --END-- [ RunTime:0.000697s ]
INFO: [ app_begin ] --START--
INFO: Run Behavior\ReadHtmlCacheBehavior [ RunTime:0.000710s ]
INFO: [ app_begin ] --END-- [ RunTime:0.000866s ]
SQL: SHOW COLUMNS FROM `tp_category` [ RunTime:0.0481s ]
SQL: SELECT * FROM `tp_category`  [ RunTime:0.0457s ]
SQL: SHOW COLUMNS FROM `tp_series` [ RunTime:0.0481s ]
SQL: SELECT * FROM `tp_series`  [ RunTime:0.0471s ]
SQL: SHOW COLUMNS FROM `tp_pro_photo` [ RunTime:0.0485s ]
SQL: SELECT * FROM `tp_pro_photo` WHERE `id` = 0 LIMIT 1   [ RunTime:0.0470s ]

[ 2017-01-26T14:57:35+08:00 ] ::1 /Q2/tp1611/index.php/Admin/Picture/proPhotoAdd.html
INFO: [ app_init ] --START--
INFO: Run Behavior\BuildLiteBehavior [ RunTime:0.000033s ]
INFO: [ app_init ] --END-- [ RunTime:0.000618s ]
INFO: [ app_begin ] --START--
INFO: Run Behavior\ReadHtmlCacheBehavior [ RunTime:0.000584s ]
INFO: [ app_begin ] --END-- [ RunTime:0.000719s ]
SQL: SHOW COLUMNS FROM `tp_category` [ RunTime:0.0476s ]
SQL: SELECT * FROM `tp_category`  [ RunTime:0.0457s ]
SQL: SHOW COLUMNS FROM `tp_series` [ RunTime:0.0460s ]
SQL: SELECT * FROM `tp_series`  [ RunTime:0.0471s ]
SQL: SHOW COLUMNS FROM `tp_pro_photo` [ RunTime:0.0451s ]
SQL: SELECT * FROM `tp_pro_photo` WHERE `id` = 0 LIMIT 1   [ RunTime:0.0452s ]
SQL: SHOW COLUMNS FROM `tp_product` [ RunTime:0.0473s ]
SQL: SELECT `id`,`name` FROM `tp_product`  [ RunTime:0.0460s ]
INFO: [ view_parse ] --START--
INFO: [ template_filter ] --START--
INFO: Run Behavior\ContentReplaceBehavior [ RunTime:0.000361s ]
INFO: [ template_filter ] --END-- [ RunTime:0.000594s ]
INFO: Run Behavior\ParseTemplateBehavior [ RunTime:0.032928s ]
INFO: [ view_parse ] --END-- [ RunTime:0.035087s ]
INFO: [ view_filter ] --START--
INFO: Run Behavior\WriteHtmlCacheBehavior [ RunTime:0.001342s ]
INFO: [ view_filter ] --END-- [ RunTime:0.001567s ]
INFO: [ app_end ] --START--
INFO: Run Behavior\ShowPageTraceBehavior [ RunTime:0.001467s ]
INFO: [ app_end ] --END-- [ RunTime:0.001695s ]

[ 2017-01-26T14:57:49+08:00 ] ::1 /Q2/tp1611/index.php/Admin/Picture/proPhotoAdd.html
INFO: [ app_init ] --START--
INFO: Run Behavior\BuildLiteBehavior [ RunTime:0.000024s ]
INFO: [ app_init ] --END-- [ RunTime:0.000544s ]
INFO: [ app_begin ] --START--
INFO: Run Behavior\ReadHtmlCacheBehavior [ RunTime:0.000717s ]
INFO: [ app_begin ] --END-- [ RunTime:0.000831s ]
SQL: SHOW COLUMNS FROM `tp_category` [ RunTime:0.0514s ]
SQL: SELECT * FROM `tp_category`  [ RunTime:0.0481s ]
SQL: SHOW COLUMNS FROM `tp_series` [ RunTime:0.0488s ]
SQL: SELECT * FROM `tp_series`  [ RunTime:0.0475s ]
SQL: SHOW COLUMNS FROM `tp_pro_photo` [ RunTime:0.0480s ]
SQL: SELECT * FROM `tp_pro_photo` WHERE `id` = 0 LIMIT 1   [ RunTime:0.0459s ]
SQL: SHOW COLUMNS FROM `tp_product` [ RunTime:0.0477s ]
SQL: SELECT `id`,`name` FROM `tp_product`  [ RunTime:0.0524s ]
INFO: [ view_parse ] --START--
INFO: [ template_filter ] --START--
INFO: Run Behavior\ContentReplaceBehavior [ RunTime:0.000656s ]
INFO: [ template_filter ] --END-- [ RunTime:0.001058s ]
INFO: Run Behavior\ParseTemplateBehavior [ RunTime:0.033315s ]
INFO: [ view_parse ] --END-- [ RunTime:0.033597s ]
INFO: [ view_filter ] --START--
INFO: Run Behavior\WriteHtmlCacheBehavior [ RunTime:0.000562s ]
INFO: [ view_filter ] --END-- [ RunTime:0.000710s ]
INFO: [ app_end ] --START--
INFO: Run Behavior\ShowPageTraceBehavior [ RunTime:0.000735s ]
INFO: [ app_end ] --END-- [ RunTime:0.000895s ]

[ 2017-01-26T14:58:16+08:00 ] ::1 /Q2/tp1611/index.php/Admin/Picture/proPhotoAdd.html
INFO: [ app_init ] --START--
INFO: Run Behavior\BuildLiteBehavior [ RunTime:0.000026s ]
INFO: [ app_init ] --END-- [ RunTime:0.000620s ]
INFO: [ app_begin ] --START--
INFO: Run Behavior\ReadHtmlCacheBehavior [ RunTime:0.000664s ]
INFO: [ app_begin ] --END-- [ RunTime:0.000816s ]
SQL: SHOW COLUMNS FROM `tp_category` [ RunTime:0.0578s ]
SQL: SELECT * FROM `tp_category`  [ RunTime:0.0501s ]
SQL: SHOW COLUMNS FROM `tp_series` [ RunTime:0.0534s ]
SQL: SELECT * FROM `tp_series`  [ RunTime:0.0491s ]
SQL: SHOW COLUMNS FROM `tp_pro_photo` [ RunTime:0.0515s ]
SQL: SELECT * FROM `tp_pro_photo` WHERE `id` = 0 LIMIT 1   [ RunTime:0.0538s ]
SQL: SHOW COLUMNS FROM `tp_product` [ RunTime:0.0629s ]
SQL: SELECT `id`,`name` FROM `tp_product`  [ RunTime:0.0531s ]
INFO: [ view_parse ] --START--
INFO: [ template_filter ] --START--
INFO: Run Behavior\ContentReplaceBehavior [ RunTime:0.000414s ]
INFO: [ template_filter ] --END-- [ RunTime:0.000689s ]
INFO: Run Behavior\ParseTemplateBehavior [ RunTime:0.018273s ]
INFO: [ view_parse ] --END-- [ RunTime:0.018554s ]
INFO: [ view_filter ] --START--
INFO: Run Behavior\WriteHtmlCacheBehavior [ RunTime:0.000726s ]
INFO: [ view_filter ] --END-- [ RunTime:0.000947s ]
INFO: [ app_end ] --START--
INFO: Run Behavior\ShowPageTraceBehavior [ RunTime:0.001037s ]
INFO: [ app_end ] --END-- [ RunTime:0.001257s ]

[ 2017-01-26T14:58:29+08:00 ] ::1 /Q2/tp1611/index.php/Admin/Picture/proPhotoAdd.html
INFO: [ app_init ] --START--
INFO: Run Behavior\BuildLiteBehavior [ RunTime:0.000032s ]
INFO: [ app_init ] --END-- [ RunTime:0.000522s ]
INFO: [ app_begin ] --START--
INFO: Run Behavior\ReadHtmlCacheBehavior [ RunTime:0.000643s ]
INFO: [ app_begin ] --END-- [ RunTime:0.000786s ]
SQL: SHOW COLUMNS FROM `tp_category` [ RunTime:0.0471s ]
SQL: SELECT * FROM `tp_category`  [ RunTime:0.0468s ]
SQL: SHOW COLUMNS FROM `tp_series` [ RunTime:0.0485s ]
SQL: SELECT * FROM `tp_series`  [ RunTime:0.0582s ]
SQL: SHOW COLUMNS FROM `tp_pro_photo` [ RunTime:0.0480s ]
SQL: SELECT * FROM `tp_pro_photo` WHERE `id` = 0 LIMIT 1   [ RunTime:0.0537s ]
SQL: SHOW COLUMNS FROM `tp_product` [ RunTime:0.0487s ]
SQL: SELECT `id`,`name` FROM `tp_product`  [ RunTime:0.0442s ]
INFO: [ view_parse ] --START--
INFO: [ template_filter ] --START--
INFO: Run Behavior\ContentReplaceBehavior [ RunTime:0.000151s ]
INFO: [ template_filter ] --END-- [ RunTime:0.000300s ]
INFO: Run Behavior\ParseTemplateBehavior [ RunTime:0.009585s ]
INFO: [ view_parse ] --END-- [ RunTime:0.009683s ]
INFO: [ view_filter ] --START--
INFO: Run Behavior\WriteHtmlCacheBehavior [ RunTime:0.000339s ]
INFO: [ view_filter ] --END-- [ RunTime:0.000420s ]
INFO: [ app_end ] --START--
INFO: Run Behavior\ShowPageTraceBehavior [ RunTime:0.000597s ]
INFO: [ app_end ] --END-- [ RunTime:0.000727s ]

[ 2017-01-26T14:59:50+08:00 ] ::1 /Q2/tp1611/index.php/Admin/Picture/proPhotoAdd.html
INFO: [ app_init ] --START--
INFO: Run Behavior\BuildLiteBehavior [ RunTime:0.000027s ]
INFO: [ app_init ] --END-- [ RunTime:0.000551s ]
INFO: [ app_begin ] --START--
INFO: Run Behavior\ReadHtmlCacheBehavior [ RunTime:0.000650s ]
INFO: [ app_begin ] --END-- [ RunTime:0.000760s ]
SQL: SHOW COLUMNS FROM `tp_category` [ RunTime:0.0574s ]
SQL: SELECT * FROM `tp_category`  [ RunTime:0.0479s ]
SQL: SHOW COLUMNS FROM `tp_series` [ RunTime:0.0501s ]
SQL: SELECT * FROM `tp_series`  [ RunTime:0.0606s ]
SQL: SHOW COLUMNS FROM `tp_pro_photo` [ RunTime:0.0484s ]
SQL: SELECT * FROM `tp_pro_photo` WHERE `id` = 0 LIMIT 1   [ RunTime:0.0468s ]
SQL: SHOW COLUMNS FROM `tp_product` [ RunTime:0.0489s ]
SQL: SELECT `id`,`name` FROM `tp_product`  [ RunTime:0.0468s ]
INFO: [ view_parse ] --START--
INFO: [ template_filter ] --START--
INFO: Run Behavior\ContentReplaceBehavior [ RunTime:0.000160s ]
INFO: [ template_filter ] --END-- [ RunTime:0.000270s ]
INFO: Run Behavior\ParseTemplateBehavior [ RunTime:0.010973s ]
INFO: [ view_parse ] --END-- [ RunTime:0.011091s ]
INFO: [ view_filter ] --START--
INFO: Run Behavior\WriteHtmlCacheBehavior [ RunTime:0.000476s ]
INFO: [ view_filter ] --END-- [ RunTime:0.000584s ]
INFO: [ app_end ] --START--
INFO: Run Behavior\ShowPageTraceBehavior [ RunTime:0.000842s ]
INFO: [ app_end ] --END-- [ RunTime:0.000958s ]

[ 2017-01-26T14:59:56+08:00 ] ::1 /Q2/tp1611/index.php/Admin/Picture/proPhotoAdd.html
INFO: [ app_init ] --START--
INFO: Run Behavior\BuildLiteBehavior [ RunTime:0.000058s ]
INFO: [ app_init ] --END-- [ RunTime:0.000752s ]
INFO: [ app_begin ] --START--
INFO: Run Behavior\ReadHtmlCacheBehavior [ RunTime:0.000671s ]
INFO: [ app_begin ] --END-- [ RunTime:0.000773s ]
SQL: SHOW COLUMNS FROM `tp_category` [ RunTime:0.0558s ]
SQL: SELECT * FROM `tp_category`  [ RunTime:0.0627s ]
SQL: SHOW COLUMNS FROM `tp_series` [ RunTime:0.0480s ]
SQL: SELECT * FROM `tp_series`  [ RunTime:0.0583s ]
SQL: SHOW COLUMNS FROM `tp_pro_photo` [ RunTime:0.0481s ]
SQL: SELECT * FROM `tp_pro_photo` WHERE `id` = 0 LIMIT 1   [ RunTime:0.0465s ]
SQL: SHOW COLUMNS FROM `tp_product` [ RunTime:0.0487s ]
SQL: SELECT `id`,`name` FROM `tp_product`  [ RunTime:0.0506s ]
INFO: [ view_parse ] --START--
INFO: [ template_filter ] --START--
INFO: Run Behavior\ContentReplaceBehavior [ RunTime:0.000653s ]
INFO: [ template_filter ] --END-- [ RunTime:0.001052s ]
INFO: Run Behavior\ParseTemplateBehavior [ RunTime:0.036855s ]
INFO: [ view_parse ] --END-- [ RunTime:0.037263s ]
INFO: [ view_filter ] --START--
INFO: Run Behavior\WriteHtmlCacheBehavior [ RunTime:0.001389s ]
INFO: [ view_filter ] --END-- [ RunTime:0.001757s ]
INFO: [ app_end ] --START--
INFO: Run Behavior\ShowPageTraceBehavior [ RunTime:0.001982s ]
INFO: [ app_end ] --END-- [ RunTime:0.002378s ]

[ 2017-01-26T15:03:06+08:00 ] ::1 /Q2/tp1611/index.php/Admin/Picture/banner.html
INFO: [ app_init ] --START--
INFO: Run Behavior\BuildLiteBehavior [ RunTime:0.000030s ]
INFO: [ app_init ] --END-- [ RunTime:0.000546s ]
INFO: [ app_begin ] --START--
INFO: Run Behavior\ReadHtmlCacheBehavior [ RunTime:0.000529s ]
INFO: [ app_begin ] --END-- [ RunTime:0.000620s ]
SQL: SHOW COLUMNS FROM `tp_category` [ RunTime:0.0465s ]
SQL: SELECT * FROM `tp_category`  [ RunTime:0.0453s ]
SQL: SHOW COLUMNS FROM `tp_series` [ RunTime:0.0445s ]
SQL: SELECT * FROM `tp_series`  [ RunTime:0.0454s ]
SQL: SHOW COLUMNS FROM `tp_banner` [ RunTime:0.0444s ]
SQL: SELECT * FROM `tp_banner`  [ RunTime:0.0430s ]
INFO: [ view_parse ] --START--
INFO: [ template_filter ] --START--
INFO: Run Behavior\ContentReplaceBehavior [ RunTime:0.000457s ]
INFO: [ template_filter ] --END-- [ RunTime:0.000850s ]
INFO: Run Behavior\ParseTemplateBehavior [ RunTime:0.039839s ]
INFO: [ view_parse ] --END-- [ RunTime:0.040170s ]
INFO: [ view_filter ] --START--
INFO: Run Behavior\WriteHtmlCacheBehavior [ RunTime:0.001014s ]
INFO: [ view_filter ] --END-- [ RunTime:0.001246s ]
INFO: [ app_end ] --START--
INFO: Run Behavior\ShowPageTraceBehavior [ RunTime:0.001281s ]
INFO: [ app_end ] --END-- [ RunTime:0.001526s ]

[ 2017-01-26T15:03:09+08:00 ] ::1 /Q2/tp1611/index.php/Admin/Picture/bannerAdd.html
INFO: [ app_init ] --START--
INFO: Run Behavior\BuildLiteBehavior [ RunTime:0.000023s ]
INFO: [ app_init ] --END-- [ RunTime:0.000425s ]
INFO: [ app_begin ] --START--
INFO: Run Behavior\ReadHtmlCacheBehavior [ RunTime:0.000562s ]
INFO: [ app_begin ] --END-- [ RunTime:0.000674s ]
SQL: SHOW COLUMNS FROM `tp_category` [ RunTime:0.0485s ]
SQL: SELECT * FROM `tp_category`  [ RunTime:0.0452s ]
SQL: SHOW COLUMNS FROM `tp_series` [ RunTime:0.0468s ]
SQL: SELECT * FROM `tp_series`  [ RunTime:0.0478s ]
SQL: SHOW COLUMNS FROM `tp_banner` [ RunTime:0.0482s ]
SQL: SELECT * FROM `tp_banner` WHERE `id` = 0 LIMIT 1   [ RunTime:0.0694s ]
INFO: [ view_parse ] --START--
INFO: [ template_filter ] --START--
INFO: Run Behavior\ContentReplaceBehavior [ RunTime:0.000635s ]
INFO: [ template_filter ] --END-- [ RunTime:0.001040s ]
INFO: Run Behavior\ParseTemplateBehavior [ RunTime:0.038356s ]
INFO: [ view_parse ] --END-- [ RunTime:0.038679s ]
INFO: [ view_filter ] --START--
INFO: Run Behavior\WriteHtmlCacheBehavior [ RunTime:0.000939s ]
INFO: [ view_filter ] --END-- [ RunTime:0.001169s ]
INFO: [ app_end ] --START--
INFO: Run Behavior\ShowPageTraceBehavior [ RunTime:0.001106s ]
INFO: [ app_end ] --END-- [ RunTime:0.001354s ]

[ 2017-01-26T15:03:15+08:00 ] ::1 /Q2/tp1611/index.php/Admin/Picture/banner.html
INFO: [ app_init ] --START--
INFO: Run Behavior\BuildLiteBehavior [ RunTime:0.000022s ]
INFO: [ app_init ] --END-- [ RunTime:0.000447s ]
INFO: [ app_begin ] --START--
INFO: Run Behavior\ReadHtmlCacheBehavior [ RunTime:0.000507s ]
INFO: [ app_begin ] --END-- [ RunTime:0.000608s ]
SQL: SHOW COLUMNS FROM `tp_category` [ RunTime:0.0458s ]
SQL: SELECT * FROM `tp_category`  [ RunTime:0.0443s ]
SQL: SHOW COLUMNS FROM `tp_series` [ RunTime:0.0468s ]
SQL: SELECT * FROM `tp_series`  [ RunTime:0.0463s ]
SQL: SHOW COLUMNS FROM `tp_banner` [ RunTime:0.0460s ]
SQL: SELECT * FROM `tp_banner`  [ RunTime:0.0478s ]
INFO: [ view_parse ] --START--
INFO: [ template_filter ] --START--
INFO: Run Behavior\ContentReplaceBehavior [ RunTime:0.000462s ]
INFO: [ template_filter ] --END-- [ RunTime:0.000856s ]
INFO: Run Behavior\ParseTemplateBehavior [ RunTime:0.042225s ]
INFO: [ view_parse ] --END-- [ RunTime:0.042668s ]
INFO: [ view_filter ] --START--
INFO: Run Behavior\WriteHtmlCacheBehavior [ RunTime:0.001623s ]
INFO: [ view_filter ] --END-- [ RunTime:0.002027s ]
INFO: [ app_end ] --START--
INFO: Run Behavior\ShowPageTraceBehavior [ RunTime:0.001972s ]
INFO: [ app_end ] --END-- [ RunTime:0.002379s ]

[ 2017-01-26T15:03:16+08:00 ] ::1 /Q2/tp1611/index.php/Admin/Picture/bannerAdd.html
INFO: [ app_init ] --START--
INFO: Run Behavior\BuildLiteBehavior [ RunTime:0.000030s ]
INFO: [ app_init ] --END-- [ RunTime:0.000672s ]
INFO: [ app_begin ] --START--
INFO: Run Behavior\ReadHtmlCacheBehavior [ RunTime:0.000917s ]
INFO: [ app_begin ] --END-- [ RunTime:0.001086s ]
SQL: SHOW COLUMNS FROM `tp_category` [ RunTime:0.0460s ]
SQL: SELECT * FROM `tp_category`  [ RunTime:0.0474s ]
SQL: SHOW COLUMNS FROM `tp_series` [ RunTime:0.0466s ]
SQL: SELECT * FROM `tp_series`  [ RunTime:0.0452s ]
SQL: SHOW COLUMNS FROM `tp_banner` [ RunTime:0.0470s ]
SQL: SELECT * FROM `tp_banner` WHERE `id` = 0 LIMIT 1   [ RunTime:0.0460s ]
INFO: [ view_parse ] --START--
INFO: [ template_filter ] --START--
INFO: Run Behavior\ContentReplaceBehavior [ RunTime:0.000327s ]
INFO: [ template_filter ] --END-- [ RunTime:0.000667s ]
INFO: Run Behavior\ParseTemplateBehavior [ RunTime:0.012135s ]
INFO: [ view_parse ] --END-- [ RunTime:0.012255s ]
INFO: [ view_filter ] --START--
INFO: Run Behavior\WriteHtmlCacheBehavior [ RunTime:0.000414s ]
INFO: [ view_filter ] --END-- [ RunTime:0.000497s ]
INFO: [ app_end ] --START--
INFO: Run Behavior\ShowPageTraceBehavior [ RunTime:0.000627s ]
INFO: [ app_end ] --END-- [ RunTime:0.000745s ]

