[ 2017-01-08T00:04:55+08:00 ] ::1 /Q2/tp1611/index.php/Admin/Index/index
INFO: [ app_init ] --START--
INFO: Run Behavior\BuildLiteBehavior [ RunTime:0.000022s ]
INFO: [ app_init ] --END-- [ RunTime:0.000443s ]
INFO: [ app_begin ] --START--
INFO: Run Behavior\ReadHtmlCacheBehavior [ RunTime:0.000490s ]
INFO: [ app_begin ] --END-- [ RunTime:0.000590s ]

[ 2017-01-08T00:04:55+08:00 ] ::1 /Q2/tp1611/index.php/Admin/Index/login.html
INFO: [ app_init ] --START--
INFO: Run Behavior\BuildLiteBehavior [ RunTime:0.000022s ]
INFO: [ app_init ] --END-- [ RunTime:0.000411s ]
INFO: [ app_begin ] --START--
INFO: Run Behavior\ReadHtmlCacheBehavior [ RunTime:0.000550s ]
INFO: [ app_begin ] --END-- [ RunTime:0.000662s ]
INFO: [ view_parse ] --START--
INFO: [ template_filter ] --START--
INFO: Run Behavior\ContentReplaceBehavior [ RunTime:0.000081s ]
INFO: [ template_filter ] --END-- [ RunTime:0.000192s ]
NOTIC: [8] Undefined variable: a E:\demo\Q2\tp1611\Application\Runtime\Cache\Admin\041185b974292283d2f6098acc3220ec.php 第 47 行.
INFO: Run Behavior\ParseTemplateBehavior [ RunTime:0.018322s ]
INFO: [ view_parse ] --END-- [ RunTime:0.018430s ]
INFO: [ view_filter ] --START--
INFO: Run Behavior\WriteHtmlCacheBehavior [ RunTime:0.000352s ]
INFO: [ view_filter ] --END-- [ RunTime:0.000448s ]
INFO: [ app_end ] --START--
INFO: Run Behavior\ShowPageTraceBehavior [ RunTime:0.000498s ]
INFO: [ app_end ] --END-- [ RunTime:0.000593s ]

[ 2017-01-08T00:04:55+08:00 ] ::1 /Q2/tp1611/index.php/Admin/Index/verify.html
INFO: [ app_init ] --START--
INFO: Run Behavior\BuildLiteBehavior [ RunTime:0.000110s ]
INFO: [ app_init ] --END-- [ RunTime:0.001010s ]
INFO: [ app_begin ] --START--
INFO: Run Behavior\ReadHtmlCacheBehavior [ RunTime:0.000462s ]
INFO: [ app_begin ] --END-- [ RunTime:0.000565s ]
INFO: [ app_end ] --START--
INFO: Run Behavior\ShowPageTraceBehavior [ RunTime:0.000515s ]
INFO: [ app_end ] --END-- [ RunTime:0.000627s ]

[ 2017-01-08T00:05:08+08:00 ] ::1 /Q2/tp1611/index.php/Admin/Index/login.html
INFO: [ app_init ] --START--
INFO: Run Behavior\BuildLiteBehavior [ RunTime:0.000023s ]
INFO: [ app_init ] --END-- [ RunTime:0.000501s ]
INFO: [ app_begin ] --START--
INFO: Run Behavior\ReadHtmlCacheBehavior [ RunTime:0.000583s ]
INFO: [ app_begin ] --END-- [ RunTime:0.000690s ]
SQL: SHOW COLUMNS FROM `tp_admin` [ RunTime:0.0023s ]
SQL: SELECT * FROM `tp_admin` WHERE `username` = 'admin' AND `password` = '21232f297a57a5a743894a0e4a801fc3' LIMIT 1   [ RunTime:0.0010s ]
SQL: UPDATE `tp_admin` SET `login_num`='27',`login_ip`='0.0.0.0',`login_time`='1483805108' WHERE `username` = 'admin' AND `password` = '21232f297a57a5a743894a0e4a801fc3' [ RunTime:0.0041s ]

[ 2017-01-08T00:05:08+08:00 ] ::1 /Q2/tp1611/index.php/Admin/Index/index.html
INFO: [ app_init ] --START--
INFO: Run Behavior\BuildLiteBehavior [ RunTime:0.000023s ]
INFO: [ app_init ] --END-- [ RunTime:0.000505s ]
INFO: [ app_begin ] --START--
INFO: Run Behavior\ReadHtmlCacheBehavior [ RunTime:0.000454s ]
INFO: [ app_begin ] --END-- [ RunTime:0.000546s ]
INFO: [ view_parse ] --START--
INFO: [ template_filter ] --START--
INFO: Run Behavior\ContentReplaceBehavior [ RunTime:0.000185s ]
INFO: [ template_filter ] --END-- [ RunTime:0.000283s ]
NOTIC: [8] Undefined variable: account E:\demo\Q2\tp1611\Application\Runtime\Cache\Admin\b595b808c2ebeeeb0478ffc30bb4e87a.php 第 200 行.
NOTIC: [8] Undefined variable: account E:\demo\Q2\tp1611\Application\Runtime\Cache\Admin\b595b808c2ebeeeb0478ffc30bb4e87a.php 第 201 行.
NOTIC: [8] Undefined variable: account E:\demo\Q2\tp1611\Application\Runtime\Cache\Admin\b595b808c2ebeeeb0478ffc30bb4e87a.php 第 202 行.
INFO: Run Behavior\ParseTemplateBehavior [ RunTime:0.028912s ]
INFO: [ view_parse ] --END-- [ RunTime:0.029187s ]
INFO: [ view_filter ] --START--
INFO: Run Behavior\WriteHtmlCacheBehavior [ RunTime:0.000912s ]
INFO: [ view_filter ] --END-- [ RunTime:0.001048s ]
INFO: [ app_end ] --START--
INFO: Run Behavior\ShowPageTraceBehavior [ RunTime:0.000903s ]
INFO: [ app_end ] --END-- [ RunTime:0.001044s ]

[ 2017-01-08T00:05:08+08:00 ] ::1 /Q2/tp1611/index.php/Admin/Index/welcome.html
INFO: [ app_init ] --START--
INFO: Run Behavior\BuildLiteBehavior [ RunTime:0.000023s ]
INFO: [ app_init ] --END-- [ RunTime:0.000479s ]
INFO: [ app_begin ] --START--
INFO: Run Behavior\ReadHtmlCacheBehavior [ RunTime:0.000483s ]
INFO: [ app_begin ] --END-- [ RunTime:0.000595s ]
INFO: [ view_parse ] --START--
INFO: [ template_filter ] --START--
INFO: Run Behavior\ContentReplaceBehavior [ RunTime:0.000080s ]
INFO: [ template_filter ] --END-- [ RunTime:0.000187s ]
INFO: Run Behavior\ParseTemplateBehavior [ RunTime:0.017198s ]
INFO: [ view_parse ] --END-- [ RunTime:0.017313s ]
INFO: [ view_filter ] --START--
INFO: Run Behavior\WriteHtmlCacheBehavior [ RunTime:0.001063s ]
INFO: [ view_filter ] --END-- [ RunTime:0.001176s ]
INFO: [ app_end ] --START--
INFO: Run Behavior\ShowPageTraceBehavior [ RunTime:0.000833s ]
INFO: [ app_end ] --END-- [ RunTime:0.000964s ]

[ 2017-01-08T00:05:12+08:00 ] ::1 /Q2/tp1611/index.php/Admin/Picture/proPhoto.html
INFO: [ app_init ] --START--
INFO: Run Behavior\BuildLiteBehavior [ RunTime:0.000022s ]
INFO: [ app_init ] --END-- [ RunTime:0.000411s ]
INFO: [ app_begin ] --START--
INFO: Run Behavior\ReadHtmlCacheBehavior [ RunTime:0.000574s ]
INFO: [ app_begin ] --END-- [ RunTime:0.000732s ]
SQL: SHOW COLUMNS FROM `tp_category` [ RunTime:0.0030s ]
SQL: SELECT * FROM `tp_category`  [ RunTime:0.0003s ]
SQL: SHOW COLUMNS FROM `tp_series` [ RunTime:0.0019s ]
SQL: SELECT * FROM `tp_series`  [ RunTime:0.0002s ]
SQL: SHOW COLUMNS FROM `tp_product` [ RunTime:0.0020s ]
SQL: SELECT `id`,`name` FROM `tp_product`  [ RunTime:0.0005s ]
SQL: SHOW COLUMNS FROM `tp_pro_photo` [ RunTime:0.0020s ]
SQL: SELECT * FROM `tp_pro_photo`  [ RunTime:0.0002s ]
INFO: [ view_parse ] --START--
INFO: [ template_filter ] --START--
INFO: Run Behavior\ContentReplaceBehavior [ RunTime:0.000103s ]
INFO: [ template_filter ] --END-- [ RunTime:0.000209s ]
INFO: Run Behavior\ParseTemplateBehavior [ RunTime:0.027042s ]
INFO: [ view_parse ] --END-- [ RunTime:0.027210s ]
INFO: [ view_filter ] --START--
INFO: Run Behavior\WriteHtmlCacheBehavior [ RunTime:0.000533s ]
INFO: [ view_filter ] --END-- [ RunTime:0.000672s ]
INFO: [ app_end ] --START--
INFO: Run Behavior\ShowPageTraceBehavior [ RunTime:0.000671s ]
INFO: [ app_end ] --END-- [ RunTime:0.000796s ]

[ 2017-01-08T00:05:15+08:00 ] ::1 /Q2/tp1611/index.php/Admin/Product/product.html
INFO: [ app_init ] --START--
INFO: Run Behavior\BuildLiteBehavior [ RunTime:0.000030s ]
INFO: [ app_init ] --END-- [ RunTime:0.000695s ]
INFO: [ app_begin ] --START--
INFO: Run Behavior\ReadHtmlCacheBehavior [ RunTime:0.000782s ]
INFO: [ app_begin ] --END-- [ RunTime:0.000942s ]
SQL: SHOW COLUMNS FROM `tp_category` [ RunTime:0.0021s ]
SQL: SELECT * FROM `tp_category`  [ RunTime:0.0002s ]
SQL: SHOW COLUMNS FROM `tp_series` [ RunTime:0.0006s ]
SQL: SELECT * FROM `tp_series`  [ RunTime:0.0002s ]
NOTIC: [8] Undefined index: pid E:\demo\Q2\tp1611\Application\Common\Common\function.php 第 20 行.
NOTIC: [8] Undefined index: pid E:\demo\Q2\tp1611\Application\Common\Common\function.php 第 20 行.
SQL: SHOW COLUMNS FROM `tp_product` [ RunTime:0.0006s ]
SQL: SELECT * FROM `tp_product` WHERE `is_trash` = 0  [ RunTime:0.0002s ]
INFO: [ view_parse ] --START--
INFO: [ template_filter ] --START--
INFO: Run Behavior\ContentReplaceBehavior [ RunTime:0.000112s ]
INFO: [ template_filter ] --END-- [ RunTime:0.000252s ]
INFO: Run Behavior\ParseTemplateBehavior [ RunTime:0.025220s ]
INFO: [ view_parse ] --END-- [ RunTime:0.025387s ]
INFO: [ view_filter ] --START--
INFO: Run Behavior\WriteHtmlCacheBehavior [ RunTime:0.000611s ]
INFO: [ view_filter ] --END-- [ RunTime:0.000699s ]
INFO: [ app_end ] --START--
INFO: Run Behavior\ShowPageTraceBehavior [ RunTime:0.001291s ]
INFO: [ app_end ] --END-- [ RunTime:0.001437s ]

[ 2017-01-08T00:05:16+08:00 ] ::1 /Q2/tp1611/index.php/Admin/Product/trash.html
INFO: [ app_init ] --START--
INFO: Run Behavior\BuildLiteBehavior [ RunTime:0.000023s ]
INFO: [ app_init ] --END-- [ RunTime:0.000479s ]
INFO: [ app_begin ] --START--
INFO: Run Behavior\ReadHtmlCacheBehavior [ RunTime:0.000494s ]
INFO: [ app_begin ] --END-- [ RunTime:0.000596s ]
SQL: SHOW COLUMNS FROM `tp_category` [ RunTime:0.0011s ]
SQL: SELECT * FROM `tp_category`  [ RunTime:0.0002s ]
SQL: SHOW COLUMNS FROM `tp_series` [ RunTime:0.0006s ]
SQL: SELECT * FROM `tp_series`  [ RunTime:0.0002s ]
NOTIC: [8] Undefined index: pid E:\demo\Q2\tp1611\Application\Common\Common\function.php 第 20 行.
NOTIC: [8] Undefined index: pid E:\demo\Q2\tp1611\Application\Common\Common\function.php 第 20 行.
SQL: SHOW COLUMNS FROM `tp_product` [ RunTime:0.0006s ]
SQL: SELECT * FROM `tp_product` WHERE `is_trash` = 1  [ RunTime:0.0002s ]
INFO: [ view_parse ] --START--
INFO: [ template_filter ] --START--
INFO: Run Behavior\ContentReplaceBehavior [ RunTime:0.000122s ]
INFO: [ template_filter ] --END-- [ RunTime:0.000235s ]
INFO: Run Behavior\ParseTemplateBehavior [ RunTime:0.029293s ]
INFO: [ view_parse ] --END-- [ RunTime:0.029383s ]
INFO: [ view_filter ] --START--
INFO: Run Behavior\WriteHtmlCacheBehavior [ RunTime:0.000327s ]
INFO: [ view_filter ] --END-- [ RunTime:0.000406s ]
INFO: [ app_end ] --START--
INFO: Run Behavior\ShowPageTraceBehavior [ RunTime:0.000414s ]
INFO: [ app_end ] --END-- [ RunTime:0.000498s ]

[ 2017-01-08T00:05:16+08:00 ] ::1 /Q2/tp1611/index.php/Admin/Product/product.html
INFO: [ app_init ] --START--
INFO: Run Behavior\BuildLiteBehavior [ RunTime:0.000020s ]
INFO: [ app_init ] --END-- [ RunTime:0.000512s ]
INFO: [ app_begin ] --START--
INFO: Run Behavior\ReadHtmlCacheBehavior [ RunTime:0.000444s ]
INFO: [ app_begin ] --END-- [ RunTime:0.000534s ]
SQL: SHOW COLUMNS FROM `tp_category` [ RunTime:0.0008s ]
SQL: SELECT * FROM `tp_category`  [ RunTime:0.0002s ]
SQL: SHOW COLUMNS FROM `tp_series` [ RunTime:0.0005s ]
SQL: SELECT * FROM `tp_series`  [ RunTime:0.0002s ]
NOTIC: [8] Undefined index: pid E:\demo\Q2\tp1611\Application\Common\Common\function.php 第 20 行.
NOTIC: [8] Undefined index: pid E:\demo\Q2\tp1611\Application\Common\Common\function.php 第 20 行.
SQL: SHOW COLUMNS FROM `tp_product` [ RunTime:0.0008s ]
SQL: SELECT * FROM `tp_product` WHERE `is_trash` = 0  [ RunTime:0.0002s ]
INFO: [ view_parse ] --START--
INFO: [ template_filter ] --START--
INFO: Run Behavior\ContentReplaceBehavior [ RunTime:0.000186s ]
INFO: [ template_filter ] --END-- [ RunTime:0.000343s ]
INFO: Run Behavior\ParseTemplateBehavior [ RunTime:0.012394s ]
INFO: [ view_parse ] --END-- [ RunTime:0.012497s ]
INFO: [ view_filter ] --START--
INFO: Run Behavior\WriteHtmlCacheBehavior [ RunTime:0.000342s ]
INFO: [ view_filter ] --END-- [ RunTime:0.000424s ]
INFO: [ app_end ] --START--
INFO: Run Behavior\ShowPageTraceBehavior [ RunTime:0.000733s ]
INFO: [ app_end ] --END-- [ RunTime:0.000849s ]

[ 2017-01-08T00:05:17+08:00 ] ::1 /Q2/tp1611/index.php/Admin/Product/productAdd.html
INFO: [ app_init ] --START--
INFO: Run Behavior\BuildLiteBehavior [ RunTime:0.000033s ]
INFO: [ app_init ] --END-- [ RunTime:0.000549s ]
INFO: [ app_begin ] --START--
INFO: Run Behavior\ReadHtmlCacheBehavior [ RunTime:0.000672s ]
INFO: [ app_begin ] --END-- [ RunTime:0.000820s ]
SQL: SHOW COLUMNS FROM `tp_category` [ RunTime:0.0010s ]
SQL: SELECT * FROM `tp_category`  [ RunTime:0.0004s ]
SQL: SHOW COLUMNS FROM `tp_series` [ RunTime:0.0019s ]
SQL: SELECT * FROM `tp_series`  [ RunTime:0.0013s ]
NOTIC: [8] Undefined index: pid E:\demo\Q2\tp1611\Application\Common\Common\function.php 第 20 行.
NOTIC: [8] Undefined index: pid E:\demo\Q2\tp1611\Application\Common\Common\function.php 第 20 行.
SQL: SHOW COLUMNS FROM `tp_product` [ RunTime:0.0023s ]
SQL: SELECT * FROM `tp_product` WHERE `id` = 0 LIMIT 1   [ RunTime:0.0008s ]
INFO: [ view_parse ] --START--
INFO: [ template_filter ] --START--
INFO: Run Behavior\ContentReplaceBehavior [ RunTime:0.000742s ]
INFO: [ template_filter ] --END-- [ RunTime:0.001871s ]
NOTIC: [2] date() expects parameter 2 to be long, string given E:\demo\Q2\tp1611\Application\Runtime\Cache\Admin\b42a23f970396987cdf1ac1bf76de097.php 第 100 行.
NOTIC: [2] date() expects parameter 2 to be long, string given E:\demo\Q2\tp1611\Application\Runtime\Cache\Admin\b42a23f970396987cdf1ac1bf76de097.php 第 104 行.
INFO: Run Behavior\ParseTemplateBehavior [ RunTime:0.040321s ]
INFO: [ view_parse ] --END-- [ RunTime:0.040428s ]
INFO: [ view_filter ] --START--
INFO: Run Behavior\WriteHtmlCacheBehavior [ RunTime:0.000299s ]
INFO: [ view_filter ] --END-- [ RunTime:0.000381s ]
INFO: [ app_end ] --START--
INFO: Run Behavior\ShowPageTraceBehavior [ RunTime:0.000555s ]
INFO: [ app_end ] --END-- [ RunTime:0.000653s ]

[ 2017-01-08T00:05:39+08:00 ] ::1 /Q2/tp1611/index.php/Admin/Base/uploadImg/path/product/w/150/h/80.html?dir=image
INFO: [ app_init ] --START--
INFO: Run Behavior\BuildLiteBehavior [ RunTime:0.000023s ]
INFO: [ app_init ] --END-- [ RunTime:0.000495s ]
INFO: [ app_begin ] --START--
INFO: Run Behavior\ReadHtmlCacheBehavior [ RunTime:0.000487s ]
INFO: [ app_begin ] --END-- [ RunTime:0.000587s ]
SQL: SHOW COLUMNS FROM `tp_category` [ RunTime:0.0008s ]
SQL: SELECT * FROM `tp_category`  [ RunTime:0.0002s ]
SQL: SHOW COLUMNS FROM `tp_series` [ RunTime:0.0007s ]
SQL: SELECT * FROM `tp_series`  [ RunTime:0.0002s ]
NOTIC: [2] call_user_func() expects parameter 1 to be a valid callback, no array or string given E:\demo\Q2\tp1611\ThinkPHP\Library\Think\Upload.class.php 第 170 行.

[ 2017-01-08T00:05:46+08:00 ] ::1 /Q2/tp1611/index.php/Admin/Product/productAdd.html
INFO: [ app_init ] --START--
INFO: Run Behavior\BuildLiteBehavior [ RunTime:0.000024s ]
INFO: [ app_init ] --END-- [ RunTime:0.000631s ]
INFO: [ app_begin ] --START--
INFO: Run Behavior\ReadHtmlCacheBehavior [ RunTime:0.001072s ]
INFO: [ app_begin ] --END-- [ RunTime:0.001160s ]
SQL: SHOW COLUMNS FROM `tp_category` [ RunTime:0.0013s ]
SQL: SELECT * FROM `tp_category`  [ RunTime:0.0003s ]
SQL: SHOW COLUMNS FROM `tp_series` [ RunTime:0.0008s ]
SQL: SELECT * FROM `tp_series`  [ RunTime:0.0002s ]
NOTIC: [8] Undefined index: pid E:\demo\Q2\tp1611\Application\Common\Common\function.php 第 20 行.
NOTIC: [8] Undefined index: pid E:\demo\Q2\tp1611\Application\Common\Common\function.php 第 20 行.
SQL: SHOW COLUMNS FROM `tp_product` [ RunTime:0.0008s ]
NOTIC: [8] Undefined index: id E:\demo\Q2\tp1611\Application\Admin\Controller\ProductController.class.php 第 84 行.
SQL: INSERT INTO `tp_product` (`name`,`goods_sn`,`series_id`,`is_sale`,`capacity`,`goods_number`,`official_price`,`virtue`,`img`,`description`,`pubdate`) VALUES ('很过分的话过分的话股份回购','','5','1','786','45','786','8766578','/Uploads/product/2017-01-08/587111d33c9c8.jpg','&lt;p&gt;发给大家发给大家好感动结果很快几个方面&lt;/p&gt;','1483805146') [ RunTime:0.0019s ]
SQL: SELECT `goods_sn` FROM `tp_product` WHERE ( id=4 ) LIMIT 1   [ RunTime:0.0002s ]
SQL: UPDATE `tp_product` SET `goods_sn`='DUODI170108000' WHERE ( id=4 ) [ RunTime:0.0006s ]

[ 2017-01-08T00:05:47+08:00 ] ::1 /Q2/tp1611/index.php/Admin/Product/product.html
INFO: [ app_init ] --START--
INFO: Run Behavior\BuildLiteBehavior [ RunTime:0.000026s ]
INFO: [ app_init ] --END-- [ RunTime:0.000720s ]
INFO: [ app_begin ] --START--
INFO: Run Behavior\ReadHtmlCacheBehavior [ RunTime:0.001226s ]
INFO: [ app_begin ] --END-- [ RunTime:0.001355s ]
SQL: SHOW COLUMNS FROM `tp_category` [ RunTime:0.0024s ]
SQL: SELECT * FROM `tp_category`  [ RunTime:0.0004s ]
SQL: SHOW COLUMNS FROM `tp_series` [ RunTime:0.0008s ]
SQL: SELECT * FROM `tp_series`  [ RunTime:0.0002s ]
NOTIC: [8] Undefined index: pid E:\demo\Q2\tp1611\Application\Common\Common\function.php 第 20 行.
NOTIC: [8] Undefined index: pid E:\demo\Q2\tp1611\Application\Common\Common\function.php 第 20 行.
SQL: SHOW COLUMNS FROM `tp_product` [ RunTime:0.0006s ]
SQL: SELECT * FROM `tp_product` WHERE `is_trash` = 0  [ RunTime:0.0002s ]
INFO: [ view_parse ] --START--
INFO: [ template_filter ] --START--
INFO: Run Behavior\ContentReplaceBehavior [ RunTime:0.000123s ]
INFO: [ template_filter ] --END-- [ RunTime:0.000240s ]
INFO: Run Behavior\ParseTemplateBehavior [ RunTime:0.014105s ]
INFO: [ view_parse ] --END-- [ RunTime:0.014207s ]
INFO: [ view_filter ] --START--
INFO: Run Behavior\WriteHtmlCacheBehavior [ RunTime:0.000904s ]
INFO: [ view_filter ] --END-- [ RunTime:0.000990s ]
INFO: [ app_end ] --START--
INFO: Run Behavior\ShowPageTraceBehavior [ RunTime:0.001521s ]
INFO: [ app_end ] --END-- [ RunTime:0.001646s ]

[ 2017-01-08T00:05:49+08:00 ] ::1 /Q2/tp1611/index.php/Admin/Picture/proPhoto.html
INFO: [ app_init ] --START--
INFO: Run Behavior\BuildLiteBehavior [ RunTime:0.000027s ]
INFO: [ app_init ] --END-- [ RunTime:0.000534s ]
INFO: [ app_begin ] --START--
INFO: Run Behavior\ReadHtmlCacheBehavior [ RunTime:0.000676s ]
INFO: [ app_begin ] --END-- [ RunTime:0.000794s ]
SQL: SHOW COLUMNS FROM `tp_category` [ RunTime:0.0008s ]
SQL: SELECT * FROM `tp_category`  [ RunTime:0.0002s ]
SQL: SHOW COLUMNS FROM `tp_series` [ RunTime:0.0016s ]
SQL: SELECT * FROM `tp_series`  [ RunTime:0.0006s ]
SQL: SHOW COLUMNS FROM `tp_product` [ RunTime:0.0009s ]
SQL: SELECT `id`,`name` FROM `tp_product`  [ RunTime:0.0002s ]
SQL: SHOW COLUMNS FROM `tp_pro_photo` [ RunTime:0.0005s ]
SQL: SELECT * FROM `tp_pro_photo`  [ RunTime:0.0001s ]
INFO: [ view_parse ] --START--
INFO: [ template_filter ] --START--
INFO: Run Behavior\ContentReplaceBehavior [ RunTime:0.000095s ]
INFO: [ template_filter ] --END-- [ RunTime:0.000182s ]
INFO: Run Behavior\ParseTemplateBehavior [ RunTime:0.009046s ]
INFO: [ view_parse ] --END-- [ RunTime:0.009162s ]
INFO: [ view_filter ] --START--
INFO: Run Behavior\WriteHtmlCacheBehavior [ RunTime:0.000398s ]
INFO: [ view_filter ] --END-- [ RunTime:0.000528s ]
INFO: [ app_end ] --START--
INFO: Run Behavior\ShowPageTraceBehavior [ RunTime:0.000996s ]
INFO: [ app_end ] --END-- [ RunTime:0.001171s ]

[ 2017-01-08T00:05:50+08:00 ] ::1 /Q2/tp1611/index.php/Admin/Picture/proPhotoAdd.html
INFO: [ app_init ] --START--
INFO: Run Behavior\BuildLiteBehavior [ RunTime:0.000040s ]
INFO: [ app_init ] --END-- [ RunTime:0.000572s ]
INFO: [ app_begin ] --START--
INFO: Run Behavior\ReadHtmlCacheBehavior [ RunTime:0.000533s ]
INFO: [ app_begin ] --END-- [ RunTime:0.000661s ]
SQL: SHOW COLUMNS FROM `tp_category` [ RunTime:0.0015s ]
SQL: SELECT * FROM `tp_category`  [ RunTime:0.0004s ]
SQL: SHOW COLUMNS FROM `tp_series` [ RunTime:0.0011s ]
SQL: SELECT * FROM `tp_series`  [ RunTime:0.0003s ]
SQL: SHOW COLUMNS FROM `tp_pro_photo` [ RunTime:0.0010s ]
SQL: SELECT * FROM `tp_pro_photo` WHERE `id` = 0 LIMIT 1   [ RunTime:0.0003s ]
SQL: SHOW COLUMNS FROM `tp_product` [ RunTime:0.0011s ]
SQL: SELECT `id`,`name` FROM `tp_product`  [ RunTime:0.0005s ]
INFO: [ view_parse ] --START--
INFO: [ template_filter ] --START--
INFO: Run Behavior\ContentReplaceBehavior [ RunTime:0.000154s ]
INFO: [ template_filter ] --END-- [ RunTime:0.000273s ]
INFO: Run Behavior\ParseTemplateBehavior [ RunTime:0.019913s ]
INFO: [ view_parse ] --END-- [ RunTime:0.020043s ]
INFO: [ view_filter ] --START--
INFO: Run Behavior\WriteHtmlCacheBehavior [ RunTime:0.000341s ]
INFO: [ view_filter ] --END-- [ RunTime:0.000429s ]
INFO: [ app_end ] --START--
INFO: Run Behavior\ShowPageTraceBehavior [ RunTime:0.000663s ]
INFO: [ app_end ] --END-- [ RunTime:0.000831s ]

[ 2017-01-08T00:05:59+08:00 ] ::1 /Q2/tp1611/index.php/Admin/Picture/proPhotoAdd.html
INFO: [ app_init ] --START--
INFO: Run Behavior\BuildLiteBehavior [ RunTime:0.000026s ]
INFO: [ app_init ] --END-- [ RunTime:0.000662s ]
INFO: [ app_begin ] --START--
INFO: Run Behavior\ReadHtmlCacheBehavior [ RunTime:0.000958s ]
INFO: [ app_begin ] --END-- [ RunTime:0.001044s ]
SQL: SHOW COLUMNS FROM `tp_category` [ RunTime:0.0010s ]
SQL: SELECT * FROM `tp_category`  [ RunTime:0.0002s ]
SQL: SHOW COLUMNS FROM `tp_series` [ RunTime:0.0006s ]
SQL: SELECT * FROM `tp_series`  [ RunTime:0.0002s ]
SQL: SHOW COLUMNS FROM `tp_pro_photo` [ RunTime:0.0005s ]
SQL: INSERT INTO `tp_pro_photo` (`pro_id`,`img`) VALUES ('1','/Uploads/20170107/20170107160555_20008.jpg'),('1','/Uploads/20170107/20170107160555_15462.jpg'),('1','/Uploads/20170107/20170107160555_13587.png'),('1','/Uploads/20170107/20170107160555_60830.png'),('1','/Uploads/20170107/20170107160555_67766.png'),('1','/Uploads/20170107/20170107160555_74162.jpg'),('1','/Uploads/20170107/20170107160555_72506.jpg'),('1','/Uploads/20170107/20170107160555_31200.png'),('1','/Uploads/20170107/20170107160555_83707.png'),('1','/Uploads/20170107/20170107160555_84874.jpg'),('1','/Uploads/20170107/20170107160555_30703.jpg') [ RunTime:0.0014s ]

[ 2017-01-08T00:06:00+08:00 ] ::1 /Q2/tp1611/index.php/Admin/Picture/proPhoto.html
INFO: [ app_init ] --START--
INFO: Run Behavior\BuildLiteBehavior [ RunTime:0.000023s ]
INFO: [ app_init ] --END-- [ RunTime:0.000603s ]
INFO: [ app_begin ] --START--
INFO: Run Behavior\ReadHtmlCacheBehavior [ RunTime:0.001475s ]
INFO: [ app_begin ] --END-- [ RunTime:0.001685s ]
SQL: SHOW COLUMNS FROM `tp_category` [ RunTime:0.0008s ]
SQL: SELECT * FROM `tp_category`  [ RunTime:0.0002s ]
SQL: SHOW COLUMNS FROM `tp_series` [ RunTime:0.0007s ]
SQL: SELECT * FROM `tp_series`  [ RunTime:0.0002s ]
SQL: SHOW COLUMNS FROM `tp_product` [ RunTime:0.0007s ]
SQL: SELECT `id`,`name` FROM `tp_product`  [ RunTime:0.0001s ]
SQL: SHOW COLUMNS FROM `tp_pro_photo` [ RunTime:0.0006s ]
SQL: SELECT * FROM `tp_pro_photo`  [ RunTime:0.0002s ]
INFO: [ view_parse ] --START--
INFO: [ template_filter ] --START--
INFO: Run Behavior\ContentReplaceBehavior [ RunTime:0.000110s ]
INFO: [ template_filter ] --END-- [ RunTime:0.000220s ]
INFO: Run Behavior\ParseTemplateBehavior [ RunTime:0.013873s ]
INFO: [ view_parse ] --END-- [ RunTime:0.013967s ]
INFO: [ view_filter ] --START--
INFO: Run Behavior\WriteHtmlCacheBehavior [ RunTime:0.000830s ]
INFO: [ view_filter ] --END-- [ RunTime:0.000914s ]
INFO: [ app_end ] --START--
INFO: Run Behavior\ShowPageTraceBehavior [ RunTime:0.001499s ]
INFO: [ app_end ] --END-- [ RunTime:0.001607s ]

[ 2017-01-08T00:06:05+08:00 ] ::1 /Q2/tp1611/index.php/Admin/Product/product.html
INFO: [ app_init ] --START--
INFO: Run Behavior\BuildLiteBehavior [ RunTime:0.000056s ]
INFO: [ app_init ] --END-- [ RunTime:0.000709s ]
INFO: [ app_begin ] --START--
INFO: Run Behavior\ReadHtmlCacheBehavior [ RunTime:0.000639s ]
INFO: [ app_begin ] --END-- [ RunTime:0.000753s ]
SQL: SHOW COLUMNS FROM `tp_category` [ RunTime:0.0022s ]
SQL: SELECT * FROM `tp_category`  [ RunTime:0.0002s ]
SQL: SHOW COLUMNS FROM `tp_series` [ RunTime:0.0009s ]
SQL: SELECT * FROM `tp_series`  [ RunTime:0.0002s ]
NOTIC: [8] Undefined index: pid E:\demo\Q2\tp1611\Application\Common\Common\function.php 第 20 行.
NOTIC: [8] Undefined index: pid E:\demo\Q2\tp1611\Application\Common\Common\function.php 第 20 行.
SQL: SHOW COLUMNS FROM `tp_product` [ RunTime:0.0007s ]
SQL: SELECT * FROM `tp_product` WHERE `is_trash` = 0  [ RunTime:0.0002s ]
INFO: [ view_parse ] --START--
INFO: [ template_filter ] --START--
INFO: Run Behavior\ContentReplaceBehavior [ RunTime:0.000111s ]
INFO: [ template_filter ] --END-- [ RunTime:0.000212s ]
INFO: Run Behavior\ParseTemplateBehavior [ RunTime:0.012372s ]
INFO: [ view_parse ] --END-- [ RunTime:0.012468s ]
INFO: [ view_filter ] --START--
INFO: Run Behavior\WriteHtmlCacheBehavior [ RunTime:0.000326s ]
INFO: [ view_filter ] --END-- [ RunTime:0.000410s ]
INFO: [ app_end ] --START--
INFO: Run Behavior\ShowPageTraceBehavior [ RunTime:0.000567s ]
INFO: [ app_end ] --END-- [ RunTime:0.000688s ]

[ 2017-01-08T00:06:09+08:00 ] ::1 /Q2/tp1611/index.php/Admin/Base/status.html
INFO: [ app_init ] --START--
INFO: Run Behavior\BuildLiteBehavior [ RunTime:0.000022s ]
INFO: [ app_init ] --END-- [ RunTime:0.000415s ]
INFO: [ app_begin ] --START--
INFO: Run Behavior\ReadHtmlCacheBehavior [ RunTime:0.000460s ]
INFO: [ app_begin ] --END-- [ RunTime:0.000548s ]
SQL: SHOW COLUMNS FROM `tp_category` [ RunTime:0.0012s ]
SQL: SELECT * FROM `tp_category`  [ RunTime:0.0002s ]
SQL: SHOW COLUMNS FROM `tp_series` [ RunTime:0.0006s ]
SQL: SELECT * FROM `tp_series`  [ RunTime:0.0002s ]
SQL: SHOW COLUMNS FROM `tp_product` [ RunTime:0.0008s ]
SQL: UPDATE `tp_product` SET `is_trash`='1' WHERE `id` = 4 [ RunTime:0.0003s ]

[ 2017-01-08T00:06:11+08:00 ] ::1 /Q2/tp1611/index.php/Admin/Product/trash.html
INFO: [ app_init ] --START--
INFO: Run Behavior\BuildLiteBehavior [ RunTime:0.000065s ]
INFO: [ app_init ] --END-- [ RunTime:0.000534s ]
INFO: [ app_begin ] --START--
INFO: Run Behavior\ReadHtmlCacheBehavior [ RunTime:0.000597s ]
INFO: [ app_begin ] --END-- [ RunTime:0.000742s ]
SQL: SHOW COLUMNS FROM `tp_category` [ RunTime:0.0019s ]
SQL: SELECT * FROM `tp_category`  [ RunTime:0.0003s ]
SQL: SHOW COLUMNS FROM `tp_series` [ RunTime:0.0007s ]
SQL: SELECT * FROM `tp_series`  [ RunTime:0.0002s ]
NOTIC: [8] Undefined index: pid E:\demo\Q2\tp1611\Application\Common\Common\function.php 第 20 行.
NOTIC: [8] Undefined index: pid E:\demo\Q2\tp1611\Application\Common\Common\function.php 第 20 行.
SQL: SHOW COLUMNS FROM `tp_product` [ RunTime:0.0006s ]
SQL: SELECT * FROM `tp_product` WHERE `is_trash` = 1  [ RunTime:0.0002s ]
INFO: [ view_parse ] --START--
INFO: [ template_filter ] --START--
INFO: Run Behavior\ContentReplaceBehavior [ RunTime:0.000243s ]
INFO: [ template_filter ] --END-- [ RunTime:0.000470s ]
INFO: Run Behavior\ParseTemplateBehavior [ RunTime:0.012458s ]
INFO: [ view_parse ] --END-- [ RunTime:0.012564s ]
INFO: [ view_filter ] --START--
INFO: Run Behavior\WriteHtmlCacheBehavior [ RunTime:0.000391s ]
INFO: [ view_filter ] --END-- [ RunTime:0.000476s ]
INFO: [ app_end ] --START--
INFO: Run Behavior\ShowPageTraceBehavior [ RunTime:0.000974s ]
INFO: [ app_end ] --END-- [ RunTime:0.001084s ]

[ 2017-01-08T00:09:21+08:00 ] ::1 /Q2/tp1611/index.php/Admin/Product/trash.html
INFO: [ app_init ] --START--
INFO: Run Behavior\BuildLiteBehavior [ RunTime:0.000022s ]
INFO: [ app_init ] --END-- [ RunTime:0.000481s ]
INFO: [ app_begin ] --START--
INFO: Run Behavior\ReadHtmlCacheBehavior [ RunTime:0.000515s ]
INFO: [ app_begin ] --END-- [ RunTime:0.000607s ]
SQL: SHOW COLUMNS FROM `tp_category` [ RunTime:0.0010s ]
SQL: SELECT * FROM `tp_category`  [ RunTime:0.0002s ]
SQL: SHOW COLUMNS FROM `tp_series` [ RunTime:0.0006s ]
SQL: SELECT * FROM `tp_series`  [ RunTime:0.0002s ]
NOTIC: [8] Undefined index: pid E:\demo\Q2\tp1611\Application\Common\Common\function.php 第 20 行.
NOTIC: [8] Undefined index: pid E:\demo\Q2\tp1611\Application\Common\Common\function.php 第 20 行.
SQL: SHOW COLUMNS FROM `tp_product` [ RunTime:0.0006s ]
SQL: SELECT * FROM `tp_product` WHERE `is_trash` = 1  [ RunTime:0.0002s ]
INFO: [ view_parse ] --START--
INFO: [ template_filter ] --START--
INFO: Run Behavior\ContentReplaceBehavior [ RunTime:0.000109s ]
INFO: [ template_filter ] --END-- [ RunTime:0.000209s ]
INFO: Run Behavior\ParseTemplateBehavior [ RunTime:0.012799s ]
INFO: [ view_parse ] --END-- [ RunTime:0.012905s ]
INFO: [ view_filter ] --START--
INFO: Run Behavior\WriteHtmlCacheBehavior [ RunTime:0.000487s ]
INFO: [ view_filter ] --END-- [ RunTime:0.000574s ]
INFO: [ app_end ] --START--
INFO: Run Behavior\ShowPageTraceBehavior [ RunTime:0.000764s ]
INFO: [ app_end ] --END-- [ RunTime:0.000913s ]

[ 2017-01-08T00:09:26+08:00 ] ::1 /Q2/tp1611/index.php/Admin/Product/trash.html
INFO: [ app_init ] --START--
INFO: Run Behavior\BuildLiteBehavior [ RunTime:0.000024s ]
INFO: [ app_init ] --END-- [ RunTime:0.000555s ]
INFO: [ app_begin ] --START--
INFO: Run Behavior\ReadHtmlCacheBehavior [ RunTime:0.000643s ]
INFO: [ app_begin ] --END-- [ RunTime:0.000781s ]
SQL: SHOW COLUMNS FROM `tp_category` [ RunTime:0.0005s ]
SQL: SELECT * FROM `tp_category`  [ RunTime:0.0002s ]
SQL: SHOW COLUMNS FROM `tp_series` [ RunTime:0.0004s ]
SQL: SELECT * FROM `tp_series`  [ RunTime:0.0002s ]
NOTIC: [8] Undefined index: pid E:\demo\Q2\tp1611\Application\Common\Common\function.php 第 20 行.
NOTIC: [8] Undefined index: pid E:\demo\Q2\tp1611\Application\Common\Common\function.php 第 20 行.
SQL: SHOW COLUMNS FROM `tp_product` [ RunTime:0.0004s ]
SQL: SELECT * FROM `tp_product` WHERE `is_trash` = 1  [ RunTime:0.0002s ]
INFO: [ view_parse ] --START--
INFO: [ template_filter ] --START--
INFO: Run Behavior\ContentReplaceBehavior [ RunTime:0.000133s ]
INFO: [ template_filter ] --END-- [ RunTime:0.000301s ]
INFO: Run Behavior\ParseTemplateBehavior [ RunTime:0.013569s ]
INFO: [ view_parse ] --END-- [ RunTime:0.013710s ]
INFO: [ view_filter ] --START--
INFO: Run Behavior\WriteHtmlCacheBehavior [ RunTime:0.000417s ]
INFO: [ view_filter ] --END-- [ RunTime:0.000507s ]
INFO: [ app_end ] --START--
INFO: Run Behavior\ShowPageTraceBehavior [ RunTime:0.000629s ]
INFO: [ app_end ] --END-- [ RunTime:0.000779s ]

[ 2017-01-08T00:09:30+08:00 ] ::1 /Q2/tp1611/index.php/Admin/Picture/proPhotoShow/pro_id/4.html
INFO: [ app_init ] --START--
INFO: Run Behavior\BuildLiteBehavior [ RunTime:0.000030s ]
INFO: [ app_init ] --END-- [ RunTime:0.000511s ]
INFO: [ app_begin ] --START--
INFO: Run Behavior\ReadHtmlCacheBehavior [ RunTime:0.000943s ]
INFO: [ app_begin ] --END-- [ RunTime:0.001087s ]
SQL: SHOW COLUMNS FROM `tp_category` [ RunTime:0.0005s ]
SQL: SELECT * FROM `tp_category`  [ RunTime:0.0003s ]
SQL: SHOW COLUMNS FROM `tp_series` [ RunTime:0.0003s ]
SQL: SELECT * FROM `tp_series`  [ RunTime:0.0002s ]
SQL: SHOW COLUMNS FROM `tp_pro_photo` [ RunTime:0.0007s ]
SQL: SELECT `id`,`img` FROM `tp_pro_photo` WHERE ( pro_id=4 )  [ RunTime:0.0004s ]
INFO: [ view_parse ] --START--
INFO: [ template_filter ] --START--
INFO: Run Behavior\ContentReplaceBehavior [ RunTime:0.000076s ]
INFO: [ template_filter ] --END-- [ RunTime:0.000172s ]
INFO: Run Behavior\ParseTemplateBehavior [ RunTime:0.010062s ]
INFO: [ view_parse ] --END-- [ RunTime:0.010241s ]
INFO: [ view_filter ] --START--
INFO: Run Behavior\WriteHtmlCacheBehavior [ RunTime:0.000314s ]
INFO: [ view_filter ] --END-- [ RunTime:0.000395s ]
INFO: [ app_end ] --START--
INFO: Run Behavior\ShowPageTraceBehavior [ RunTime:0.000485s ]
INFO: [ app_end ] --END-- [ RunTime:0.000572s ]

[ 2017-01-08T00:09:40+08:00 ] ::1 /Q2/tp1611/index.php/Admin/Base/status.html
INFO: [ app_init ] --START--
INFO: Run Behavior\BuildLiteBehavior [ RunTime:0.000021s ]
INFO: [ app_init ] --END-- [ RunTime:0.000395s ]
INFO: [ app_begin ] --START--
INFO: Run Behavior\ReadHtmlCacheBehavior [ RunTime:0.000468s ]
INFO: [ app_begin ] --END-- [ RunTime:0.000545s ]
SQL: SHOW COLUMNS FROM `tp_category` [ RunTime:0.0010s ]
SQL: SELECT * FROM `tp_category`  [ RunTime:0.0007s ]
SQL: SHOW COLUMNS FROM `tp_series` [ RunTime:0.0005s ]
SQL: SELECT * FROM `tp_series`  [ RunTime:0.0002s ]
SQL: SHOW COLUMNS FROM `tp_product` [ RunTime:0.0003s ]
SQL: UPDATE `tp_product` SET `is_trash`='0' WHERE `id` = 4 [ RunTime:0.0002s ]

[ 2017-01-08T00:09:42+08:00 ] ::1 /Q2/tp1611/index.php/Admin/Product/product.html
INFO: [ app_init ] --START--
INFO: Run Behavior\BuildLiteBehavior [ RunTime:0.000023s ]
INFO: [ app_init ] --END-- [ RunTime:0.000473s ]
INFO: [ app_begin ] --START--
INFO: Run Behavior\ReadHtmlCacheBehavior [ RunTime:0.000465s ]
INFO: [ app_begin ] --END-- [ RunTime:0.000568s ]
SQL: SHOW COLUMNS FROM `tp_category` [ RunTime:0.0007s ]
SQL: SELECT * FROM `tp_category`  [ RunTime:0.0002s ]
SQL: SHOW COLUMNS FROM `tp_series` [ RunTime:0.0004s ]
SQL: SELECT * FROM `tp_series`  [ RunTime:0.0002s ]
NOTIC: [8] Undefined index: pid E:\demo\Q2\tp1611\Application\Common\Common\function.php 第 20 行.
NOTIC: [8] Undefined index: pid E:\demo\Q2\tp1611\Application\Common\Common\function.php 第 20 行.
SQL: SHOW COLUMNS FROM `tp_product` [ RunTime:0.0004s ]
SQL: SELECT * FROM `tp_product` WHERE `is_trash` = 0  [ RunTime:0.0002s ]
INFO: [ view_parse ] --START--
INFO: [ template_filter ] --START--
INFO: Run Behavior\ContentReplaceBehavior [ RunTime:0.000111s ]
INFO: [ template_filter ] --END-- [ RunTime:0.000210s ]
INFO: Run Behavior\ParseTemplateBehavior [ RunTime:0.013956s ]
INFO: [ view_parse ] --END-- [ RunTime:0.014074s ]
INFO: [ view_filter ] --START--
INFO: Run Behavior\WriteHtmlCacheBehavior [ RunTime:0.000414s ]
INFO: [ view_filter ] --END-- [ RunTime:0.000497s ]
INFO: [ app_end ] --START--
INFO: Run Behavior\ShowPageTraceBehavior [ RunTime:0.000856s ]
INFO: [ app_end ] --END-- [ RunTime:0.000958s ]

[ 2017-01-08T00:09:43+08:00 ] ::1 /Q2/tp1611/index.php/Admin/Picture/proPhotoShow/pro_id/4.html
INFO: [ app_init ] --START--
INFO: Run Behavior\BuildLiteBehavior [ RunTime:0.000022s ]
INFO: [ app_init ] --END-- [ RunTime:0.000488s ]
INFO: [ app_begin ] --START--
INFO: Run Behavior\ReadHtmlCacheBehavior [ RunTime:0.000718s ]
INFO: [ app_begin ] --END-- [ RunTime:0.000865s ]
SQL: SHOW COLUMNS FROM `tp_category` [ RunTime:0.0006s ]
SQL: SELECT * FROM `tp_category`  [ RunTime:0.0004s ]
SQL: SHOW COLUMNS FROM `tp_series` [ RunTime:0.0007s ]
SQL: SELECT * FROM `tp_series`  [ RunTime:0.0003s ]
SQL: SHOW COLUMNS FROM `tp_pro_photo` [ RunTime:0.0012s ]
SQL: SELECT `id`,`img` FROM `tp_pro_photo` WHERE ( pro_id=4 )  [ RunTime:0.0005s ]
INFO: [ view_parse ] --START--
INFO: [ template_filter ] --START--
INFO: Run Behavior\ContentReplaceBehavior [ RunTime:0.000121s ]
INFO: [ template_filter ] --END-- [ RunTime:0.000297s ]
INFO: Run Behavior\ParseTemplateBehavior [ RunTime:0.010644s ]
INFO: [ view_parse ] --END-- [ RunTime:0.010812s ]
INFO: [ view_filter ] --START--
INFO: Run Behavior\WriteHtmlCacheBehavior [ RunTime:0.000519s ]
INFO: [ view_filter ] --END-- [ RunTime:0.000637s ]
INFO: [ app_end ] --START--
INFO: Run Behavior\ShowPageTraceBehavior [ RunTime:0.000499s ]
INFO: [ app_end ] --END-- [ RunTime:0.000592s ]

[ 2017-01-08T00:09:49+08:00 ] ::1 /Q2/tp1611/index.php/Admin/Picture/bannerList.html
INFO: [ app_init ] --START--
INFO: Run Behavior\BuildLiteBehavior [ RunTime:0.000022s ]
INFO: [ app_init ] --END-- [ RunTime:0.000434s ]
INFO: [ app_begin ] --START--
INFO: Run Behavior\ReadHtmlCacheBehavior [ RunTime:0.000458s ]
INFO: [ app_begin ] --END-- [ RunTime:0.000552s ]
SQL: SHOW COLUMNS FROM `tp_category` [ RunTime:0.0015s ]
SQL: SELECT * FROM `tp_category`  [ RunTime:0.0003s ]
SQL: SHOW COLUMNS FROM `tp_series` [ RunTime:0.0005s ]
SQL: SELECT * FROM `tp_series`  [ RunTime:0.0003s ]
INFO: [ view_parse ] --START--
INFO: [ template_filter ] --START--
INFO: Run Behavior\ContentReplaceBehavior [ RunTime:0.000092s ]
INFO: [ template_filter ] --END-- [ RunTime:0.000190s ]
INFO: Run Behavior\ParseTemplateBehavior [ RunTime:0.012867s ]
INFO: [ view_parse ] --END-- [ RunTime:0.013016s ]
INFO: [ view_filter ] --START--
INFO: Run Behavior\WriteHtmlCacheBehavior [ RunTime:0.000290s ]
INFO: [ view_filter ] --END-- [ RunTime:0.000372s ]
INFO: [ app_end ] --START--
INFO: Run Behavior\ShowPageTraceBehavior [ RunTime:0.000470s ]
INFO: [ app_end ] --END-- [ RunTime:0.000556s ]

[ 2017-01-08T00:09:49+08:00 ] ::1 /Q2/tp1611/index.php/Admin/Picture/pic/200x150.jpg
INFO: [ app_init ] --START--
INFO: Run Behavior\BuildLiteBehavior [ RunTime:0.000029s ]
INFO: [ app_init ] --END-- [ RunTime:0.000514s ]

[ 2017-01-08T00:09:49+08:00 ] ::1 /Q2/tp1611/index.php/Admin/Picture/proPhoto.html
INFO: [ app_init ] --START--
INFO: Run Behavior\BuildLiteBehavior [ RunTime:0.000042s ]
INFO: [ app_init ] --END-- [ RunTime:0.000656s ]
INFO: [ app_begin ] --START--
INFO: Run Behavior\ReadHtmlCacheBehavior [ RunTime:0.000585s ]
INFO: [ app_begin ] --END-- [ RunTime:0.000698s ]
SQL: SHOW COLUMNS FROM `tp_category` [ RunTime:0.0006s ]
SQL: SELECT * FROM `tp_category`  [ RunTime:0.0002s ]
SQL: SHOW COLUMNS FROM `tp_series` [ RunTime:0.0005s ]
SQL: SELECT * FROM `tp_series`  [ RunTime:0.0002s ]
SQL: SHOW COLUMNS FROM `tp_product` [ RunTime:0.0005s ]
SQL: SELECT `id`,`name` FROM `tp_product`  [ RunTime:0.0002s ]
SQL: SHOW COLUMNS FROM `tp_pro_photo` [ RunTime:0.0006s ]
SQL: SELECT * FROM `tp_pro_photo`  [ RunTime:0.0002s ]
INFO: [ view_parse ] --START--
INFO: [ template_filter ] --START--
INFO: Run Behavior\ContentReplaceBehavior [ RunTime:0.000097s ]
INFO: [ template_filter ] --END-- [ RunTime:0.000190s ]
INFO: Run Behavior\ParseTemplateBehavior [ RunTime:0.012897s ]
INFO: [ view_parse ] --END-- [ RunTime:0.012996s ]
INFO: [ view_filter ] --START--
INFO: Run Behavior\WriteHtmlCacheBehavior [ RunTime:0.000344s ]
INFO: [ view_filter ] --END-- [ RunTime:0.000427s ]
INFO: [ app_end ] --START--
INFO: Run Behavior\ShowPageTraceBehavior [ RunTime:0.000759s ]
INFO: [ app_end ] --END-- [ RunTime:0.000874s ]

[ 2017-01-08T00:13:54+08:00 ] ::1 /Q2/tp1611/index.php/Admin/Picture/proPhoto.html
INFO: [ app_init ] --START--
INFO: Run Behavior\BuildLiteBehavior [ RunTime:0.000022s ]
INFO: [ app_init ] --END-- [ RunTime:0.000522s ]
INFO: [ app_begin ] --START--
INFO: Run Behavior\ReadHtmlCacheBehavior [ RunTime:0.000860s ]
INFO: [ app_begin ] --END-- [ RunTime:0.001010s ]
SQL: SHOW COLUMNS FROM `tp_category` [ RunTime:0.0007s ]
SQL: SELECT * FROM `tp_category`  [ RunTime:0.0002s ]
SQL: SHOW COLUMNS FROM `tp_series` [ RunTime:0.0004s ]
SQL: SELECT * FROM `tp_series`  [ RunTime:0.0002s ]
SQL: SHOW COLUMNS FROM `tp_product` [ RunTime:0.0004s ]
SQL: SELECT `id`,`name` FROM `tp_product`  [ RunTime:0.0002s ]
SQL: SHOW COLUMNS FROM `tp_pro_photo` [ RunTime:0.0004s ]
SQL: SELECT * FROM `tp_pro_photo`  [ RunTime:0.0002s ]
INFO: [ view_parse ] --START--
NOTIC: [8] Undefined index: item E:\demo\Q2\tp1611\ThinkPHP\Library\Think\Template\TagLib\Cx.class.php 第 113 行.
INFO: [ template_filter ] --START--
INFO: Run Behavior\ContentReplaceBehavior [ RunTime:0.000183s ]
INFO: [ template_filter ] --END-- [ RunTime:0.000308s ]

[ 2017-01-08T00:14:34+08:00 ] ::1 /Q2/tp1611/index.php/Admin/Picture/proPhoto.html
INFO: [ app_init ] --START--
INFO: Run Behavior\BuildLiteBehavior [ RunTime:0.000037s ]
INFO: [ app_init ] --END-- [ RunTime:0.000685s ]
INFO: [ app_begin ] --START--
INFO: Run Behavior\ReadHtmlCacheBehavior [ RunTime:0.000711s ]
INFO: [ app_begin ] --END-- [ RunTime:0.000834s ]
SQL: SHOW COLUMNS FROM `tp_category` [ RunTime:0.0005s ]
SQL: SELECT * FROM `tp_category`  [ RunTime:0.0002s ]
SQL: SHOW COLUMNS FROM `tp_series` [ RunTime:0.0004s ]
SQL: SELECT * FROM `tp_series`  [ RunTime:0.0002s ]
SQL: SHOW COLUMNS FROM `tp_product` [ RunTime:0.0004s ]
SQL: SELECT `id`,`name` FROM `tp_product`  [ RunTime:0.0002s ]
SQL: SHOW COLUMNS FROM `tp_pro_photo` [ RunTime:0.0006s ]
SQL: SELECT * FROM `tp_pro_photo`  [ RunTime:0.0002s ]
INFO: [ view_parse ] --START--
INFO: [ template_filter ] --START--
INFO: Run Behavior\ContentReplaceBehavior [ RunTime:0.000122s ]
INFO: [ template_filter ] --END-- [ RunTime:0.000241s ]
INFO: Run Behavior\ParseTemplateBehavior [ RunTime:0.013412s ]
INFO: [ view_parse ] --END-- [ RunTime:0.013523s ]
INFO: [ view_filter ] --START--
INFO: Run Behavior\WriteHtmlCacheBehavior [ RunTime:0.000638s ]
INFO: [ view_filter ] --END-- [ RunTime:0.000738s ]
INFO: [ app_end ] --START--
INFO: Run Behavior\ShowPageTraceBehavior [ RunTime:0.000709s ]
INFO: [ app_end ] --END-- [ RunTime:0.000817s ]

[ 2017-01-08T00:14:43+08:00 ] ::1 /Q2/tp1611/index.php/Admin/Picture/proPhoto.html
INFO: [ app_init ] --START--
INFO: Run Behavior\BuildLiteBehavior [ RunTime:0.000023s ]
INFO: [ app_init ] --END-- [ RunTime:0.000487s ]
INFO: [ app_begin ] --START--
INFO: Run Behavior\ReadHtmlCacheBehavior [ RunTime:0.000532s ]
INFO: [ app_begin ] --END-- [ RunTime:0.000640s ]
SQL: SHOW COLUMNS FROM `tp_category` [ RunTime:0.0009s ]
SQL: SELECT * FROM `tp_category`  [ RunTime:0.0002s ]
SQL: SHOW COLUMNS FROM `tp_series` [ RunTime:0.0006s ]
SQL: SELECT * FROM `tp_series`  [ RunTime:0.0002s ]
SQL: SHOW COLUMNS FROM `tp_product` [ RunTime:0.0004s ]
SQL: SELECT `id`,`name` FROM `tp_product`  [ RunTime:0.0002s ]
SQL: SHOW COLUMNS FROM `tp_pro_photo` [ RunTime:0.0007s ]
SQL: SELECT * FROM `tp_pro_photo`  [ RunTime:0.0002s ]
INFO: [ view_parse ] --START--
INFO: [ template_filter ] --START--
INFO: Run Behavior\ContentReplaceBehavior [ RunTime:0.000116s ]
INFO: [ template_filter ] --END-- [ RunTime:0.000261s ]
INFO: Run Behavior\ParseTemplateBehavior [ RunTime:0.012624s ]
INFO: [ view_parse ] --END-- [ RunTime:0.012740s ]
INFO: [ view_filter ] --START--
INFO: Run Behavior\WriteHtmlCacheBehavior [ RunTime:0.000494s ]
INFO: [ view_filter ] --END-- [ RunTime:0.000578s ]
INFO: [ app_end ] --START--
INFO: Run Behavior\ShowPageTraceBehavior [ RunTime:0.000635s ]
INFO: [ app_end ] --END-- [ RunTime:0.000765s ]

[ 2017-01-08T00:16:55+08:00 ] ::1 /Q2/tp1611/index.php/Admin/Picture/proPhoto.html
INFO: [ app_init ] --START--
INFO: Run Behavior\BuildLiteBehavior [ RunTime:0.000022s ]
INFO: [ app_init ] --END-- [ RunTime:0.000453s ]
INFO: [ app_begin ] --START--
INFO: Run Behavior\ReadHtmlCacheBehavior [ RunTime:0.000732s ]
INFO: [ app_begin ] --END-- [ RunTime:0.000852s ]
SQL: SHOW COLUMNS FROM `tp_category` [ RunTime:0.0007s ]
SQL: SELECT * FROM `tp_category`  [ RunTime:0.0003s ]
SQL: SHOW COLUMNS FROM `tp_series` [ RunTime:0.0004s ]
SQL: SELECT * FROM `tp_series`  [ RunTime:0.0002s ]
SQL: SHOW COLUMNS FROM `tp_product` [ RunTime:0.0004s ]
SQL: SELECT `id`,`name` FROM `tp_product`  [ RunTime:0.0002s ]
SQL: SHOW COLUMNS FROM `tp_pro_photo` [ RunTime:0.0006s ]
SQL: SELECT * FROM `tp_pro_photo`  [ RunTime:0.0002s ]
INFO: [ view_parse ] --START--
INFO: [ template_filter ] --START--
INFO: Run Behavior\ContentReplaceBehavior [ RunTime:0.000113s ]
INFO: [ template_filter ] --END-- [ RunTime:0.000223s ]
INFO: Run Behavior\ParseTemplateBehavior [ RunTime:0.013521s ]
INFO: [ view_parse ] --END-- [ RunTime:0.013643s ]
INFO: [ view_filter ] --START--
INFO: Run Behavior\WriteHtmlCacheBehavior [ RunTime:0.000439s ]
INFO: [ view_filter ] --END-- [ RunTime:0.000538s ]
INFO: [ app_end ] --START--
INFO: Run Behavior\ShowPageTraceBehavior [ RunTime:0.000637s ]
INFO: [ app_end ] --END-- [ RunTime:0.000743s ]

[ 2017-01-08T00:16:58+08:00 ] ::1 /Q2/tp1611/index.php/Admin/Base/status.html
INFO: [ app_init ] --START--
INFO: Run Behavior\BuildLiteBehavior [ RunTime:0.000038s ]
INFO: [ app_init ] --END-- [ RunTime:0.000795s ]
INFO: [ app_begin ] --START--
INFO: Run Behavior\ReadHtmlCacheBehavior [ RunTime:0.001596s ]
INFO: [ app_begin ] --END-- [ RunTime:0.001765s ]
SQL: SHOW COLUMNS FROM `tp_category` [ RunTime:0.0008s ]
SQL: SELECT * FROM `tp_category`  [ RunTime:0.0002s ]
SQL: SHOW COLUMNS FROM `tp_series` [ RunTime:0.0003s ]
SQL: SELECT * FROM `tp_series`  [ RunTime:0.0002s ]
SQL: SHOW COLUMNS FROM `tp_pro_photo` [ RunTime:0.0003s ]
SQL: UPDATE `tp_pro_photo` SET `pro_id`='4' WHERE `id` = 111 [ RunTime:0.0002s ]

[ 2017-01-08T00:17:04+08:00 ] ::1 /Q2/tp1611/index.php/Admin/Base/status.html
INFO: [ app_init ] --START--
INFO: Run Behavior\BuildLiteBehavior [ RunTime:0.000037s ]
INFO: [ app_init ] --END-- [ RunTime:0.000860s ]
INFO: [ app_begin ] --START--
INFO: Run Behavior\ReadHtmlCacheBehavior [ RunTime:0.001077s ]
INFO: [ app_begin ] --END-- [ RunTime:0.001227s ]
SQL: SHOW COLUMNS FROM `tp_category` [ RunTime:0.0011s ]
SQL: SELECT * FROM `tp_category`  [ RunTime:0.0005s ]
SQL: SHOW COLUMNS FROM `tp_series` [ RunTime:0.0004s ]
SQL: SELECT * FROM `tp_series`  [ RunTime:0.0002s ]
SQL: SHOW COLUMNS FROM `tp_pro_photo` [ RunTime:0.0003s ]
SQL: UPDATE `tp_pro_photo` SET `pro_id`='4' WHERE `id` = 101 [ RunTime:0.0002s ]

[ 2017-01-08T00:17:07+08:00 ] ::1 /Q2/tp1611/index.php/Admin/Base/status.html
INFO: [ app_init ] --START--
INFO: Run Behavior\BuildLiteBehavior [ RunTime:0.000041s ]
INFO: [ app_init ] --END-- [ RunTime:0.000964s ]
INFO: [ app_begin ] --START--
INFO: Run Behavior\ReadHtmlCacheBehavior [ RunTime:0.001265s ]
INFO: [ app_begin ] --END-- [ RunTime:0.001432s ]
SQL: SHOW COLUMNS FROM `tp_category` [ RunTime:0.0008s ]
SQL: SELECT * FROM `tp_category`  [ RunTime:0.0011s ]
SQL: SHOW COLUMNS FROM `tp_series` [ RunTime:0.0006s ]
SQL: SELECT * FROM `tp_series`  [ RunTime:0.0002s ]
SQL: SHOW COLUMNS FROM `tp_pro_photo` [ RunTime:0.0004s ]
SQL: UPDATE `tp_pro_photo` SET `pro_id`='4' WHERE `id` = 102 [ RunTime:0.0002s ]

[ 2017-01-08T00:17:10+08:00 ] ::1 /Q2/tp1611/index.php/Admin/Base/status.html
INFO: [ app_init ] --START--
INFO: Run Behavior\BuildLiteBehavior [ RunTime:0.000032s ]
INFO: [ app_init ] --END-- [ RunTime:0.000810s ]
INFO: [ app_begin ] --START--
INFO: Run Behavior\ReadHtmlCacheBehavior [ RunTime:0.000945s ]
INFO: [ app_begin ] --END-- [ RunTime:0.001082s ]
SQL: SHOW COLUMNS FROM `tp_category` [ RunTime:0.0005s ]
SQL: SELECT * FROM `tp_category`  [ RunTime:0.0002s ]
SQL: SHOW COLUMNS FROM `tp_series` [ RunTime:0.0010s ]
SQL: SELECT * FROM `tp_series`  [ RunTime:0.0003s ]
SQL: SHOW COLUMNS FROM `tp_pro_photo` [ RunTime:0.0007s ]
SQL: UPDATE `tp_pro_photo` SET `pro_id`='4' WHERE `id` = 103 [ RunTime:0.0002s ]

[ 2017-01-08T00:17:12+08:00 ] ::1 /Q2/tp1611/index.php/Admin/Base/status.html
INFO: [ app_init ] --START--
INFO: Run Behavior\BuildLiteBehavior [ RunTime:0.000029s ]
INFO: [ app_init ] --END-- [ RunTime:0.000875s ]
INFO: [ app_begin ] --START--
INFO: Run Behavior\ReadHtmlCacheBehavior [ RunTime:0.001180s ]
INFO: [ app_begin ] --END-- [ RunTime:0.001415s ]
SQL: SHOW COLUMNS FROM `tp_category` [ RunTime:0.0005s ]
SQL: SELECT * FROM `tp_category`  [ RunTime:0.0002s ]
SQL: SHOW COLUMNS FROM `tp_series` [ RunTime:0.0003s ]
SQL: SELECT * FROM `tp_series`  [ RunTime:0.0002s ]
SQL: SHOW COLUMNS FROM `tp_pro_photo` [ RunTime:0.0006s ]
SQL: UPDATE `tp_pro_photo` SET `pro_id`='4' WHERE `id` = 104 [ RunTime:0.0002s ]

[ 2017-01-08T00:17:14+08:00 ] ::1 /Q2/tp1611/index.php/Admin/Base/status.html
INFO: [ app_init ] --START--
INFO: Run Behavior\BuildLiteBehavior [ RunTime:0.000071s ]
INFO: [ app_init ] --END-- [ RunTime:0.001366s ]
INFO: [ app_begin ] --START--
INFO: Run Behavior\ReadHtmlCacheBehavior [ RunTime:0.001376s ]
INFO: [ app_begin ] --END-- [ RunTime:0.001550s ]
SQL: SHOW COLUMNS FROM `tp_category` [ RunTime:0.0005s ]
SQL: SELECT * FROM `tp_category`  [ RunTime:0.0002s ]
SQL: SHOW COLUMNS FROM `tp_series` [ RunTime:0.0003s ]
SQL: SELECT * FROM `tp_series`  [ RunTime:0.0002s ]
SQL: SHOW COLUMNS FROM `tp_pro_photo` [ RunTime:0.0003s ]
SQL: UPDATE `tp_pro_photo` SET `pro_id`='4' WHERE `id` = 105 [ RunTime:0.0002s ]

[ 2017-01-08T00:17:15+08:00 ] ::1 /Q2/tp1611/index.php/Admin/Base/status.html
INFO: [ app_init ] --START--
INFO: Run Behavior\BuildLiteBehavior [ RunTime:0.000046s ]
INFO: [ app_init ] --END-- [ RunTime:0.000995s ]
INFO: [ app_begin ] --START--
INFO: Run Behavior\ReadHtmlCacheBehavior [ RunTime:0.001353s ]
INFO: [ app_begin ] --END-- [ RunTime:0.001540s ]
SQL: SHOW COLUMNS FROM `tp_category` [ RunTime:0.0006s ]
SQL: SELECT * FROM `tp_category`  [ RunTime:0.0002s ]
SQL: SHOW COLUMNS FROM `tp_series` [ RunTime:0.0003s ]
SQL: SELECT * FROM `tp_series`  [ RunTime:0.0001s ]
SQL: SHOW COLUMNS FROM `tp_pro_photo` [ RunTime:0.0006s ]
SQL: UPDATE `tp_pro_photo` SET `pro_id`='4' WHERE `id` = 106 [ RunTime:0.0002s ]

[ 2017-01-08T00:17:18+08:00 ] ::1 /Q2/tp1611/index.php/Admin/Base/status.html
INFO: [ app_init ] --START--
INFO: Run Behavior\BuildLiteBehavior [ RunTime:0.000029s ]
INFO: [ app_init ] --END-- [ RunTime:0.000768s ]
INFO: [ app_begin ] --START--
INFO: Run Behavior\ReadHtmlCacheBehavior [ RunTime:0.001767s ]
INFO: [ app_begin ] --END-- [ RunTime:0.002040s ]
SQL: SHOW COLUMNS FROM `tp_category` [ RunTime:0.0005s ]
SQL: SELECT * FROM `tp_category`  [ RunTime:0.0002s ]
SQL: SHOW COLUMNS FROM `tp_series` [ RunTime:0.0004s ]
SQL: SELECT * FROM `tp_series`  [ RunTime:0.0002s ]
SQL: SHOW COLUMNS FROM `tp_pro_photo` [ RunTime:0.0003s ]
SQL: UPDATE `tp_pro_photo` SET `pro_id`='4' WHERE `id` = 107 [ RunTime:0.0002s ]

[ 2017-01-08T00:17:19+08:00 ] ::1 /Q2/tp1611/index.php/Admin/Base/status.html
INFO: [ app_init ] --START--
INFO: Run Behavior\BuildLiteBehavior [ RunTime:0.000043s ]
INFO: [ app_init ] --END-- [ RunTime:0.001211s ]
INFO: [ app_begin ] --START--
INFO: Run Behavior\ReadHtmlCacheBehavior [ RunTime:0.001102s ]
INFO: [ app_begin ] --END-- [ RunTime:0.001256s ]
SQL: SHOW COLUMNS FROM `tp_category` [ RunTime:0.0005s ]
SQL: SELECT * FROM `tp_category`  [ RunTime:0.0002s ]
SQL: SHOW COLUMNS FROM `tp_series` [ RunTime:0.0004s ]
SQL: SELECT * FROM `tp_series`  [ RunTime:0.0002s ]
SQL: SHOW COLUMNS FROM `tp_pro_photo` [ RunTime:0.0006s ]
SQL: UPDATE `tp_pro_photo` SET `pro_id`='4' WHERE `id` = 108 [ RunTime:0.0003s ]

[ 2017-01-08T00:17:22+08:00 ] ::1 /Q2/tp1611/index.php/Admin/Base/status.html
INFO: [ app_init ] --START--
INFO: Run Behavior\BuildLiteBehavior [ RunTime:0.000046s ]
INFO: [ app_init ] --END-- [ RunTime:0.000996s ]
INFO: [ app_begin ] --START--
INFO: Run Behavior\ReadHtmlCacheBehavior [ RunTime:0.001345s ]
INFO: [ app_begin ] --END-- [ RunTime:0.001533s ]
SQL: SHOW COLUMNS FROM `tp_category` [ RunTime:0.0005s ]
SQL: SELECT * FROM `tp_category`  [ RunTime:0.0003s ]
SQL: SHOW COLUMNS FROM `tp_series` [ RunTime:0.0005s ]
SQL: SELECT * FROM `tp_series`  [ RunTime:0.0002s ]
SQL: SHOW COLUMNS FROM `tp_pro_photo` [ RunTime:0.0004s ]
SQL: UPDATE `tp_pro_photo` SET `pro_id`='4' WHERE `id` = 109 [ RunTime:0.0003s ]

[ 2017-01-08T00:17:24+08:00 ] ::1 /Q2/tp1611/index.php/Admin/Base/status.html
INFO: [ app_init ] --START--
INFO: Run Behavior\BuildLiteBehavior [ RunTime:0.000048s ]
INFO: [ app_init ] --END-- [ RunTime:0.001017s ]
INFO: [ app_begin ] --START--
INFO: Run Behavior\ReadHtmlCacheBehavior [ RunTime:0.001399s ]
INFO: [ app_begin ] --END-- [ RunTime:0.001593s ]
SQL: SHOW COLUMNS FROM `tp_category` [ RunTime:0.0014s ]
SQL: SELECT * FROM `tp_category`  [ RunTime:0.0005s ]
SQL: SHOW COLUMNS FROM `tp_series` [ RunTime:0.0011s ]
SQL: SELECT * FROM `tp_series`  [ RunTime:0.0004s ]
SQL: SHOW COLUMNS FROM `tp_pro_photo` [ RunTime:0.0008s ]
SQL: UPDATE `tp_pro_photo` SET `pro_id`='4' WHERE `id` = 110 [ RunTime:0.0004s ]

[ 2017-01-08T00:17:48+08:00 ] ::1 /Q2/tp1611/index.php/Admin/Picture/proPhoto.html
INFO: [ app_init ] --START--
INFO: Run Behavior\BuildLiteBehavior [ RunTime:0.000021s ]
INFO: [ app_init ] --END-- [ RunTime:0.000471s ]
INFO: [ app_begin ] --START--
INFO: Run Behavior\ReadHtmlCacheBehavior [ RunTime:0.000624s ]
INFO: [ app_begin ] --END-- [ RunTime:0.000719s ]
SQL: SHOW COLUMNS FROM `tp_category` [ RunTime:0.0011s ]
SQL: SELECT * FROM `tp_category`  [ RunTime:0.0003s ]
SQL: SHOW COLUMNS FROM `tp_series` [ RunTime:0.0004s ]
SQL: SELECT * FROM `tp_series`  [ RunTime:0.0002s ]
SQL: SHOW COLUMNS FROM `tp_product` [ RunTime:0.0007s ]
SQL: SELECT `id`,`name` FROM `tp_product`  [ RunTime:0.0002s ]
SQL: SHOW COLUMNS FROM `tp_pro_photo` [ RunTime:0.0003s ]
SQL: SELECT * FROM `tp_pro_photo`  [ RunTime:0.0003s ]
INFO: [ view_parse ] --START--
INFO: [ template_filter ] --START--
INFO: Run Behavior\ContentReplaceBehavior [ RunTime:0.000094s ]
INFO: [ template_filter ] --END-- [ RunTime:0.000184s ]
INFO: Run Behavior\ParseTemplateBehavior [ RunTime:0.013132s ]
INFO: [ view_parse ] --END-- [ RunTime:0.013234s ]
INFO: [ view_filter ] --START--
INFO: Run Behavior\WriteHtmlCacheBehavior [ RunTime:0.000654s ]
INFO: [ view_filter ] --END-- [ RunTime:0.000742s ]
INFO: [ app_end ] --START--
INFO: Run Behavior\ShowPageTraceBehavior [ RunTime:0.001129s ]
INFO: [ app_end ] --END-- [ RunTime:0.001240s ]

[ 2017-01-08T00:17:51+08:00 ] ::1 /Q2/tp1611/index.php/Admin/Product/trash.html
INFO: [ app_init ] --START--
INFO: Run Behavior\BuildLiteBehavior [ RunTime:0.000022s ]
INFO: [ app_init ] --END-- [ RunTime:0.000484s ]
INFO: [ app_begin ] --START--
INFO: Run Behavior\ReadHtmlCacheBehavior [ RunTime:0.000817s ]
INFO: [ app_begin ] --END-- [ RunTime:0.000942s ]
SQL: SHOW COLUMNS FROM `tp_category` [ RunTime:0.0006s ]
SQL: SELECT * FROM `tp_category`  [ RunTime:0.0002s ]
SQL: SHOW COLUMNS FROM `tp_series` [ RunTime:0.0004s ]
SQL: SELECT * FROM `tp_series`  [ RunTime:0.0002s ]
NOTIC: [8] Undefined index: pid E:\demo\Q2\tp1611\Application\Common\Common\function.php 第 20 行.
NOTIC: [8] Undefined index: pid E:\demo\Q2\tp1611\Application\Common\Common\function.php 第 20 行.
SQL: SHOW COLUMNS FROM `tp_product` [ RunTime:0.0004s ]
SQL: SELECT * FROM `tp_product` WHERE `is_trash` = 1  [ RunTime:0.0002s ]
INFO: [ view_parse ] --START--
INFO: [ template_filter ] --START--
INFO: Run Behavior\ContentReplaceBehavior [ RunTime:0.000104s ]
INFO: [ template_filter ] --END-- [ RunTime:0.000219s ]
INFO: Run Behavior\ParseTemplateBehavior [ RunTime:0.012407s ]
INFO: [ view_parse ] --END-- [ RunTime:0.012509s ]
INFO: [ view_filter ] --START--
INFO: Run Behavior\WriteHtmlCacheBehavior [ RunTime:0.000502s ]
INFO: [ view_filter ] --END-- [ RunTime:0.000588s ]
INFO: [ app_end ] --START--
INFO: Run Behavior\ShowPageTraceBehavior [ RunTime:0.001218s ]
INFO: [ app_end ] --END-- [ RunTime:0.001320s ]

[ 2017-01-08T00:17:53+08:00 ] ::1 /Q2/tp1611/index.php/Admin/Product/product.html
INFO: [ app_init ] --START--
INFO: Run Behavior\BuildLiteBehavior [ RunTime:0.000022s ]
INFO: [ app_init ] --END-- [ RunTime:0.000455s ]
INFO: [ app_begin ] --START--
INFO: Run Behavior\ReadHtmlCacheBehavior [ RunTime:0.000593s ]
INFO: [ app_begin ] --END-- [ RunTime:0.000688s ]
SQL: SHOW COLUMNS FROM `tp_category` [ RunTime:0.0005s ]
SQL: SELECT * FROM `tp_category`  [ RunTime:0.0003s ]
SQL: SHOW COLUMNS FROM `tp_series` [ RunTime:0.0007s ]
SQL: SELECT * FROM `tp_series`  [ RunTime:0.0004s ]
NOTIC: [8] Undefined index: pid E:\demo\Q2\tp1611\Application\Common\Common\function.php 第 20 行.
NOTIC: [8] Undefined index: pid E:\demo\Q2\tp1611\Application\Common\Common\function.php 第 20 行.
SQL: SHOW COLUMNS FROM `tp_product` [ RunTime:0.0007s ]
SQL: SELECT * FROM `tp_product` WHERE `is_trash` = 0  [ RunTime:0.0002s ]
INFO: [ view_parse ] --START--
INFO: [ template_filter ] --START--
INFO: Run Behavior\ContentReplaceBehavior [ RunTime:0.000111s ]
INFO: [ template_filter ] --END-- [ RunTime:0.000200s ]
INFO: Run Behavior\ParseTemplateBehavior [ RunTime:0.013087s ]
INFO: [ view_parse ] --END-- [ RunTime:0.013233s ]
INFO: [ view_filter ] --START--
INFO: Run Behavior\WriteHtmlCacheBehavior [ RunTime:0.001089s ]
INFO: [ view_filter ] --END-- [ RunTime:0.001317s ]
INFO: [ app_end ] --START--
INFO: Run Behavior\ShowPageTraceBehavior [ RunTime:0.001449s ]
INFO: [ app_end ] --END-- [ RunTime:0.001587s ]

[ 2017-01-08T00:17:56+08:00 ] ::1 /Q2/tp1611/index.php/Admin/Base/status.html
INFO: [ app_init ] --START--
INFO: Run Behavior\BuildLiteBehavior [ RunTime:0.000021s ]
INFO: [ app_init ] --END-- [ RunTime:0.000481s ]
INFO: [ app_begin ] --START--
INFO: Run Behavior\ReadHtmlCacheBehavior [ RunTime:0.000628s ]
INFO: [ app_begin ] --END-- [ RunTime:0.000714s ]
SQL: SHOW COLUMNS FROM `tp_category` [ RunTime:0.0009s ]
SQL: SELECT * FROM `tp_category`  [ RunTime:0.0006s ]
SQL: SHOW COLUMNS FROM `tp_series` [ RunTime:0.0006s ]
SQL: SELECT * FROM `tp_series`  [ RunTime:0.0002s ]
SQL: SHOW COLUMNS FROM `tp_product` [ RunTime:0.0004s ]
SQL: UPDATE `tp_product` SET `is_trash`='1' WHERE `id` = 4 [ RunTime:0.0002s ]

[ 2017-01-08T00:17:59+08:00 ] ::1 /Q2/tp1611/index.php/Admin/Product/trash.html
INFO: [ app_init ] --START--
INFO: Run Behavior\BuildLiteBehavior [ RunTime:0.000056s ]
INFO: [ app_init ] --END-- [ RunTime:0.000889s ]
INFO: [ app_begin ] --START--
INFO: Run Behavior\ReadHtmlCacheBehavior [ RunTime:0.001008s ]
INFO: [ app_begin ] --END-- [ RunTime:0.001187s ]
SQL: SHOW COLUMNS FROM `tp_category` [ RunTime:0.0005s ]
SQL: SELECT * FROM `tp_category`  [ RunTime:0.0002s ]
SQL: SHOW COLUMNS FROM `tp_series` [ RunTime:0.0003s ]
SQL: SELECT * FROM `tp_series`  [ RunTime:0.0001s ]
NOTIC: [8] Undefined index: pid E:\demo\Q2\tp1611\Application\Common\Common\function.php 第 20 行.
NOTIC: [8] Undefined index: pid E:\demo\Q2\tp1611\Application\Common\Common\function.php 第 20 行.
SQL: SHOW COLUMNS FROM `tp_product` [ RunTime:0.0003s ]
SQL: SELECT * FROM `tp_product` WHERE `is_trash` = 1  [ RunTime:0.0002s ]
INFO: [ view_parse ] --START--
INFO: [ template_filter ] --START--
INFO: Run Behavior\ContentReplaceBehavior [ RunTime:0.000115s ]
INFO: [ template_filter ] --END-- [ RunTime:0.000220s ]
INFO: Run Behavior\ParseTemplateBehavior [ RunTime:0.014145s ]
INFO: [ view_parse ] --END-- [ RunTime:0.014465s ]
INFO: [ view_filter ] --START--
INFO: Run Behavior\WriteHtmlCacheBehavior [ RunTime:0.001566s ]
INFO: [ view_filter ] --END-- [ RunTime:0.001768s ]
INFO: [ app_end ] --START--
INFO: Run Behavior\ShowPageTraceBehavior [ RunTime:0.000719s ]
INFO: [ app_end ] --END-- [ RunTime:0.000832s ]

[ 2017-01-08T00:18:04+08:00 ] ::1 /Q2/tp1611/index.php/Admin/Product/delTrash.html
INFO: [ app_init ] --START--
INFO: Run Behavior\BuildLiteBehavior [ RunTime:0.000021s ]
INFO: [ app_init ] --END-- [ RunTime:0.000454s ]
INFO: [ app_begin ] --START--
INFO: Run Behavior\ReadHtmlCacheBehavior [ RunTime:0.000719s ]
INFO: [ app_begin ] --END-- [ RunTime:0.000818s ]
SQL: SHOW COLUMNS FROM `tp_category` [ RunTime:0.0005s ]
SQL: SELECT * FROM `tp_category`  [ RunTime:0.0002s ]
SQL: SHOW COLUMNS FROM `tp_series` [ RunTime:0.0003s ]
SQL: SELECT * FROM `tp_series`  [ RunTime:0.0002s ]
SQL: SHOW COLUMNS FROM `tp_pro_photo` [ RunTime:0.0003s ]
SQL: SELECT `id`,`img` FROM `tp_pro_photo` WHERE `pro_id` IN ('4','')  [ RunTime:0.0002s ]
SQL: SHOW COLUMNS FROM `tp_product` [ RunTime:0.0008s ]
SQL: SELECT `id`,`img` FROM `tp_product` WHERE `id` IN ('4','')  [ RunTime:0.0002s ]
SQL: DELETE FROM `tp_product` WHERE `id` IN ('4','') [ RunTime:0.0006s ]

[ 2017-01-08T14:48:48+08:00 ] ::1 /Q2/tp1611/index.php/Admin/Index/index
INFO: [ app_init ] --START--
INFO: Run Behavior\BuildLiteBehavior [ RunTime:0.000020s ]
INFO: [ app_init ] --END-- [ RunTime:0.000459s ]
INFO: [ app_begin ] --START--
INFO: Run Behavior\ReadHtmlCacheBehavior [ RunTime:0.000514s ]
INFO: [ app_begin ] --END-- [ RunTime:0.000606s ]

[ 2017-01-08T14:48:48+08:00 ] ::1 /Q2/tp1611/index.php/Admin/Index/login.html
INFO: [ app_init ] --START--
INFO: Run Behavior\BuildLiteBehavior [ RunTime:0.000019s ]
INFO: [ app_init ] --END-- [ RunTime:0.000423s ]
INFO: [ app_begin ] --START--
INFO: Run Behavior\ReadHtmlCacheBehavior [ RunTime:0.000441s ]
INFO: [ app_begin ] --END-- [ RunTime:0.000533s ]
INFO: [ view_parse ] --START--
INFO: [ template_filter ] --START--
INFO: Run Behavior\ContentReplaceBehavior [ RunTime:0.000074s ]
INFO: [ template_filter ] --END-- [ RunTime:0.000176s ]
NOTIC: [8] Undefined variable: a E:\demo\Q2\tp1611\Application\Runtime\Cache\Admin\041185b974292283d2f6098acc3220ec.php 第 47 行.
INFO: Run Behavior\ParseTemplateBehavior [ RunTime:0.031364s ]
INFO: [ view_parse ] --END-- [ RunTime:0.031459s ]
INFO: [ view_filter ] --START--
INFO: Run Behavior\WriteHtmlCacheBehavior [ RunTime:0.000410s ]
INFO: [ view_filter ] --END-- [ RunTime:0.000495s ]
INFO: [ app_end ] --START--
INFO: Run Behavior\ShowPageTraceBehavior [ RunTime:0.000780s ]
INFO: [ app_end ] --END-- [ RunTime:0.000867s ]

[ 2017-01-08T14:48:48+08:00 ] ::1 /Q2/tp1611/index.php/Admin/Index/verify.html
INFO: [ app_init ] --START--
INFO: Run Behavior\BuildLiteBehavior [ RunTime:0.000021s ]
INFO: [ app_init ] --END-- [ RunTime:0.000429s ]
INFO: [ app_begin ] --START--
INFO: Run Behavior\ReadHtmlCacheBehavior [ RunTime:0.000929s ]
INFO: [ app_begin ] --END-- [ RunTime:0.001109s ]
INFO: [ app_end ] --START--
INFO: Run Behavior\ShowPageTraceBehavior [ RunTime:0.000643s ]
INFO: [ app_end ] --END-- [ RunTime:0.000760s ]

[ 2017-01-08T14:49:14+08:00 ] ::1 /Q2/tp1611/index.php/Admin/Index/login.html
INFO: [ app_init ] --START--
INFO: Run Behavior\BuildLiteBehavior [ RunTime:0.000020s ]
INFO: [ app_init ] --END-- [ RunTime:0.000449s ]
INFO: [ app_begin ] --START--
INFO: Run Behavior\ReadHtmlCacheBehavior [ RunTime:0.000470s ]
INFO: [ app_begin ] --END-- [ RunTime:0.000562s ]
SQL: SHOW COLUMNS FROM `tp_admin` [ RunTime:0.0024s ]
SQL: SELECT * FROM `tp_admin` WHERE `username` = 'admin' AND `password` = '21232f297a57a5a743894a0e4a801fc3' LIMIT 1   [ RunTime:0.0009s ]
SQL: UPDATE `tp_admin` SET `login_num`='28',`login_ip`='0.0.0.0',`login_time`='1483858154' WHERE `username` = 'admin' AND `password` = '21232f297a57a5a743894a0e4a801fc3' [ RunTime:0.0036s ]

[ 2017-01-08T14:49:14+08:00 ] ::1 /Q2/tp1611/index.php/Admin/Index/index.html
INFO: [ app_init ] --START--
INFO: Run Behavior\BuildLiteBehavior [ RunTime:0.000019s ]
INFO: [ app_init ] --END-- [ RunTime:0.000415s ]
INFO: [ app_begin ] --START--
INFO: Run Behavior\ReadHtmlCacheBehavior [ RunTime:0.000448s ]
INFO: [ app_begin ] --END-- [ RunTime:0.000552s ]
INFO: [ view_parse ] --START--
INFO: [ template_filter ] --START--
INFO: Run Behavior\ContentReplaceBehavior [ RunTime:0.000112s ]
INFO: [ template_filter ] --END-- [ RunTime:0.000212s ]
NOTIC: [8] Undefined variable: account E:\demo\Q2\tp1611\Application\Runtime\Cache\Admin\b595b808c2ebeeeb0478ffc30bb4e87a.php 第 200 行.
NOTIC: [8] Undefined variable: account E:\demo\Q2\tp1611\Application\Runtime\Cache\Admin\b595b808c2ebeeeb0478ffc30bb4e87a.php 第 201 行.
NOTIC: [8] Undefined variable: account E:\demo\Q2\tp1611\Application\Runtime\Cache\Admin\b595b808c2ebeeeb0478ffc30bb4e87a.php 第 202 行.
INFO: Run Behavior\ParseTemplateBehavior [ RunTime:0.029617s ]
INFO: [ view_parse ] --END-- [ RunTime:0.029718s ]
INFO: [ view_filter ] --START--
INFO: Run Behavior\WriteHtmlCacheBehavior [ RunTime:0.000470s ]
INFO: [ view_filter ] --END-- [ RunTime:0.000553s ]
INFO: [ app_end ] --START--
INFO: Run Behavior\ShowPageTraceBehavior [ RunTime:0.000526s ]
INFO: [ app_end ] --END-- [ RunTime:0.000648s ]

[ 2017-01-08T14:49:14+08:00 ] ::1 /Q2/tp1611/index.php/Admin/Index/welcome.html
INFO: [ app_init ] --START--
INFO: Run Behavior\BuildLiteBehavior [ RunTime:0.000023s ]
INFO: [ app_init ] --END-- [ RunTime:0.000438s ]
INFO: [ app_begin ] --START--
INFO: Run Behavior\ReadHtmlCacheBehavior [ RunTime:0.000504s ]
INFO: [ app_begin ] --END-- [ RunTime:0.000623s ]
INFO: [ view_parse ] --START--
INFO: [ template_filter ] --START--
INFO: Run Behavior\ContentReplaceBehavior [ RunTime:0.000078s ]
INFO: [ template_filter ] --END-- [ RunTime:0.000183s ]
INFO: Run Behavior\ParseTemplateBehavior [ RunTime:0.014903s ]
INFO: [ view_parse ] --END-- [ RunTime:0.015027s ]
INFO: [ view_filter ] --START--
INFO: Run Behavior\WriteHtmlCacheBehavior [ RunTime:0.000900s ]
INFO: [ view_filter ] --END-- [ RunTime:0.001043s ]
INFO: [ app_end ] --START--
INFO: Run Behavior\ShowPageTraceBehavior [ RunTime:0.000573s ]
INFO: [ app_end ] --END-- [ RunTime:0.000679s ]

[ 2017-01-08T15:09:05+08:00 ] ::1 /Q2/tp1611/index.php/Admin/Index/index.html
INFO: [ app_init ] --START--
INFO: Run Behavior\BuildLiteBehavior [ RunTime:0.000086s ]
INFO: [ app_init ] --END-- [ RunTime:0.002185s ]
INFO: [ app_begin ] --START--
INFO: Run Behavior\ReadHtmlCacheBehavior [ RunTime:0.000685s ]
INFO: [ app_begin ] --END-- [ RunTime:0.000823s ]
INFO: [ view_parse ] --START--
INFO: [ template_filter ] --START--
INFO: Run Behavior\ContentReplaceBehavior [ RunTime:0.000117s ]
INFO: [ template_filter ] --END-- [ RunTime:0.000219s ]
NOTIC: [8] Undefined variable: account E:\demo\Q2\tp1611\Application\Runtime\Cache\Admin\b595b808c2ebeeeb0478ffc30bb4e87a.php 第 200 行.
NOTIC: [8] Undefined variable: account E:\demo\Q2\tp1611\Application\Runtime\Cache\Admin\b595b808c2ebeeeb0478ffc30bb4e87a.php 第 201 行.
NOTIC: [8] Undefined variable: account E:\demo\Q2\tp1611\Application\Runtime\Cache\Admin\b595b808c2ebeeeb0478ffc30bb4e87a.php 第 202 行.
INFO: Run Behavior\ParseTemplateBehavior [ RunTime:0.012786s ]
INFO: [ view_parse ] --END-- [ RunTime:0.012912s ]
INFO: [ view_filter ] --START--
INFO: Run Behavior\WriteHtmlCacheBehavior [ RunTime:0.001114s ]
INFO: [ view_filter ] --END-- [ RunTime:0.001248s ]
INFO: [ app_end ] --START--
INFO: Run Behavior\ShowPageTraceBehavior [ RunTime:0.000663s ]
INFO: [ app_end ] --END-- [ RunTime:0.000770s ]

[ 2017-01-08T15:09:06+08:00 ] ::1 /Q2/tp1611/index.php/Admin/Index/welcome.html
INFO: [ app_init ] --START--
INFO: Run Behavior\BuildLiteBehavior [ RunTime:0.000040s ]
INFO: [ app_init ] --END-- [ RunTime:0.000482s ]
INFO: [ app_begin ] --START--
INFO: Run Behavior\ReadHtmlCacheBehavior [ RunTime:0.000730s ]
INFO: [ app_begin ] --END-- [ RunTime:0.000847s ]
INFO: [ view_parse ] --START--
INFO: [ template_filter ] --START--
INFO: Run Behavior\ContentReplaceBehavior [ RunTime:0.000091s ]
INFO: [ template_filter ] --END-- [ RunTime:0.000216s ]
INFO: Run Behavior\ParseTemplateBehavior [ RunTime:0.007627s ]
INFO: [ view_parse ] --END-- [ RunTime:0.007733s ]
INFO: [ view_filter ] --START--
INFO: Run Behavior\WriteHtmlCacheBehavior [ RunTime:0.000426s ]
INFO: [ view_filter ] --END-- [ RunTime:0.000518s ]
INFO: [ app_end ] --START--
INFO: Run Behavior\ShowPageTraceBehavior [ RunTime:0.000592s ]
INFO: [ app_end ] --END-- [ RunTime:0.000716s ]

[ 2017-01-08T15:09:10+08:00 ] ::1 /Q2/tp1611/index.php/Admin/Picture/proPhoto.html
INFO: [ app_init ] --START--
INFO: Run Behavior\BuildLiteBehavior [ RunTime:0.000021s ]
INFO: [ app_init ] --END-- [ RunTime:0.000450s ]
INFO: [ app_begin ] --START--
INFO: Run Behavior\ReadHtmlCacheBehavior [ RunTime:0.000680s ]
INFO: [ app_begin ] --END-- [ RunTime:0.000795s ]
SQL: SHOW COLUMNS FROM `tp_category` [ RunTime:0.0009s ]
SQL: SELECT * FROM `tp_category`  [ RunTime:0.0003s ]
SQL: SHOW COLUMNS FROM `tp_series` [ RunTime:0.0016s ]
SQL: SELECT * FROM `tp_series`  [ RunTime:0.0002s ]
SQL: SHOW COLUMNS FROM `tp_product` [ RunTime:0.0006s ]
SQL: SELECT `id`,`name` FROM `tp_product`  [ RunTime:0.0002s ]
SQL: SHOW COLUMNS FROM `tp_pro_photo` [ RunTime:0.0005s ]
SQL: SELECT * FROM `tp_pro_photo`  [ RunTime:0.0002s ]
INFO: [ view_parse ] --START--
INFO: [ template_filter ] --START--
INFO: Run Behavior\ContentReplaceBehavior [ RunTime:0.000099s ]
INFO: [ template_filter ] --END-- [ RunTime:0.000199s ]
INFO: Run Behavior\ParseTemplateBehavior [ RunTime:0.012929s ]
INFO: [ view_parse ] --END-- [ RunTime:0.013034s ]
INFO: [ view_filter ] --START--
INFO: Run Behavior\WriteHtmlCacheBehavior [ RunTime:0.000578s ]
INFO: [ view_filter ] --END-- [ RunTime:0.000681s ]
INFO: [ app_end ] --START--
INFO: Run Behavior\ShowPageTraceBehavior [ RunTime:0.000650s ]
INFO: [ app_end ] --END-- [ RunTime:0.000754s ]

[ 2017-01-08T15:09:12+08:00 ] ::1 /Q2/tp1611/index.php/Admin/Picture/proPhotoAdd.html
INFO: [ app_init ] --START--
INFO: Run Behavior\BuildLiteBehavior [ RunTime:0.000023s ]
INFO: [ app_init ] --END-- [ RunTime:0.000506s ]
INFO: [ app_begin ] --START--
INFO: Run Behavior\ReadHtmlCacheBehavior [ RunTime:0.000854s ]
INFO: [ app_begin ] --END-- [ RunTime:0.000961s ]
SQL: SHOW COLUMNS FROM `tp_category` [ RunTime:0.0008s ]
SQL: SELECT * FROM `tp_category`  [ RunTime:0.0002s ]
SQL: SHOW COLUMNS FROM `tp_series` [ RunTime:0.0022s ]
SQL: SELECT * FROM `tp_series`  [ RunTime:0.0007s ]
SQL: SHOW COLUMNS FROM `tp_pro_photo` [ RunTime:0.0008s ]
SQL: SELECT * FROM `tp_pro_photo` WHERE `id` = 0 LIMIT 1   [ RunTime:0.0002s ]
SQL: SHOW COLUMNS FROM `tp_product` [ RunTime:0.0007s ]
SQL: SELECT `id`,`name` FROM `tp_product`  [ RunTime:0.0002s ]
INFO: [ view_parse ] --START--
INFO: [ template_filter ] --START--
INFO: Run Behavior\ContentReplaceBehavior [ RunTime:0.000182s ]
INFO: [ template_filter ] --END-- [ RunTime:0.000292s ]
INFO: Run Behavior\ParseTemplateBehavior [ RunTime:0.028064s ]
INFO: [ view_parse ] --END-- [ RunTime:0.028184s ]
INFO: [ view_filter ] --START--
INFO: Run Behavior\WriteHtmlCacheBehavior [ RunTime:0.000601s ]
INFO: [ view_filter ] --END-- [ RunTime:0.000725s ]
INFO: [ app_end ] --START--
INFO: Run Behavior\ShowPageTraceBehavior [ RunTime:0.000716s ]
INFO: [ app_end ] --END-- [ RunTime:0.000834s ]

[ 2017-01-08T15:12:00+08:00 ] ::1 /Q2/tp1611/index.php/Admin/Picture/proPhotoAdd.html
INFO: [ app_init ] --START--
INFO: Run Behavior\BuildLiteBehavior [ RunTime:0.000034s ]
INFO: [ app_init ] --END-- [ RunTime:0.000526s ]
INFO: [ app_begin ] --START--
INFO: Run Behavior\ReadHtmlCacheBehavior [ RunTime:0.001522s ]
INFO: [ app_begin ] --END-- [ RunTime:0.001810s ]
SQL: SHOW COLUMNS FROM `tp_category` [ RunTime:0.0010s ]
SQL: SELECT * FROM `tp_category`  [ RunTime:0.0002s ]
SQL: SHOW COLUMNS FROM `tp_series` [ RunTime:0.0006s ]
SQL: SELECT * FROM `tp_series`  [ RunTime:0.0002s ]
SQL: SHOW COLUMNS FROM `tp_pro_photo` [ RunTime:0.0005s ]
SQL: SELECT * FROM `tp_pro_photo` WHERE `id` = 0 LIMIT 1   [ RunTime:0.0003s ]
SQL: SHOW COLUMNS FROM `tp_product` [ RunTime:0.0024s ]
SQL: SELECT `id`,`name` FROM `tp_product`  [ RunTime:0.0003s ]
INFO: [ view_parse ] --START--
INFO: [ template_filter ] --START--
INFO: Run Behavior\ContentReplaceBehavior [ RunTime:0.000153s ]
INFO: [ template_filter ] --END-- [ RunTime:0.000259s ]
INFO: Run Behavior\ParseTemplateBehavior [ RunTime:0.009685s ]
INFO: [ view_parse ] --END-- [ RunTime:0.009796s ]
INFO: [ view_filter ] --START--
INFO: Run Behavior\WriteHtmlCacheBehavior [ RunTime:0.000434s ]
INFO: [ view_filter ] --END-- [ RunTime:0.000530s ]
INFO: [ app_end ] --START--
INFO: Run Behavior\ShowPageTraceBehavior [ RunTime:0.000577s ]
INFO: [ app_end ] --END-- [ RunTime:0.000677s ]

[ 2017-01-08T16:09:22+08:00 ] ::1 /Q2/tp1611/index.php/Admin/Picture/proPhotoAdd.html
INFO: [ app_init ] --START--
INFO: Run Behavior\BuildLiteBehavior [ RunTime:0.000021s ]
INFO: [ app_init ] --END-- [ RunTime:0.000432s ]
INFO: [ app_begin ] --START--
INFO: Run Behavior\ReadHtmlCacheBehavior [ RunTime:0.000557s ]
INFO: [ app_begin ] --END-- [ RunTime:0.000671s ]
SQL: SHOW COLUMNS FROM `tp_category` [ RunTime:0.0005s ]
SQL: SELECT * FROM `tp_category`  [ RunTime:0.0002s ]
SQL: SHOW COLUMNS FROM `tp_series` [ RunTime:0.0003s ]
SQL: SELECT * FROM `tp_series`  [ RunTime:0.0001s ]
SQL: SHOW COLUMNS FROM `tp_pro_photo` [ RunTime:0.0003s ]
SQL: SELECT * FROM `tp_pro_photo` WHERE `id` = 0 LIMIT 1   [ RunTime:0.0002s ]
SQL: SHOW COLUMNS FROM `tp_product` [ RunTime:0.0003s ]
SQL: SELECT `id`,`name` FROM `tp_product`  [ RunTime:0.0001s ]
INFO: [ view_parse ] --START--
INFO: [ template_filter ] --START--
INFO: Run Behavior\ContentReplaceBehavior [ RunTime:0.000228s ]
INFO: [ template_filter ] --END-- [ RunTime:0.000367s ]
INFO: Run Behavior\ParseTemplateBehavior [ RunTime:0.010735s ]
INFO: [ view_parse ] --END-- [ RunTime:0.010838s ]
INFO: [ view_filter ] --START--
INFO: Run Behavior\WriteHtmlCacheBehavior [ RunTime:0.000437s ]
INFO: [ view_filter ] --END-- [ RunTime:0.000525s ]
INFO: [ app_end ] --START--
INFO: Run Behavior\ShowPageTraceBehavior [ RunTime:0.000595s ]
INFO: [ app_end ] --END-- [ RunTime:0.000694s ]

